Guardado en USD
BitTrex
0.3434
Guardado en USD
HitBTC
0.3656
Guardado en BTC
Binance
3.709e-05
Guardado en BTC
Gateio
3.476e-05
Guardado en USD
BitTrex
0.3469
Guardado en USD
HitBTC
0.3656
Guardado en BTC
Binance
3.722e-05
Guardado en BTC
Gateio
3.476e-05
Guardado en USD
BitTrex
0.3459
Guardado en USD
HitBTC
0.3656
Guardado en BTC
Binance
3.723e-05
Guardado en BTC
Gateio
3.476e-05
Guardado en USD
BitTrex
0.3459
Guardado en USD
HitBTC
0.3656
Guardado en BTC
Binance
3.724e-05
Guardado en BTC
Gateio
3.476e-05
Guardado en USD
BitTrex
0.3459
Guardado en USD
HitBTC
0.3656
Guardado en BTC
Binance
3.726e-05
Guardado en BTC
Gateio
3.476e-05
Guardado en USD
BitTrex
0.3445
Guardado en USD
HitBTC
0.3656
Guardado en BTC
Binance
3.728e-05
Guardado en BTC
Gateio
3.476e-05
Guardado en USD
BitTrex
0.3478
Guardado en USD
HitBTC
0.3656
Guardado en BTC
Binance
3.731e-05
Guardado en BTC
Gateio
3.476e-05
Guardado en USD
BitTrex
0.3463
Guardado en USD
HitBTC
0.3656
Guardado en BTC
Binance
3.73e-05
Guardado en BTC
Gateio
3.476e-05
Guardado en USD
BitTrex
0.3463
Guardado en USD
HitBTC
0.3656
Guardado en BTC
Binance
3.725e-05
Guardado en BTC
Gateio
3.476e-05
Guardado en USD
BitTrex
0.3445
Guardado en USD
HitBTC
0.3656
Guardado en BTC
Binance
3.72e-05
Guardado en BTC
Gateio
3.476e-05
Guardado en USD
BitTrex
0.3463
Guardado en USD
HitBTC
0.3656
Guardado en BTC
Binance
3.697e-05
Guardado en BTC
Gateio
3.476e-05
Guardado en USD
BitTrex
0.3463
Guardado en USD
HitBTC
0.3656
Guardado en BTC
Binance
3.713e-05
Guardado en BTC
Gateio
3.476e-05
Guardado en USD
BitTrex
0.3445
Guardado en USD
HitBTC
0.3656
Guardado en BTC
Binance
3.711e-05
Guardado en BTC
Gateio
3.476e-05
Guardado en USD
BitTrex
0.3445
Guardado en USD
HitBTC
0.3594
Guardado en BTC
Binance
3.715e-05
Guardado en BTC
Gateio
3.476e-05
Guardado en USD
BitTrex
0.3454
Guardado en USD
HitBTC
0.3594
Guardado en BTC
Binance
3.724e-05
Guardado en BTC
Gateio
3.476e-05
Guardado en USD
BitTrex
0.3463
Guardado en USD
HitBTC
0.3594
Guardado en BTC
Binance
3.72e-05
Guardado en BTC
Gateio
3.476e-05
Guardado en USD
BitTrex
0.3453
Guardado en USD
HitBTC
0.3594
Guardado en BTC
Binance
3.715e-05
Guardado en BTC
Gateio
3.476e-05
Guardado en USD
BitTrex
0.3466
Guardado en USD
HitBTC
0.3594
Guardado en BTC
Binance
3.723e-05
Guardado en BTC
Gateio
3.476e-05
Guardado en USD
BitTrex
0.3466
Guardado en USD
HitBTC
0.3594
Guardado en BTC
Binance
3.731e-05
Guardado en BTC
Gateio
3.476e-05
Guardado en USD
BitTrex
0.3466
Guardado en USD
HitBTC
0.3594
Guardado en BTC
Binance
3.729e-05
Guardado en BTC
Gateio
3.476e-05
Guardado en USD
BitTrex
0.3466
Guardado en USD
HitBTC
0.3594
Guardado en BTC
Binance
3.731e-05
Guardado en BTC
Gateio
3.476e-05
Guardado en USD
BitTrex
0.3466
Guardado en USD
HitBTC
0.3594
Guardado en BTC
Binance
3.743e-05
Guardado en BTC
Gateio
3.476e-05
Guardado en USD
BitTrex
0.3472
Guardado en USD
HitBTC
0.3594
Guardado en BTC
Binance
3.742e-05
Guardado en BTC
Gateio
3.476e-05
Guardado en USD
BitTrex
0.3478
Guardado en USD
HitBTC
0.3594
Guardado en BTC
Binance
3.75e-05
Guardado en BTC
Gateio
3.476e-05
Guardado en USD
BitTrex
0.3489
Guardado en USD
HitBTC
0.3594
Guardado en BTC
Binance
3.746e-05
Guardado en BTC
Gateio
3.476e-05
Guardado en USD
BitTrex
0.3489
Guardado en USD
HitBTC
0.3542
Guardado en BTC
Binance
3.741e-05
Guardado en BTC
Gateio
3.476e-05
Guardado en USD
BitTrex
0.3472
Guardado en USD
HitBTC
0.3542
Guardado en BTC
Binance
3.73e-05
Guardado en BTC
Gateio
3.476e-05
Guardado en USD
BitTrex
0.3472
Guardado en USD
HitBTC
0.3542
Guardado en BTC
Binance
3.729e-05
Guardado en BTC
Gateio
3.476e-05
Guardado en USD
BitTrex
0.347
Guardado en USD
HitBTC
0.3542
Guardado en BTC
Binance
3.728e-05
Guardado en BTC
Gateio
3.476e-05
Guardado en USD
BitTrex
0.3468
Guardado en USD
HitBTC
0.3542
Guardado en BTC
Binance
3.735e-05
Guardado en BTC
Gateio
3.476e-05
Guardado en USD
BitTrex
0.3489
Guardado en USD
HitBTC
0.3542
Guardado en BTC
Binance
3.736e-05
Guardado en BTC
Gateio
3.476e-05
Guardado en USD
BitTrex
0.3481
Guardado en USD
HitBTC
0.3544
Guardado en BTC
Binance
3.735e-05
Guardado en BTC
Gateio
3.476e-05
Guardado en USD
BitTrex
0.3479
Guardado en USD
HitBTC
0.3544
Guardado en BTC
Binance
3.733e-05
Guardado en BTC
Gateio
3.476e-05
Guardado en USD
BitTrex
0.3468
Guardado en USD
HitBTC
0.3544
Guardado en BTC
Binance
3.733e-05
Guardado en BTC
Gateio
3.476e-05
Guardado en USD
BitTrex
0.3468
Guardado en USD
HitBTC
0.3544
Guardado en BTC
Binance
3.733e-05
Guardado en BTC
Gateio
3.476e-05
Guardado en USD
BitTrex
0.3479
Guardado en USD
HitBTC
0.3629
Guardado en BTC
Binance
3.739e-05
Guardado en BTC
Gateio
3.476e-05
Guardado en USD
BitTrex
0.3479
Guardado en USD
HitBTC
0.3629
Guardado en BTC
Binance
3.741e-05
Guardado en BTC
Gateio
3.476e-05
Guardado en USD
BitTrex
0.35
Guardado en USD
HitBTC
0.3629
Guardado en BTC
Binance
3.735e-05
Guardado en BTC
Gateio
3.476e-05
Guardado en USD
BitTrex
0.3479
Guardado en USD
HitBTC
0.3629
Guardado en BTC
Binance
3.735e-05
Guardado en BTC
Gateio
3.476e-05
Guardado en USD
BitTrex
0.3468
Guardado en USD
HitBTC
0.3604
Guardado en BTC
Binance
3.732e-05
Guardado en BTC
Gateio
3.476e-05
Guardado en USD
BitTrex
0.3494
Guardado en USD
HitBTC
0.3604
Guardado en BTC
Binance
3.734e-05
Guardado en BTC
Gateio
3.476e-05
Guardado en USD
BitTrex
0.347
Guardado en USD
HitBTC
0.3604
Guardado en BTC
Binance
3.731e-05
Guardado en BTC
Gateio
3.476e-05
Guardado en USD
BitTrex
0.3472
Guardado en USD
HitBTC
0.3604
Guardado en BTC
Binance
3.73e-05
Guardado en BTC
Gateio
3.476e-05
Guardado en USD
BitTrex
0.3501
Guardado en USD
HitBTC
0.3617
Guardado en BTC
Binance
3.728e-05
Guardado en BTC
Gateio
3.476e-05
Guardado en USD
BitTrex
0.3488
Guardado en USD
HitBTC
0.3617
Guardado en BTC
Binance
3.728e-05
Guardado en BTC
Gateio
3.476e-05
