Guardado en USD
Bitstamp
1403
Guardado en BTC
BTER
0.056
Guardado en USD
OKCoin
1105.5
Guardado en USD
Coinbase
1407.99
Guardado en USD
Poloniex
1402.22
Guardado en USD
Cexio
1410
Guardado en USD
BitTrex
1400
Guardado en USD
Kraken
1403.5
Guardado en USD
Bitfinex
1404.1
Guardado en USD
HitBTC
1413.59
Guardado en BTC
LakeBTC
0.1641
Guardado en BTC
Gatecoin
0.1457
Guardado en BTC
Cryptopia
0.1505
Guardado en USD
Exmo
1397.3
Guardado en USD
Yobit
1424.55
Guardado en USD
BitBay
1269
Guardado en BTC
BTCMarkets
0.1475
Guardado en BTC
QuadrigaCX
0.152
Guardado en BTC
Bitso
0.153
Guardado en BTC
TheRockTrading
0.1546
Guardado en USD
Quoine
1500
Guardado en BTC
Liqui
0.1512
Guardado en USD
LiveCoin
1414.5
Guardado en BTC
Tidex
0.1511
Guardado en BTC
Bleutrade
0.15
Guardado en BTC
ViaBTC
0.1121
Guardado en BTC
Zaif
0.1514
Guardado en BTC
Novaexchange
0.196
Guardado en USD
WavesDEX
1100
Guardado en BTC
Binance
0.1513
Guardado en USD
Coinroom
1382.92
Guardado en BTC
Abucoins
0.1519
Guardado en BTC
Gateio
0.138
Guardado en BTC
HuobiPro
0.1514
Guardado en BTC
OKEX
0.1514
Guardado en BTC
EXX
0.1515
Guardado en BTC
Kucoin
0.1507
Guardado en BTC
BitGrail
0.148
Guardado en BTC
BitZ
0.1512
Guardado en BTC
TradeSatoshi
0.149
Guardado en USD
BitFlip
2400
Guardado en BTC
BitBank
0.1514
Guardado en USD
ExtStock
1451.47
Guardado en BTC
CoinDeal
0.1517
Guardado en USD
Bitstamp
1407.37
Guardado en BTC
BTER
0.056
Guardado en USD
OKCoin
1105.5
Guardado en USD
Coinbase
1408
Guardado en USD
Cexio
1410
Guardado en USD
BitTrex
1408.17
Guardado en USD
Kraken
1403.5
Guardado en USD
Bitfinex
1404.9
Guardado en USD
HitBTC
1415.15
Guardado en BTC
Gatecoin
0.1457
Guardado en USD
Exmo
1402
Guardado en USD
BitBay
1269
Guardado en BTC
BTCMarkets
0.1475
Guardado en BTC
QuadrigaCX
0.152
Guardado en BTC
Bitso
0.153
Guardado en BTC
TheRockTrading
0.1546
Guardado en USD
Quoine
1500
Guardado en BTC
Liqui
0.1512
Guardado en USD
LiveCoin
1414.5
Guardado en BTC
ViaBTC
0.1121
Guardado en BTC
Zaif
0.1514
Guardado en BTC
Novaexchange
0.196
Guardado en USD
WavesDEX
1100
Guardado en BTC
Binance
0.1509
Guardado en USD
Coinroom
1382.92
Guardado en BTC
Abucoins
0.1519
Guardado en BTC
Gateio
0.138
Guardado en BTC
HuobiPro
0.1509
Guardado en BTC
OKEX
0.1512
Guardado en BTC
Kucoin
0.1507
Guardado en BTC
BitGrail
0.148
Guardado en BTC
BitZ
0.1512
Guardado en USD
BitFlip
2400
Guardado en BTC
BitBank
0.1514
Guardado en USD
ExtStock
1451.47
Guardado en BTC
CoinDeal
0.1517
Guardado en USD
Poloniex
1409.14
Guardado en BTC
LakeBTC
0.1641
Guardado en BTC
Cryptopia
0.1505
Guardado en USD
Yobit
1424.55
Guardado en BTC
Tidex
0.1511
Guardado en BTC
Bleutrade
0.15
Guardado en BTC
EXX
0.1516
Guardado en BTC
TradeSatoshi
0.149
Guardado en USD
Bitstamp
1407.58
Guardado en BTC
BTER
0.056
Guardado en USD
OKCoin
1105.5
Guardado en USD
Coinbase
1406.97
Guardado en USD
Cexio
1410
Guardado en USD
BitTrex
1408.17
Guardado en USD
Kraken
1403.5
Guardado en USD
Bitfinex
1404
Guardado en USD
HitBTC
1413.43
Guardado en BTC
Gatecoin
0.1457
Guardado en USD
Exmo
1397.95
Guardado en USD
BitBay
1269
Guardado en BTC
BTCMarkets
0.1475
Guardado en BTC
QuadrigaCX
0.152
Guardado en BTC
Bitso
0.153
Guardado en BTC
TheRockTrading
0.1546
Guardado en USD
Quoine
1500
Guardado en BTC
Liqui
0.1509
Guardado en USD
LiveCoin
1414.5
Guardado en BTC
ViaBTC
0.1121
Guardado en BTC
Zaif
0.1515
Guardado en BTC
Novaexchange
0.196
Guardado en USD
WavesDEX
1100
Guardado en BTC
Binance
0.1513
Guardado en USD
Coinroom
1382.92
Guardado en BTC
Abucoins
0.1519
Guardado en BTC
Gateio
0.138
Guardado en BTC
HuobiPro
0.151
Guardado en BTC
OKEX
0.1512
Guardado en BTC
Kucoin
0.1507
Guardado en BTC
BitGrail
0.148
Guardado en BTC
BitZ
0.151
Guardado en USD
BitFlip
2400
Guardado en BTC
BitBank
0.1514
Guardado en USD
ExtStock
1451.05
Guardado en BTC
CoinDeal
0.1517
Guardado en USD
Poloniex
1409.14
Guardado en BTC
LakeBTC
0.1641
Guardado en BTC
Cryptopia
0.1505
Guardado en USD
Yobit
1424.55
Guardado en BTC
Tidex
0.1502
Guardado en BTC
Bleutrade
0.15
Guardado en BTC
EXX
0.1515
Guardado en BTC
TradeSatoshi
0.149
Guardado en USD
Bitstamp
1407.99
Guardado en BTC
BTER
0.056
Guardado en USD
OKCoin
1105.5
Guardado en USD
Coinbase
1408.13
Guardado en USD
Cexio
1410
Guardado en USD
BitTrex
1408.17
Guardado en USD
Kraken
1402.8
Guardado en USD
Bitfinex
1405
Guardado en USD
HitBTC
1412.24
Guardado en BTC
Gatecoin
0.1457
Guardado en USD
Exmo
1402
Guardado en USD
BitBay
1269
Guardado en BTC
BTCMarkets
0.1475
Guardado en BTC
QuadrigaCX
0.152
Guardado en BTC
Bitso
0.153
Guardado en BTC
TheRockTrading
0.1546
Guardado en USD
Quoine
1500
Guardado en BTC
Liqui
0.1509
Guardado en USD
LiveCoin
1414.5
Guardado en BTC
ViaBTC
0.1121
Guardado en BTC
Novaexchange
0.196
Guardado en USD
WavesDEX
1100
Guardado en BTC
Binance
0.1513
Guardado en USD
Coinroom
1434.21
Guardado en BTC
Abucoins
0.1519
Guardado en BTC
Gateio
0.138
Guardado en BTC
HuobiPro
0.1512
Guardado en BTC
OKEX
0.1509
Guardado en BTC
Kucoin
0.1507
Guardado en BTC
BitGrail
0.148
Guardado en BTC
BitZ
0.1511
Guardado en USD
BitFlip
2400
Guardado en BTC
BitBank
0.153
Guardado en USD
ExtStock
1453
Guardado en BTC
CoinDeal
0.1517
Guardado en USD
Poloniex
1409.07
Guardado en BTC
LakeBTC
0.1641
Guardado en BTC
Cryptopia
0.1505
Guardado en USD
Yobit
1424.55
Guardado en BTC
Tidex
0.1511
Guardado en BTC
Bleutrade
0.15
Guardado en BTC
EXX
0.1509
Guardado en BTC
TradeSatoshi
0.149
Guardado en BTC
Zaif
0.1515
Guardado en USD
Bitstamp
1408.93
Guardado en BTC
BTER
0.056
Guardado en USD
OKCoin
1105.5
Guardado en USD
Coinbase
1408.4
Guardado en USD
Cexio
1410
Guardado en USD
BitTrex
1408.17
Guardado en USD
Kraken
1402.2
Guardado en USD
Bitfinex
1405
Guardado en USD
HitBTC
1412.24
Guardado en BTC
Gatecoin
0.1457
Guardado en USD
Exmo
1402
Guardado en USD
BitBay
1269
Guardado en BTC
BTCMarkets
0.1475
Guardado en BTC
QuadrigaCX
0.152
Guardado en BTC
Bitso
0.151
Guardado en BTC
TheRockTrading
0.1546
Guardado en USD
Quoine
1500
Guardado en BTC
Liqui
0.1509
Guardado en USD
LiveCoin
1414.5
Guardado en BTC
ViaBTC
0.1121
Guardado en BTC
Novaexchange
0.196
Guardado en USD
WavesDEX
1100
Guardado en BTC
Binance
0.1511
Guardado en USD
Coinroom
1434.21
Guardado en BTC
Abucoins
0.1519
Guardado en BTC
Gateio
0.138
Guardado en BTC
HuobiPro
0.1513
Guardado en BTC
OKEX
0.1505
Guardado en BTC
Kucoin
0.1507
Guardado en BTC
BitGrail
0.148
Guardado en BTC
BitZ
0.1511
Guardado en USD
BitFlip
2400
Guardado en BTC
BitBank
0.1514
Guardado en USD
ExtStock
1451.04
Guardado en BTC
CoinDeal
0.1517
Guardado en USD
Poloniex
1409.07
Guardado en BTC
LakeBTC
0.1641
Guardado en BTC
Cryptopia
0.1505
Guardado en USD
Yobit
1424.55
Guardado en BTC
Tidex
0.1511
Guardado en BTC
Bleutrade
0.15
Guardado en BTC
EXX
0.1509
Guardado en BTC
TradeSatoshi
0.149
Guardado en BTC
Zaif
0.1515
Guardado en USD
Bitstamp
1408.76
Guardado en BTC
BTER
0.056
Guardado en USD
OKCoin
1105.5
Guardado en USD
Coinbase
1408.58
Guardado en USD
Cexio
1410.14
Guardado en USD
BitTrex
1408.17
Guardado en USD
Kraken
1402.2
Guardado en USD
Bitfinex
1405
Guardado en USD
HitBTC
1415.8
Guardado en BTC
Gatecoin
0.1457
Guardado en USD
Exmo
1405.2
Guardado en USD
BitBay
1269
Guardado en BTC
BTCMarkets
0.1475
Guardado en BTC
QuadrigaCX
0.152
Guardado en BTC
Bitso
0.151
Guardado en BTC
TheRockTrading
0.1546
Guardado en USD
Quoine
1500
Guardado en BTC
Liqui
0.1509
Guardado en USD
LiveCoin
1414.5
Guardado en BTC
ViaBTC
0.1121
Guardado en BTC
Novaexchange
0.196
Guardado en USD
WavesDEX
1100
Guardado en BTC
Binance
0.151
Guardado en USD
Coinroom
1434.21
Guardado en BTC
Abucoins
0.1519
Guardado en BTC
Gateio
0.138
Guardado en BTC
HuobiPro
0.151
Guardado en BTC
OKEX
0.1512
Guardado en BTC
Kucoin
0.1507
Guardado en BTC
BitGrail
0.148
Guardado en BTC
BitZ
0.1511
Guardado en USD
BitFlip
2400
Guardado en BTC
BitBank
0.153
Guardado en USD
ExtStock
1451.04
Guardado en BTC
CoinDeal
0.1517
Guardado en USD
Poloniex
1402.22
Guardado en BTC
LakeBTC
0.1641
Guardado en BTC
Cryptopia
0.1505
Guardado en USD
Yobit
1424.55
Guardado en BTC
Tidex
0.1511
Guardado en BTC
Bleutrade
0.15
Guardado en BTC
EXX
0.1499
Guardado en BTC
TradeSatoshi
0.149
Guardado en BTC
Zaif
0.1538
Guardado en USD
Bitstamp
1408.48
Guardado en BTC
BTER
0.056
Guardado en USD
OKCoin
1105.5
Guardado en USD
Coinbase
1408.57
Guardado en USD
Cexio
1410.14
Guardado en USD
BitTrex
1408.17
Guardado en USD
Kraken
1405.7
Guardado en USD
Bitfinex
1405
Guardado en USD
HitBTC
1417.71
Guardado en BTC
Gatecoin
0.1457
Guardado en USD
Exmo
1403.85
Guardado en USD
BitBay
1269
Guardado en BTC
BTCMarkets
0.1475
Guardado en BTC
QuadrigaCX
0.152
Guardado en BTC
Bitso
0.151
Guardado en BTC
TheRockTrading
0.1546
Guardado en USD
Quoine
1500
Guardado en BTC
Liqui
0.1509
Guardado en USD
LiveCoin
1414.5
Guardado en BTC
ViaBTC
0.1121
Guardado en BTC
Novaexchange
0.196
Guardado en USD
WavesDEX
1100
Guardado en BTC
Binance
0.151
Guardado en USD
Coinroom
1434.21
Guardado en BTC
Abucoins
0.1519
Guardado en BTC
Gateio
0.138
Guardado en BTC
HuobiPro
0.1513
Guardado en BTC
OKEX
0.151
Guardado en BTC
Kucoin
0.1506
Guardado en BTC
BitGrail
0.148
Guardado en BTC
BitZ
0.151
Guardado en USD
BitFlip
2400
Guardado en BTC
BitBank
0.153
Guardado en USD
ExtStock
1457
Guardado en BTC
CoinDeal
0.1517
Guardado en USD
Poloniex
1409.02
Guardado en BTC
LakeBTC
0.1641
Guardado en BTC
Cryptopia
0.1506
Guardado en USD
Yobit
1424.55
Guardado en BTC
Tidex
0.1511
Guardado en BTC
Bleutrade
0.15
Guardado en BTC
EXX
0.1513
Guardado en BTC
TradeSatoshi
0.149
Guardado en BTC
Zaif
0.1538
Guardado en USD
Bitstamp
1408.79
Guardado en BTC
BTER
0.056
Guardado en USD
OKCoin
1105.5
Guardado en USD
Coinbase
1408.57
Guardado en USD
Cexio
1410.14
Guardado en USD
BitTrex
1408.17
Guardado en USD
Kraken
1407.6
Guardado en USD
Bitfinex
1405
Guardado en USD
HitBTC
1418.18
Guardado en BTC
Gatecoin
0.1457
Guardado en USD
Exmo
1404.2
Guardado en USD
BitBay
1269
Guardado en BTC
BTCMarkets
0.1475
Guardado en BTC
QuadrigaCX
0.152
Guardado en BTC
Bitso
0.151
Guardado en BTC
TheRockTrading
0.1546
Guardado en USD
Quoine
1500
Guardado en BTC
Liqui
0.1509
Guardado en USD
LiveCoin
1414.5
Guardado en BTC
ViaBTC
0.1121
Guardado en BTC
Novaexchange
0.196
Guardado en USD
WavesDEX
1100
Guardado en BTC
Binance
0.1511
Guardado en USD
Coinroom
1434.21
Guardado en BTC
Abucoins
0.1519
Guardado en BTC
Gateio
0.138
Guardado en BTC
HuobiPro
0.1513
Guardado en BTC
OKEX
0.1512
Guardado en BTC
Kucoin
0.1506
Guardado en BTC
BitGrail
0.148
Guardado en BTC
BitZ
0.1512
Guardado en USD
BitFlip
2400
Guardado en BTC
BitBank
0.153
Guardado en USD
ExtStock
1452
Guardado en BTC
CoinDeal
0.1517
Guardado en USD
Poloniex
1409.22
Guardado en BTC
LakeBTC
0.1641
Guardado en BTC
Cryptopia
0.1506
Guardado en USD
Yobit
1424.55
Guardado en BTC
Tidex
0.1511
Guardado en BTC
Bleutrade
0.15
Guardado en BTC
EXX
0.151
Guardado en BTC
TradeSatoshi
0.149
Guardado en BTC
Zaif
0.1538
Guardado en USD
Bitstamp
1407.91
Guardado en BTC
BTER
0.056
Guardado en USD
OKCoin
1105.5
Guardado en USD
Coinbase
1402.65
Guardado en USD
Cexio
1410.14
Guardado en USD
BitTrex
1408.17
Guardado en USD
Kraken
1403
Guardado en USD
Bitfinex
1400
Guardado en USD
HitBTC
1418.48
Guardado en BTC
Gatecoin
0.1457
Guardado en USD
Exmo
1402.4
Guardado en USD
BitBay
1269
Guardado en BTC
BTCMarkets
0.1475
Guardado en BTC
QuadrigaCX
0.152
Guardado en BTC
Bitso
0.152
Guardado en BTC
TheRockTrading
0.1546
Guardado en USD
Quoine
1500
Guardado en BTC
Liqui
0.1509
Guardado en USD
LiveCoin
1424.21
Guardado en BTC
ViaBTC
0.1121
Guardado en BTC
Novaexchange
0.196
Guardado en USD
WavesDEX
1100
Guardado en BTC
Binance
0.1509
Guardado en USD
Coinroom
1434.21
Guardado en BTC
Abucoins
0.1519
Guardado en BTC
Gateio
0.138
Guardado en BTC
HuobiPro
0.1513
Guardado en BTC
OKEX
0.1506
Guardado en BTC
Kucoin
0.1506
Guardado en BTC
BitGrail
0.148
Guardado en BTC
BitZ
0.1512
Guardado en USD
BitFlip
2400
Guardado en BTC
BitBank
0.153
Guardado en USD
ExtStock
1449.92
Guardado en BTC
CoinDeal
0.1517
Guardado en USD
Poloniex
1402.22
Guardado en BTC
LakeBTC
0.1641
Guardado en BTC
Cryptopia
0.1506
Guardado en USD
Yobit
1424.55
Guardado en BTC
Tidex
0.1511
Guardado en BTC
Bleutrade
0.15
Guardado en BTC
EXX
0.1502
Guardado en BTC
TradeSatoshi
0.149
Guardado en BTC
Zaif
0.1508
Guardado en USD
Bitstamp
1400.01
Guardado en BTC
BTER
0.056
Guardado en USD
OKCoin
1105.5
Guardado en USD
Coinbase
1403.96
Guardado en USD
Cexio
1410.14
Guardado en USD
BitTrex
1400
Guardado en USD
Kraken
1403
Guardado en USD
Bitfinex
1400.3
Guardado en USD
HitBTC
1414.54
Guardado en BTC
Gatecoin
0.1457
Guardado en USD
Exmo
1402.4
Guardado en USD
BitBay
1269
Guardado en BTC
BTCMarkets
0.1475
Guardado en BTC
QuadrigaCX
0.152
Guardado en BTC
Bitso
0.152
Guardado en BTC
TheRockTrading
0.1546
Guardado en USD
Quoine
1500
Guardado en BTC
Liqui
0.1509
Guardado en USD
LiveCoin
1424.21
Guardado en BTC
ViaBTC
0.1121
Guardado en BTC
Novaexchange
0.196
Guardado en USD
WavesDEX
1100
Guardado en BTC
Binance
0.151
Guardado en USD
Coinroom
1434.21
Guardado en BTC
Abucoins
0.1519
Guardado en BTC
Gateio
0.138
Guardado en BTC
HuobiPro
0.1509
Guardado en BTC
OKEX
0.1508
Guardado en BTC
Kucoin
0.151
Guardado en BTC
BitGrail
0.148
Guardado en BTC
BitZ
0.1512
Guardado en USD
BitFlip
2400
Guardado en BTC
BitBank
0.153
Guardado en USD
ExtStock
1449.92
Guardado en BTC
CoinDeal
0.1517
Guardado en USD
Poloniex
1402.22
Guardado en BTC
LakeBTC
0.1641
Guardado en BTC
Cryptopia
0.1506
Guardado en USD
Yobit
1424.55
Guardado en BTC
Tidex
0.1511
Guardado en BTC
Bleutrade
0.15
Guardado en BTC
EXX
0.1517
Guardado en BTC
TradeSatoshi
0.149
Guardado en BTC
Zaif
0.1508
Guardado en USD
Bitstamp
1407.98
Guardado en BTC
BTER
0.056
Guardado en USD
OKCoin
1105.5
Guardado en USD
Coinbase
1404.99
Guardado en USD
Cexio
1410.14
Guardado en USD
BitTrex
1400
Guardado en USD
Kraken
1403
Guardado en USD
Bitfinex
1402.3
Guardado en USD
HitBTC
1414.54
Guardado en BTC
Gatecoin
0.1457
Guardado en USD
Exmo
1401.32
Guardado en USD
BitBay
1269
Guardado en BTC
BTCMarkets
0.1475
Guardado en BTC
QuadrigaCX
0.152
Guardado en BTC
Bitso
0.152
Guardado en BTC
TheRockTrading
0.1546
Guardado en USD
Quoine
1500
Guardado en BTC
Liqui
0.1509
Guardado en USD
LiveCoin
1424.21
Guardado en BTC
ViaBTC
0.1121
Guardado en BTC
Novaexchange
0.196
Guardado en USD
WavesDEX
1100
Guardado en BTC
Binance
0.1511
Guardado en USD
Coinroom
1434.21
Guardado en BTC
Abucoins
0.1519
Guardado en BTC
Gateio
0.138
Guardado en BTC
HuobiPro
0.1508
Guardado en BTC
OKEX
0.1511
Guardado en BTC
Kucoin
0.151
Guardado en BTC
BitGrail
0.148
Guardado en BTC
BitZ
0.1511
Guardado en USD
BitFlip
2400
Guardado en BTC
BitBank
0.153
Guardado en USD
ExtStock
1449.88
Guardado en BTC
CoinDeal
0.1517
Guardado en USD
Poloniex
1402.22
Guardado en BTC
LakeBTC
0.1641
Guardado en BTC
Cryptopia
0.1506
Guardado en USD
Yobit
1424.55
Guardado en BTC
Tidex
0.1511
Guardado en BTC
Bleutrade
0.15
Guardado en BTC
EXX
0.1509
Guardado en BTC
TradeSatoshi
0.149
Guardado en BTC
Zaif
0.1508
Guardado en USD
Bitstamp
1407.4
Guardado en BTC
BTER
0.056
Guardado en USD
OKCoin
1105.5
Guardado en USD
Coinbase
1404.54
Guardado en USD
Cexio
1405
Guardado en USD
BitTrex
1400
Guardado en USD
Kraken
1404.4
Guardado en USD
Bitfinex
1405.8
Guardado en USD
HitBTC
1413.26
Guardado en BTC
Gatecoin
0.1457
Guardado en USD
Exmo
1401.32
Guardado en USD
BitBay
1269
Guardado en BTC
BTCMarkets
0.1475
Guardado en BTC
QuadrigaCX
0.152
Guardado en BTC
Bitso
0.152
Guardado en BTC
TheRockTrading
0.1546
Guardado en USD
Quoine
1500
Guardado en BTC
Liqui
0.1512
Guardado en USD
LiveCoin
1424.21
Guardado en BTC
ViaBTC
0.1121
Guardado en BTC
Novaexchange
0.196
Guardado en USD
WavesDEX
1100
Guardado en BTC
Binance
0.1511
Guardado en USD
Coinroom
1434.21
Guardado en BTC
Abucoins
0.1519
Guardado en BTC
Gateio
0.138
Guardado en BTC
HuobiPro
0.1511
Guardado en BTC
OKEX
0.1509
Guardado en BTC
Kucoin
0.151
Guardado en BTC
BitGrail
0.148
Guardado en BTC
BitZ
0.1511
Guardado en USD
BitFlip
2400
Guardado en BTC
BitBank
0.152
Guardado en USD
ExtStock
1449.88
Guardado en BTC
CoinDeal
0.1517
Guardado en USD
Poloniex
1409.08
Guardado en BTC
LakeBTC
0.1641
Guardado en BTC
Cryptopia
0.1506
Guardado en USD
Yobit
1424.55
Guardado en BTC
Tidex
0.1511
Guardado en BTC
Bleutrade
0.15
Guardado en BTC
EXX
0.1507
Guardado en BTC
TradeSatoshi
0.149
Guardado en BTC
Zaif
0.1508
Guardado en USD
Bitstamp
1407.97
Guardado en BTC
BTER
0.056
Guardado en USD
OKCoin
1105.5
Guardado en USD
Coinbase
1406
Guardado en USD
Cexio
1405
Guardado en USD
BitTrex
1408.17
Guardado en USD
Kraken
1404.4
Guardado en USD
Bitfinex
1405.8
Guardado en USD
HitBTC
1413.34
Guardado en BTC
Gatecoin
0.1457
Guardado en USD
Exmo
1401.8
Guardado en USD
BitBay
1269
Guardado en BTC
BTCMarkets
0.1475
Guardado en BTC
QuadrigaCX
0.152
Guardado en BTC
Bitso
0.1529
Guardado en BTC
TheRockTrading
0.1546
Guardado en USD
Quoine
1500
Guardado en BTC
Liqui
0.1509
Guardado en USD
LiveCoin
1424.21
Guardado en BTC
ViaBTC
0.1121
Guardado en BTC
Novaexchange
0.196
Guardado en USD
WavesDEX
1100
Guardado en BTC
Binance
0.1511
Guardado en USD
Coinroom
1429.29
Guardado en BTC
Abucoins
0.1519
Guardado en BTC
Gateio
0.138
Guardado en BTC
HuobiPro
0.1512
Guardado en BTC
OKEX
0.1509
Guardado en BTC
Kucoin
0.151
Guardado en BTC
BitGrail
0.148
Guardado en BTC
BitZ
0.1511
Guardado en USD
BitFlip
2400
Guardado en BTC
BitBank
0.153
Guardado en USD
ExtStock
1449.88
Guardado en BTC
CoinDeal
0.1517
Guardado en USD
Poloniex
1403.2
Guardado en BTC
LakeBTC
0.1641
Guardado en BTC
Cryptopia
0.1506
Guardado en USD
Yobit
1424.55
Guardado en BTC
Tidex
0.1511
Guardado en BTC
Bleutrade
0.15
Guardado en BTC
EXX
0.1505
Guardado en BTC
TradeSatoshi
0.149
Guardado en BTC
Zaif
0.1508
Guardado en USD
Bitstamp
1407.99
Guardado en BTC
BTER
0.056
Guardado en USD
OKCoin
1105.5
Guardado en USD
Coinbase
1409.59
Guardado en USD
Cexio
1405.3
Guardado en USD
BitTrex
1408.17
Guardado en USD
Kraken
1407.1
Guardado en USD
Bitfinex
1409.5
Guardado en USD
HitBTC
1413.34
Guardado en BTC
Gatecoin
0.1457
Guardado en USD
Exmo
1404.7
Guardado en USD
BitBay
1269
Guardado en BTC
BTCMarkets
0.1475
Guardado en BTC
QuadrigaCX
0.152
Guardado en BTC
Bitso
0.1529
Guardado en BTC
TheRockTrading
0.1546
Guardado en USD
Quoine
1500
Guardado en BTC
Liqui
0.1512
Guardado en USD
LiveCoin
1424.21
Guardado en BTC
ViaBTC
0.1121
Guardado en BTC
Novaexchange
0.196
Guardado en USD
WavesDEX
1100
Guardado en BTC
Binance
0.1512
Guardado en USD
Coinroom
1429.29
Guardado en BTC
Abucoins
0.1519
Guardado en BTC
Gateio
0.138
Guardado en BTC
HuobiPro
0.1511
Guardado en BTC
OKEX
0.1513
Guardado en BTC
Kucoin
0.151
Guardado en BTC
BitGrail
0.148
Guardado en BTC
BitZ
0.1512
Guardado en USD
BitFlip
2400
Guardado en BTC
BitBank
0.1514
Guardado en USD
ExtStock
1449.88
Guardado en BTC
CoinDeal
0.1517
Guardado en USD
Poloniex
1411.5
Guardado en BTC
LakeBTC
0.1641
Guardado en BTC
Cryptopia
0.1506
Guardado en USD
Yobit
1424.55
Guardado en BTC
Tidex
0.1511
Guardado en BTC
Bleutrade
0.15
Guardado en BTC
EXX
0.1503
Guardado en BTC
TradeSatoshi
0.149
Guardado en BTC
Zaif
0.1508
Guardado en USD
Bitstamp
1409.92
Guardado en BTC
BTER
0.056
Guardado en USD
OKCoin
1105.5
Guardado en USD
Coinbase
1409.64
Guardado en USD
Cexio
1405.9
Guardado en USD
BitTrex
1408.17
Guardado en USD
Kraken
1407.8
Guardado en USD
Bitfinex
1407.1
Guardado en USD
HitBTC
1418.16
Guardado en BTC
Gatecoin
0.1457
Guardado en USD
Exmo
1401.33
Guardado en USD
BitBay
1269
Guardado en BTC
BTCMarkets
0.1475
Guardado en BTC
QuadrigaCX
0.152
Guardado en BTC
Bitso
0.1529
Guardado en BTC
TheRockTrading
0.1546
Guardado en USD
Quoine
1500
Guardado en BTC
Liqui
0.1512
Guardado en USD
LiveCoin
1424.21
Guardado en BTC
ViaBTC
0.1121
Guardado en BTC
Novaexchange
0.196
Guardado en USD
WavesDEX
1100
Guardado en BTC
Binance
0.1506
Guardado en USD
Coinroom
1429.29
Guardado en BTC
Abucoins
0.1519
Guardado en BTC
Gateio
0.138
Guardado en BTC
HuobiPro
0.151
Guardado en BTC
OKEX
0.1507
Guardado en BTC
Kucoin
0.151
Guardado en BTC
BitGrail
0.148
Guardado en BTC
BitZ
0.1512
Guardado en USD
BitFlip
2400
Guardado en BTC
BitBank
0.1514
Guardado en USD
ExtStock
1449.88
Guardado en BTC
CoinDeal
0.1517
Guardado en USD
Poloniex
1411.5
Guardado en BTC
LakeBTC
0.1641
Guardado en BTC
Cryptopia
0.1529
Guardado en USD
Yobit
1424.55
Guardado en BTC
Tidex
0.1511
Guardado en BTC
Bleutrade
0.15
Guardado en BTC
EXX
0.1514
Guardado en BTC
TradeSatoshi
0.149
Guardado en BTC
Zaif
0.1508
Guardado en USD
Bitstamp
1403.87
Guardado en BTC
BTER
0.056
Guardado en USD
OKCoin
1105.5
Guardado en USD
Coinbase
1407.04
Guardado en USD
Cexio
1405.9
Guardado en USD
BitTrex
1408.17
Guardado en USD
Kraken
1405.9
Guardado en USD
Bitfinex
1402.1
Guardado en USD
HitBTC
1415.86
Guardado en BTC
Gatecoin
0.1457
Guardado en USD
Exmo
1400.11
Guardado en USD
BitBay
1269
Guardado en BTC
BTCMarkets
0.1475
Guardado en BTC
QuadrigaCX
0.152
Guardado en BTC
Bitso
0.1529
Guardado en BTC
TheRockTrading
0.1546
Guardado en USD
Quoine
1500
Guardado en BTC
Liqui
0.1512
Guardado en USD
LiveCoin
1424.21
Guardado en BTC
ViaBTC
0.1121
Guardado en BTC
Novaexchange
0.196
Guardado en USD
WavesDEX
1100
Guardado en BTC
Binance
0.1514
Guardado en USD
Coinroom
1429.29
Guardado en BTC
Abucoins
0.1519
Guardado en BTC
Gateio
0.138
Guardado en BTC
HuobiPro
0.151
Guardado en BTC
OKEX
0.1513
Guardado en BTC
Kucoin
0.151
Guardado en BTC
BitGrail
0.148
Guardado en BTC
BitZ
0.1512
Guardado en USD
BitFlip
2400
Guardado en BTC
BitBank
0.1514
Guardado en USD
ExtStock
1449.88
Guardado en BTC
CoinDeal
0.1517
Guardado en USD
Poloniex
1403.2
Guardado en BTC
LakeBTC
0.1641
Guardado en BTC
Cryptopia
0.1529
Guardado en USD
Yobit
1424.55
Guardado en BTC
Tidex
0.1511
Guardado en BTC
Bleutrade
0.15
Guardado en BTC
EXX
0.1507
Guardado en BTC
TradeSatoshi
0.149
Guardado en BTC
Zaif
0.1508
Guardado en USD
Bitstamp
1407.99
Guardado en BTC
BTER
0.056
Guardado en USD
OKCoin
1105.5
Guardado en USD
Coinbase
1405.74
Guardado en USD
Cexio
1405.9
Guardado en USD
BitTrex
1421
Guardado en USD
Kraken
1405.6
Guardado en USD
Bitfinex
1404.7
Guardado en USD
HitBTC
1409.17
Guardado en BTC
Gatecoin
0.1457
Guardado en USD
Exmo
1415.19
Guardado en USD
BitBay
1269
Guardado en BTC
BTCMarkets
0.1475
Guardado en BTC
QuadrigaCX
0.152
Guardado en BTC
Bitso
0.1529
Guardado en BTC
TheRockTrading
0.1546
Guardado en USD
Quoine
1500
Guardado en BTC
Liqui
0.1512
Guardado en USD
LiveCoin
1424.21
Guardado en BTC
ViaBTC
0.1121
Guardado en BTC
Novaexchange
0.196
Guardado en USD
WavesDEX
1100
Guardado en BTC
Binance
0.1511
Guardado en USD
Coinroom
1449.59
Guardado en BTC
Abucoins
0.1519
Guardado en BTC
Gateio
0.138
Guardado en BTC
HuobiPro
0.1511
Guardado en BTC
OKEX
0.1514
Guardado en BTC
Kucoin
0.151
Guardado en BTC
BitGrail
0.148
Guardado en BTC
BitZ
0.151
Guardado en USD
BitFlip
2400
Guardado en BTC
BitBank
0.1514
Guardado en USD
ExtStock
1449.88
Guardado en BTC
CoinDeal
0.1517
Guardado en USD
Poloniex
1411.39
Guardado en BTC
LakeBTC
0.1641
Guardado en BTC
Cryptopia
0.1529
Guardado en USD
Yobit
1424.55
Guardado en BTC
Tidex
0.1511
Guardado en BTC
Bleutrade
0.15
Guardado en BTC
EXX
0.1498
Guardado en BTC
TradeSatoshi
0.149
Guardado en BTC
Zaif
0.1508
Guardado en USD
Bitstamp
1407.73
Guardado en BTC
BTER
0.056
Guardado en USD
OKCoin
1105.5
Guardado en USD
Coinbase
1407.99
Guardado en USD
Cexio
1405.9
Guardado en USD
BitTrex
1411.96
Guardado en USD
Kraken
1401.9
Guardado en USD
Bitfinex
1403.5
Guardado en USD
HitBTC
1409.17
Guardado en BTC
Gatecoin
0.1457
Guardado en USD
Exmo
1415.56
Guardado en USD
BitBay
1269
Guardado en BTC
BTCMarkets
0.1475
Guardado en BTC
QuadrigaCX
0.152
Guardado en BTC
Bitso
0.1529
Guardado en BTC
TheRockTrading
0.1546
Guardado en USD
Quoine
1500
Guardado en BTC
Liqui
0.1512
Guardado en USD
LiveCoin
1423.98
Guardado en BTC
ViaBTC
0.1121
Guardado en BTC
Novaexchange
0.196
Guardado en USD
WavesDEX
1100
Guardado en BTC
Binance
0.151
Guardado en USD
Coinroom
1449.59
Guardado en BTC
Abucoins
0.1519
Guardado en BTC
Gateio
0.138
Guardado en BTC
HuobiPro
0.1511
Guardado en BTC
OKEX
0.1511
Guardado en BTC
Kucoin
0.151
Guardado en BTC
BitGrail
0.148
Guardado en BTC
BitZ
0.151
Guardado en USD
BitFlip
2400
Guardado en BTC
BitBank
0.1514
Guardado en USD
ExtStock
1449.88
Guardado en BTC
CoinDeal
0.1517
Guardado en USD
Poloniex
1411.34
Guardado en BTC
LakeBTC
0.1641
Guardado en BTC
Cryptopia
0.1529
Guardado en USD
Yobit
1424.55
Guardado en BTC
Tidex
0.1511
Guardado en BTC
Bleutrade
0.15
Guardado en BTC
EXX
0.1508
Guardado en BTC
TradeSatoshi
0.149
Guardado en BTC
Zaif
0.1508
Guardado en USD
Bitstamp
1407.99
Guardado en BTC
BTER
0.056
Guardado en USD
OKCoin
1105.5
Guardado en USD
Coinbase
1407.01
Guardado en USD
Cexio
1405.9
Guardado en USD
BitTrex
1411.96
Guardado en USD
Kraken
1405.4
Guardado en USD
Bitfinex
1405.1
Guardado en USD
HitBTC
1409.87
Guardado en BTC
Gatecoin
0.1457
Guardado en USD
Exmo
1405.4
Guardado en USD
BitBay
1269
Guardado en BTC
BTCMarkets
0.1475
Guardado en BTC
QuadrigaCX
0.152
Guardado en BTC
Bitso
0.1529
Guardado en BTC
TheRockTrading
0.1546
Guardado en USD
Quoine
1500
Guardado en BTC
Liqui
0.1514
Guardado en USD
LiveCoin
1423.98
Guardado en BTC
ViaBTC
0.1121
Guardado en BTC
Novaexchange
0.196
Guardado en USD
WavesDEX
1100
Guardado en BTC
Binance
0.1511
Guardado en USD
Coinroom
1449.59
Guardado en BTC
Abucoins
0.1519
Guardado en BTC
Gateio
0.138
Guardado en BTC
HuobiPro
0.1511
Guardado en BTC
OKEX
0.1511
Guardado en BTC
Kucoin
0.151
Guardado en BTC
BitGrail
0.148
Guardado en BTC
BitZ
0.1511
Guardado en USD
BitFlip
2400
Guardado en BTC
BitBank
0.1514
Guardado en USD
ExtStock
1449.71
Guardado en BTC
CoinDeal
0.1517
Guardado en USD
Poloniex
1403.2
Guardado en BTC
LakeBTC
0.1641
Guardado en BTC
Cryptopia
0.1529
Guardado en USD
Yobit
1424.55
Guardado en BTC
Tidex
0.1511
Guardado en BTC
Bleutrade
0.15
Guardado en BTC
EXX
0.151
Guardado en BTC
TradeSatoshi
0.149
Guardado en BTC
Zaif
0.1508
Guardado en USD
Bitstamp
1407.99
Guardado en BTC
BTER
0.056
Guardado en USD
OKCoin
1105.5
Guardado en USD
Coinbase
1407.92
Guardado en USD
Cexio
1405.5
Guardado en USD
BitTrex
1401.2
Guardado en USD
Kraken
1406.4
Guardado en USD
Bitfinex
1405.1
Guardado en USD
HitBTC
1413.08
Guardado en BTC
Gatecoin
0.1457
Guardado en USD
Exmo
1409.7
Guardado en USD
BitBay
1269
Guardado en BTC
BTCMarkets
0.1475
Guardado en BTC
QuadrigaCX
0.152
Guardado en BTC
Bitso
0.1529
Guardado en BTC
TheRockTrading
0.1546
Guardado en USD
Quoine
1500
Guardado en BTC
Liqui
0.1514
Guardado en USD
LiveCoin
1423.98
Guardado en BTC
ViaBTC
0.1121
Guardado en BTC
Novaexchange
0.196
Guardado en USD
WavesDEX
1100
Guardado en BTC
Binance
0.1512
Guardado en USD
Coinroom
1449.59
Guardado en BTC
Abucoins
0.1519
Guardado en BTC
Gateio
0.138
Guardado en BTC
HuobiPro
0.1511
Guardado en BTC
OKEX
0.1511
Guardado en BTC
Kucoin
0.151
Guardado en BTC
BitGrail
0.148
Guardado en BTC
BitZ
0.1511
Guardado en USD
BitFlip
2400
Guardado en BTC
BitBank
0.1514
Guardado en USD
ExtStock
1449.18
Guardado en BTC
CoinDeal
0.1517
Guardado en USD
Poloniex
1403.2
Guardado en BTC
LakeBTC
0.1641
Guardado en BTC
Cryptopia
0.1529
Guardado en USD
Yobit
1424.55
Guardado en BTC
Tidex
0.1511
Guardado en BTC
Bleutrade
0.15
Guardado en BTC
EXX
0.1511
Guardado en BTC
TradeSatoshi
0.154
Guardado en BTC
Zaif
0.1508
rake aborted!
JSON::ParserError: 765: unexpected token at '<html>
<head><title>502 Bad Gateway</title></head>
<body bgcolor="white">
<center><h1>502 Bad Gateway</h1></center>
<hr><center>nginx/1.4.6 (Ubuntu)</center>
</body>
</html>
'
/home/cristian/.rvm/gems/ruby-2.4.1/gems/json-2.1.0/lib/json/common.rb:156:in `parse'
/home/cristian/.rvm/gems/ruby-2.4.1/gems/json-2.1.0/lib/json/common.rb:156:in `parse'
/home/cristian/.rvm/gems/ruby-2.4.1/gems/cryptocompare-0.14.0/lib/cryptocompare/price.rb:72:in `find'
/home/cristian/CryptoApp/lib/tasks/demo.rake:61:in `block (3 levels) in <top (required)>'
/home/cristian/.rvm/gems/ruby-2.4.1/gems/activerecord-5.1.4/lib/active_record/relation/delegation.rb:39:in `each'
/home/cristian/.rvm/gems/ruby-2.4.1/gems/activerecord-5.1.4/lib/active_record/relation/delegation.rb:39:in `each'
/home/cristian/CryptoApp/lib/tasks/demo.rake:60:in `block (2 levels) in <top (required)>'
/home/cristian/.rvm/gems/ruby-2.4.1/gems/rake-12.3.0/exe/rake:27:in `<top (required)>'
/home/cristian/.rvm/gems/ruby-2.4.1/bin/ruby_executable_hooks:15:in `eval'
/home/cristian/.rvm/gems/ruby-2.4.1/bin/ruby_executable_hooks:15:in `<main>'
Tasks: TOP => bch:demo
(See full trace by running task with --trace)
Guardado en USD
Bitstamp
1407.98
Guardado en BTC
BTER
0.056
Guardado en USD
OKCoin
1105.5
Guardado en USD
Coinbase
1405.74
Guardado en USD
Cexio
1405.51
Guardado en USD
BitTrex
1401.2
Guardado en USD
Kraken
1406.5
Guardado en USD
Bitfinex
1405.1
Guardado en USD
HitBTC
1410.2
Guardado en BTC
Gatecoin
0.1457
Guardado en USD
Exmo
1408.5
Guardado en USD
BitBay
1269
Guardado en BTC
BTCMarkets
0.1475
Guardado en BTC
QuadrigaCX
0.152
Guardado en BTC
Bitso
0.1529
Guardado en BTC
TheRockTrading
0.1546
Guardado en USD
Quoine
1500
Guardado en BTC
Liqui
0.1514
Guardado en USD
LiveCoin
1423.98
Guardado en BTC
ViaBTC
0.1121
Guardado en BTC
Novaexchange
0.196
Guardado en USD
Bitstamp
1407.95
Guardado en BTC
BTER
0.056
Guardado en USD
OKCoin
1105.5
Guardado en USD
Coinbase
1407.68
Guardado en USD
Cexio
1405.51
Guardado en USD
BitTrex
1401.2
Guardado en USD
Kraken
1403.2
Guardado en USD
Bitfinex
1404.8
Guardado en USD
HitBTC
1410.45
Guardado en BTC
Gatecoin
0.1457
Guardado en USD
Exmo
1405.5
Guardado en USD
BitBay
1269
Guardado en BTC
BTCMarkets
0.1475
Guardado en BTC
QuadrigaCX
0.152
Guardado en BTC
Bitso
0.1529
Guardado en BTC
TheRockTrading
0.1546
Guardado en USD
Quoine
1500
Guardado en BTC
Liqui
0.1514
Guardado en USD
LiveCoin
1423.98
Guardado en BTC
ViaBTC
0.1121
Guardado en BTC
Novaexchange
0.196
Guardado en USD
WavesDEX
1100
Guardado en BTC
Binance
0.1511
Guardado en USD
Coinroom
1449.59
Guardado en BTC
Abucoins
0.1519
Guardado en BTC
Gateio
0.138
Guardado en BTC
HuobiPro
0.1512
Guardado en BTC
OKEX
0.1513
Guardado en BTC
Kucoin
0.1514
Guardado en BTC
BitGrail
0.148
Guardado en BTC
BitZ
0.1511
Guardado en USD
BitFlip
2400
Guardado en BTC
BitBank
0.1514
Guardado en USD
ExtStock
1449.04
Guardado en BTC
CoinDeal
0.1517
Guardado en USD
Poloniex
1403.2
Guardado en BTC
LakeBTC
0.1641
Guardado en BTC
Cryptopia
0.1529
Guardado en USD
Yobit
1424.55
Guardado en BTC
Tidex
0.1511
Guardado en BTC
Bleutrade
0.15
Guardado en BTC
EXX
0.1512
Guardado en BTC
TradeSatoshi
0.154
Guardado en BTC
Zaif
0.1508
Guardado en USD
Bitstamp
1407.9
Guardado en BTC
BTER
0.056
Guardado en USD
OKCoin
1105.5
Guardado en USD
Coinbase
1408
Guardado en USD
Cexio
1405.51
Guardado en USD
BitTrex
1401.2
Guardado en USD
Kraken
1403.5
Guardado en USD
Bitfinex
1404.8
Guardado en USD
HitBTC
1410.32
Guardado en BTC
Gatecoin
0.1457
Guardado en USD
Exmo
1406.3
Guardado en USD
BitBay
1269
Guardado en BTC
BTCMarkets
0.1475
Guardado en BTC
QuadrigaCX
0.152
Guardado en BTC
Bitso
0.1529
Guardado en BTC
TheRockTrading
0.1546
Guardado en USD
Quoine
1500
Guardado en BTC
Liqui
0.151
Guardado en USD
LiveCoin
1423.98
Guardado en BTC
ViaBTC
0.1121
Guardado en BTC
Novaexchange
0.196
Guardado en USD
WavesDEX
1100
Guardado en BTC
Binance
0.1511
Guardado en USD
Coinroom
1439.04
Guardado en BTC
Abucoins
0.1519
Guardado en BTC
Gateio
0.138
Guardado en BTC
HuobiPro
0.1512
Guardado en BTC
OKEX
0.1511
Guardado en BTC
Kucoin
0.1514
Guardado en BTC
BitGrail
0.148
Guardado en BTC
BitZ
0.1511
Guardado en USD
BitFlip
2400
Guardado en BTC
BitBank
0.1514
Guardado en USD
ExtStock
1452
Guardado en BTC
CoinDeal
0.1517
Guardado en USD
Poloniex
1404.17
Guardado en BTC
LakeBTC
0.1641
Guardado en BTC
Cryptopia
0.1529
Guardado en USD
Yobit
1424.55
Guardado en BTC
Tidex
0.1511
Guardado en BTC
Bleutrade
0.15
Guardado en BTC
EXX
0.1515
Guardado en BTC
TradeSatoshi
0.154
Guardado en BTC
Zaif
0.1508
Guardado en USD
Bitstamp
1407.98
Guardado en BTC
BTER
0.056
Guardado en USD
OKCoin
1105.5
Guardado en USD
Coinbase
1410
Guardado en USD
Cexio
1405.51
Guardado en USD
BitTrex
1401.2
Guardado en USD
Kraken
1403.3
Guardado en USD
Bitfinex
1405.5
Guardado en USD
HitBTC
1412.42
Guardado en BTC
Gatecoin
0.1457
Guardado en USD
Exmo
1406.3
Guardado en USD
BitBay
1269
Guardado en BTC
BTCMarkets
0.1475
Guardado en BTC
QuadrigaCX
0.152
Guardado en BTC
Bitso
0.1529
Guardado en BTC
TheRockTrading
0.1546
Guardado en USD
Quoine
1500
Guardado en BTC
Liqui
0.151
Guardado en USD
LiveCoin
1423.98
Guardado en BTC
ViaBTC
0.1121
Guardado en BTC
Novaexchange
0.196
Guardado en USD
WavesDEX
1100
Guardado en BTC
Binance
0.1515
Guardado en USD
Coinroom
1441.19
Guardado en BTC
Abucoins
0.1519
Guardado en BTC
Gateio
0.138
Guardado en BTC
HuobiPro
0.1513
Guardado en BTC
OKEX
0.1511
Guardado en BTC
Kucoin
0.1514
Guardado en BTC
BitGrail
0.148
Guardado en BTC
BitZ
0.1513
Guardado en USD
BitFlip
2400
Guardado en BTC
BitBank
0.1514
Guardado en USD
ExtStock
1449.04
Guardado en BTC
CoinDeal
0.1517
Guardado en USD
Poloniex
1404.17
Guardado en BTC
LakeBTC
0.1641
Guardado en BTC
Cryptopia
0.1529
Guardado en USD
Yobit
1424.55
Guardado en BTC
Tidex
0.1511
Guardado en BTC
Bleutrade
0.15
Guardado en BTC
EXX
0.1502
Guardado en BTC
TradeSatoshi
0.154
Guardado en BTC
Zaif
0.1508
Guardado en USD
Bitstamp
1407.99
Guardado en BTC
BTER
0.056
Guardado en USD
OKCoin
1105.5
Guardado en USD
Coinbase
1409.99
Guardado en USD
Cexio
1405.51
Guardado en USD
BitTrex
1401.2
Guardado en USD
Kraken
1409.9
Guardado en USD
Bitfinex
1405.5
Guardado en USD
HitBTC
1412.63
Guardado en BTC
Gatecoin
0.1457
Guardado en USD
Exmo
1407
Guardado en USD
BitBay
1269
Guardado en BTC
BTCMarkets
0.1475
Guardado en BTC
QuadrigaCX
0.152
Guardado en BTC
Bitso
0.1529
Guardado en BTC
TheRockTrading
0.1546
Guardado en USD
Quoine
1500
Guardado en BTC
Liqui
0.151
Guardado en USD
LiveCoin
1423.98
Guardado en BTC
ViaBTC
0.1121
Guardado en BTC
Novaexchange
0.196
Guardado en USD
WavesDEX
1100
Guardado en BTC
Binance
0.1514
Guardado en USD
Coinroom
1441.19
Guardado en BTC
Abucoins
0.1519
Guardado en BTC
Gateio
0.138
Guardado en BTC
HuobiPro
0.1511
Guardado en BTC
OKEX
0.1515
Guardado en BTC
Kucoin
0.1514
Guardado en BTC
BitGrail
0.148
Guardado en BTC
BitZ
0.1515
Guardado en USD
BitFlip
2400
Guardado en BTC
BitBank
0.1514
Guardado en USD
ExtStock
1450.07
Guardado en BTC
CoinDeal
0.1517
Guardado en USD
Poloniex
1404.17
Guardado en BTC
LakeBTC
0.1641
Guardado en BTC
Cryptopia
0.1529
Guardado en USD
Yobit
1424.55
Guardado en BTC
Tidex
0.1511
Guardado en BTC
Bleutrade
0.15
Guardado en BTC
EXX
0.1502
Guardado en BTC
TradeSatoshi
0.154
Guardado en BTC
Zaif
0.1508
Guardado en USD
Bitstamp
1404.44
Guardado en BTC
BTER
0.056
Guardado en USD
OKCoin
1105.5
Guardado en USD
Coinbase
1404
Guardado en USD
Cexio
1405.5
Guardado en USD
BitTrex
1401.2
Guardado en USD
Kraken
1402.7
Guardado en USD
Bitfinex
1399.4
Guardado en USD
HitBTC
1414.6
Guardado en BTC
Gatecoin
0.1457
Guardado en USD
Exmo
1400
Guardado en USD
BitBay
1269
Guardado en BTC
BTCMarkets
0.1475
Guardado en BTC
QuadrigaCX
0.152
Guardado en BTC
Bitso
0.1529
Guardado en BTC
TheRockTrading
0.1546
Guardado en USD
Quoine
1500
Guardado en BTC
Liqui
0.151
Guardado en USD
LiveCoin
1423.98
Guardado en BTC
ViaBTC
0.1121
Guardado en BTC
Novaexchange
0.196
Guardado en USD
WavesDEX
1100
Guardado en BTC
Binance
0.151
Guardado en USD
Coinroom
1439.16
Guardado en BTC
Abucoins
0.1519
Guardado en BTC
Gateio
0.138
Guardado en BTC
HuobiPro
0.1512
Guardado en BTC
OKEX
0.1512
Guardado en BTC
Kucoin
0.1514
Guardado en BTC
BitGrail
0.148
Guardado en BTC
BitZ
0.1515
Guardado en USD
BitFlip
2400
Guardado en BTC
BitBank
0.1514
Guardado en USD
ExtStock
1449.04
Guardado en BTC
CoinDeal
0.1517
Guardado en USD
Poloniex
1399.34
Guardado en BTC
LakeBTC
0.1641
Guardado en BTC
Cryptopia
0.1529
Guardado en USD
Yobit
1424.55
Guardado en BTC
Tidex
0.1511
Guardado en BTC
Bleutrade
0.15
Guardado en BTC
EXX
0.15
Guardado en BTC
TradeSatoshi
0.154
Guardado en BTC
Zaif
0.1508
Guardado en USD
Bitstamp
1402
Guardado en BTC
BTER
0.056
Guardado en USD
OKCoin
1105.5
Guardado en USD
Coinbase
1403
Guardado en USD
Cexio
1405.5
Guardado en USD
BitTrex
1400
Guardado en USD
Kraken
1402.5
Guardado en USD
Bitfinex
1399.7
Guardado en USD
HitBTC
1408.67
Guardado en BTC
Gatecoin
0.1457
Guardado en USD
Exmo
1407.66
Guardado en USD
BitBay
1269
Guardado en BTC
BTCMarkets
0.1475
Guardado en BTC
QuadrigaCX
0.152
Guardado en BTC
Bitso
0.1529
Guardado en BTC
TheRockTrading
0.1546
Guardado en USD
Quoine
1500
Guardado en BTC
Liqui
0.151
Guardado en USD
LiveCoin
1423.98
Guardado en BTC
ViaBTC
0.1121
Guardado en BTC
Novaexchange
0.196
Guardado en USD
WavesDEX
1100
Guardado en BTC
Binance
0.1512
Guardado en USD
Coinroom
1439.16
Guardado en BTC
Abucoins
0.1519
Guardado en BTC
Gateio
0.138
Guardado en BTC
HuobiPro
0.1513
Guardado en BTC
OKEX
0.1513
Guardado en BTC
Kucoin
0.1514
Guardado en BTC
BitGrail
0.148
Guardado en BTC
BitZ
0.1512
Guardado en USD
BitFlip
2400
Guardado en BTC
BitBank
0.1514
Guardado en USD
ExtStock
1450.07
Guardado en BTC
CoinDeal
0.1517
Guardado en USD
Poloniex
1410.93
Guardado en BTC
LakeBTC
0.1641
Guardado en BTC
Cryptopia
0.1529
Guardado en USD
Yobit
1424.55
Guardado en BTC
Tidex
0.1511
Guardado en BTC
Bleutrade
0.15
Guardado en BTC
EXX
0.1517
Guardado en BTC
TradeSatoshi
0.154
Guardado en BTC
Zaif
0.1508
Guardado en USD
Bitstamp
1404.99
Guardado en BTC
BTER
0.056
Guardado en USD
OKCoin
1105.5
Guardado en USD
Coinbase
1407.97
Guardado en USD
Cexio
1405.5
Guardado en USD
BitTrex
1410
Guardado en USD
Kraken
1402.5
Guardado en USD
Bitfinex
1404.8
Guardado en USD
HitBTC
1409.4
Guardado en BTC
Gatecoin
0.1457
Guardado en USD
Exmo
1400
Guardado en USD
BitBay
1269
Guardado en BTC
BTCMarkets
0.1475
Guardado en BTC
QuadrigaCX
0.152
Guardado en BTC
Bitso
0.1529
Guardado en BTC
TheRockTrading
0.1546
Guardado en USD
Quoine
1500
Guardado en BTC
Liqui
0.151
Guardado en USD
LiveCoin
1423.98
Guardado en BTC
ViaBTC
0.1121
Guardado en BTC
Novaexchange
0.196
Guardado en USD
WavesDEX
1100
Guardado en BTC
Binance
0.1515
Guardado en USD
Coinroom
1439.16
Guardado en BTC
Abucoins
0.1519
Guardado en BTC
Gateio
0.138
Guardado en BTC
HuobiPro
0.1513
Guardado en BTC
OKEX
0.1514
Guardado en BTC
Kucoin
0.1508
Guardado en BTC
BitGrail
0.148
Guardado en BTC
BitZ
0.1514
Guardado en USD
BitFlip
2400
Guardado en BTC
BitBank
0.1514
Guardado en USD
ExtStock
1450.07
Guardado en BTC
CoinDeal
0.1517
Guardado en USD
Poloniex
1410.91
Guardado en BTC
LakeBTC
0.1641
Guardado en BTC
Cryptopia
0.1529
Guardado en USD
Yobit
1424.55
Guardado en BTC
Tidex
0.1511
Guardado en BTC
Bleutrade
0.15
Guardado en BTC
EXX
0.1507
Guardado en BTC
TradeSatoshi
0.154
Guardado en BTC
Zaif
0.1508
Guardado en USD
Bitstamp
1408.82
Guardado en BTC
BTER
0.056
Guardado en USD
OKCoin
1105.5
Guardado en USD
Coinbase
1407.22
Guardado en USD
Cexio
1407.99
Guardado en USD
BitTrex
1400
Guardado en USD
Kraken
1404
Guardado en USD
Bitfinex
1405.3
Guardado en USD
HitBTC
1412.05
Guardado en BTC
Gatecoin
0.1457
Guardado en USD
Exmo
1400
Guardado en USD
BitBay
1269
Guardado en BTC
BTCMarkets
0.1475
Guardado en BTC
QuadrigaCX
0.152
Guardado en BTC
Bitso
0.1529
Guardado en BTC
TheRockTrading
0.1546
Guardado en USD
Quoine
1500
Guardado en BTC
Liqui
0.151
Guardado en USD
LiveCoin
1423.98
Guardado en BTC
ViaBTC
0.1121
Guardado en BTC
Novaexchange
0.196
Guardado en USD
WavesDEX
1100
Guardado en BTC
Binance
0.1512
Guardado en USD
Coinroom
1439.16
Guardado en BTC
Abucoins
0.1519
Guardado en BTC
Gateio
0.138
Guardado en BTC
HuobiPro
0.1513
Guardado en BTC
OKEX
0.1514
Guardado en BTC
Kucoin
0.1508
Guardado en BTC
BitGrail
0.148
Guardado en BTC
BitZ
0.1514
Guardado en USD
BitFlip
2400
Guardado en BTC
BitBank
0.1514
Guardado en USD
ExtStock
1449.04
Guardado en BTC
CoinDeal
0.1517
Guardado en USD
Poloniex
1398.84
Guardado en BTC
LakeBTC
0.1641
Guardado en BTC
Cryptopia
0.1529
Guardado en USD
Yobit
1424.55
Guardado en BTC
Tidex
0.1511
Guardado en BTC
Bleutrade
0.15
Guardado en BTC
EXX
0.1511
Guardado en BTC
TradeSatoshi
0.154
Guardado en BTC
Zaif
0.1508
Guardado en USD
Bitstamp
1408.94
Guardado en BTC
BTER
0.056
Guardado en USD
OKCoin
1105.5
Guardado en USD
Coinbase
1407.88
Guardado en USD
Cexio
1407.99
Guardado en USD
BitTrex
1410
Guardado en USD
Kraken
1404
Guardado en USD
Bitfinex
1406.4
Guardado en USD
HitBTC
1411.51
Guardado en BTC
Gatecoin
0.1457
Guardado en USD
Exmo
1402.92
Guardado en USD
BitBay
1269
Guardado en BTC
BTCMarkets
0.1475
Guardado en BTC
QuadrigaCX
0.152
Guardado en BTC
Bitso
0.1529
Guardado en BTC
TheRockTrading
0.1546
Guardado en USD
Quoine
1500
Guardado en BTC
Liqui
0.151
Guardado en USD
LiveCoin
1423.98
Guardado en BTC
ViaBTC
0.1121
Guardado en BTC
Novaexchange
0.196
Guardado en USD
WavesDEX
1100
Guardado en BTC
Binance
0.1511
Guardado en USD
Coinroom
1439.16
Guardado en BTC
Abucoins
0.1519
Guardado en BTC
Gateio
0.138
Guardado en BTC
HuobiPro
0.1515
Guardado en BTC
OKEX
0.1512
Guardado en BTC
Kucoin
0.1508
Guardado en BTC
BitGrail
0.148
Guardado en BTC
BitZ
0.1514
Guardado en USD
BitFlip
2400
Guardado en BTC
BitBank
0.1514
Guardado en USD
ExtStock
1449.04
Guardado en BTC
CoinDeal
0.1517
Guardado en USD
Poloniex
1398.84
Guardado en BTC
LakeBTC
0.1641
Guardado en BTC
Cryptopia
0.1529
Guardado en USD
Yobit
1424.55
Guardado en BTC
Tidex
0.1511
Guardado en BTC
Bleutrade
0.15
Guardado en BTC
EXX
0.1511
Guardado en BTC
TradeSatoshi
0.15
Guardado en BTC
Zaif
0.1508
Guardado en USD
Bitstamp
1408.99
Guardado en BTC
BTER
0.056
Guardado en USD
OKCoin
1105.5
Guardado en USD
Coinbase
1407
Guardado en USD
Cexio
1402.21
Guardado en USD
BitTrex
1410
Guardado en USD
Kraken
1404
Guardado en USD
Bitfinex
1402.4
Guardado en USD
HitBTC
1410.54
Guardado en BTC
Gatecoin
0.1457
Guardado en USD
Exmo
1402.92
Guardado en USD
BitBay
1269
Guardado en BTC
BTCMarkets
0.1475
Guardado en BTC
QuadrigaCX
0.152
Guardado en BTC
Bitso
0.1529
Guardado en BTC
TheRockTrading
0.1546
Guardado en USD
Quoine
1500
Guardado en BTC
Liqui
0.1514
Guardado en USD
LiveCoin
1423.98
Guardado en BTC
ViaBTC
0.1121
Guardado en BTC
Novaexchange
0.196
Guardado en USD
WavesDEX
1100
Guardado en BTC
Binance
0.151
Guardado en USD
Coinroom
1439.16
Guardado en BTC
Abucoins
0.1519
Guardado en BTC
Gateio
0.138
Guardado en BTC
HuobiPro
0.1512
Guardado en BTC
OKEX
0.1508
Guardado en BTC
Kucoin
0.1508
Guardado en BTC
BitGrail
0.148
Guardado en BTC
BitZ
0.1513
Guardado en USD
BitFlip
2400
Guardado en BTC
BitBank
0.1514
Guardado en USD
ExtStock
1449.04
Guardado en BTC
CoinDeal
0.1517
Guardado en USD
Poloniex
1398.84
Guardado en BTC
LakeBTC
0.1641
Guardado en BTC
Cryptopia
0.1529
Guardado en USD
Yobit
1424.55
Guardado en BTC
Tidex
0.1511
Guardado en BTC
Bleutrade
0.15
Guardado en BTC
EXX
0.1505
Guardado en BTC
TradeSatoshi
0.15
Guardado en BTC
Zaif
0.1508
Guardado en USD
Bitstamp
1407.51
Guardado en BTC
BTER
0.056
Guardado en USD
OKCoin
1105.5
Guardado en USD
Coinbase
1404.63
Guardado en USD
Cexio
1402.21
Guardado en USD
BitTrex
1410
Guardado en USD
Kraken
1406.4
Guardado en USD
Bitfinex
1402.2
Guardado en USD
HitBTC
1410.23
Guardado en BTC
Gatecoin
0.1457
Guardado en USD
Exmo
1406.3
Guardado en USD
BitBay
1269
Guardado en BTC
BTCMarkets
0.1475
Guardado en BTC
QuadrigaCX
0.152
Guardado en BTC
Bitso
0.1529
Guardado en BTC
TheRockTrading
0.1546
Guardado en USD
Quoine
1500
Guardado en BTC
Liqui
0.151
Guardado en USD
LiveCoin
1423.98
Guardado en BTC
ViaBTC
0.1121
Guardado en BTC
Novaexchange
0.196
Guardado en USD
WavesDEX
1100
Guardado en BTC
Binance
0.1508
Guardado en USD
Coinroom
1439.16
Guardado en BTC
Abucoins
0.1519
Guardado en BTC
Gateio
0.138
Guardado en BTC
HuobiPro
0.1511
Guardado en BTC
OKEX
0.1511
Guardado en BTC
Kucoin
0.1508
Guardado en BTC
BitGrail
0.148
Guardado en BTC
BitZ
0.1513
Guardado en USD
BitFlip
2400
Guardado en BTC
BitBank
0.1514
Guardado en USD
ExtStock
1449.04
Guardado en BTC
CoinDeal
0.1517
Guardado en USD
Poloniex
1398.83
Guardado en BTC
LakeBTC
0.1641
Guardado en BTC
Cryptopia
0.1529
Guardado en USD
Yobit
1424.55
Guardado en BTC
Tidex
0.1511
Guardado en BTC
Bleutrade
0.15
Guardado en BTC
EXX
0.1515
Guardado en BTC
TradeSatoshi
0.15
Guardado en BTC
Zaif
0.1508
Guardado en USD
Bitstamp
1406.99
Guardado en BTC
BTER
0.056
Guardado en USD
OKCoin
1105.5
Guardado en USD
Coinbase
1406.23
Guardado en USD
Cexio
1402.21
Guardado en USD
BitTrex
1410
Guardado en USD
Kraken
1406.4
Guardado en USD
Bitfinex
1404.9
Guardado en USD
HitBTC
1409.57
Guardado en BTC
Gatecoin
0.1457
Guardado en USD
Exmo
1410.04
Guardado en USD
BitBay
1269
Guardado en BTC
BTCMarkets
0.1475
Guardado en BTC
QuadrigaCX
0.152
Guardado en BTC
Bitso
0.1527
Guardado en BTC
TheRockTrading
0.1546
Guardado en USD
Quoine
1500
Guardado en BTC
Liqui
0.151
Guardado en USD
LiveCoin
1423.98
Guardado en BTC
ViaBTC
0.1121
Guardado en BTC
Novaexchange
0.196
Guardado en USD
WavesDEX
1100
Guardado en BTC
Binance
0.1509
Guardado en USD
Coinroom
1439.16
Guardado en BTC
Abucoins
0.1519
Guardado en BTC
Gateio
0.138
Guardado en BTC
HuobiPro
0.1511
Guardado en BTC
OKEX
0.1511
Guardado en BTC
Kucoin
0.1508
Guardado en BTC
BitGrail
0.148
Guardado en BTC
BitZ
0.1512
Guardado en USD
BitFlip
2400
Guardado en BTC
BitBank
0.1514
Guardado en USD
ExtStock
1448.96
Guardado en BTC
CoinDeal
0.1517
Guardado en USD
Poloniex
1398.83
Guardado en BTC
LakeBTC
0.1641
Guardado en BTC
Cryptopia
0.1529
Guardado en USD
Yobit
1424.55
Guardado en BTC
Tidex
0.1511
Guardado en BTC
Bleutrade
0.15
Guardado en BTC
EXX
0.15
Guardado en BTC
TradeSatoshi
0.15
Guardado en BTC
Zaif
0.1508
Guardado en USD
Bitstamp
1408.99
Guardado en BTC
BTER
0.056
Guardado en USD
OKCoin
1105.5
Guardado en USD
Coinbase
1407.87
Guardado en USD
Cexio
1403.01
Guardado en USD
BitTrex
1410
Guardado en USD
Kraken
1406.4
Guardado en USD
Bitfinex
1407
Guardado en USD
HitBTC
1411.62
Guardado en BTC
Gatecoin
0.1457
Guardado en USD
Exmo
1410.04
Guardado en USD
BitBay
1269
Guardado en BTC
BTCMarkets
0.1475
Guardado en BTC
QuadrigaCX
0.152
Guardado en BTC
Bitso
0.1527
Guardado en BTC
TheRockTrading
0.1546
Guardado en USD
Quoine
1500
Guardado en BTC
Liqui
0.151
Guardado en USD
LiveCoin
1423.98
Guardado en BTC
ViaBTC
0.1121
Guardado en BTC
Novaexchange
0.196
Guardado en USD
WavesDEX
1100
Guardado en BTC
Binance
0.151
Guardado en USD
Coinroom
1439.16
Guardado en BTC
Abucoins
0.1519
Guardado en BTC
Gateio
0.138
Guardado en BTC
HuobiPro
0.1512
Guardado en BTC
OKEX
0.151
Guardado en BTC
Kucoin
0.1508
Guardado en BTC
BitGrail
0.148
Guardado en BTC
BitZ
0.1511
Guardado en USD
BitFlip
2400
Guardado en BTC
BitBank
0.1514
Guardado en USD
ExtStock
1450.07
Guardado en BTC
CoinDeal
0.1517
Guardado en USD
Poloniex
1398.83
Guardado en BTC
LakeBTC
0.1641
Guardado en BTC
Cryptopia
0.1529
Guardado en USD
Yobit
1424.55
Guardado en BTC
Tidex
0.1511
Guardado en BTC
Bleutrade
0.15
Guardado en BTC
EXX
0.1516
Guardado en BTC
TradeSatoshi
0.15
Guardado en BTC
Zaif
0.1508
Guardado en USD
Bitstamp
1411.16
Guardado en BTC
BTER
0.056
Guardado en USD
OKCoin
1105.5
Guardado en USD
Coinbase
1409.44
Guardado en USD
Cexio
1404
Guardado en USD
BitTrex
1410
Guardado en USD
Kraken
1412.1
Guardado en USD
Bitfinex
1409.5
Guardado en USD
HitBTC
1415.53
Guardado en BTC
Gatecoin
0.1457
Guardado en USD
Exmo
1412.34
Guardado en USD
BitBay
1269
Guardado en BTC
BTCMarkets
0.1475
Guardado en BTC
QuadrigaCX
0.152
Guardado en BTC
Bitso
0.1527
Guardado en BTC
TheRockTrading
0.1546
Guardado en USD
Quoine
1500
Guardado en BTC
Liqui
0.151
Guardado en USD
LiveCoin
1441.21
Guardado en BTC
ViaBTC
0.1121
Guardado en BTC
Novaexchange
0.196
Guardado en USD
WavesDEX
1100
Guardado en BTC
Binance
0.1515
Guardado en USD
Coinroom
1439.16
Guardado en BTC
Abucoins
0.1519
Guardado en BTC
Gateio
0.138
Guardado en BTC
HuobiPro
0.1516
Guardado en BTC
OKEX
0.1511
Guardado en BTC
Kucoin
0.1508
Guardado en BTC
BitGrail
0.148
Guardado en BTC
BitZ
0.1511
Guardado en USD
BitFlip
2400
Guardado en BTC
BitBank
0.1514
Guardado en USD
ExtStock
1448.96
Guardado en BTC
CoinDeal
0.1517
Guardado en USD
Poloniex
1398.83
Guardado en BTC
LakeBTC
0.1641
Guardado en BTC
Cryptopia
0.1529
Guardado en USD
Yobit
1424.55
Guardado en BTC
Tidex
0.1511
Guardado en BTC
Bleutrade
0.15
Guardado en BTC
EXX
0.1499
Guardado en BTC
TradeSatoshi
0.15
Guardado en BTC
Zaif
0.1508
Guardado en USD
Bitstamp
1411.99
Guardado en BTC
BTER
0.056
Guardado en USD
OKCoin
1105.5
Guardado en USD
Coinbase
1407.03
Guardado en USD
Cexio
1403.5
Guardado en USD
BitTrex
1410
Guardado en USD
Kraken
1410.5
Guardado en USD
Bitfinex
1408.3
Guardado en USD
HitBTC
1418.34
Guardado en BTC
Gatecoin
0.1457
Guardado en USD
Exmo
1413.96
Guardado en USD
BitBay
1269
Guardado en BTC
BTCMarkets
0.1475
Guardado en BTC
QuadrigaCX
0.152
Guardado en BTC
Bitso
0.1527
Guardado en BTC
TheRockTrading
0.1546
Guardado en USD
Quoine
1500
Guardado en BTC
Liqui
0.151
Guardado en USD
LiveCoin
1441.21
Guardado en BTC
ViaBTC
0.1121
Guardado en BTC
Novaexchange
0.196
Guardado en USD
WavesDEX
1100
Guardado en BTC
Binance
0.151
Guardado en USD
Coinroom
1439.16
Guardado en BTC
Abucoins
0.1519
Guardado en BTC
Gateio
0.138
Guardado en BTC
HuobiPro
0.1513
Guardado en BTC
OKEX
0.1511
Guardado en BTC
Kucoin
0.1508
Guardado en BTC
BitGrail
0.148
Guardado en BTC
BitZ
0.1511
Guardado en USD
BitFlip
2400
Guardado en BTC
BitBank
0.1514
Guardado en USD
ExtStock
1454.24
Guardado en BTC
CoinDeal
0.1517
Guardado en USD
Poloniex
1405.1
Guardado en BTC
LakeBTC
0.1641
Guardado en BTC
Cryptopia
0.1529
Guardado en USD
Yobit
1424.55
Guardado en BTC
Tidex
0.1511
Guardado en BTC
Bleutrade
0.15
Guardado en BTC
EXX
0.1517
Guardado en BTC
TradeSatoshi
0.15
Guardado en BTC
Zaif
0.1508
Guardado en USD
Bitstamp
1410.87
Guardado en BTC
BTER
0.056
Guardado en USD
OKCoin
1105.5
Guardado en USD
Coinbase
1405.6
Guardado en USD
Cexio
1403.5
Guardado en USD
BitTrex
1410
Guardado en USD
Kraken
1410.5
Guardado en USD
Bitfinex
1407.9
Guardado en USD
HitBTC
1418.05
Guardado en BTC
Gatecoin
0.1457
Guardado en USD
Exmo
1421
Guardado en USD
BitBay
1269
Guardado en BTC
BTCMarkets
0.15
Guardado en BTC
QuadrigaCX
0.152
Guardado en BTC
Bitso
0.1527
Guardado en BTC
TheRockTrading
0.1546
Guardado en USD
Quoine
1500
Guardado en BTC
Liqui
0.151
Guardado en USD
LiveCoin
1441.21
Guardado en BTC
ViaBTC
0.1121
Guardado en BTC
Novaexchange
0.196
Guardado en USD
WavesDEX
1100
Guardado en BTC
Binance
0.1513
Guardado en USD
Coinroom
1439.16
Guardado en BTC
Abucoins
0.1519
Guardado en BTC
Gateio
0.138
Guardado en BTC
HuobiPro
0.1513
Guardado en BTC
OKEX
0.1511
Guardado en BTC
Kucoin
0.1508
Guardado en BTC
BitGrail
0.148
Guardado en BTC
BitZ
0.1513
Guardado en USD
BitFlip
2400
Guardado en BTC
BitBank
0.1529
Guardado en USD
ExtStock
1448.64
Guardado en BTC
CoinDeal
0.1517
Guardado en USD
Poloniex
1400.81
Guardado en BTC
LakeBTC
0.1641
Guardado en BTC
Cryptopia
0.151
Guardado en USD
Yobit
1424.55
Guardado en BTC
Tidex
0.1511
Guardado en BTC
Bleutrade
0.15
Guardado en BTC
EXX
0.1513
Guardado en BTC
TradeSatoshi
0.15
Guardado en BTC
Zaif
0.1508
Guardado en USD
Bitstamp
1412.99
Guardado en BTC
BTER
0.056
Guardado en USD
OKCoin
1105.5
Guardado en USD
Coinbase
1408.83
Guardado en USD
Cexio
1403.5
Guardado en USD
BitTrex
1410
Guardado en USD
Kraken
1409.2
Guardado en USD
Bitfinex
1412.2
Guardado en USD
HitBTC
1416.8
Guardado en BTC
Gatecoin
0.1457
Guardado en USD
Exmo
1419.54
Guardado en USD
BitBay
1269
Guardado en BTC
BTCMarkets
0.15
Guardado en BTC
QuadrigaCX
0.152
Guardado en BTC
Bitso
0.1527
Guardado en BTC
TheRockTrading
0.1546
Guardado en USD
Quoine
1500
Guardado en BTC
Liqui
0.151
Guardado en USD
LiveCoin
1441.21
Guardado en BTC
ViaBTC
0.1121
Guardado en BTC
Novaexchange
0.196
Guardado en USD
WavesDEX
1100
Guardado en BTC
Binance
0.1511
Guardado en USD
Coinroom
1439.16
Guardado en BTC
Abucoins
0.1519
Guardado en BTC
Gateio
0.138
Guardado en BTC
HuobiPro
0.1512
Guardado en BTC
OKEX
0.1511
Guardado en BTC
Kucoin
0.1508
Guardado en BTC
BitGrail
0.148
Guardado en BTC
BitZ
0.1513
Guardado en USD
BitFlip
2400
Guardado en BTC
BitBank
0.1513
Guardado en USD
ExtStock
1449.57
Guardado en BTC
CoinDeal
0.1517
Guardado en USD
Poloniex
1411.61
Guardado en BTC
LakeBTC
0.1641
Guardado en BTC
Cryptopia
0.151
Guardado en USD
Yobit
1424.55
Guardado en BTC
Tidex
0.1511
Guardado en BTC
Bleutrade
0.15
Guardado en BTC
EXX
0.1509
Guardado en BTC
TradeSatoshi
0.15
Guardado en BTC
Zaif
0.1508
Guardado en USD
Bitstamp
1412.96
Guardado en BTC
BTER
0.056
Guardado en USD
OKCoin
1105.5
Guardado en USD
Coinbase
1408.98
Guardado en USD
Cexio
1409.94
Guardado en USD
BitTrex
1405
Guardado en USD
Kraken
1409.2
Guardado en USD
Bitfinex
1411.7
Guardado en USD
HitBTC
1418.44
Guardado en BTC
Gatecoin
0.1457
Guardado en USD
Exmo
1419.54
Guardado en USD
BitBay
1269
Guardado en BTC
BTCMarkets
0.15
Guardado en BTC
QuadrigaCX
0.152
Guardado en BTC
Bitso
0.1526
Guardado en BTC
TheRockTrading
0.1546
Guardado en USD
Quoine
1500
Guardado en BTC
Liqui
0.151
Guardado en USD
LiveCoin
1441.21
Guardado en BTC
ViaBTC
0.1121
Guardado en BTC
Novaexchange
0.196
Guardado en USD
WavesDEX
1100
Guardado en BTC
Binance
0.151
Guardado en USD
Coinroom
1439.16
Guardado en BTC
Abucoins
0.1519
Guardado en BTC
Gateio
0.138
Guardado en BTC
HuobiPro
0.1513
Guardado en BTC
OKEX
0.1511
Guardado en BTC
Kucoin
0.1508
Guardado en BTC
BitGrail
0.148
Guardado en BTC
BitZ
0.1513
Guardado en USD
BitFlip
2400
Guardado en BTC
BitBank
0.1529
Guardado en USD
ExtStock
1448.64
Guardado en BTC
CoinDeal
0.1517
Guardado en USD
Poloniex
1412.53
Guardado en BTC
LakeBTC
0.1641
Guardado en BTC
Cryptopia
0.151
Guardado en USD
Yobit
1424.55
Guardado en BTC
Tidex
0.1511
Guardado en BTC
Bleutrade
0.15
Guardado en BTC
EXX
0.1509
Guardado en BTC
TradeSatoshi
0.15
Guardado en BTC
Zaif
0.1508
Guardado en USD
Bitstamp
1412.96
Guardado en BTC
BTER
0.056
Guardado en USD
OKCoin
1105.5
Guardado en USD
Coinbase
1409
Guardado en USD
Cexio
1409.69
Guardado en USD
BitTrex
1405
Guardado en USD
Kraken
1409.2
Guardado en USD
Bitfinex
1411.2
Guardado en USD
HitBTC
1415.5
Guardado en BTC
Gatecoin
0.1457
Guardado en USD
Exmo
1419.54
Guardado en USD
BitBay
1269
Guardado en BTC
BTCMarkets
0.15
Guardado en BTC
QuadrigaCX
0.152
Guardado en BTC
Bitso
0.1526
Guardado en BTC
TheRockTrading
0.1546
Guardado en USD
Quoine
1500
Guardado en BTC
Liqui
0.151
Guardado en USD
LiveCoin
1441.21
Guardado en BTC
ViaBTC
0.1121
Guardado en BTC
Novaexchange
0.196
Guardado en USD
WavesDEX
1100
Guardado en BTC
Binance
0.1509
Guardado en USD
Coinroom
1439.16
Guardado en BTC
Abucoins
0.1519
Guardado en BTC
Gateio
0.138
Guardado en BTC
HuobiPro
0.1511
Guardado en BTC
OKEX
0.1508
Guardado en BTC
Kucoin
0.1508
Guardado en BTC
BitGrail
0.148
Guardado en BTC
BitZ
0.1512
Guardado en USD
BitFlip
2400
Guardado en BTC
BitBank
0.1529
Guardado en USD
ExtStock
1448.64
Guardado en BTC
CoinDeal
0.1517
Guardado en USD
Poloniex
1412.53
Guardado en BTC
LakeBTC
0.1641
Guardado en BTC
Cryptopia
0.151
Guardado en USD
Yobit
1424.55
Guardado en BTC
Tidex
0.1511
Guardado en BTC
Bleutrade
0.15
Guardado en BTC
EXX
0.1514
Guardado en BTC
TradeSatoshi
0.15
Guardado en BTC
Zaif
0.1508
Guardado en USD
Bitstamp
1412.99
Guardado en BTC
BTER
0.056
Guardado en USD
OKCoin
1105.5
Guardado en USD
Coinbase
1409
Guardado en USD
Cexio
1410.2
Guardado en USD
BitTrex
1405
Guardado en USD
Kraken
1408.6
Guardado en USD
Bitfinex
1411.2
Guardado en USD
HitBTC
1415.5
Guardado en BTC
Gatecoin
0.1457
Guardado en USD
Exmo
1418.24
Guardado en USD
BitBay
1269
Guardado en BTC
BTCMarkets
0.15
Guardado en BTC
QuadrigaCX
0.152
Guardado en BTC
Bitso
0.1526
Guardado en BTC
TheRockTrading
0.1546
Guardado en USD
Quoine
1500
Guardado en BTC
Liqui
0.151
Guardado en USD
LiveCoin
1441.21
Guardado en BTC
ViaBTC
0.1121
Guardado en BTC
Novaexchange
0.196
Guardado en USD
WavesDEX
1100
Guardado en BTC
Binance
0.1509
Guardado en USD
Coinroom
1439.16
Guardado en BTC
Abucoins
0.1519
Guardado en BTC
Gateio
0.138
Guardado en BTC
HuobiPro
0.1511
Guardado en BTC
OKEX
0.151
Guardado en BTC
Kucoin
0.1508
Guardado en BTC
BitGrail
0.148
Guardado en BTC
BitZ
0.1509
Guardado en USD
BitFlip
2400
Guardado en BTC
BitBank
0.1529
Guardado en USD
ExtStock
1455
Guardado en BTC
CoinDeal
0.1517
Guardado en USD
Poloniex
1412.53
Guardado en BTC
LakeBTC
0.1641
Guardado en BTC
Cryptopia
0.151
Guardado en USD
Yobit
1420.49
Guardado en BTC
Tidex
0.1511
Guardado en BTC
Bleutrade
0.15
Guardado en BTC
EXX
0.15
Guardado en BTC
TradeSatoshi
0.15
Guardado en BTC
Zaif
0.1508
Guardado en USD
Bitstamp
1412.99
Guardado en BTC
BTER
0.056
Guardado en USD
OKCoin
1105.5
Guardado en USD
Coinbase
1409.48
Guardado en USD
Cexio
1413.38
Guardado en USD
BitTrex
1405
Guardado en USD
Kraken
1409
Guardado en USD
Bitfinex
1414.2
Guardado en USD
HitBTC
1418.36
Guardado en BTC
Gatecoin
0.1457
Guardado en USD
Exmo
1414.99
Guardado en USD
BitBay
1269
Guardado en BTC
BTCMarkets
0.15
Guardado en BTC
QuadrigaCX
0.152
Guardado en BTC
Bitso
0.1526
Guardado en BTC
TheRockTrading
0.1546
Guardado en USD
Quoine
1500
Guardado en BTC
Liqui
0.151
Guardado en USD
LiveCoin
1441.21
Guardado en BTC
ViaBTC
0.1121
Guardado en BTC
Novaexchange
0.196
Guardado en USD
WavesDEX
1100
Guardado en BTC
Binance
0.1509
Guardado en USD
Coinroom
1439.16
Guardado en BTC
Abucoins
0.1519
Guardado en BTC
Gateio
0.138
Guardado en BTC
HuobiPro
0.151
Guardado en BTC
OKEX
0.151
Guardado en BTC
Kucoin
0.1508
Guardado en BTC
BitGrail
0.148
Guardado en BTC
BitZ
0.1508
Guardado en USD
BitFlip
2400
Guardado en BTC
BitBank
0.1529
Guardado en USD
ExtStock
1448.64
Guardado en BTC
CoinDeal
0.1517
Guardado en USD
Poloniex
1412.53
Guardado en BTC
LakeBTC
0.1641
Guardado en BTC
Cryptopia
0.151
Guardado en USD
Yobit
1420.49
Guardado en BTC
Tidex
0.1511
Guardado en BTC
Bleutrade
0.15
Guardado en BTC
EXX
0.1511
Guardado en BTC
TradeSatoshi
0.15
Guardado en BTC
Zaif
0.1508
Guardado en USD
Bitstamp
1413.99
Guardado en BTC
BTER
0.056
Guardado en USD
OKCoin
1105.5
Guardado en USD
Coinbase
1409.8
Guardado en USD
Cexio
1413.24
Guardado en USD
BitTrex
1410
Guardado en USD
Kraken
1409
Guardado en USD
Bitfinex
1412
Guardado en USD
HitBTC
1419.56
Guardado en BTC
Gatecoin
0.1457
Guardado en USD
Exmo
1415
Guardado en USD
BitBay
1269
Guardado en BTC
BTCMarkets
0.15
Guardado en BTC
QuadrigaCX
0.152
Guardado en BTC
Bitso
0.1526
Guardado en BTC
TheRockTrading
0.1546
Guardado en USD
Quoine
1500
Guardado en BTC
Liqui
0.151
Guardado en USD
LiveCoin
1432.78
Guardado en BTC
ViaBTC
0.1121
Guardado en BTC
Novaexchange
0.196
Guardado en USD
WavesDEX
1100
Guardado en BTC
Binance
0.1508
Guardado en USD
Coinroom
1439.16
Guardado en BTC
Abucoins
0.1519
Guardado en BTC
Gateio
0.138
Guardado en BTC
HuobiPro
0.1512
Guardado en BTC
OKEX
0.1511
Guardado en BTC
Kucoin
0.1508
Guardado en BTC
BitGrail
0.148
Guardado en BTC
BitZ
0.1508
Guardado en USD
BitFlip
2400
Guardado en BTC
BitBank
0.1529
Guardado en USD
ExtStock
1455
Guardado en BTC
CoinDeal
0.1517
Guardado en USD
Poloniex
1412.53
Guardado en BTC
LakeBTC
0.1641
Guardado en BTC
Cryptopia
0.151
Guardado en USD
Yobit
1420.49
Guardado en BTC
Tidex
0.1511
Guardado en BTC
Bleutrade
0.15
Guardado en BTC
EXX
0.15
Guardado en BTC
TradeSatoshi
0.15
Guardado en BTC
Zaif
0.1508
Guardado en USD
Bitstamp
1415
Guardado en BTC
BTER
0.056
Guardado en USD
OKCoin
1105.5
Guardado en USD
Coinbase
1408
Guardado en USD
Cexio
1413.57
Guardado en USD
BitTrex
1410
Guardado en USD
Kraken
1408.5
Guardado en USD
Bitfinex
1410.9
Guardado en USD
HitBTC
1416.42
Guardado en BTC
Gatecoin
0.1457
Guardado en USD
Exmo
1415
Guardado en USD
BitBay
1269
Guardado en BTC
BTCMarkets
0.15
Guardado en BTC
QuadrigaCX
0.152
Guardado en BTC
Bitso
0.1526
Guardado en BTC
TheRockTrading
0.1546
Guardado en USD
Quoine
1500
Guardado en BTC
Liqui
0.151
Guardado en USD
LiveCoin
1432.78
Guardado en BTC
ViaBTC
0.1121
Guardado en BTC
Novaexchange
0.196
Guardado en USD
WavesDEX
1100
Guardado en BTC
Binance
0.1511
Guardado en USD
Coinroom
1439.16
Guardado en BTC
Abucoins
0.1519
Guardado en BTC
Gateio
0.138
Guardado en BTC
HuobiPro
0.151
Guardado en BTC
OKEX
0.1507
Guardado en BTC
Kucoin
0.1508
Guardado en BTC
BitGrail
0.148
Guardado en BTC
BitZ
0.1509
Guardado en USD
BitFlip
2400
Guardado en BTC
BitBank
0.1529
Guardado en USD
ExtStock
1447.68
Guardado en BTC
CoinDeal
0.1517
Guardado en USD
Poloniex
1412.53
Guardado en BTC
LakeBTC
0.1641
Guardado en BTC
Cryptopia
0.151
Guardado en USD
Yobit
1420.49
Guardado en BTC
Tidex
0.1511
Guardado en BTC
Bleutrade
0.15
Guardado en BTC
EXX
0.1498
Guardado en BTC
TradeSatoshi
0.15
Guardado en BTC
Zaif
0.1508
Guardado en USD
Bitstamp
1411.55
Guardado en BTC
BTER
0.056
Guardado en USD
OKCoin
1105.5
Guardado en USD
Coinbase
1407.99
Guardado en USD
Cexio
1411.13
Guardado en USD
BitTrex
1410
Guardado en USD
Kraken
1408.1
Guardado en USD
Bitfinex
1404.8
Guardado en USD
HitBTC
1412.27
Guardado en BTC
Gatecoin
0.1457
Guardado en USD
Exmo
1409.53
Guardado en USD
BitBay
1269
Guardado en BTC
BTCMarkets
0.15
Guardado en BTC
QuadrigaCX
0.152
Guardado en BTC
Bitso
0.1526
Guardado en BTC
TheRockTrading
0.1546
Guardado en USD
Quoine
1500
Guardado en BTC
Liqui
0.151
Guardado en USD
LiveCoin
1432.78
Guardado en BTC
ViaBTC
0.1121
Guardado en BTC
Novaexchange
0.196
Guardado en USD
WavesDEX
1100
Guardado en BTC
Binance
0.1509
Guardado en USD
Coinroom
1439.16
Guardado en BTC
Abucoins
0.1519
Guardado en BTC
Gateio
0.138
Guardado en BTC
HuobiPro
0.1508
Guardado en BTC
OKEX
0.1507
Guardado en BTC
Kucoin
0.1503
Guardado en BTC
BitGrail
0.148
Guardado en BTC
BitZ
0.1507
Guardado en USD
BitFlip
2400
Guardado en BTC
BitBank
0.1529
Guardado en USD
ExtStock
1447.68
Guardado en BTC
CoinDeal
0.1517
Guardado en USD
Poloniex
1412.53
Guardado en BTC
LakeBTC
0.1641
Guardado en BTC
Cryptopia
0.151
Guardado en USD
Yobit
1420.49
Guardado en BTC
Tidex
0.1511
Guardado en BTC
Bleutrade
0.15
Guardado en BTC
EXX
0.1513
Guardado en BTC
TradeSatoshi
0.15
Guardado en BTC
Zaif
0.1508
