Guardado en BTC
Poloniex
3.034e-05
Guardado en BTC
BitTrex
2.956e-05
Guardado en BTC
BTC38
7.2e-05
Guardado en BTC
Cryptopia
3.056e-05
Guardado en BTC
TuxExchange
1.601e-05
Guardado en BTC
LiveCoin
2.971e-05
Guardado en BTC
Bleutrade
2.979e-05
Guardado en BTC
Novaexchange
3.45e-05
Guardado en BTC
BitZ
3.006e-05
Guardado en BTC
TradeSatoshi
3.551e-05
Guardado en BTC
Poloniex
2.99e-05
Guardado en BTC
BTC38
7.2e-05
Guardado en BTC
TuxExchange
1.601e-05
Guardado en BTC
LiveCoin
2.971e-05
Guardado en BTC
Bleutrade
2.979e-05
Guardado en BTC
BitZ
3.006e-05
Guardado en BTC
BitTrex
2.956e-05
Guardado en BTC
Cryptopia
3.056e-05
Guardado en BTC
Novaexchange
3.45e-05
Guardado en BTC
TradeSatoshi
3.551e-05
Guardado en BTC
Poloniex
2.99e-05
Guardado en BTC
BTC38
7.2e-05
Guardado en BTC
TuxExchange
1.601e-05
Guardado en BTC
LiveCoin
2.971e-05
Guardado en BTC
Bleutrade
2.979e-05
Guardado en BTC
BitZ
3.006e-05
Guardado en BTC
BitTrex
2.958e-05
Guardado en BTC
Cryptopia
3.056e-05
Guardado en BTC
Novaexchange
3.45e-05
Guardado en BTC
TradeSatoshi
3.551e-05
Guardado en BTC
Poloniex
2.99e-05
Guardado en BTC
BTC38
7.2e-05
Guardado en BTC
TuxExchange
1.601e-05
Guardado en BTC
LiveCoin
2.967e-05
Guardado en BTC
Bleutrade
2.979e-05
Guardado en BTC
BitZ
3.006e-05
Guardado en BTC
BitTrex
2.956e-05
Guardado en BTC
Cryptopia
3.056e-05
Guardado en BTC
Novaexchange
3.45e-05
Guardado en BTC
TradeSatoshi
3.551e-05
Guardado en BTC
Poloniex
2.99e-05
Guardado en BTC
BTC38
7.2e-05
Guardado en BTC
TuxExchange
1.601e-05
Guardado en BTC
LiveCoin
2.967e-05
Guardado en BTC
Bleutrade
2.979e-05
Guardado en BTC
BitZ
3.006e-05
Guardado en BTC
BitTrex
2.956e-05
Guardado en BTC
Cryptopia
3.056e-05
Guardado en BTC
Novaexchange
3.45e-05
Guardado en BTC
TradeSatoshi
3.551e-05
Guardado en BTC
Poloniex
2.99e-05
Guardado en BTC
BTC38
7.2e-05
Guardado en BTC
TuxExchange
1.601e-05
Guardado en BTC
LiveCoin
2.967e-05
Guardado en BTC
Bleutrade
2.979e-05
Guardado en BTC
BitZ
3.006e-05
Guardado en BTC
BitTrex
2.956e-05
Guardado en BTC
Cryptopia
3.056e-05
Guardado en BTC
Novaexchange
3.45e-05
Guardado en BTC
TradeSatoshi
3.551e-05
Guardado en BTC
Poloniex
2.99e-05
Guardado en BTC
BTC38
7.2e-05
Guardado en BTC
TuxExchange
1.601e-05
Guardado en BTC
LiveCoin
2.967e-05
Guardado en BTC
Bleutrade
2.979e-05
Guardado en BTC
BitZ
3.006e-05
Guardado en BTC
BitTrex
2.956e-05
Guardado en BTC
Cryptopia
3.056e-05
Guardado en BTC
Novaexchange
3.45e-05
Guardado en BTC
TradeSatoshi
3.551e-05
Guardado en BTC
Poloniex
2.99e-05
Guardado en BTC
BTC38
7.2e-05
Guardado en BTC
TuxExchange
1.601e-05
Guardado en BTC
LiveCoin
2.967e-05
Guardado en BTC
Bleutrade
2.979e-05
Guardado en BTC
BitZ
3.006e-05
Guardado en BTC
BitTrex
2.956e-05
Guardado en BTC
Cryptopia
3.056e-05
Guardado en BTC
Novaexchange
3.45e-05
Guardado en BTC
TradeSatoshi
3.551e-05
Guardado en BTC
Poloniex
2.99e-05
Guardado en BTC
BTC38
7.2e-05
Guardado en BTC
TuxExchange
1.601e-05
Guardado en BTC
LiveCoin
2.967e-05
Guardado en BTC
Bleutrade
2.979e-05
Guardado en BTC
BitZ
3.006e-05
Guardado en BTC
BitTrex
2.956e-05
Guardado en BTC
Cryptopia
3.056e-05
Guardado en BTC
Novaexchange
3.45e-05
Guardado en BTC
TradeSatoshi
3.551e-05
Guardado en BTC
Poloniex
3.125e-05
Guardado en BTC
BTC38
7.2e-05
Guardado en BTC
TuxExchange
1.601e-05
Guardado en BTC
LiveCoin
2.976e-05
Guardado en BTC
Bleutrade
3.089e-05
Guardado en BTC
BitZ
3.006e-05
Guardado en BTC
BitTrex
3.081e-05
Guardado en BTC
Cryptopia
3.13e-05
Guardado en BTC
Novaexchange
3.45e-05
Guardado en BTC
TradeSatoshi
3.551e-05
Guardado en BTC
Poloniex
3.125e-05
Guardado en BTC
BTC38
7.2e-05
Guardado en BTC
TuxExchange
1.601e-05
Guardado en BTC
LiveCoin
3.034e-05
Guardado en BTC
Bleutrade
3.089e-05
Guardado en BTC
BitZ
3.006e-05
Guardado en BTC
BitTrex
3.087e-05
Guardado en BTC
Cryptopia
3.13e-05
Guardado en BTC
Novaexchange
3.45e-05
Guardado en BTC
TradeSatoshi
3.551e-05
Guardado en BTC
Poloniex
3.147e-05
Guardado en BTC
BTC38
7.2e-05
Guardado en BTC
TuxExchange
1.601e-05
Guardado en BTC
LiveCoin
3.034e-05
Guardado en BTC
Bleutrade
3.089e-05
Guardado en BTC
BitZ
3.006e-05
Guardado en BTC
BitTrex
3.16e-05
Guardado en BTC
Cryptopia
3.13e-05
Guardado en BTC
Novaexchange
3.45e-05
Guardado en BTC
TradeSatoshi
3.551e-05
Guardado en BTC
Poloniex
3.181e-05
Guardado en BTC
BTC38
7.2e-05
Guardado en BTC
TuxExchange
1.601e-05
Guardado en BTC
LiveCoin
3.034e-05
Guardado en BTC
Bleutrade
3.089e-05
Guardado en BTC
BitZ
3.006e-05
Guardado en BTC
BitTrex
3.19e-05
Guardado en BTC
Cryptopia
3.13e-05
Guardado en BTC
Novaexchange
3.45e-05
Guardado en BTC
TradeSatoshi
3.551e-05
Guardado en BTC
Poloniex
3.185e-05
Guardado en BTC
BTC38
7.2e-05
Guardado en BTC
TuxExchange
1.601e-05
Guardado en BTC
LiveCoin
3.034e-05
Guardado en BTC
Bleutrade
3.17e-05
Guardado en BTC
BitZ
3.006e-05
Guardado en BTC
BitTrex
3.224e-05
Guardado en BTC
Cryptopia
3.13e-05
Guardado en BTC
Novaexchange
3.45e-05
Guardado en BTC
TradeSatoshi
3.551e-05
Guardado en BTC
Poloniex
3.242e-05
Guardado en BTC
BTC38
7.2e-05
Guardado en BTC
TuxExchange
1.601e-05
Guardado en BTC
LiveCoin
3.034e-05
Guardado en BTC
Bleutrade
3.17e-05
Guardado en BTC
BitZ
3.006e-05
Guardado en BTC
BitTrex
3.176e-05
Guardado en BTC
Cryptopia
3.13e-05
Guardado en BTC
Novaexchange
3.45e-05
Guardado en BTC
TradeSatoshi
3.551e-05
Guardado en BTC
Poloniex
3.171e-05
Guardado en BTC
BTC38
7.2e-05
Guardado en BTC
TuxExchange
1.601e-05
Guardado en BTC
LiveCoin
3.034e-05
Guardado en BTC
Bleutrade
3.17e-05
Guardado en BTC
BitZ
3.006e-05
Guardado en BTC
BitTrex
3.166e-05
Guardado en BTC
Cryptopia
3.13e-05
Guardado en BTC
Novaexchange
3.45e-05
Guardado en BTC
TradeSatoshi
3.551e-05
Guardado en BTC
Poloniex
3.171e-05
Guardado en BTC
BTC38
7.2e-05
Guardado en BTC
TuxExchange
1.601e-05
Guardado en BTC
LiveCoin
3.034e-05
Guardado en BTC
Bleutrade
3.17e-05
Guardado en BTC
BitZ
3.006e-05
Guardado en BTC
BitTrex
3.176e-05
Guardado en BTC
Cryptopia
3.13e-05
Guardado en BTC
Novaexchange
3.45e-05
Guardado en BTC
TradeSatoshi
3.551e-05
Guardado en BTC
Poloniex
3.154e-05
Guardado en BTC
BTC38
7.2e-05
Guardado en BTC
TuxExchange
1.601e-05
Guardado en BTC
LiveCoin
3.034e-05
Guardado en BTC
Bleutrade
3.17e-05
Guardado en BTC
BitZ
3.006e-05
Guardado en BTC
BitTrex
3.264e-05
Guardado en BTC
Cryptopia
3.13e-05
Guardado en BTC
Novaexchange
3.45e-05
Guardado en BTC
TradeSatoshi
3.551e-05
Guardado en BTC
Poloniex
3.22e-05
Guardado en BTC
BTC38
7.2e-05
Guardado en BTC
TuxExchange
1.601e-05
Guardado en BTC
LiveCoin
3.156e-05
Guardado en BTC
Bleutrade
3.17e-05
Guardado en BTC
BitZ
3.006e-05
Guardado en BTC
BitTrex
3.245e-05
Guardado en BTC
Cryptopia
3.165e-05
Guardado en BTC
Novaexchange
3.45e-05
Guardado en BTC
TradeSatoshi
3.551e-05
Guardado en BTC
Poloniex
3.233e-05
Guardado en BTC
BTC38
7.2e-05
Guardado en BTC
TuxExchange
1.601e-05
Guardado en BTC
LiveCoin
3.156e-05
Guardado en BTC
Bleutrade
3.17e-05
Guardado en BTC
BitZ
3.006e-05
Guardado en BTC
BitTrex
3.227e-05
Guardado en BTC
Cryptopia
3.165e-05
Guardado en BTC
Novaexchange
3.45e-05
Guardado en BTC
TradeSatoshi
3.551e-05
Guardado en BTC
Poloniex
3.233e-05
Guardado en BTC
BTC38
7.2e-05
Guardado en BTC
TuxExchange
1.601e-05
Guardado en BTC
LiveCoin
3.156e-05
Guardado en BTC
Bleutrade
3.17e-05
Guardado en BTC
BitZ
3.006e-05
Guardado en BTC
BitTrex
3.228e-05
Guardado en BTC
Cryptopia
3.165e-05
Guardado en BTC
Novaexchange
3.45e-05
Guardado en BTC
TradeSatoshi
3.551e-05
Guardado en BTC
Poloniex
3.233e-05
Guardado en BTC
BTC38
7.2e-05
Guardado en BTC
TuxExchange
1.601e-05
Guardado en BTC
LiveCoin
3.156e-05
Guardado en BTC
Bleutrade
3.17e-05
Guardado en BTC
BitZ
3.006e-05
Guardado en BTC
BitTrex
3.227e-05
Guardado en BTC
Cryptopia
3.165e-05
Guardado en BTC
Novaexchange
3.45e-05
Guardado en BTC
TradeSatoshi
3.551e-05
Guardado en BTC
Poloniex
3.233e-05
Guardado en BTC
BTC38
7.2e-05
Guardado en BTC
TuxExchange
1.601e-05
Guardado en BTC
LiveCoin
3.156e-05
Guardado en BTC
Bleutrade
2.966e-05
Guardado en BTC
BitZ
3.006e-05
Guardado en BTC
BitTrex
3.166e-05
Guardado en BTC
Cryptopia
3.165e-05
Guardado en BTC
Novaexchange
3.45e-05
Guardado en BTC
TradeSatoshi
3.551e-05
Guardado en BTC
Poloniex
3.233e-05
Guardado en BTC
BTC38
7.2e-05
Guardado en BTC
TuxExchange
1.601e-05
Guardado en BTC
LiveCoin
3.156e-05
Guardado en BTC
Bleutrade
2.966e-05
Guardado en BTC
BitZ
3.006e-05
Guardado en BTC
BitTrex
3.166e-05
Guardado en BTC
Cryptopia
3.165e-05
Guardado en BTC
Novaexchange
3.45e-05
Guardado en BTC
TradeSatoshi
3.551e-05
Guardado en BTC
Poloniex
3.233e-05
Guardado en BTC
BTC38
7.2e-05
Guardado en BTC
TuxExchange
1.601e-05
Guardado en BTC
LiveCoin
3.156e-05
Guardado en BTC
Bleutrade
3.17e-05
Guardado en BTC
BitZ
3.006e-05
Guardado en BTC
BitTrex
3.166e-05
Guardado en BTC
Cryptopia
3.165e-05
Guardado en BTC
Novaexchange
3.45e-05
Guardado en BTC
TradeSatoshi
3.551e-05
Guardado en BTC
Poloniex
3.227e-05
Guardado en BTC
BTC38
7.2e-05
Guardado en BTC
TuxExchange
1.601e-05
Guardado en BTC
LiveCoin
3.156e-05
Guardado en BTC
Bleutrade
3.249e-05
Guardado en BTC
BitZ
3.006e-05
Guardado en BTC
BitTrex
3.209e-05
Guardado en BTC
Cryptopia
3.165e-05
Guardado en BTC
Novaexchange
3.45e-05
Guardado en BTC
TradeSatoshi
3.551e-05
Guardado en BTC
Poloniex
3.227e-05
Guardado en BTC
BTC38
7.2e-05
Guardado en BTC
TuxExchange
1.601e-05
Guardado en BTC
LiveCoin
3.156e-05
Guardado en BTC
Bleutrade
3.249e-05
Guardado en BTC
BitZ
3.006e-05
Guardado en BTC
BitTrex
3.181e-05
Guardado en BTC
Cryptopia
3.249e-05
Guardado en BTC
Novaexchange
3.45e-05
Guardado en BTC
TradeSatoshi
3.551e-05
Guardado en BTC
Poloniex
3.198e-05
Guardado en BTC
BTC38
7.2e-05
Guardado en BTC
TuxExchange
1.601e-05
Guardado en BTC
LiveCoin
3.156e-05
Guardado en BTC
Bleutrade
3.249e-05
Guardado en BTC
BitZ
3.006e-05
Guardado en BTC
BitTrex
3.226e-05
Guardado en BTC
Cryptopia
3.249e-05
Guardado en BTC
Novaexchange
3.45e-05
Guardado en BTC
TradeSatoshi
3.551e-05
Guardado en BTC
Poloniex
3.198e-05
Guardado en BTC
BTC38
7.2e-05
Guardado en BTC
TuxExchange
1.601e-05
Guardado en BTC
LiveCoin
3.156e-05
Guardado en BTC
Bleutrade
3.249e-05
Guardado en BTC
BitZ
3.006e-05
Guardado en BTC
BitTrex
3.187e-05
Guardado en BTC
Cryptopia
3.249e-05
Guardado en BTC
Novaexchange
3.45e-05
Guardado en BTC
TradeSatoshi
3.551e-05
Guardado en BTC
Poloniex
3.198e-05
Guardado en BTC
BTC38
7.2e-05
Guardado en BTC
TuxExchange
1.601e-05
Guardado en BTC
LiveCoin
3.156e-05
Guardado en BTC
Bleutrade
3.249e-05
Guardado en BTC
BitZ
3.006e-05
Guardado en BTC
BitTrex
3.226e-05
Guardado en BTC
Cryptopia
3.249e-05
Guardado en BTC
Novaexchange
3.45e-05
Guardado en BTC
TradeSatoshi
3.551e-05
Guardado en BTC
Poloniex
3.198e-05
Guardado en BTC
BTC38
7.2e-05
Guardado en BTC
TuxExchange
1.601e-05
Guardado en BTC
LiveCoin
3.156e-05
Guardado en BTC
Bleutrade
3.249e-05
Guardado en BTC
BitZ
3.006e-05
Guardado en BTC
BitTrex
3.226e-05
Guardado en BTC
Cryptopia
3.249e-05
Guardado en BTC
Novaexchange
3.45e-05
Guardado en BTC
TradeSatoshi
3.551e-05
Guardado en BTC
Poloniex
3.237e-05
Guardado en BTC
BTC38
7.2e-05
Guardado en BTC
TuxExchange
1.601e-05
Guardado en BTC
LiveCoin
3.156e-05
Guardado en BTC
Bleutrade
3.249e-05
Guardado en BTC
BitZ
3.006e-05
Guardado en BTC
BitTrex
3.23e-05
Guardado en BTC
Cryptopia
3.249e-05
Guardado en BTC
Novaexchange
3.45e-05
Guardado en BTC
TradeSatoshi
3.551e-05
rake aborted!
SyntaxError: /home/cristian/CryptoApp/lib/tasks/demo.rake:246: syntax error, unexpected keyword_end, expecting end-of-input
/home/cristian/.rvm/gems/ruby-2.4.1/gems/activesupport-5.1.4/lib/active_support/dependencies.rb:286:in `load'
/home/cristian/.rvm/gems/ruby-2.4.1/gems/activesupport-5.1.4/lib/active_support/dependencies.rb:286:in `block in load'
/home/cristian/.rvm/gems/ruby-2.4.1/gems/activesupport-5.1.4/lib/active_support/dependencies.rb:258:in `load_dependency'
/home/cristian/.rvm/gems/ruby-2.4.1/gems/activesupport-5.1.4/lib/active_support/dependencies.rb:286:in `load'
/home/cristian/.rvm/gems/ruby-2.4.1/gems/railties-5.1.4/lib/rails/engine.rb:648:in `block in run_tasks_blocks'
/home/cristian/.rvm/gems/ruby-2.4.1/gems/railties-5.1.4/lib/rails/engine.rb:648:in `each'
/home/cristian/.rvm/gems/ruby-2.4.1/gems/railties-5.1.4/lib/rails/engine.rb:648:in `run_tasks_blocks'
/home/cristian/.rvm/gems/ruby-2.4.1/gems/railties-5.1.4/lib/rails/application.rb:440:in `run_tasks_blocks'
/home/cristian/.rvm/gems/ruby-2.4.1/gems/railties-5.1.4/lib/rails/engine.rb:457:in `load_tasks'
/home/cristian/CryptoApp/Rakefile:6:in `<top (required)>'
/home/cristian/.rvm/gems/ruby-2.4.1/gems/rake-12.3.0/exe/rake:27:in `<top (required)>'
/home/cristian/.rvm/gems/ruby-2.4.1/bin/ruby_executable_hooks:15:in `eval'
/home/cristian/.rvm/gems/ruby-2.4.1/bin/ruby_executable_hooks:15:in `<main>'
(See full trace by running task with --trace)
rake aborted!
SyntaxError: /home/cristian/CryptoApp/lib/tasks/demo.rake:246: syntax error, unexpected keyword_end, expecting end-of-input
/home/cristian/.rvm/gems/ruby-2.4.1/gems/activesupport-5.1.4/lib/active_support/dependencies.rb:286:in `load'
/home/cristian/.rvm/gems/ruby-2.4.1/gems/activesupport-5.1.4/lib/active_support/dependencies.rb:286:in `block in load'
/home/cristian/.rvm/gems/ruby-2.4.1/gems/activesupport-5.1.4/lib/active_support/dependencies.rb:258:in `load_dependency'
/home/cristian/.rvm/gems/ruby-2.4.1/gems/activesupport-5.1.4/lib/active_support/dependencies.rb:286:in `load'
/home/cristian/.rvm/gems/ruby-2.4.1/gems/railties-5.1.4/lib/rails/engine.rb:648:in `block in run_tasks_blocks'
/home/cristian/.rvm/gems/ruby-2.4.1/gems/railties-5.1.4/lib/rails/engine.rb:648:in `each'
/home/cristian/.rvm/gems/ruby-2.4.1/gems/railties-5.1.4/lib/rails/engine.rb:648:in `run_tasks_blocks'
/home/cristian/.rvm/gems/ruby-2.4.1/gems/railties-5.1.4/lib/rails/application.rb:440:in `run_tasks_blocks'
/home/cristian/.rvm/gems/ruby-2.4.1/gems/railties-5.1.4/lib/rails/engine.rb:457:in `load_tasks'
/home/cristian/CryptoApp/Rakefile:6:in `<top (required)>'
/home/cristian/.rvm/gems/ruby-2.4.1/gems/rake-12.3.0/exe/rake:27:in `<top (required)>'
/home/cristian/.rvm/gems/ruby-2.4.1/bin/ruby_executable_hooks:15:in `eval'
/home/cristian/.rvm/gems/ruby-2.4.1/bin/ruby_executable_hooks:15:in `<main>'
(See full trace by running task with --trace)
Guardado en BTC
Poloniex
3.156e-05
Guardado en BTC
BTC38
7.2e-05
Guardado en BTC
TuxExchange
1.601e-05
Guardado en BTC
LiveCoin
3.085e-05
Guardado en BTC
Bleutrade
3.117e-05
Guardado en BTC
BitZ
3.01e-05
Guardado en BTC
BitTrex
3.103e-05
Guardado en BTC
Cryptopia
3.304e-05
Guardado en BTC
Novaexchange
3.45e-05
Guardado en BTC
TradeSatoshi
3.151e-05
Guardado en BTC
Poloniex
3.156e-05
Guardado en BTC
BTC38
7.2e-05
Guardado en BTC
TuxExchange
1.601e-05
Guardado en BTC
LiveCoin
3.085e-05
Guardado en BTC
Bleutrade
3.117e-05
Guardado en BTC
BitZ
3.01e-05
Guardado en BTC
BitTrex
3.103e-05
Guardado en BTC
Cryptopia
3.304e-05
Guardado en BTC
Novaexchange
3.45e-05
Guardado en BTC
TradeSatoshi
3.151e-05
Guardado en BTC
Poloniex
3.156e-05
Guardado en BTC
BTC38
7.2e-05
Guardado en BTC
TuxExchange
1.601e-05
Guardado en BTC
LiveCoin
3.085e-05
Guardado en BTC
Bleutrade
3.117e-05
Guardado en BTC
BitZ
3.01e-05
Guardado en BTC
BitTrex
3.103e-05
Guardado en BTC
Cryptopia
3.304e-05
Guardado en BTC
Novaexchange
3.45e-05
Guardado en BTC
TradeSatoshi
3.151e-05
Guardado en BTC
Poloniex
3.156e-05
Guardado en BTC
BTC38
7.2e-05
Guardado en BTC
TuxExchange
1.601e-05
Guardado en BTC
LiveCoin
3.085e-05
Guardado en BTC
Bleutrade
3.117e-05
Guardado en BTC
BitZ
3.01e-05
Guardado en BTC
BitTrex
3.103e-05
Guardado en BTC
Cryptopia
3.304e-05
Guardado en BTC
Novaexchange
3.45e-05
Guardado en BTC
TradeSatoshi
3.151e-05
Guardado en BTC
Poloniex
3.122e-05
Guardado en BTC
BTC38
7.2e-05
Guardado en BTC
TuxExchange
1.601e-05
Guardado en BTC
LiveCoin
3.085e-05
Guardado en BTC
Bleutrade
3.085e-05
Guardado en BTC
BitZ
3.01e-05
Guardado en BTC
BitTrex
3.104e-05
Guardado en BTC
Cryptopia
3.304e-05
Guardado en BTC
Novaexchange
3.45e-05
Guardado en BTC
TradeSatoshi
3.151e-05
Guardado en BTC
Poloniex
3.122e-05
Guardado en BTC
BTC38
7.2e-05
Guardado en BTC
TuxExchange
1.601e-05
Guardado en BTC
LiveCoin
3.085e-05
Guardado en BTC
Bleutrade
3.085e-05
Guardado en BTC
BitZ
3.01e-05
Guardado en BTC
BitTrex
3.134e-05
Guardado en BTC
Cryptopia
3.304e-05
Guardado en BTC
Novaexchange
3.45e-05
Guardado en BTC
TradeSatoshi
3.151e-05
Guardado en BTC
Poloniex
3.122e-05
Guardado en BTC
BTC38
7.2e-05
Guardado en BTC
TuxExchange
1.601e-05
Guardado en BTC
LiveCoin
3.085e-05
Guardado en BTC
Bleutrade
3.085e-05
Guardado en BTC
BitZ
3.01e-05
Guardado en BTC
BitTrex
3.134e-05
Guardado en BTC
Cryptopia
3.304e-05
Guardado en BTC
Novaexchange
3.45e-05
Guardado en BTC
TradeSatoshi
3.151e-05
rake aborted!
JSON::ParserError: 765: unexpected token at '<html>
<head><title>502 Bad Gateway</title></head>
<body bgcolor="white">
<center><h1>502 Bad Gateway</h1></center>
<hr><center>nginx/1.4.6 (Ubuntu)</center>
</body>
</html>
'
/home/cristian/.rvm/gems/ruby-2.4.1/gems/json-2.1.0/lib/json/common.rb:156:in `parse'
/home/cristian/.rvm/gems/ruby-2.4.1/gems/json-2.1.0/lib/json/common.rb:156:in `parse'
/home/cristian/.rvm/gems/ruby-2.4.1/gems/cryptocompare-0.14.0/lib/cryptocompare/price.rb:72:in `find'
/home/cristian/CryptoApp/lib/tasks/demo.rake:97:in `block (3 levels) in <top (required)>'
/home/cristian/.rvm/gems/ruby-2.4.1/gems/activerecord-5.1.4/lib/active_record/relation/delegation.rb:39:in `each'
/home/cristian/.rvm/gems/ruby-2.4.1/gems/activerecord-5.1.4/lib/active_record/relation/delegation.rb:39:in `each'
/home/cristian/CryptoApp/lib/tasks/demo.rake:87:in `block (2 levels) in <top (required)>'
/home/cristian/.rvm/gems/ruby-2.4.1/gems/rake-12.3.0/exe/rake:27:in `<top (required)>'
/home/cristian/.rvm/gems/ruby-2.4.1/bin/ruby_executable_hooks:15:in `eval'
/home/cristian/.rvm/gems/ruby-2.4.1/bin/ruby_executable_hooks:15:in `<main>'
Tasks: TOP => blk:demo
(See full trace by running task with --trace)
Guardado en BTC
Poloniex
3.122e-05
Guardado en BTC
BTC38
7.2e-05
Guardado en BTC
TuxExchange
1.601e-05
Guardado en BTC
LiveCoin
3.085e-05
Guardado en BTC
Bleutrade
3.085e-05
Guardado en BTC
Poloniex
3.122e-05
Guardado en BTC
BTC38
7.2e-05
Guardado en BTC
TuxExchange
1.601e-05
Guardado en BTC
LiveCoin
3.085e-05
Guardado en BTC
Bleutrade
3.085e-05
Guardado en BTC
BitZ
3.01e-05
Guardado en BTC
BitTrex
3.131e-05
Guardado en BTC
Cryptopia
3.304e-05
Guardado en BTC
Novaexchange
3.45e-05
Guardado en BTC
TradeSatoshi
3.151e-05
Guardado en BTC
Poloniex
3.122e-05
Guardado en BTC
BTC38
7.2e-05
Guardado en BTC
TuxExchange
1.601e-05
Guardado en BTC
LiveCoin
3.085e-05
Guardado en BTC
Bleutrade
3.085e-05
Guardado en BTC
BitZ
3.01e-05
Guardado en BTC
BitTrex
3.131e-05
Guardado en BTC
Cryptopia
3.304e-05
Guardado en BTC
Novaexchange
3.45e-05
Guardado en BTC
TradeSatoshi
3.151e-05
