Guardado en BTC
Poloniex
4.1e-07
Guardado
Cexio
0.00014
Guardado en BTC
BitTrex
4.0e-07
Guardado en BTC
Kraken
4.0e-07
Guardado en BTC
Yacuna
8.0e-07
Guardado
HitBTC
0.002891
Guardado en BTC
BTC38
2.8e-07
Guardado
CCEX
0.003
Guardado en BTC
Cryptopia
4.1e-07
Guardado
Exmo
0.000221
Guardado
Yobit
0.002899
Guardado en BTC
TuxExchange
4.1e-07
Guardado
LiveCoin
0.002911
Guardado en BTC
Tidex
4.0e-07
Guardado en BTC
Bleutrade
4.1e-07
Guardado en BTC
Novaexchange
1.7e-07
Guardado en BTC
BXinth
4.0e-07
Guardado en BTC
Gateio
4.0e-07
Guardado en BTC
BitZ
4.1e-07
Guardado en BTC
TradeSatoshi
4.0e-07
Guardado en BTC
Graviex
4.2e-07
Guardado en BTC
Poloniex
4.0e-07
Guardado
Cexio
0.00014
Guardado en BTC
Kraken
4.0e-07
Guardado en BTC
Yacuna
8.0e-07
Guardado
HitBTC
0.002893
Guardado en BTC
BTC38
2.8e-07
Guardado
CCEX
0.003
Guardado en BTC
Cryptopia
4.1e-07
Guardado
Exmo
0.000221
Guardado
Yobit
0.002899
Guardado en BTC
TuxExchange
4.1e-07
Guardado
LiveCoin
0.002911
Guardado en BTC
Tidex
4.0e-07
Guardado en BTC
Bleutrade
4.0e-07
Guardado en BTC
Novaexchange
1.7e-07
Guardado en BTC
BXinth
4.0e-07
Guardado en BTC
Gateio
4.0e-07
Guardado en BTC
BitZ
4.1e-07
Guardado en BTC
Graviex
4.2e-07
Guardado en BTC
BitTrex
4.0e-07
Guardado en BTC
TradeSatoshi
4.0e-07
Guardado en BTC
Poloniex
4.1e-07
Guardado
Cexio
0.00014
Guardado en BTC
Kraken
4.0e-07
Guardado en BTC
Yacuna
8.0e-07
Guardado
HitBTC
0.002892
Guardado en BTC
BTC38
2.8e-07
Guardado
CCEX
0.003
Guardado en BTC
Cryptopia
4.1e-07
Guardado
Exmo
0.000221
Guardado
Yobit
0.00289
Guardado en BTC
TuxExchange
4.1e-07
Guardado
LiveCoin
0.002911
Guardado en BTC
Tidex
4.0e-07
Guardado en BTC
Bleutrade
4.0e-07
Guardado en BTC
Novaexchange
1.7e-07
Guardado en BTC
BXinth
4.0e-07
Guardado en BTC
Gateio
4.0e-07
Guardado en BTC
BitZ
4.1e-07
Guardado en BTC
Graviex
4.2e-07
Guardado en BTC
BitTrex
4.1e-07
Guardado en BTC
TradeSatoshi
4.0e-07
Guardado en BTC
Poloniex
4.0e-07
Guardado
Cexio
0.00014
Guardado en BTC
Kraken
4.0e-07
Guardado en BTC
Yacuna
8.0e-07
Guardado
HitBTC
0.002892
Guardado en BTC
BTC38
2.8e-07
Guardado
CCEX
0.003
Guardado en BTC
Cryptopia
4.1e-07
Guardado
Exmo
0.000221
Guardado
Yobit
0.00289
Guardado en BTC
TuxExchange
4.1e-07
Guardado
LiveCoin
0.002911
Guardado en BTC
Tidex
4.0e-07
Guardado en BTC
Bleutrade
4.0e-07
Guardado en BTC
Novaexchange
1.7e-07
Guardado en BTC
BXinth
4.0e-07
Guardado en BTC
Gateio
4.0e-07
Guardado en BTC
BitZ
4.1e-07
Guardado en BTC
Graviex
4.2e-07
Guardado en BTC
BitTrex
4.0e-07
Guardado en BTC
TradeSatoshi
4.0e-07
Guardado en BTC
Poloniex
4.0e-07
Guardado
Cexio
0.00014
Guardado en BTC
Kraken
4.1e-07
Guardado en BTC
Yacuna
8.0e-07
Guardado
HitBTC
0.002893
Guardado en BTC
BTC38
2.8e-07
Guardado
CCEX
0.003
Guardado en BTC
Cryptopia
4.1e-07
Guardado
Exmo
0.000221
Guardado
Yobit
0.00289
Guardado en BTC
TuxExchange
4.1e-07
Guardado
LiveCoin
0.002911
Guardado en BTC
Tidex
4.0e-07
Guardado en BTC
Bleutrade
4.0e-07
Guardado en BTC
Novaexchange
1.7e-07
Guardado en BTC
BXinth
4.0e-07
Guardado en BTC
Gateio
4.0e-07
Guardado en BTC
BitZ
4.1e-07
Guardado en BTC
Graviex
4.2e-07
Guardado en BTC
BitTrex
4.0e-07
Guardado en BTC
TradeSatoshi
4.0e-07
Guardado en BTC
Poloniex
4.1e-07
Guardado
Cexio
0.00014
Guardado en BTC
Kraken
4.1e-07
Guardado en BTC
Yacuna
8.0e-07
Guardado
HitBTC
0.002888
Guardado en BTC
BTC38
2.8e-07
Guardado
CCEX
0.003
Guardado en BTC
Cryptopia
4.1e-07
Guardado
Exmo
0.000221
Guardado
Yobit
0.00289
Guardado en BTC
TuxExchange
4.1e-07
Guardado
LiveCoin
0.002911
Guardado en BTC
Tidex
4.0e-07
Guardado en BTC
Bleutrade
4.0e-07
Guardado en BTC
Novaexchange
1.7e-07
Guardado en BTC
BXinth
4.0e-07
Guardado en BTC
Gateio
4.0e-07
Guardado en BTC
BitZ
4.1e-07
Guardado en BTC
Graviex
4.2e-07
Guardado en BTC
BitTrex
4.0e-07
Guardado en BTC
TradeSatoshi
4.0e-07
Guardado en BTC
Poloniex
4.1e-07
Guardado
Cexio
0.00014
Guardado en BTC
Kraken
4.1e-07
Guardado en BTC
Yacuna
8.0e-07
Guardado
HitBTC
0.002887
Guardado en BTC
BTC38
2.8e-07
Guardado
CCEX
0.003
Guardado en BTC
Cryptopia
4.1e-07
Guardado
Exmo
0.000221
Guardado
Yobit
0.00289
Guardado en BTC
TuxExchange
4.1e-07
Guardado
LiveCoin
0.002911
Guardado en BTC
Tidex
4.0e-07
Guardado en BTC
Bleutrade
4.0e-07
Guardado en BTC
Novaexchange
1.7e-07
Guardado en BTC
BXinth
4.0e-07
Guardado en BTC
Gateio
4.0e-07
Guardado en BTC
BitZ
4.1e-07
Guardado en BTC
Graviex
4.2e-07
Guardado en BTC
BitTrex
4.0e-07
Guardado en BTC
TradeSatoshi
4.0e-07
Guardado en BTC
Poloniex
4.0e-07
Guardado
Cexio
0.00014
Guardado en BTC
Kraken
4.1e-07
Guardado en BTC
Yacuna
8.0e-07
Guardado
HitBTC
0.002889
Guardado en BTC
BTC38
2.8e-07
Guardado
CCEX
0.003
Guardado en BTC
Cryptopia
4.1e-07
Guardado
Exmo
0.000221
Guardado
Yobit
0.00289
Guardado en BTC
TuxExchange
4.1e-07
Guardado
LiveCoin
0.002911
Guardado en BTC
Tidex
4.0e-07
Guardado en BTC
Bleutrade
4.0e-07
Guardado en BTC
Novaexchange
1.7e-07
Guardado en BTC
BXinth
4.0e-07
Guardado en BTC
Gateio
4.0e-07
Guardado en BTC
BitZ
4.1e-07
Guardado en BTC
Graviex
4.2e-07
Guardado en BTC
BitTrex
4.0e-07
Guardado en BTC
TradeSatoshi
4.0e-07
Guardado en BTC
Poloniex
4.1e-07
Guardado
Cexio
0.00014
Guardado en BTC
Kraken
4.1e-07
Guardado en BTC
Yacuna
8.0e-07
Guardado
HitBTC
0.002891
Guardado en BTC
BTC38
2.8e-07
Guardado
CCEX
0.003
Guardado en BTC
Cryptopia
4.1e-07
Guardado
Exmo
0.000221
Guardado
Yobit
0.00289
Guardado en BTC
TuxExchange
4.1e-07
Guardado
LiveCoin
0.002911
Guardado en BTC
Tidex
4.0e-07
Guardado en BTC
Bleutrade
4.0e-07
Guardado en BTC
Novaexchange
1.7e-07
Guardado en BTC
BXinth
4.0e-07
Guardado en BTC
Gateio
4.0e-07
Guardado en BTC
BitZ
4.1e-07
Guardado en BTC
Graviex
4.2e-07
Guardado en BTC
BitTrex
4.1e-07
Guardado en BTC
TradeSatoshi
4.0e-07
Guardado en BTC
Poloniex
4.1e-07
Guardado
Cexio
0.00014
Guardado en BTC
Kraken
4.1e-07
Guardado en BTC
Yacuna
8.0e-07
Guardado
HitBTC
0.00289
Guardado en BTC
BTC38
2.8e-07
Guardado
CCEX
0.003
Guardado en BTC
Cryptopia
4.1e-07
Guardado
Exmo
0.000221
Guardado
Yobit
0.00289
Guardado en BTC
TuxExchange
4.1e-07
Guardado
LiveCoin
0.002911
Guardado en BTC
Tidex
4.0e-07
Guardado en BTC
Bleutrade
4.0e-07
Guardado en BTC
Novaexchange
1.7e-07
Guardado en BTC
BXinth
4.0e-07
Guardado en BTC
Gateio
4.0e-07
Guardado en BTC
BitZ
4.1e-07
Guardado en BTC
Graviex
4.2e-07
Guardado en BTC
BitTrex
4.0e-07
Guardado en BTC
TradeSatoshi
4.0e-07
Guardado en BTC
Poloniex
4.1e-07
Guardado
Cexio
0.00014
Guardado en BTC
Kraken
4.1e-07
Guardado en BTC
Yacuna
8.0e-07
Guardado
HitBTC
0.002889
Guardado en BTC
BTC38
2.8e-07
Guardado
CCEX
0.003
Guardado en BTC
Cryptopia
4.1e-07
Guardado
Exmo
0.000221
Guardado
Yobit
0.00289
Guardado en BTC
TuxExchange
4.1e-07
Guardado
LiveCoin
0.002911
Guardado en BTC
Tidex
4.0e-07
Guardado en BTC
Bleutrade
4.0e-07
Guardado en BTC
Novaexchange
1.7e-07
Guardado en BTC
BXinth
4.0e-07
Guardado en BTC
Gateio
4.0e-07
Guardado en BTC
BitZ
4.1e-07
Guardado en BTC
Graviex
4.1e-07
Guardado en BTC
BitTrex
4.1e-07
Guardado en BTC
TradeSatoshi
4.1e-07
Guardado en BTC
Poloniex
4.1e-07
Guardado
Cexio
0.00014
Guardado en BTC
Kraken
4.1e-07
Guardado en BTC
Yacuna
8.0e-07
Guardado
HitBTC
0.002889
Guardado en BTC
BTC38
2.8e-07
Guardado
CCEX
0.003
Guardado en BTC
Cryptopia
4.1e-07
Guardado
Exmo
0.000221
Guardado
Yobit
0.00289
Guardado en BTC
TuxExchange
4.1e-07
Guardado
LiveCoin
0.002911
Guardado en BTC
Tidex
4.0e-07
Guardado en BTC
Bleutrade
4.0e-07
Guardado en BTC
Novaexchange
1.7e-07
Guardado en BTC
BXinth
4.0e-07
Guardado en BTC
Gateio
4.0e-07
Guardado en BTC
BitZ
4.1e-07
Guardado en BTC
Graviex
4.1e-07
Guardado en BTC
BitTrex
4.1e-07
Guardado en BTC
TradeSatoshi
4.1e-07
Guardado en BTC
Poloniex
4.1e-07
Guardado
Cexio
0.00014
Guardado en BTC
Kraken
4.1e-07
Guardado en BTC
Yacuna
8.0e-07
Guardado
HitBTC
0.002888
Guardado en BTC
BTC38
2.8e-07
Guardado
CCEX
0.00285
Guardado en BTC
Cryptopia
4.0e-07
Guardado
Exmo
0.000221
Guardado
Yobit
0.00289
Guardado en BTC
TuxExchange
4.1e-07
Guardado
LiveCoin
0.002911
Guardado en BTC
Tidex
4.0e-07
Guardado en BTC
Bleutrade
4.0e-07
Guardado en BTC
Novaexchange
1.7e-07
Guardado en BTC
BXinth
4.0e-07
Guardado en BTC
Gateio
4.0e-07
Guardado en BTC
BitZ
4.1e-07
Guardado en BTC
Graviex
4.1e-07
Guardado en BTC
BitTrex
4.0e-07
Guardado en BTC
TradeSatoshi
4.1e-07
Guardado en BTC
Poloniex
4.0e-07
Guardado
Cexio
0.00014
Guardado en BTC
Kraken
4.1e-07
Guardado en BTC
Yacuna
8.0e-07
Guardado
HitBTC
0.00289
Guardado en BTC
BTC38
2.8e-07
Guardado
CCEX
0.00285
Guardado en BTC
Cryptopia
4.0e-07
Guardado
Exmo
0.000221
Guardado
Yobit
0.00289
Guardado en BTC
TuxExchange
4.1e-07
Guardado
LiveCoin
0.002911
Guardado en BTC
Tidex
4.0e-07
Guardado en BTC
Bleutrade
4.0e-07
Guardado en BTC
Novaexchange
1.7e-07
Guardado en BTC
BXinth
4.0e-07
Guardado en BTC
Gateio
4.0e-07
Guardado en BTC
BitZ
4.1e-07
Guardado en BTC
Graviex
4.1e-07
Guardado en BTC
BitTrex
4.1e-07
Guardado en BTC
TradeSatoshi
4.1e-07
Guardado en BTC
Poloniex
4.0e-07
Guardado
Cexio
0.00014
Guardado en BTC
Kraken
4.1e-07
Guardado en BTC
Yacuna
8.0e-07
Guardado
HitBTC
0.002904
Guardado en BTC
BTC38
2.8e-07
Guardado
CCEX
0.00285
Guardado en BTC
Cryptopia
4.0e-07
Guardado
Exmo
0.000221
Guardado
Yobit
0.002899
Guardado en BTC
TuxExchange
4.1e-07
Guardado
LiveCoin
0.002911
Guardado en BTC
Tidex
4.0e-07
Guardado en BTC
Bleutrade
4.0e-07
Guardado en BTC
Novaexchange
1.7e-07
Guardado en BTC
BXinth
4.0e-07
Guardado en BTC
Gateio
4.0e-07
Guardado en BTC
BitZ
4.1e-07
Guardado en BTC
Graviex
4.1e-07
Guardado en BTC
BitTrex
4.0e-07
Guardado en BTC
TradeSatoshi
4.1e-07
Guardado en BTC
Poloniex
4.0e-07
Guardado
Cexio
0.00014
Guardado en BTC
Kraken
4.1e-07
Guardado en BTC
Yacuna
8.0e-07
Guardado
HitBTC
0.002911
Guardado en BTC
BTC38
2.8e-07
Guardado
CCEX
0.00285
Guardado en BTC
Cryptopia
4.0e-07
Guardado
Exmo
0.000221
Guardado
Yobit
0.002899
Guardado en BTC
TuxExchange
4.1e-07
Guardado
LiveCoin
0.002911
Guardado en BTC
Tidex
4.0e-07
Guardado en BTC
Bleutrade
4.0e-07
Guardado en BTC
Novaexchange
1.7e-07
Guardado en BTC
BXinth
4.0e-07
Guardado en BTC
Gateio
4.0e-07
Guardado en BTC
BitZ
4.1e-07
Guardado en BTC
Graviex
4.1e-07
Guardado en BTC
BitTrex
4.0e-07
Guardado en BTC
TradeSatoshi
4.1e-07
Guardado en BTC
Poloniex
4.1e-07
Guardado
Cexio
0.00014
Guardado en BTC
Kraken
4.1e-07
Guardado en BTC
Yacuna
8.0e-07
Guardado
HitBTC
0.002912
Guardado en BTC
BTC38
2.8e-07
Guardado
CCEX
0.00285
Guardado en BTC
Cryptopia
4.0e-07
Guardado
Exmo
0.000221
Guardado
Yobit
0.002899
Guardado en BTC
TuxExchange
4.1e-07
Guardado
LiveCoin
0.002911
Guardado en BTC
Tidex
4.0e-07
Guardado en BTC
Bleutrade
4.0e-07
Guardado en BTC
Novaexchange
1.7e-07
Guardado en BTC
BXinth
4.0e-07
Guardado en BTC
Gateio
4.0e-07
Guardado en BTC
BitZ
4.1e-07
Guardado en BTC
Graviex
4.1e-07
Guardado en BTC
BitTrex
4.0e-07
Guardado en BTC
TradeSatoshi
4.1e-07
Guardado en BTC
Poloniex
4.1e-07
Guardado
Cexio
0.00014
Guardado en BTC
Kraken
4.1e-07
Guardado en BTC
Yacuna
8.0e-07
Guardado
HitBTC
0.002911
Guardado en BTC
BTC38
2.8e-07
Guardado
CCEX
0.003
Guardado en BTC
Cryptopia
4.0e-07
Guardado
Exmo
0.000221
Guardado
Yobit
0.002899
Guardado en BTC
TuxExchange
4.1e-07
Guardado
LiveCoin
0.002928
Guardado en BTC
Tidex
4.0e-07
Guardado en BTC
Novaexchange
1.7e-07
Guardado en BTC
BXinth
4.0e-07
Guardado en BTC
Gateio
4.0e-07
Guardado en BTC
BitZ
4.1e-07
Guardado en BTC
Graviex
4.1e-07
Guardado en BTC
Bleutrade
4.0e-07
Guardado en BTC
BitTrex
4.0e-07
Guardado en BTC
TradeSatoshi
4.1e-07
Guardado en BTC
Poloniex
4.1e-07
Guardado
Cexio
0.00014
Guardado en BTC
Kraken
4.1e-07
Guardado en BTC
Yacuna
8.0e-07
Guardado
HitBTC
0.002911
Guardado en BTC
BTC38
2.8e-07
Guardado
CCEX
0.003
Guardado en BTC
Cryptopia
4.0e-07
Guardado
Exmo
0.000221
Guardado
Yobit
0.002899
Guardado en BTC
TuxExchange
4.1e-07
Guardado
LiveCoin
0.002928
Guardado en BTC
Tidex
4.0e-07
Guardado en BTC
Novaexchange
1.7e-07
Guardado en BTC
BXinth
4.0e-07
Guardado en BTC
Gateio
4.0e-07
Guardado en BTC
BitZ
4.1e-07
Guardado en BTC
Graviex
4.1e-07
Guardado en BTC
Bleutrade
4.0e-07
Guardado en BTC
BitTrex
4.0e-07
Guardado en BTC
TradeSatoshi
4.1e-07
Guardado en BTC
Poloniex
4.1e-07
Guardado
Cexio
0.00014
Guardado en BTC
Kraken
4.1e-07
Guardado en BTC
Yacuna
8.0e-07
Guardado
HitBTC
0.002903
Guardado en BTC
BTC38
2.8e-07
Guardado
CCEX
0.003
Guardado en BTC
Cryptopia
4.0e-07
Guardado
Exmo
0.000221
Guardado
Yobit
0.002899
Guardado en BTC
TuxExchange
4.1e-07
Guardado
LiveCoin
0.002928
Guardado en BTC
Tidex
4.0e-07
Guardado en BTC
Novaexchange
1.7e-07
Guardado en BTC
BXinth
4.0e-07
Guardado en BTC
Gateio
4.0e-07
Guardado en BTC
BitZ
4.1e-07
Guardado en BTC
Graviex
4.1e-07
Guardado en BTC
Bleutrade
4.0e-07
Guardado en BTC
BitTrex
4.0e-07
Guardado en BTC
TradeSatoshi
4.1e-07
Guardado en BTC
Poloniex
4.1e-07
Guardado
Cexio
0.00014
Guardado en BTC
Kraken
4.0e-07
Guardado en BTC
Yacuna
8.0e-07
Guardado
HitBTC
0.002928
Guardado en BTC
BTC38
2.8e-07
Guardado
CCEX
0.003007
Guardado en BTC
Cryptopia
4.1e-07
Guardado
Exmo
0.000221
Guardado
Yobit
0.002917
Guardado en BTC
TuxExchange
4.1e-07
Guardado
LiveCoin
0.002922
Guardado en BTC
Tidex
4.1e-07
Guardado en BTC
Novaexchange
1.7e-07
Guardado en BTC
BXinth
4.0e-07
Guardado en BTC
Gateio
4.0e-07
Guardado en BTC
BitZ
4.2e-07
Guardado en BTC
Graviex
3.9e-07
Guardado en BTC
Bleutrade
4.0e-07
Guardado en BTC
BitTrex
4.0e-07
Guardado en BTC
TradeSatoshi
4.1e-07
Guardado en BTC
Poloniex
4.0e-07
Guardado
Cexio
0.00014
Guardado en BTC
Kraken
4.0e-07
Guardado en BTC
Yacuna
8.0e-07
Guardado
HitBTC
0.002929
Guardado en BTC
BTC38
2.8e-07
Guardado
CCEX
0.003007
Guardado en BTC
Cryptopia
4.1e-07
Guardado
Exmo
0.000221
Guardado
Yobit
0.002917
Guardado en BTC
TuxExchange
4.1e-07
Guardado
LiveCoin
0.002922
Guardado en BTC
Tidex
4.1e-07
Guardado en BTC
Novaexchange
1.7e-07
Guardado en BTC
BXinth
4.0e-07
Guardado en BTC
Gateio
4.0e-07
Guardado en BTC
BitZ
4.2e-07
Guardado en BTC
Graviex
3.9e-07
Guardado en BTC
Bleutrade
4.0e-07
Guardado en BTC
BitTrex
3.9e-07
Guardado en BTC
TradeSatoshi
4.1e-07
Guardado en BTC
Poloniex
4.0e-07
Guardado
Cexio
0.00014
Guardado en BTC
Kraken
4.0e-07
Guardado en BTC
Yacuna
8.0e-07
Guardado
HitBTC
0.002927
Guardado en BTC
BTC38
2.8e-07
Guardado
CCEX
0.003007
Guardado en BTC
Cryptopia
4.1e-07
Guardado
Exmo
0.000221
Guardado
Yobit
0.002917
Guardado en BTC
TuxExchange
4.1e-07
Guardado
LiveCoin
0.002922
Guardado en BTC
Tidex
4.1e-07
Guardado en BTC
Novaexchange
1.7e-07
Guardado en BTC
BXinth
4.0e-07
Guardado en BTC
Gateio
4.0e-07
Guardado en BTC
BitZ
4.2e-07
Guardado en BTC
Graviex
4.0e-07
Guardado en BTC
Bleutrade
4.0e-07
Guardado en BTC
BitTrex
3.9e-07
Guardado en BTC
TradeSatoshi
4.1e-07
Guardado en BTC
Poloniex
4.0e-07
Guardado
Cexio
0.00014
Guardado en BTC
Kraken
4.0e-07
Guardado en BTC
Yacuna
8.0e-07
Guardado
HitBTC
0.002933
Guardado en BTC
BTC38
2.8e-07
Guardado
CCEX
0.003007
Guardado en BTC
Cryptopia
4.1e-07
Guardado
Exmo
0.000221
Guardado
Yobit
0.002917
Guardado en BTC
TuxExchange
4.1e-07
Guardado
LiveCoin
0.002922
Guardado en BTC
Tidex
4.1e-07
Guardado en BTC
Novaexchange
1.7e-07
Guardado en BTC
BXinth
4.0e-07
Guardado en BTC
Gateio
4.0e-07
Guardado en BTC
BitZ
4.2e-07
Guardado en BTC
Graviex
4.0e-07
Guardado en BTC
Bleutrade
4.0e-07
Guardado en BTC
BitTrex
4.0e-07
Guardado en BTC
TradeSatoshi
4.1e-07
Guardado en BTC
Poloniex
4.1e-07
Guardado
Cexio
0.00014
Guardado en BTC
Kraken
4.0e-07
Guardado en BTC
Yacuna
8.0e-07
Guardado
HitBTC
0.002931
Guardado en BTC
BTC38
2.8e-07
Guardado
CCEX
0.003007
Guardado en BTC
Cryptopia
4.1e-07
Guardado
Exmo
0.000221
Guardado
Yobit
0.002917
Guardado en BTC
TuxExchange
4.1e-07
Guardado
LiveCoin
0.002888
Guardado en BTC
Tidex
4.1e-07
Guardado en BTC
Novaexchange
1.7e-07
Guardado en BTC
BXinth
4.0e-07
Guardado en BTC
Gateio
4.0e-07
Guardado en BTC
BitZ
4.2e-07
Guardado en BTC
Graviex
4.0e-07
Guardado en BTC
Bleutrade
4.0e-07
Guardado en BTC
BitTrex
4.1e-07
Guardado en BTC
TradeSatoshi
4.1e-07
Guardado en BTC
Poloniex
4.0e-07
Guardado
Cexio
0.00014
Guardado en BTC
Kraken
4.0e-07
Guardado en BTC
Yacuna
8.0e-07
Guardado
HitBTC
0.002931
Guardado en BTC
BTC38
2.8e-07
Guardado
CCEX
0.003007
Guardado en BTC
Cryptopia
4.1e-07
Guardado
Exmo
0.000221
Guardado
Yobit
0.0029
Guardado en BTC
TuxExchange
4.1e-07
Guardado
LiveCoin
0.002888
Guardado en BTC
Tidex
4.1e-07
Guardado en BTC
Novaexchange
1.7e-07
Guardado en BTC
BXinth
4.0e-07
Guardado en BTC
Gateio
4.0e-07
Guardado en BTC
BitZ
4.2e-07
Guardado en BTC
Graviex
4.0e-07
Guardado en BTC
Bleutrade
4.0e-07
Guardado en BTC
BitTrex
4.0e-07
Guardado en BTC
TradeSatoshi
4.0e-07
Guardado en BTC
Poloniex
4.0e-07
Guardado
Cexio
0.00014
Guardado en BTC
Kraken
4.0e-07
Guardado en BTC
Yacuna
8.0e-07
Guardado
HitBTC
0.002931
Guardado en BTC
BTC38
2.8e-07
Guardado
CCEX
0.003007
Guardado en BTC
Cryptopia
4.1e-07
Guardado
Exmo
0.000221
Guardado
Yobit
0.0029
Guardado en BTC
TuxExchange
4.1e-07
Guardado
LiveCoin
0.002888
Guardado en BTC
Tidex
4.1e-07
Guardado en BTC
Novaexchange
1.7e-07
Guardado en BTC
BXinth
4.0e-07
Guardado en BTC
Gateio
4.0e-07
Guardado en BTC
BitZ
4.2e-07
Guardado en BTC
Graviex
4.0e-07
Guardado en BTC
Bleutrade
4.0e-07
Guardado en BTC
BitTrex
4.0e-07
Guardado en BTC
TradeSatoshi
4.0e-07
Guardado en BTC
Poloniex
4.1e-07
Guardado
Cexio
0.00014
Guardado en BTC
Kraken
4.0e-07
Guardado en BTC
Yacuna
8.0e-07
Guardado
HitBTC
0.002918
Guardado en BTC
BTC38
2.8e-07
Guardado
CCEX
0.003007
Guardado en BTC
Cryptopia
4.1e-07
Guardado
Exmo
0.000221
Guardado
Yobit
0.0029
Guardado en BTC
TuxExchange
4.1e-07
Guardado
LiveCoin
0.002888
Guardado en BTC
Tidex
4.1e-07
Guardado en BTC
Novaexchange
1.7e-07
Guardado en BTC
BXinth
4.0e-07
Guardado en BTC
Gateio
4.0e-07
Guardado en BTC
BitZ
4.2e-07
Guardado en BTC
Graviex
4.0e-07
Guardado en BTC
Bleutrade
4.0e-07
Guardado en BTC
BitTrex
4.1e-07
Guardado en BTC
TradeSatoshi
4.0e-07
Guardado en BTC
Poloniex
4.1e-07
Guardado
Cexio
0.00014
Guardado en BTC
Kraken
4.0e-07
Guardado en BTC
Yacuna
8.0e-07
Guardado
HitBTC
0.002925
Guardado en BTC
BTC38
2.8e-07
Guardado
CCEX
0.003007
Guardado en BTC
Cryptopia
4.0e-07
Guardado
Exmo
0.000221
Guardado
Yobit
0.0029
Guardado en BTC
TuxExchange
4.1e-07
Guardado
LiveCoin
0.002888
Guardado en BTC
Tidex
4.1e-07
Guardado en BTC
Novaexchange
1.7e-07
Guardado en BTC
BXinth
4.0e-07
Guardado en BTC
Gateio
4.0e-07
Guardado en BTC
BitZ
4.2e-07
Guardado en BTC
Graviex
4.0e-07
Guardado en BTC
Bleutrade
4.0e-07
Guardado en BTC
BitTrex
4.1e-07
Guardado en BTC
TradeSatoshi
4.0e-07
Guardado en BTC
Poloniex
4.0e-07
Guardado
Cexio
0.00014
Guardado en BTC
Kraken
4.0e-07
Guardado en BTC
Yacuna
8.0e-07
Guardado
HitBTC
0.002927
Guardado en BTC
BTC38
2.8e-07
Guardado
CCEX
0.003007
Guardado en BTC
Cryptopia
4.0e-07
Guardado
Exmo
0.000221
Guardado
Yobit
0.0029
Guardado en BTC
TuxExchange
4.1e-07
Guardado
LiveCoin
0.002888
Guardado en BTC
Tidex
4.1e-07
Guardado en BTC
Novaexchange
1.7e-07
Guardado en BTC
BXinth
4.0e-07
Guardado en BTC
Gateio
4.0e-07
Guardado en BTC
BitZ
4.2e-07
Guardado en BTC
Graviex
3.9e-07
Guardado en BTC
Bleutrade
4.0e-07
Guardado en BTC
BitTrex
4.0e-07
Guardado en BTC
TradeSatoshi
4.0e-07
Guardado en BTC
Poloniex
4.0e-07
Guardado
Cexio
0.00014
Guardado en BTC
Kraken
4.0e-07
Guardado en BTC
Yacuna
8.0e-07
Guardado
HitBTC
0.002926
Guardado en BTC
BTC38
2.8e-07
Guardado
CCEX
0.0031
Guardado en BTC
Cryptopia
4.0e-07
Guardado
Exmo
0.000221
Guardado
Yobit
0.0029
Guardado en BTC
TuxExchange
4.1e-07
Guardado
LiveCoin
0.002888
Guardado en BTC
Tidex
4.1e-07
Guardado en BTC
Novaexchange
1.7e-07
Guardado en BTC
BXinth
4.0e-07
Guardado en BTC
Gateio
4.0e-07
Guardado en BTC
BitZ
4.2e-07
Guardado en BTC
Graviex
3.9e-07
Guardado en BTC
Bleutrade
4.0e-07
Guardado en BTC
BitTrex
4.1e-07
Guardado en BTC
TradeSatoshi
4.0e-07
Guardado en BTC
Poloniex
4.0e-07
Guardado
Cexio
0.00014
Guardado en BTC
Kraken
3.9e-07
Guardado en BTC
Yacuna
8.0e-07
Guardado
HitBTC
0.002934
Guardado en BTC
BTC38
2.8e-07
Guardado
CCEX
0.0031
Guardado en BTC
Cryptopia
4.0e-07
Guardado
Exmo
0.000221
Guardado
Yobit
0.0029
Guardado en BTC
TuxExchange
4.1e-07
Guardado
LiveCoin
0.002888
Guardado en BTC
Tidex
4.1e-07
Guardado en BTC
Novaexchange
1.7e-07
Guardado en BTC
BXinth
4.0e-07
Guardado en BTC
Gateio
4.0e-07
Guardado en BTC
BitZ
4.2e-07
Guardado en BTC
Graviex
3.9e-07
Guardado en BTC
Bleutrade
4.0e-07
Guardado en BTC
BitTrex
4.0e-07
Guardado en BTC
TradeSatoshi
4.1e-07
Guardado en BTC
Poloniex
4.1e-07
Guardado
Cexio
0.00014
Guardado en BTC
Kraken
3.9e-07
Guardado en BTC
Yacuna
8.0e-07
Guardado
HitBTC
0.002931
Guardado en BTC
BTC38
2.8e-07
Guardado
CCEX
0.0031
Guardado en BTC
Cryptopia
4.0e-07
Guardado
Exmo
0.000221
Guardado
Yobit
0.0029
Guardado en BTC
TuxExchange
4.1e-07
Guardado
LiveCoin
0.002898
Guardado en BTC
Tidex
4.1e-07
Guardado en BTC
Novaexchange
1.7e-07
Guardado en BTC
BXinth
4.0e-07
Guardado en BTC
Gateio
4.0e-07
Guardado en BTC
BitZ
4.1e-07
Guardado en BTC
Graviex
3.9e-07
Guardado en BTC
Bleutrade
4.0e-07
Guardado en BTC
BitTrex
4.0e-07
Guardado en BTC
TradeSatoshi
4.1e-07
Guardado en BTC
Poloniex
4.1e-07
Guardado
Cexio
0.00014
Guardado en BTC
Kraken
3.9e-07
Guardado en BTC
Yacuna
8.0e-07
Guardado
HitBTC
0.00293
Guardado en BTC
BTC38
2.8e-07
Guardado
CCEX
0.0031
Guardado en BTC
Cryptopia
4.0e-07
Guardado
Exmo
0.000221
Guardado
Yobit
0.0029
Guardado en BTC
TuxExchange
4.1e-07
Guardado
LiveCoin
0.002898
Guardado en BTC
Tidex
4.1e-07
Guardado en BTC
Novaexchange
1.7e-07
Guardado en BTC
BXinth
4.0e-07
Guardado en BTC
Gateio
4.0e-07
Guardado en BTC
BitZ
4.1e-07
Guardado en BTC
Graviex
3.9e-07
Guardado en BTC
Bleutrade
4.0e-07
Guardado en BTC
BitTrex
4.1e-07
Guardado en BTC
TradeSatoshi
4.1e-07
Guardado en BTC
Poloniex
4.0e-07
Guardado
Cexio
0.00014
Guardado en BTC
Kraken
3.9e-07
Guardado en BTC
Yacuna
8.0e-07
Guardado
HitBTC
0.002929
Guardado en BTC
BTC38
2.8e-07
Guardado
CCEX
0.0031
Guardado en BTC
Cryptopia
4.0e-07
Guardado
Exmo
0.000221
Guardado
Yobit
0.0029
Guardado en BTC
TuxExchange
4.1e-07
Guardado
LiveCoin
0.002898
Guardado en BTC
Tidex
4.1e-07
Guardado en BTC
Novaexchange
1.7e-07
Guardado en BTC
BXinth
4.0e-07
Guardado en BTC
Gateio
4.0e-07
Guardado en BTC
BitZ
4.1e-07
Guardado en BTC
Graviex
3.9e-07
Guardado en BTC
Bleutrade
4.0e-07
Guardado en BTC
BitTrex
4.0e-07
Guardado en BTC
TradeSatoshi
4.1e-07
Guardado en BTC
Poloniex
4.1e-07
Guardado
Cexio
0.00014
Guardado en BTC
Kraken
3.9e-07
Guardado en BTC
Yacuna
8.0e-07
Guardado
HitBTC
0.002929
Guardado en BTC
BTC38
2.8e-07
Guardado
CCEX
0.0031
Guardado en BTC
Cryptopia
4.0e-07
Guardado
Exmo
0.000221
Guardado
Yobit
0.0029
Guardado en BTC
TuxExchange
4.1e-07
Guardado
LiveCoin
0.002898
Guardado en BTC
Tidex
4.1e-07
Guardado en BTC
Novaexchange
1.7e-07
Guardado en BTC
BXinth
4.0e-07
Guardado en BTC
Gateio
4.0e-07
Guardado en BTC
BitZ
4.1e-07
Guardado en BTC
Graviex
3.9e-07
Guardado en BTC
Bleutrade
4.0e-07
Guardado en BTC
BitTrex
4.0e-07
Guardado en BTC
TradeSatoshi
4.0e-07
Guardado en BTC
Poloniex
4.0e-07
Guardado
Cexio
0.00014
Guardado en BTC
Kraken
3.9e-07
Guardado en BTC
Yacuna
8.0e-07
Guardado
HitBTC
0.002929
Guardado en BTC
BTC38
2.8e-07
Guardado
CCEX
0.0031
Guardado en BTC
Cryptopia
4.1e-07
Guardado
Exmo
0.000221
Guardado
Yobit
0.002907
Guardado en BTC
TuxExchange
4.1e-07
Guardado
LiveCoin
0.002898
Guardado en BTC
Tidex
4.1e-07
Guardado en BTC
Novaexchange
1.7e-07
Guardado en BTC
BXinth
4.0e-07
Guardado en BTC
Gateio
4.0e-07
Guardado en BTC
BitZ
4.1e-07
Guardado en BTC
Graviex
3.9e-07
Guardado en BTC
Bleutrade
4.0e-07
Guardado en BTC
BitTrex
4.1e-07
Guardado en BTC
TradeSatoshi
4.0e-07
Guardado en BTC
Poloniex
4.0e-07
Guardado
Cexio
0.00014
Guardado en BTC
Kraken
4.0e-07
Guardado en BTC
Yacuna
8.0e-07
Guardado
HitBTC
0.002921
Guardado en BTC
BTC38
2.8e-07
Guardado
CCEX
0.0031
Guardado en BTC
Cryptopia
4.1e-07
Guardado
Exmo
0.000221
Guardado
Yobit
0.002907
Guardado en BTC
TuxExchange
4.1e-07
Guardado
LiveCoin
0.002898
Guardado en BTC
Tidex
4.1e-07
Guardado en BTC
Novaexchange
1.7e-07
Guardado en BTC
BXinth
4.0e-07
Guardado en BTC
Gateio
4.0e-07
Guardado en BTC
BitZ
4.1e-07
Guardado en BTC
Graviex
3.9e-07
Guardado en BTC
Bleutrade
4.0e-07
Guardado en BTC
BitTrex
4.0e-07
Guardado en BTC
TradeSatoshi
4.0e-07
Guardado en BTC
Poloniex
4.0e-07
Guardado
Cexio
0.00014
Guardado en BTC
Kraken
4.0e-07
Guardado en BTC
Yacuna
8.0e-07
Guardado
HitBTC
0.002914
Guardado en BTC
BTC38
2.8e-07
Guardado
CCEX
0.0031
Guardado en BTC
Cryptopia
4.1e-07
Guardado
Exmo
0.000221
Guardado
Yobit
0.002907
Guardado en BTC
TuxExchange
4.1e-07
Guardado
LiveCoin
0.002898
Guardado en BTC
Tidex
4.1e-07
Guardado en BTC
Novaexchange
1.7e-07
Guardado en BTC
BXinth
4.0e-07
Guardado en BTC
Gateio
4.0e-07
Guardado en BTC
BitZ
4.1e-07
Guardado en BTC
Graviex
3.9e-07
Guardado en BTC
Bleutrade
4.0e-07
Guardado en BTC
BitTrex
4.1e-07
Guardado en BTC
TradeSatoshi
4.1e-07
Guardado en BTC
Poloniex
4.0e-07
Guardado
Cexio
0.00014
Guardado en BTC
Kraken
4.0e-07
Guardado en BTC
Yacuna
8.0e-07
Guardado
HitBTC
0.002914
Guardado en BTC
BTC38
2.8e-07
Guardado
CCEX
0.0031
Guardado en BTC
Cryptopia
4.1e-07
Guardado
Exmo
0.000221
Guardado
Yobit
0.002907
Guardado en BTC
TuxExchange
4.1e-07
Guardado
LiveCoin
0.002898
Guardado en BTC
Tidex
4.1e-07
Guardado en BTC
Novaexchange
1.7e-07
Guardado en BTC
BXinth
4.0e-07
Guardado en BTC
Gateio
4.0e-07
Guardado en BTC
BitZ
4.1e-07
Guardado en BTC
Graviex
3.9e-07
Guardado en BTC
Bleutrade
4.0e-07
Guardado en BTC
BitTrex
4.0e-07
Guardado en BTC
TradeSatoshi
4.1e-07
Guardado en BTC
Poloniex
4.0e-07
Guardado
Cexio
0.00014
Guardado en BTC
Kraken
4.0e-07
Guardado en BTC
Yacuna
8.0e-07
Guardado
HitBTC
0.002915
Guardado en BTC
BTC38
2.8e-07
Guardado
CCEX
0.0031
Guardado en BTC
Cryptopia
4.1e-07
Guardado
Exmo
0.000221
Guardado
Yobit
0.002907
Guardado en BTC
TuxExchange
4.1e-07
Guardado
LiveCoin
0.002898
Guardado en BTC
Tidex
4.1e-07
Guardado en BTC
Novaexchange
1.7e-07
Guardado en BTC
Gateio
4.0e-07
Guardado en BTC
BitZ
4.1e-07
Guardado en BTC
Graviex
3.9e-07
Guardado en BTC
Bleutrade
4.0e-07
Guardado en BTC
BitTrex
4.1e-07
Guardado en BTC
BXinth
4.0e-07
Guardado en BTC
TradeSatoshi
4.1e-07
Guardado en BTC
Poloniex
4.0e-07
Guardado
Cexio
0.00014
Guardado en BTC
Kraken
4.0e-07
Guardado en BTC
Yacuna
8.0e-07
Guardado
HitBTC
0.002914
Guardado en BTC
BTC38
2.8e-07
Guardado
CCEX
0.0031
Guardado en BTC
Cryptopia
4.1e-07
Guardado
Exmo
0.000221
Guardado
Yobit
0.002907
Guardado en BTC
TuxExchange
4.1e-07
Guardado
LiveCoin
0.002928
Guardado en BTC
Tidex
4.1e-07
Guardado en BTC
Novaexchange
1.7e-07
Guardado en BTC
Gateio
4.0e-07
Guardado en BTC
BitZ
4.1e-07
Guardado en BTC
Graviex
3.9e-07
Guardado en BTC
Bleutrade
4.0e-07
Guardado en BTC
BitTrex
4.0e-07
Guardado en BTC
BXinth
4.0e-07
Guardado en BTC
TradeSatoshi
4.1e-07
Guardado en BTC
Poloniex
4.0e-07
Guardado
Cexio
0.00014
Guardado en BTC
Kraken
4.0e-07
Guardado en BTC
Yacuna
8.0e-07
Guardado
HitBTC
0.002915
Guardado en BTC
BTC38
2.8e-07
Guardado
CCEX
0.0031
Guardado en BTC
Cryptopia
4.1e-07
Guardado
Exmo
0.000221
Guardado
Yobit
0.002907
Guardado en BTC
TuxExchange
4.1e-07
Guardado
LiveCoin
0.002928
Guardado en BTC
Tidex
4.0e-07
Guardado en BTC
Novaexchange
1.7e-07
Guardado en BTC
Gateio
4.0e-07
Guardado en BTC
BitZ
4.1e-07
Guardado en BTC
Graviex
3.9e-07
Guardado en BTC
Bleutrade
4.0e-07
Guardado en BTC
BitTrex
4.0e-07
Guardado en BTC
BXinth
4.0e-07
Guardado en BTC
TradeSatoshi
4.1e-07
rake aborted!
SyntaxError: /home/cristian/CryptoApp/lib/tasks/demo.rake:246: syntax error, unexpected keyword_end, expecting end-of-input
/home/cristian/.rvm/gems/ruby-2.4.1/gems/activesupport-5.1.4/lib/active_support/dependencies.rb:286:in `load'
/home/cristian/.rvm/gems/ruby-2.4.1/gems/activesupport-5.1.4/lib/active_support/dependencies.rb:286:in `block in load'
/home/cristian/.rvm/gems/ruby-2.4.1/gems/activesupport-5.1.4/lib/active_support/dependencies.rb:258:in `load_dependency'
/home/cristian/.rvm/gems/ruby-2.4.1/gems/activesupport-5.1.4/lib/active_support/dependencies.rb:286:in `load'
/home/cristian/.rvm/gems/ruby-2.4.1/gems/railties-5.1.4/lib/rails/engine.rb:648:in `block in run_tasks_blocks'
/home/cristian/.rvm/gems/ruby-2.4.1/gems/railties-5.1.4/lib/rails/engine.rb:648:in `each'
/home/cristian/.rvm/gems/ruby-2.4.1/gems/railties-5.1.4/lib/rails/engine.rb:648:in `run_tasks_blocks'
/home/cristian/.rvm/gems/ruby-2.4.1/gems/railties-5.1.4/lib/rails/application.rb:440:in `run_tasks_blocks'
/home/cristian/.rvm/gems/ruby-2.4.1/gems/railties-5.1.4/lib/rails/engine.rb:457:in `load_tasks'
/home/cristian/CryptoApp/Rakefile:6:in `<top (required)>'
/home/cristian/.rvm/gems/ruby-2.4.1/gems/rake-12.3.0/exe/rake:27:in `<top (required)>'
/home/cristian/.rvm/gems/ruby-2.4.1/bin/ruby_executable_hooks:15:in `eval'
/home/cristian/.rvm/gems/ruby-2.4.1/bin/ruby_executable_hooks:15:in `<main>'
(See full trace by running task with --trace)
rake aborted!
SyntaxError: /home/cristian/CryptoApp/lib/tasks/demo.rake:246: syntax error, unexpected keyword_end, expecting end-of-input
/home/cristian/.rvm/gems/ruby-2.4.1/gems/activesupport-5.1.4/lib/active_support/dependencies.rb:286:in `load'
/home/cristian/.rvm/gems/ruby-2.4.1/gems/activesupport-5.1.4/lib/active_support/dependencies.rb:286:in `block in load'
/home/cristian/.rvm/gems/ruby-2.4.1/gems/activesupport-5.1.4/lib/active_support/dependencies.rb:258:in `load_dependency'
/home/cristian/.rvm/gems/ruby-2.4.1/gems/activesupport-5.1.4/lib/active_support/dependencies.rb:286:in `load'
/home/cristian/.rvm/gems/ruby-2.4.1/gems/railties-5.1.4/lib/rails/engine.rb:648:in `block in run_tasks_blocks'
/home/cristian/.rvm/gems/ruby-2.4.1/gems/railties-5.1.4/lib/rails/engine.rb:648:in `each'
/home/cristian/.rvm/gems/ruby-2.4.1/gems/railties-5.1.4/lib/rails/engine.rb:648:in `run_tasks_blocks'
/home/cristian/.rvm/gems/ruby-2.4.1/gems/railties-5.1.4/lib/rails/application.rb:440:in `run_tasks_blocks'
/home/cristian/.rvm/gems/ruby-2.4.1/gems/railties-5.1.4/lib/rails/engine.rb:457:in `load_tasks'
/home/cristian/CryptoApp/Rakefile:6:in `<top (required)>'
/home/cristian/.rvm/gems/ruby-2.4.1/gems/rake-12.3.0/exe/rake:27:in `<top (required)>'
/home/cristian/.rvm/gems/ruby-2.4.1/bin/ruby_executable_hooks:15:in `eval'
/home/cristian/.rvm/gems/ruby-2.4.1/bin/ruby_executable_hooks:15:in `<main>'
(See full trace by running task with --trace)
Guardado en BTC
Poloniex
4.1e-07
Guardado
Cexio
0.00014
Guardado en BTC
Kraken
4.2e-07
Guardado en BTC
Yacuna
8.0e-07
Guardado
HitBTC
0.002882
Guardado en BTC
BTC38
2.8e-07
Guardado
CCEX
0.002802
Guardado en BTC
Cryptopia
4.2e-07
Guardado
Exmo
0.000221
Guardado
Yobit
0.002828
Guardado en BTC
TuxExchange
4.1e-07
Guardado
LiveCoin
0.002899
Guardado en BTC
Tidex
4.0e-07
Guardado en BTC
Novaexchange
1.7e-07
Guardado en BTC
Gateio
4.1e-07
Guardado en BTC
BitZ
4.2e-07
Guardado en BTC
Graviex
4.0e-07
Guardado en BTC
Bleutrade
4.2e-07
Guardado en BTC
BitTrex
4.2e-07
Guardado en BTC
BXinth
4.1e-07
Guardado en BTC
TradeSatoshi
4.2e-07
Guardado en BTC
Poloniex
4.0e-07
Guardado
Cexio
0.00014
Guardado en BTC
Kraken
4.2e-07
Guardado en BTC
Yacuna
8.0e-07
Guardado
HitBTC
0.002912
Guardado en BTC
BTC38
2.8e-07
Guardado
CCEX
0.002802
Guardado en BTC
Cryptopia
4.2e-07
Guardado
Exmo
0.000221
Guardado
Yobit
0.002828
Guardado en BTC
TuxExchange
4.1e-07
Guardado en BTC
Tidex
4.0e-07
Guardado en BTC
Novaexchange
1.7e-07
Guardado en BTC
Gateio
4.1e-07
Guardado en BTC
BitZ
4.2e-07
Guardado en BTC
Graviex
4.0e-07
Guardado en BTC
Bleutrade
4.1e-07
Guardado en BTC
BitTrex
4.1e-07
Guardado
LiveCoin
0.002898
Guardado en BTC
BXinth
4.1e-07
Guardado en BTC
TradeSatoshi
4.2e-07
Guardado en BTC
Poloniex
4.1e-07
Guardado
Cexio
0.00014
Guardado en BTC
Kraken
4.2e-07
Guardado en BTC
Yacuna
8.0e-07
Guardado
HitBTC
0.002886
Guardado en BTC
BTC38
2.8e-07
Guardado
CCEX
0.002802
Guardado en BTC
Cryptopia
4.2e-07
Guardado
Exmo
0.000221
Guardado
Yobit
0.002828
Guardado en BTC
TuxExchange
4.1e-07
Guardado en BTC
Tidex
4.0e-07
Guardado en BTC
Novaexchange
1.7e-07
Guardado en BTC
Gateio
4.1e-07
Guardado en BTC
BitZ
4.2e-07
Guardado en BTC
Graviex
4.0e-07
Guardado en BTC
Bleutrade
4.1e-07
Guardado en BTC
BitTrex
4.1e-07
Guardado
LiveCoin
0.002898
Guardado en BTC
BXinth
4.1e-07
Guardado en BTC
TradeSatoshi
4.2e-07
Guardado en BTC
Poloniex
4.1e-07
Guardado
Cexio
0.00014
Guardado en BTC
Kraken
4.2e-07
Guardado en BTC
Yacuna
8.0e-07
Guardado
HitBTC
0.002888
Guardado en BTC
BTC38
2.8e-07
Guardado
CCEX
0.002802
Guardado en BTC
Cryptopia
4.2e-07
Guardado
Exmo
0.000221
Guardado
Yobit
0.002828
Guardado en BTC
TuxExchange
4.1e-07
Guardado en BTC
Tidex
4.0e-07
Guardado en BTC
Novaexchange
1.7e-07
Guardado en BTC
Gateio
4.1e-07
Guardado en BTC
BitZ
4.2e-07
Guardado en BTC
Graviex
4.0e-07
Guardado en BTC
Bleutrade
4.1e-07
Guardado en BTC
BitTrex
4.1e-07
Guardado
LiveCoin
0.002898
Guardado en BTC
BXinth
4.0e-07
Guardado en BTC
TradeSatoshi
4.2e-07
Guardado en BTC
Poloniex
4.1e-07
Guardado
Cexio
0.00014
Guardado en BTC
Kraken
4.2e-07
Guardado en BTC
Yacuna
8.0e-07
Guardado
HitBTC
0.002901
Guardado en BTC
BTC38
2.8e-07
Guardado
CCEX
0.002933
Guardado en BTC
Cryptopia
4.2e-07
Guardado
Exmo
0.000221
Guardado
Yobit
0.002858
Guardado en BTC
TuxExchange
4.1e-07
Guardado en BTC
Tidex
4.0e-07
Guardado en BTC
Novaexchange
1.7e-07
Guardado en BTC
Gateio
4.1e-07
Guardado en BTC
BitZ
4.2e-07
Guardado en BTC
Graviex
4.0e-07
Guardado en BTC
Bleutrade
4.2e-07
Guardado en BTC
BitTrex
4.1e-07
Guardado
LiveCoin
0.002898
Guardado en BTC
BXinth
4.0e-07
Guardado en BTC
TradeSatoshi
4.2e-07
Guardado en BTC
Poloniex
4.1e-07
Guardado
Cexio
0.00014
Guardado en BTC
Kraken
4.2e-07
Guardado en BTC
Yacuna
8.0e-07
Guardado
HitBTC
0.002893
Guardado en BTC
BTC38
2.8e-07
Guardado
CCEX
0.002933
Guardado en BTC
Cryptopia
4.2e-07
Guardado
Exmo
0.000221
Guardado
Yobit
0.002858
Guardado en BTC
TuxExchange
4.1e-07
Guardado en BTC
Tidex
4.0e-07
Guardado en BTC
Novaexchange
1.7e-07
Guardado en BTC
Gateio
4.1e-07
Guardado en BTC
BitZ
4.2e-07
Guardado en BTC
Graviex
4.1e-07
Guardado en BTC
Bleutrade
4.1e-07
Guardado en BTC
BitTrex
4.1e-07
Guardado
LiveCoin
0.002898
Guardado en BTC
BXinth
4.0e-07
Guardado en BTC
TradeSatoshi
4.2e-07
Guardado en BTC
Poloniex
4.0e-07
Guardado
Cexio
0.00014
Guardado en BTC
Kraken
4.2e-07
Guardado en BTC
Yacuna
8.0e-07
Guardado
HitBTC
0.002887
Guardado en BTC
BTC38
2.8e-07
Guardado
CCEX
0.002933
Guardado en BTC
Cryptopia
4.1e-07
Guardado
Exmo
0.000221
Guardado
Yobit
0.002858
Guardado en BTC
TuxExchange
4.1e-07
Guardado en BTC
Tidex
4.0e-07
Guardado en BTC
Novaexchange
1.7e-07
Guardado en BTC
Gateio
4.1e-07
Guardado en BTC
BitZ
4.2e-07
Guardado en BTC
Graviex
4.1e-07
Guardado en BTC
Bleutrade
4.1e-07
Guardado en BTC
BitTrex
4.1e-07
Guardado
LiveCoin
0.002898
Guardado en BTC
BXinth
4.0e-07
Guardado en BTC
TradeSatoshi
4.2e-07
rake aborted!
JSON::ParserError: 765: unexpected token at '<html>
<head><title>502 Bad Gateway</title></head>
<body bgcolor="white">
<center><h1>502 Bad Gateway</h1></center>
<hr><center>nginx/1.4.6 (Ubuntu)</center>
</body>
</html>
'
/home/cristian/.rvm/gems/ruby-2.4.1/gems/json-2.1.0/lib/json/common.rb:156:in `parse'
/home/cristian/.rvm/gems/ruby-2.4.1/gems/json-2.1.0/lib/json/common.rb:156:in `parse'
/home/cristian/.rvm/gems/ruby-2.4.1/gems/cryptocompare-0.14.0/lib/cryptocompare/price.rb:72:in `find'
/home/cristian/CryptoApp/lib/tasks/demo.rake:197:in `block (3 levels) in <top (required)>'
/home/cristian/.rvm/gems/ruby-2.4.1/gems/activerecord-5.1.4/lib/active_record/relation/delegation.rb:39:in `each'
/home/cristian/.rvm/gems/ruby-2.4.1/gems/activerecord-5.1.4/lib/active_record/relation/delegation.rb:39:in `each'
/home/cristian/CryptoApp/lib/tasks/demo.rake:196:in `block (2 levels) in <top (required)>'
/home/cristian/.rvm/gems/ruby-2.4.1/gems/rake-12.3.0/exe/rake:27:in `<top (required)>'
/home/cristian/.rvm/gems/ruby-2.4.1/bin/ruby_executable_hooks:15:in `eval'
/home/cristian/.rvm/gems/ruby-2.4.1/bin/ruby_executable_hooks:15:in `<main>'
Tasks: TOP => doge:demo
(See full trace by running task with --trace)
Guardado en BTC
Poloniex
4.1e-07
Guardado
Cexio
0.00014
Guardado en BTC
Kraken
4.2e-07
Guardado en BTC
Yacuna
8.0e-07
Guardado
HitBTC
0.002881
Guardado en BTC
BTC38
2.8e-07
Guardado
CCEX
0.002933
Guardado en BTC
Poloniex
4.1e-07
Guardado
Cexio
0.00014
Guardado en BTC
Kraken
4.2e-07
Guardado en BTC
Yacuna
8.0e-07
Guardado
HitBTC
0.002879
Guardado en BTC
BTC38
2.8e-07
Guardado
CCEX
0.002802
Guardado en BTC
Cryptopia
4.1e-07
Guardado
Exmo
0.000221
Guardado
Yobit
0.002858
Guardado en BTC
TuxExchange
4.1e-07
Guardado en BTC
Tidex
4.0e-07
Guardado en BTC
Novaexchange
1.7e-07
Guardado en BTC
Gateio
4.1e-07
Guardado en BTC
BitZ
4.2e-07
Guardado en BTC
Graviex
4.1e-07
Guardado en BTC
Bleutrade
4.1e-07
Guardado en BTC
BitTrex
4.1e-07
Guardado
LiveCoin
0.002898
Guardado en BTC
BXinth
4.1e-07
Guardado en BTC
TradeSatoshi
4.1e-07
Guardado en BTC
Poloniex
4.1e-07
Guardado
Cexio
0.00014
Guardado en BTC
Kraken
4.2e-07
Guardado en BTC
Yacuna
8.0e-07
Guardado
HitBTC
0.002881
Guardado en BTC
BTC38
2.8e-07
Guardado
CCEX
0.002802
Guardado en BTC
Cryptopia
4.1e-07
Guardado
Exmo
0.000221
Guardado
Yobit
0.002858
Guardado en BTC
TuxExchange
4.1e-07
Guardado en BTC
Tidex
4.0e-07
Guardado en BTC
Novaexchange
1.7e-07
Guardado en BTC
Gateio
4.1e-07
Guardado en BTC
BitZ
4.1e-07
Guardado en BTC
Graviex
4.1e-07
Guardado en BTC
Bleutrade
4.1e-07
Guardado en BTC
BitTrex
4.1e-07
Guardado
LiveCoin
0.002854
Guardado en BTC
BXinth
4.0e-07
Guardado en BTC
TradeSatoshi
4.1e-07
