Guardado en BTC
BTER
0.0001001
Guardado
Kraken
17.8
Guardado
Bitfinex
17.81
Guardado
HitBTC
17.81
Guardado
Yobit
17.85
Guardado en BTC
Liqui
0.001955
Guardado
LiveCoin
18.2
Guardado en BTC
Tidex
0.001995
Guardado en BTC
Binance
0.001937
Guardado en BTC
Abucoins
0.001991
Guardado en BTC
Gateio
0.00195
Guardado en BTC
HuobiPro
0.001943
Guardado en BTC
OKEX
0.001943
Guardado en BTC
EXX
0.001963
Guardado en BTC
Kucoin
0.001945
Guardado en BTC
BitZ
0.00194
Guardado
BitFlip
19
Guardado en BTC
CoinEx
0.001943
Guardado en BTC
Braziliex
0.00214
Guardado
Bitfinex
17.82
Guardado
HitBTC
17.81
Guardado en BTC
Binance
0.00194
Guardado en BTC
Gateio
0.00195
Guardado en BTC
HuobiPro
0.001943
Guardado en BTC
OKEX
0.001945
Guardado en BTC
EXX
0.001963
Guardado en BTC
Braziliex
0.00214
Guardado en BTC
BTER
0.0001001
Guardado
Kraken
17.88
Guardado
Yobit
17.85
Guardado en BTC
Liqui
0.001948
Guardado
LiveCoin
18.2
Guardado en BTC
Tidex
0.001995
Guardado en BTC
Abucoins
0.001991
Guardado en BTC
Kucoin
0.001945
Guardado en BTC
BitZ
0.00194
Guardado
BitFlip
19
Guardado en BTC
CoinEx
0.001941
Guardado
Bitfinex
17.79
Guardado
HitBTC
17.81
Guardado en BTC
Gateio
0.00195
Guardado en BTC
HuobiPro
0.001943
Guardado en BTC
OKEX
0.001943
Guardado en BTC
EXX
0.001961
Guardado en BTC
Braziliex
0.00214
Guardado en BTC
BTER
0.0001001
Guardado
Kraken
17.88
Guardado
Yobit
17.85
Guardado en BTC
Liqui
0.001948
Guardado
LiveCoin
18.2
Guardado en BTC
Tidex
0.001995
Guardado en BTC
Abucoins
0.001991
Guardado en BTC
Kucoin
0.001945
Guardado en BTC
BitZ
0.001938
Guardado
BitFlip
19
Guardado en BTC
CoinEx
0.00194
Guardado en BTC
Binance
0.001937
