rake aborted!
SyntaxError: /home/cristian/CryptoApp/lib/tasks/demo.rake:246: syntax error, unexpected keyword_end, expecting end-of-input
/home/cristian/.rvm/gems/ruby-2.4.1/gems/activesupport-5.1.4/lib/active_support/dependencies.rb:286:in `load'
/home/cristian/.rvm/gems/ruby-2.4.1/gems/activesupport-5.1.4/lib/active_support/dependencies.rb:286:in `block in load'
/home/cristian/.rvm/gems/ruby-2.4.1/gems/activesupport-5.1.4/lib/active_support/dependencies.rb:258:in `load_dependency'
/home/cristian/.rvm/gems/ruby-2.4.1/gems/activesupport-5.1.4/lib/active_support/dependencies.rb:286:in `load'
/home/cristian/.rvm/gems/ruby-2.4.1/gems/railties-5.1.4/lib/rails/engine.rb:648:in `block in run_tasks_blocks'
/home/cristian/.rvm/gems/ruby-2.4.1/gems/railties-5.1.4/lib/rails/engine.rb:648:in `each'
/home/cristian/.rvm/gems/ruby-2.4.1/gems/railties-5.1.4/lib/rails/engine.rb:648:in `run_tasks_blocks'
/home/cristian/.rvm/gems/ruby-2.4.1/gems/railties-5.1.4/lib/rails/application.rb:440:in `run_tasks_blocks'
/home/cristian/.rvm/gems/ruby-2.4.1/gems/railties-5.1.4/lib/rails/engine.rb:457:in `load_tasks'
/home/cristian/CryptoApp/Rakefile:6:in `<top (required)>'
/home/cristian/.rvm/gems/ruby-2.4.1/gems/rake-12.3.0/exe/rake:27:in `<top (required)>'
/home/cristian/.rvm/gems/ruby-2.4.1/bin/ruby_executable_hooks:15:in `eval'
/home/cristian/.rvm/gems/ruby-2.4.1/bin/ruby_executable_hooks:15:in `<main>'
(See full trace by running task with --trace)
rake aborted!
SyntaxError: /home/cristian/CryptoApp/lib/tasks/demo.rake:246: syntax error, unexpected keyword_end, expecting end-of-input
/home/cristian/.rvm/gems/ruby-2.4.1/gems/activesupport-5.1.4/lib/active_support/dependencies.rb:286:in `load'
/home/cristian/.rvm/gems/ruby-2.4.1/gems/activesupport-5.1.4/lib/active_support/dependencies.rb:286:in `block in load'
/home/cristian/.rvm/gems/ruby-2.4.1/gems/activesupport-5.1.4/lib/active_support/dependencies.rb:258:in `load_dependency'
/home/cristian/.rvm/gems/ruby-2.4.1/gems/activesupport-5.1.4/lib/active_support/dependencies.rb:286:in `load'
/home/cristian/.rvm/gems/ruby-2.4.1/gems/railties-5.1.4/lib/rails/engine.rb:648:in `block in run_tasks_blocks'
/home/cristian/.rvm/gems/ruby-2.4.1/gems/railties-5.1.4/lib/rails/engine.rb:648:in `each'
/home/cristian/.rvm/gems/ruby-2.4.1/gems/railties-5.1.4/lib/rails/engine.rb:648:in `run_tasks_blocks'
/home/cristian/.rvm/gems/ruby-2.4.1/gems/railties-5.1.4/lib/rails/application.rb:440:in `run_tasks_blocks'
/home/cristian/.rvm/gems/ruby-2.4.1/gems/railties-5.1.4/lib/rails/engine.rb:457:in `load_tasks'
/home/cristian/CryptoApp/Rakefile:6:in `<top (required)>'
/home/cristian/.rvm/gems/ruby-2.4.1/gems/rake-12.3.0/exe/rake:27:in `<top (required)>'
/home/cristian/.rvm/gems/ruby-2.4.1/bin/ruby_executable_hooks:15:in `eval'
/home/cristian/.rvm/gems/ruby-2.4.1/bin/ruby_executable_hooks:15:in `<main>'
(See full trace by running task with --trace)
Guardado en BTC
Poloniex
3.653e-05
Guardado en BTC
BitTrex
3.665e-05
Guardado
Bitfinex
0.2487
Guardado en BTC
Cryptopia
3.658e-05
Guardado
Yobit
0.2813
Guardado en BTC
TuxExchange
4.412e-05
Guardado en BTC
Liqui
3.65e-05
Guardado
LiveCoin
0.28
Guardado en BTC
Tidex
3.786e-05
Guardado en BTC
Novaexchange
3.169e-05
Guardado en BTC
Abucoins
3.015e-05
Guardado en BTC
HuobiPro
3.667e-05
Guardado en BTC
OKEX
3.636e-05
Guardado en BTC
Poloniex
3.689e-05
Guardado en BTC
BitTrex
3.655e-05
Guardado
Bitfinex
0.2487
Guardado en BTC
TuxExchange
4.412e-05
Guardado en BTC
Liqui
3.65e-05
Guardado
LiveCoin
0.28
Guardado en BTC
Tidex
3.786e-05
Guardado en BTC
Abucoins
3.015e-05
Guardado en BTC
HuobiPro
3.661e-05
Guardado en BTC
OKEX
3.636e-05
Guardado en BTC
Cryptopia
3.658e-05
Guardado
Yobit
0.2813
Guardado en BTC
Novaexchange
3.169e-05
Guardado en BTC
Poloniex
3.643e-05
Guardado en BTC
BitTrex
3.662e-05
Guardado
Bitfinex
0.2495
Guardado en BTC
TuxExchange
4.412e-05
Guardado en BTC
Liqui
3.65e-05
Guardado
LiveCoin
0.28
Guardado en BTC
Tidex
3.786e-05
Guardado en BTC
Abucoins
3.015e-05
Guardado en BTC
HuobiPro
3.666e-05
Guardado en BTC
OKEX
3.636e-05
Guardado en BTC
Cryptopia
3.658e-05
Guardado
Yobit
0.2813
Guardado en BTC
Novaexchange
3.169e-05
Guardado en BTC
Poloniex
3.653e-05
Guardado en BTC
BitTrex
3.665e-05
Guardado
Bitfinex
0.2495
Guardado en BTC
TuxExchange
4.412e-05
Guardado en BTC
Liqui
3.65e-05
Guardado
LiveCoin
0.28
Guardado en BTC
Tidex
3.786e-05
Guardado en BTC
Abucoins
3.015e-05
Guardado en BTC
HuobiPro
3.673e-05
Guardado en BTC
OKEX
3.636e-05
Guardado en BTC
Cryptopia
3.675e-05
Guardado
Yobit
0.2813
Guardado en BTC
Novaexchange
3.169e-05
Guardado en BTC
Poloniex
3.653e-05
Guardado en BTC
BitTrex
3.665e-05
Guardado
Bitfinex
0.2487
Guardado en BTC
TuxExchange
4.412e-05
Guardado en BTC
Liqui
3.65e-05
Guardado
LiveCoin
0.28
Guardado en BTC
Tidex
3.786e-05
Guardado en BTC
Abucoins
3.015e-05
Guardado en BTC
HuobiPro
3.66e-05
Guardado en BTC
OKEX
3.636e-05
Guardado en BTC
Cryptopia
3.675e-05
Guardado
Yobit
0.2813
Guardado en BTC
Novaexchange
3.169e-05
Guardado en BTC
Poloniex
3.655e-05
Guardado en BTC
BitTrex
3.633e-05
Guardado
Bitfinex
0.2464
Guardado en BTC
TuxExchange
4.412e-05
Guardado en BTC
Liqui
3.65e-05
Guardado
LiveCoin
0.28
Guardado en BTC
Tidex
3.786e-05
Guardado en BTC
Abucoins
3.015e-05
Guardado en BTC
HuobiPro
3.658e-05
Guardado en BTC
OKEX
3.636e-05
Guardado en BTC
Cryptopia
3.675e-05
Guardado
Yobit
0.2813
Guardado en BTC
Novaexchange
3.169e-05
Guardado en BTC
Poloniex
3.619e-05
Guardado en BTC
BitTrex
3.59e-05
Guardado
Bitfinex
0.2433
Guardado en BTC
TuxExchange
4.412e-05
Guardado en BTC
Liqui
3.622e-05
Guardado
LiveCoin
0.28
Guardado en BTC
Tidex
3.786e-05
Guardado en BTC
Abucoins
3.015e-05
Guardado en BTC
HuobiPro
3.606e-05
Guardado en BTC
OKEX
3.618e-05
Guardado en BTC
Cryptopia
3.675e-05
Guardado
Yobit
0.2813
Guardado en BTC
Novaexchange
3.169e-05
rake aborted!
JSON::ParserError: 765: unexpected token at '<html>
<head><title>502 Bad Gateway</title></head>
<body bgcolor="white">
<center><h1>502 Bad Gateway</h1></center>
<hr><center>nginx/1.4.6 (Ubuntu)</center>
</body>
</html>
'
/home/cristian/.rvm/gems/ruby-2.4.1/gems/json-2.1.0/lib/json/common.rb:156:in `parse'
/home/cristian/.rvm/gems/ruby-2.4.1/gems/json-2.1.0/lib/json/common.rb:156:in `parse'
/home/cristian/.rvm/gems/ruby-2.4.1/gems/cryptocompare-0.14.0/lib/cryptocompare/price.rb:72:in `find'
/home/cristian/CryptoApp/lib/tasks/demo.rake:336:in `block (3 levels) in <top (required)>'
/home/cristian/.rvm/gems/ruby-2.4.1/gems/activerecord-5.1.4/lib/active_record/relation/delegation.rb:39:in `each'
/home/cristian/.rvm/gems/ruby-2.4.1/gems/activerecord-5.1.4/lib/active_record/relation/delegation.rb:39:in `each'
/home/cristian/CryptoApp/lib/tasks/demo.rake:335:in `block (2 levels) in <top (required)>'
/home/cristian/.rvm/gems/ruby-2.4.1/gems/rake-12.3.0/exe/rake:27:in `<top (required)>'
/home/cristian/.rvm/gems/ruby-2.4.1/bin/ruby_executable_hooks:15:in `eval'
/home/cristian/.rvm/gems/ruby-2.4.1/bin/ruby_executable_hooks:15:in `<main>'
Tasks: TOP => gnt:demo
(See full trace by running task with --trace)
Guardado en BTC
Poloniex
3.617e-05
Guardado en BTC
BitTrex
3.644e-05
Guardado
Bitfinex
0.2426
Guardado en BTC
TuxExchange
4.412e-05
Guardado en BTC
Liqui
3.63e-05
Guardado en BTC
Poloniex
3.644e-05
Guardado en BTC
BitTrex
3.644e-05
Guardado
Bitfinex
0.2426
Guardado en BTC
TuxExchange
4.412e-05
Guardado en BTC
Liqui
3.63e-05
Guardado
LiveCoin
0.28
Guardado en BTC
Tidex
3.786e-05
Guardado en BTC
Abucoins
3.015e-05
Guardado en BTC
HuobiPro
3.621e-05
Guardado en BTC
OKEX
3.618e-05
Guardado en BTC
Cryptopia
3.675e-05
Guardado
Yobit
0.2813
Guardado en BTC
Novaexchange
3.169e-05
Guardado en BTC
Poloniex
3.643e-05
Guardado en BTC
BitTrex
3.608e-05
Guardado
Bitfinex
0.2426
Guardado en BTC
TuxExchange
4.412e-05
Guardado en BTC
Liqui
3.63e-05
Guardado
LiveCoin
0.28
Guardado en BTC
Tidex
3.786e-05
Guardado en BTC
Abucoins
3.015e-05
Guardado en BTC
HuobiPro
3.629e-05
Guardado en BTC
OKEX
3.618e-05
Guardado en BTC
Cryptopia
3.675e-05
Guardado
Yobit
0.2813
Guardado en BTC
Novaexchange
3.169e-05
