Guardado
Bitstamp
116.65
Guardado
OKCoin
215.69
Guardado
Coinbase
116.5
Guardado
Poloniex
116.5
Guardado
Cexio
4.37
Guardado
BitTrex
116.85
Guardado
Kraken
116.74
Guardado
Bitfinex
116.63
Guardado
HitBTC
120.51
Guardado
Gatecoin
132.93
Guardado
Exmo
118.37
Guardado
BitBay
137
Guardado
Coinroom
112.73
Guardado
ExtStock
118.84
Guardado
WavesDEX
145
Guardado
CCEX
122
Guardado
Yobit
118.69
Guardado
LiveCoin
118
Guardado
Bitstamp
116.48
Guardado
OKCoin
215.69
Guardado
Coinbase
116.11
Guardado
Poloniex
116.5
Guardado
Cexio
4.37
Guardado
BitTrex
116.85
Guardado
Kraken
116.74
Guardado
Bitfinex
116.52
Guardado
HitBTC
120.52
Guardado
Gatecoin
132.93
Guardado
Exmo
118.37
Guardado
BitBay
137
Guardado
Coinroom
112.49
Guardado
ExtStock
118.84
Guardado
WavesDEX
145
Guardado
CCEX
122
Guardado
Yobit
118.69
Guardado
LiveCoin
118
Guardado
Bitstamp
116.4
Guardado
OKCoin
215.69
Guardado
Coinbase
116.33
Guardado
Poloniex
116.5
Guardado
Cexio
4.37
Guardado
BitTrex
116.45
Guardado
Kraken
116.2
Guardado
Bitfinex
116.43
Guardado
HitBTC
120.31
Guardado
Gatecoin
132.93
Guardado
Exmo
118.37
Guardado
BitBay
137
Guardado
Coinroom
112.49
Guardado
ExtStock
118.84
Guardado
WavesDEX
145
Guardado
CCEX
122
Guardado
Yobit
118.69
Guardado
LiveCoin
118
Guardado
Bitstamp
116.4
Guardado
OKCoin
215.69
Guardado
Coinbase
116.37
Guardado
Cexio
4.37
Guardado
BitTrex
116.45
Guardado
Kraken
116.2
Guardado
Bitfinex
116.34
Guardado
HitBTC
120.22
Guardado
Gatecoin
132.93
Guardado
Exmo
118.37
Guardado
BitBay
137
Guardado
Coinroom
112.49
Guardado
ExtStock
118.84
Guardado
WavesDEX
145
Guardado
CCEX
122
Guardado
Yobit
118.69
Guardado
LiveCoin
118
Guardado
Poloniex
116.5
Guardado
Bitstamp
116.4
Guardado
OKCoin
215.69
Guardado
Coinbase
116.26
Guardado
Cexio
4.37
Guardado
BitTrex
116.45
Guardado
Kraken
116.2
Guardado
Bitfinex
116.28
Guardado
HitBTC
120.28
Guardado
Gatecoin
132.93
Guardado
Exmo
118.37
Guardado
BitBay
137
Guardado
Coinroom
112.39
Guardado
ExtStock
118.84
Guardado
WavesDEX
145
Guardado
CCEX
122
Guardado
Yobit
118.69
Guardado
LiveCoin
118
Guardado
Poloniex
116.5
Guardado
Bitstamp
116.4
Guardado
OKCoin
215.69
Guardado
Coinbase
116.27
Guardado
Cexio
4.37
Guardado
BitTrex
116.45
Guardado
Kraken
116.2
Guardado
Bitfinex
116.26
Guardado
HitBTC
120.25
Guardado
Gatecoin
132.93
Guardado
Exmo
118.37
Guardado
BitBay
137
Guardado
Coinroom
112.16
Guardado
ExtStock
118.79
Guardado
WavesDEX
145
Guardado
CCEX
122
Guardado
Yobit
118.69
Guardado
LiveCoin
118
Guardado
Poloniex
116.75
Guardado
Bitstamp
116.26
Guardado
OKCoin
215.69
Guardado
Coinbase
116.27
Guardado
Cexio
4.37
Guardado
Kraken
116.2
Guardado
Bitfinex
116.26
Guardado
HitBTC
120.03
Guardado
Gatecoin
132.93
Guardado
Exmo
118.18
Guardado
BitBay
137
Guardado
Coinroom
112.16
Guardado
ExtStock
118.78
Guardado
BitTrex
116.45
Guardado
WavesDEX
145
Guardado
CCEX
122
Guardado
Yobit
118.69
Guardado
LiveCoin
118
Guardado
Poloniex
116.75
Guardado
Bitstamp
116.26
Guardado
OKCoin
215.69
Guardado
Coinbase
116.3
Guardado
Cexio
4.37
Guardado
Kraken
116.2
Guardado
Bitfinex
116.25
Guardado
HitBTC
120.15
Guardado
Gatecoin
132.93
Guardado
Exmo
118.12
Guardado
BitBay
137
Guardado
Coinroom
112.42
Guardado
ExtStock
119.44
Guardado
BitTrex
116.45
Guardado
WavesDEX
145
Guardado
CCEX
122
Guardado
Yobit
118.69
Guardado
LiveCoin
118
Guardado
Poloniex
116.75
Guardado
Bitstamp
116.23
Guardado
OKCoin
215.69
Guardado
Coinbase
116.29
Guardado
Cexio
4.37
Guardado
Kraken
116.2
Guardado
Bitfinex
116.24
Guardado
HitBTC
120.28
Guardado
Gatecoin
132.93
Guardado
Exmo
118.41
Guardado
BitBay
137
Guardado
Coinroom
112.08
Guardado
ExtStock
119.44
Guardado
BitTrex
116.45
Guardado
WavesDEX
145
Guardado
CCEX
122
Guardado
Yobit
118.69
Guardado
LiveCoin
118
Guardado
Poloniex
116.75
Guardado
Bitstamp
116.55
Guardado
OKCoin
215.69
Guardado
Coinbase
116.72
Guardado
Cexio
4.37
Guardado
Kraken
116.58
Guardado
Bitfinex
116.56
Guardado
HitBTC
120.36
Guardado
Gatecoin
132.93
Guardado
Exmo
118.41
Guardado
BitBay
137
Guardado
Coinroom
112.08
Guardado
ExtStock
119.44
Guardado
BitTrex
116.45
Guardado
WavesDEX
145
Guardado
CCEX
122
Guardado
Yobit
119.25
Guardado
LiveCoin
118
Guardado
Poloniex
116.75
Guardado
Bitstamp
116.7
Guardado
OKCoin
215.69
Guardado
Coinbase
116.56
Guardado
Cexio
4.37
Guardado
Kraken
116.58
Guardado
Bitfinex
116.93
Guardado
HitBTC
120.35
Guardado
Gatecoin
132.93
Guardado
Exmo
118.04
Guardado
BitBay
137
Guardado
Coinroom
113.3
Guardado
ExtStock
119.44
Guardado
BitTrex
116.45
Guardado
WavesDEX
145
Guardado
CCEX
122
Guardado
Yobit
119.25
Guardado
LiveCoin
118
Guardado
Poloniex
116.75
Guardado en BTC
BTCChina
0.0143
Guardado
Bitstamp
116.88
Guardado
OKCoin
215.69
Guardado
Coinbase
116.79
Guardado
Cexio
4.37
Guardado
Kraken
116.58
Guardado
Bitfinex
116.94
Guardado en BTC
Yacuna
0.01279
Guardado
HitBTC
120.64
Guardado en BTC
BTC38
0.005
Guardado en BTC
LakeBTC
0.0163
Guardado en BTC
Bit2C
0.01499
Guardado
Gatecoin
132.93
Guardado en BTC
Cryptopia
0.01678
Guardado
Exmo
118.04
Guardado
BitBay
137
Guardado en BTC
BTCMarkets
0.01669
Guardado en BTC
QuadrigaCX
0.01674
Guardado en BTC
Bitso
0.0167
Guardado en BTC
Liqui
0.01677
Guardado en BTC
BitMarket
0.0183
Guardado en BTC
Tidex
0.01675
Guardado en BTC
Bleutrade
0.0165
Guardado en BTC
Binance
0.01676
Guardado
Coinroom
113.07
Guardado en BTC
BXinth
0.0169
Guardado en BTC
Gateio
0.01684
Guardado en BTC
HuobiPro
0.01673
Guardado en BTC
OKEX
0.01672
Guardado en BTC
EXX
0.01685
Guardado en BTC
Kucoin
0.01667
Guardado en BTC
TrustDEX
0.01675
Guardado en BTC
BitZ
0.01673
Guardado en BTC
TradeSatoshi
0.0172
Guardado
ExtStock
119.14
Guardado
BitTrex
116.45
Guardado
WavesDEX
145
Guardado
CCEX
122
Guardado en BTC
Abucoins
0.017
Guardado
Yobit
119.25
Guardado
LiveCoin
118
Guardado
Poloniex
116.75
Guardado en BTC
BTCChina
0.0143
Guardado
Bitstamp
117.05
Guardado
OKCoin
215.69
Guardado
Coinbase
116.94
Guardado
Cexio
4.37
Guardado
Kraken
116.58
Guardado
Bitfinex
116.99
Guardado en BTC
Yacuna
0.01279
Guardado
HitBTC
120.64
Guardado en BTC
BTC38
0.005
Guardado en BTC
LakeBTC
0.0163
Guardado en BTC
Bit2C
0.01499
Guardado
Gatecoin
132.93
Guardado en BTC
Cryptopia
0.01678
Guardado
Exmo
118.23
Guardado
BitBay
137
Guardado en BTC
BTCMarkets
0.01669
Guardado en BTC
QuadrigaCX
0.01674
Guardado en BTC
Bitso
0.0167
Guardado en BTC
Liqui
0.01677
Guardado en BTC
BitMarket
0.0183
Guardado en BTC
Tidex
0.01675
Guardado en BTC
Bleutrade
0.0165
Guardado en BTC
Binance
0.01673
Guardado
Coinroom
112.9
Guardado en BTC
BXinth
0.0169
Guardado en BTC
Gateio
0.01684
Guardado en BTC
OKEX
0.01673
Guardado en BTC
EXX
0.01685
Guardado en BTC
Kucoin
0.01667
Guardado en BTC
TrustDEX
0.01676
Guardado en BTC
BitZ
0.01673
Guardado en BTC
TradeSatoshi
0.0172
Guardado
ExtStock
118.76
Guardado
BitTrex
116.45
Guardado
WavesDEX
145
Guardado
CCEX
122
Guardado en BTC
Abucoins
0.017
Guardado
Yobit
119.25
Guardado
LiveCoin
118
Guardado
Poloniex
116.75
Guardado en BTC
HuobiPro
0.01673
Guardado en BTC
BTCChina
0.0143
Guardado
Bitstamp
116.9
Guardado
OKCoin
215.69
Guardado
Coinbase
116.91
Guardado
Cexio
4.37
Guardado
Kraken
116.58
Guardado
Bitfinex
116.99
Guardado en BTC
Yacuna
0.01279
Guardado
HitBTC
120.65
Guardado en BTC
BTC38
0.005
Guardado en BTC
Bit2C
0.01499
Guardado
Gatecoin
132.93
Guardado en BTC
Cryptopia
0.01678
Guardado
Exmo
118.23
Guardado
BitBay
137
Guardado en BTC
BTCMarkets
0.01669
Guardado en BTC
QuadrigaCX
0.01674
Guardado en BTC
Bitso
0.0167
Guardado en BTC
Liqui
0.01677
Guardado en BTC
BitMarket
0.0183
Guardado en BTC
Tidex
0.01675
Guardado en BTC
Bleutrade
0.0165
Guardado en BTC
Binance
0.01673
Guardado
Coinroom
112.9
Guardado en BTC
BXinth
0.0169
Guardado en BTC
Gateio
0.01684
Guardado en BTC
OKEX
0.01673
Guardado en BTC
EXX
0.01685
Guardado en BTC
Kucoin
0.01667
Guardado en BTC
TrustDEX
0.01679
Guardado en BTC
BitZ
0.01672
Guardado en BTC
TradeSatoshi
0.0172
Guardado
ExtStock
118.75
Guardado
BitTrex
116.45
Guardado
WavesDEX
145
Guardado
CCEX
122
Guardado en BTC
Abucoins
0.017
Guardado
Yobit
119.25
Guardado
LiveCoin
118
Guardado
Poloniex
116.75
Guardado en BTC
HuobiPro
0.01672
Guardado en BTC
LakeBTC
0.0163
Guardado en BTC
BTCChina
0.0143
Guardado
Bitstamp
116.9
Guardado
OKCoin
215.69
Guardado
Coinbase
116.71
Guardado
Cexio
4.37
Guardado
Kraken
116.58
Guardado
Bitfinex
116.82
Guardado en BTC
Yacuna
0.01279
Guardado
HitBTC
120.72
Guardado en BTC
BTC38
0.005
Guardado en BTC
Bit2C
0.01499
Guardado
Gatecoin
132.93
Guardado en BTC
Cryptopia
0.01685
Guardado
Exmo
118.23
Guardado
BitBay
137
Guardado en BTC
BTCMarkets
0.01669
Guardado en BTC
QuadrigaCX
0.01674
Guardado en BTC
Bitso
0.0167
Guardado en BTC
Liqui
0.01677
Guardado en BTC
BitMarket
0.0183
Guardado en BTC
Tidex
0.01675
Guardado en BTC
Bleutrade
0.0165
Guardado en BTC
Binance
0.01672
Guardado
Coinroom
112.73
Guardado en BTC
BXinth
0.0169
Guardado en BTC
Gateio
0.01684
Guardado en BTC
OKEX
0.01673
Guardado en BTC
EXX
0.01685
Guardado en BTC
Kucoin
0.01675
Guardado en BTC
TrustDEX
0.0167
Guardado en BTC
BitZ
0.01672
Guardado en BTC
TradeSatoshi
0.0172
Guardado
ExtStock
118.75
Guardado
BitTrex
116.59
Guardado
WavesDEX
145
Guardado
CCEX
122
Guardado en BTC
Abucoins
0.017
Guardado
Yobit
119.25
Guardado
LiveCoin
118
Guardado
Poloniex
117
Guardado en BTC
HuobiPro
0.01673
Guardado en BTC
LakeBTC
0.0163
Guardado en BTC
BTCChina
0.0143
Guardado
Bitstamp
116.82
Guardado
OKCoin
215.69
Guardado
Coinbase
117.09
Guardado
Cexio
4.37
Guardado
Kraken
117
Guardado
Bitfinex
117.3
Guardado en BTC
Yacuna
0.01279
Guardado
HitBTC
121.08
Guardado en BTC
BTC38
0.005
Guardado en BTC
Bit2C
0.01499
Guardado
Gatecoin
132.93
Guardado en BTC
Cryptopia
0.01685
Guardado
Exmo
118.28
Guardado
BitBay
137
Guardado en BTC
BTCMarkets
0.01669
Guardado en BTC
QuadrigaCX
0.01674
Guardado en BTC
Bitso
0.0167
Guardado en BTC
Liqui
0.01677
Guardado en BTC
BitMarket
0.0183
Guardado en BTC
Tidex
0.01675
Guardado en BTC
Bleutrade
0.0165
Guardado en BTC
Binance
0.01673
Guardado
Coinroom
112.97
Guardado en BTC
BXinth
0.0169
Guardado en BTC
Gateio
0.01684
Guardado en BTC
OKEX
0.01673
Guardado en BTC
EXX
0.01685
Guardado en BTC
Kucoin
0.01676
Guardado en BTC
TrustDEX
0.0167
Guardado en BTC
BitZ
0.01675
Guardado en BTC
TradeSatoshi
0.0172
Guardado
ExtStock
118.75
Guardado
BitTrex
116.59
Guardado
WavesDEX
145
Guardado
CCEX
122
Guardado en BTC
Abucoins
0.017
Guardado
Yobit
119.25
Guardado
LiveCoin
118.03
Guardado
Poloniex
117
Guardado en BTC
HuobiPro
0.01673
Guardado en BTC
LakeBTC
0.0163
Guardado en BTC
BTCChina
0.0143
Guardado
Bitstamp
117.09
Guardado
OKCoin
215.69
Guardado
Coinbase
117.1
Guardado
Cexio
4.37
Guardado
Kraken
117
Guardado
Bitfinex
117.14
Guardado en BTC
Yacuna
0.01279
Guardado
HitBTC
121.06
Guardado en BTC
BTC38
0.005
Guardado en BTC
Bit2C
0.01499
Guardado
Gatecoin
132.93
Guardado en BTC
Cryptopia
0.01685
Guardado
Exmo
118.28
Guardado
BitBay
137
Guardado en BTC
BTCMarkets
0.01669
Guardado en BTC
QuadrigaCX
0.01674
Guardado en BTC
Bitso
0.0167
Guardado en BTC
Liqui
0.01677
Guardado en BTC
BitMarket
0.0183
Guardado en BTC
Tidex
0.01675
Guardado en BTC
Bleutrade
0.0165
Guardado en BTC
Binance
0.01675
Guardado
Coinroom
112.97
Guardado en BTC
BXinth
0.0169
Guardado en BTC
Gateio
0.01684
Guardado en BTC
OKEX
0.01672
Guardado en BTC
EXX
0.01685
Guardado en BTC
Kucoin
0.01676
Guardado en BTC
TrustDEX
0.01675
Guardado en BTC
BitZ
0.01675
Guardado en BTC
TradeSatoshi
0.0172
Guardado
ExtStock
118.8
Guardado
BitTrex
116.59
Guardado
WavesDEX
145
Guardado
CCEX
122
Guardado en BTC
Abucoins
0.017
Guardado
Yobit
119.25
Guardado
LiveCoin
118.03
Guardado
Poloniex
117
Guardado en BTC
HuobiPro
0.01673
Guardado en BTC
LakeBTC
0.0163
Guardado en BTC
BTCChina
0.0143
Guardado
Bitstamp
117.09
Guardado
OKCoin
215.69
Guardado
Coinbase
117.09
Guardado
Cexio
4.37
Guardado
Kraken
117
Guardado
Bitfinex
117.16
Guardado en BTC
Yacuna
0.01279
Guardado
HitBTC
121.05
Guardado en BTC
BTC38
0.005
Guardado en BTC
Bit2C
0.01499
Guardado
Gatecoin
132.93
Guardado en BTC
Cryptopia
0.01685
Guardado
Exmo
118.39
Guardado
BitBay
137
Guardado en BTC
BTCMarkets
0.01669
Guardado en BTC
QuadrigaCX
0.01674
Guardado en BTC
Bitso
0.0167
Guardado en BTC
Liqui
0.01677
Guardado en BTC
BitMarket
0.0183
Guardado en BTC
Tidex
0.01675
Guardado en BTC
Bleutrade
0.0165
Guardado en BTC
Binance
0.01672
Guardado
Coinroom
112.67
Guardado en BTC
BXinth
0.0169
Guardado en BTC
Gateio
0.01684
Guardado en BTC
OKEX
0.01673
Guardado en BTC
EXX
0.01685
Guardado en BTC
Kucoin
0.01676
Guardado en BTC
TrustDEX
0.0167
Guardado en BTC
BitZ
0.01672
Guardado en BTC
TradeSatoshi
0.0172
Guardado
ExtStock
118.8
Guardado
BitTrex
117
Guardado
WavesDEX
145
Guardado en BTC
Abucoins
0.017
Guardado
Yobit
119.25
Guardado
LiveCoin
118.03
Guardado
Poloniex
117
Guardado en BTC
HuobiPro
0.01673
Guardado en BTC
LakeBTC
0.0163
Guardado
CCEX
122
Guardado en BTC
BTCChina
0.0143
Guardado
Bitstamp
117.09
Guardado
OKCoin
215.69
Guardado
Coinbase
117.1
Guardado
Cexio
4.37
Guardado
Kraken
117
Guardado
Bitfinex
117.24
Guardado en BTC
Yacuna
0.01279
Guardado
HitBTC
121.02
Guardado en BTC
BTC38
0.005
Guardado en BTC
Bit2C
0.01499
Guardado
Gatecoin
132.93
Guardado en BTC
Cryptopia
0.01685
Guardado
BitBay
137
Guardado en BTC
BTCMarkets
0.01669
Guardado en BTC
QuadrigaCX
0.01674
Guardado en BTC
Bitso
0.0167
Guardado en BTC
Liqui
0.01677
Guardado en BTC
BitMarket
0.0183
Guardado en BTC
Tidex
0.01675
Guardado en BTC
Bleutrade
0.0165
Guardado en BTC
Binance
0.01673
Guardado en BTC
BXinth
0.0169
Guardado en BTC
Gateio
0.01684
Guardado en BTC
OKEX
0.01673
Guardado en BTC
EXX
0.01685
Guardado en BTC
Kucoin
0.01676
Guardado en BTC
TrustDEX
0.01677
Guardado en BTC
BitZ
0.01673
Guardado en BTC
TradeSatoshi
0.0172
Guardado
ExtStock
119.44
Guardado
BitTrex
117
Guardado
WavesDEX
145
Guardado en BTC
Abucoins
0.017
Guardado
Yobit
119.25
Guardado
LiveCoin
118.03
Guardado
Poloniex
117.1
Guardado en BTC
HuobiPro
0.01675
Guardado en BTC
LakeBTC
0.0163
Guardado
CCEX
122
Guardado
Exmo
118.47
Guardado
Coinroom
112.8
Guardado en BTC
BTCChina
0.0143
Guardado
Bitstamp
117.07
Guardado
OKCoin
215.69
Guardado
Coinbase
117.09
Guardado
Cexio
4.37
Guardado
Kraken
117
Guardado
Bitfinex
117.2
Guardado en BTC
Yacuna
0.01279
Guardado
HitBTC
121.04
Guardado en BTC
BTC38
0.005
Guardado en BTC
Bit2C
0.01499
Guardado
Gatecoin
132.93
Guardado en BTC
Cryptopia
0.01685
Guardado
BitBay
137
Guardado en BTC
BTCMarkets
0.01669
Guardado en BTC
QuadrigaCX
0.01674
Guardado en BTC
Bitso
0.0167
Guardado en BTC
Liqui
0.01677
Guardado en BTC
BitMarket
0.0183
Guardado en BTC
Tidex
0.01675
Guardado en BTC
Bleutrade
0.0165
Guardado en BTC
Binance
0.01674
Guardado en BTC
BXinth
0.0169
Guardado en BTC
Gateio
0.01684
Guardado en BTC
OKEX
0.01674
Guardado en BTC
EXX
0.01685
Guardado en BTC
Kucoin
0.01676
Guardado en BTC
TrustDEX
0.01679
Guardado en BTC
BitZ
0.01674
Guardado en BTC
TradeSatoshi
0.0172
Guardado
ExtStock
119.44
Guardado
BitTrex
117
Guardado
WavesDEX
145
Guardado en BTC
Abucoins
0.017
Guardado
Yobit
119.6
Guardado
LiveCoin
118.03
Guardado
Poloniex
117
Guardado en BTC
HuobiPro
0.01673
Guardado en BTC
LakeBTC
0.0163
Guardado
CCEX
122
Guardado
Exmo
118.47
Guardado
Coinroom
112.9
Guardado en BTC
BTCChina
0.0143
Guardado
Bitstamp
116.97
Guardado
OKCoin
215.69
Guardado
Coinbase
116.82
Guardado
Cexio
4.37
Guardado
Kraken
117
Guardado
Bitfinex
117.18
Guardado en BTC
Yacuna
0.01279
Guardado
HitBTC
121.03
Guardado en BTC
BTC38
0.005
Guardado en BTC
Bit2C
0.01499
Guardado
Gatecoin
132.93
Guardado en BTC
Cryptopia
0.01685
Guardado
BitBay
137
Guardado en BTC
BTCMarkets
0.01669
Guardado en BTC
QuadrigaCX
0.01674
Guardado en BTC
Bitso
0.0167
Guardado en BTC
Liqui
0.01677
Guardado en BTC
BitMarket
0.0183
Guardado en BTC
Tidex
0.01675
Guardado en BTC
Bleutrade
0.0165
Guardado en BTC
Binance
0.01673
Guardado en BTC
BXinth
0.0169
Guardado en BTC
Gateio
0.01684
Guardado en BTC
OKEX
0.01674
Guardado en BTC
EXX
0.01685
Guardado en BTC
Kucoin
0.01676
Guardado en BTC
TrustDEX
0.01679
Guardado en BTC
BitZ
0.01673
Guardado en BTC
TradeSatoshi
0.0172
Guardado
ExtStock
119.44
Guardado
BitTrex
117.45
Guardado
WavesDEX
145
Guardado en BTC
Abucoins
0.017
Guardado
Yobit
119.6
Guardado
LiveCoin
118.03
Guardado
Poloniex
117
Guardado en BTC
HuobiPro
0.01671
Guardado en BTC
LakeBTC
0.0163
Guardado
CCEX
122
Guardado
Exmo
118.73
Guardado
Coinroom
112.9
Guardado en BTC
BTCChina
0.0143
Guardado
Bitstamp
116.97
Guardado
OKCoin
215.69
Guardado
Coinbase
116.57
Guardado
Cexio
4.37
Guardado
Kraken
117
Guardado
Bitfinex
116.81
Guardado en BTC
Yacuna
0.01279
Guardado
HitBTC
121.03
Guardado en BTC
BTC38
0.005
Guardado en BTC
Bit2C
0.01499
Guardado
Gatecoin
132.93
Guardado en BTC
Cryptopia
0.01685
Guardado
BitBay
137
Guardado en BTC
BTCMarkets
0.01669
Guardado en BTC
QuadrigaCX
0.01674
Guardado en BTC
Bitso
0.0167
Guardado en BTC
Liqui
0.01677
Guardado en BTC
BitMarket
0.0183
Guardado en BTC
Tidex
0.01675
Guardado en BTC
Bleutrade
0.0165
Guardado en BTC
Binance
0.01672
Guardado en BTC
BXinth
0.0169
Guardado en BTC
Gateio
0.01684
Guardado en BTC
OKEX
0.01674
Guardado en BTC
EXX
0.01685
Guardado en BTC
Kucoin
0.0167
Guardado en BTC
TrustDEX
0.01679
Guardado en BTC
BitZ
0.01672
Guardado en BTC
TradeSatoshi
0.0172
Guardado
ExtStock
118.74
Guardado
BitTrex
117.45
Guardado
WavesDEX
145
Guardado en BTC
Abucoins
0.017
Guardado
Yobit
119.6
Guardado
LiveCoin
118.03
Guardado
Poloniex
117
Guardado en BTC
HuobiPro
0.01672
Guardado en BTC
LakeBTC
0.0163
Guardado
CCEX
122
Guardado
Exmo
118.73
Guardado
Coinroom
112.94
Guardado en BTC
BTCChina
0.0143
Guardado
Bitstamp
116.64
Guardado
OKCoin
215.69
Guardado
Coinbase
116.6
Guardado
Cexio
4.37
Guardado
Kraken
116.83
Guardado
Bitfinex
116.7
Guardado en BTC
Yacuna
0.01279
Guardado
HitBTC
120.6
Guardado en BTC
BTC38
0.005
Guardado en BTC
Bit2C
0.01499
Guardado
Gatecoin
132.93
Guardado en BTC
Cryptopia
0.01685
Guardado
BitBay
137
Guardado en BTC
BTCMarkets
0.01669
Guardado en BTC
QuadrigaCX
0.01674
Guardado en BTC
Bitso
0.0167
Guardado en BTC
Liqui
0.01677
Guardado en BTC
BitMarket
0.0183
Guardado en BTC
Tidex
0.01675
Guardado en BTC
Bleutrade
0.0165
Guardado en BTC
Binance
0.01672
Guardado en BTC
BXinth
0.0169
Guardado en BTC
Gateio
0.01684
Guardado en BTC
OKEX
0.01674
Guardado en BTC
EXX
0.01685
Guardado en BTC
Kucoin
0.0167
Guardado en BTC
TrustDEX
0.01679
Guardado en BTC
BitZ
0.01674
Guardado en BTC
TradeSatoshi
0.0172
Guardado
ExtStock
119.44
Guardado
BitTrex
116.74
Guardado
WavesDEX
145
Guardado en BTC
Abucoins
0.017
Guardado
Yobit
119.6
Guardado
LiveCoin
118.03
Guardado
Poloniex
117
Guardado en BTC
HuobiPro
0.0167
Guardado en BTC
LakeBTC
0.0163
Guardado
CCEX
122
Guardado
Exmo
118.22
Guardado
Coinroom
112.98
Guardado en BTC
BTCChina
0.0143
Guardado
Bitstamp
116.63
Guardado
OKCoin
215.69
Guardado
Coinbase
116.8
Guardado
Cexio
4.37
Guardado
Kraken
116.83
Guardado
Bitfinex
116.68
Guardado en BTC
Yacuna
0.01279
Guardado
HitBTC
120.86
Guardado en BTC
BTC38
0.005
Guardado en BTC
Bit2C
0.01499
Guardado
Gatecoin
132.93
Guardado en BTC
Cryptopia
0.01685
Guardado
BitBay
137
Guardado en BTC
BTCMarkets
0.01669
Guardado en BTC
QuadrigaCX
0.01674
Guardado en BTC
Bitso
0.0167
Guardado en BTC
Liqui
0.01677
Guardado en BTC
BitMarket
0.0183
Guardado en BTC
Tidex
0.01675
Guardado en BTC
Bleutrade
0.0165
Guardado en BTC
Binance
0.01672
Guardado en BTC
BXinth
0.0169
Guardado en BTC
Gateio
0.01683
Guardado en BTC
OKEX
0.01673
Guardado en BTC
EXX
0.01685
Guardado en BTC
Kucoin
0.0167
Guardado en BTC
TrustDEX
0.01679
Guardado en BTC
BitZ
0.01672
Guardado en BTC
TradeSatoshi
0.0172
Guardado
ExtStock
118.74
Guardado
BitTrex
116.74
Guardado
WavesDEX
145
Guardado en BTC
Abucoins
0.017
Guardado
Yobit
119.6
Guardado
LiveCoin
118.03
Guardado
Poloniex
117
Guardado en BTC
HuobiPro
0.01672
Guardado en BTC
LakeBTC
0.0163
Guardado
CCEX
122
Guardado
Exmo
118.22
Guardado
Coinroom
112.62
Guardado en BTC
BTCChina
0.0143
Guardado
Bitstamp
116.95
Guardado
OKCoin
215.69
Guardado
Coinbase
116.74
Guardado
Cexio
4.37
Guardado
Kraken
116.65
Guardado
Bitfinex
116.88
Guardado en BTC
Yacuna
0.01279
Guardado
HitBTC
120.63
Guardado en BTC
BTC38
0.005
Guardado en BTC
Bit2C
0.01499
Guardado
Gatecoin
132.93
Guardado en BTC
Cryptopia
0.01685
Guardado
BitBay
137
Guardado en BTC
BTCMarkets
0.01669
Guardado en BTC
QuadrigaCX
0.01674
Guardado en BTC
Bitso
0.0167
Guardado en BTC
Liqui
0.01677
Guardado en BTC
BitMarket
0.0183
Guardado en BTC
Tidex
0.01675
Guardado en BTC
Bleutrade
0.0165
Guardado en BTC
Binance
0.01672
Guardado en BTC
BXinth
0.0169
Guardado en BTC
Gateio
0.01683
Guardado en BTC
OKEX
0.01673
Guardado en BTC
EXX
0.01685
Guardado en BTC
Kucoin
0.0167
Guardado en BTC
TrustDEX
0.0167
Guardado en BTC
BitZ
0.01672
Guardado en BTC
TradeSatoshi
0.0172
Guardado
ExtStock
118.74
Guardado
BitTrex
116.74
Guardado
WavesDEX
145
Guardado en BTC
Abucoins
0.017
Guardado
Yobit
119.6
Guardado
LiveCoin
120.41
Guardado
Poloniex
117
Guardado en BTC
HuobiPro
0.01672
Guardado en BTC
LakeBTC
0.0163
Guardado
CCEX
122
Guardado
Exmo
118.22
Guardado
Coinroom
112.34
Guardado en BTC
BTCChina
0.0143
Guardado
Bitstamp
116.95
Guardado
OKCoin
215.69
Guardado
Coinbase
116.75
Guardado
Cexio
4.37
Guardado
Kraken
116.65
Guardado
Bitfinex
116.77
Guardado en BTC
Yacuna
0.01279
Guardado
HitBTC
120.58
Guardado en BTC
BTC38
0.005
Guardado en BTC
Bit2C
0.01499
Guardado
Gatecoin
132.93
Guardado en BTC
Cryptopia
0.01685
Guardado
BitBay
137
Guardado en BTC
BTCMarkets
0.01669
Guardado en BTC
QuadrigaCX
0.01674
Guardado en BTC
Bitso
0.01728
Guardado en BTC
Liqui
0.01677
Guardado en BTC
BitMarket
0.0183
Guardado en BTC
Tidex
0.01675
Guardado en BTC
Bleutrade
0.0165
Guardado en BTC
Binance
0.01671
Guardado en BTC
BXinth
0.0169
Guardado en BTC
Gateio
0.01683
Guardado en BTC
OKEX
0.01673
Guardado en BTC
EXX
0.01685
Guardado en BTC
Kucoin
0.0167
Guardado en BTC
TrustDEX
0.01678
Guardado en BTC
BitZ
0.01672
Guardado en BTC
TradeSatoshi
0.0172
Guardado
ExtStock
118.74
Guardado
BitTrex
116.74
Guardado
WavesDEX
145
Guardado en BTC
Abucoins
0.017
Guardado
Yobit
119.6
Guardado
LiveCoin
120.41
Guardado
Poloniex
117
Guardado en BTC
HuobiPro
0.01672
Guardado en BTC
LakeBTC
0.0163
Guardado
CCEX
122
Guardado
Exmo
117.9
Guardado
Coinroom
113.03
Guardado en BTC
BTCChina
0.0143
Guardado
Bitstamp
116.95
Guardado
OKCoin
215.69
Guardado
Coinbase
116.75
Guardado
Cexio
4.37
Guardado
Kraken
116.65
Guardado
Bitfinex
116.77
Guardado en BTC
Yacuna
0.01279
Guardado
HitBTC
120.58
Guardado en BTC
BTC38
0.005
Guardado en BTC
Bit2C
0.01499
Guardado
Gatecoin
132.93
Guardado en BTC
Cryptopia
0.01685
Guardado
BitBay
137
Guardado en BTC
BTCMarkets
0.01669
Guardado en BTC
QuadrigaCX
0.01674
Guardado en BTC
Bitso
0.01728
Guardado en BTC
Liqui
0.01675
Guardado en BTC
BitMarket
0.0183
Guardado en BTC
Tidex
0.01675
Guardado en BTC
Bleutrade
0.0165
Guardado en BTC
Binance
0.01671
Guardado en BTC
BXinth
0.0169
Guardado en BTC
Gateio
0.01683
Guardado en BTC
OKEX
0.01673
Guardado en BTC
EXX
0.01685
Guardado en BTC
Kucoin
0.0167
Guardado en BTC
TrustDEX
0.01678
Guardado en BTC
BitZ
0.01672
Guardado en BTC
TradeSatoshi
0.0172
Guardado
ExtStock
118.74
Guardado
BitTrex
116.74
Guardado
WavesDEX
145
Guardado en BTC
Abucoins
0.017
Guardado
Yobit
119.6
Guardado
LiveCoin
120.41
Guardado
Poloniex
117
Guardado en BTC
HuobiPro
0.01671
Guardado en BTC
LakeBTC
0.0163
Guardado
CCEX
122
Guardado
Exmo
117.97
Guardado
Coinroom
112.34
Guardado en BTC
BTCChina
0.0143
Guardado
Bitstamp
116.95
Guardado
OKCoin
215.69
Guardado
Coinbase
116.55
Guardado
Cexio
4.37
Guardado
Kraken
116.65
Guardado
Bitfinex
116.6
Guardado en BTC
Yacuna
0.01279
Guardado
HitBTC
120.59
Guardado en BTC
BTC38
0.005
Guardado en BTC
Bit2C
0.01499
Guardado
Gatecoin
132.93
Guardado en BTC
Cryptopia
0.01685
Guardado
BitBay
137
Guardado en BTC
BTCMarkets
0.01669
Guardado en BTC
QuadrigaCX
0.01674
Guardado en BTC
Bitso
0.01728
Guardado en BTC
Liqui
0.01677
Guardado en BTC
BitMarket
0.0183
Guardado en BTC
Tidex
0.01675
Guardado en BTC
Bleutrade
0.01656
Guardado en BTC
Binance
0.01672
Guardado en BTC
BXinth
0.0169
Guardado en BTC
Gateio
0.01683
Guardado en BTC
OKEX
0.01673
Guardado en BTC
EXX
0.01685
Guardado en BTC
Kucoin
0.0167
Guardado en BTC
TrustDEX
0.01678
Guardado en BTC
BitZ
0.01672
Guardado en BTC
TradeSatoshi
0.0172
Guardado
ExtStock
118.74
Guardado
BitTrex
116.74
Guardado
WavesDEX
145
Guardado en BTC
Abucoins
0.017
Guardado
Yobit
119.6
Guardado
LiveCoin
120.41
Guardado
Poloniex
117
Guardado en BTC
HuobiPro
0.01672
Guardado en BTC
LakeBTC
0.0163
Guardado
CCEX
122
Guardado
Exmo
117.97
Guardado
Coinroom
113.18
Guardado en BTC
BTCChina
0.0143
Guardado
Bitstamp
116.66
Guardado
OKCoin
215.69
Guardado
Coinbase
116.55
Guardado
Cexio
4.37
Guardado
Kraken
116.65
Guardado
Bitfinex
116.71
Guardado en BTC
Yacuna
0.01279
Guardado
HitBTC
120.58
Guardado en BTC
BTC38
0.005
Guardado en BTC
Bit2C
0.01499
Guardado
Gatecoin
132.93
Guardado en BTC
Cryptopia
0.01685
Guardado
BitBay
137
Guardado en BTC
BTCMarkets
0.01669
Guardado en BTC
QuadrigaCX
0.01673
Guardado en BTC
Bitso
0.01728
Guardado en BTC
Liqui
0.01677
Guardado en BTC
BitMarket
0.0183
Guardado en BTC
Tidex
0.01675
Guardado en BTC
Bleutrade
0.01656
Guardado en BTC
Binance
0.01673
Guardado en BTC
BXinth
0.0169
Guardado en BTC
Gateio
0.01683
Guardado en BTC
OKEX
0.01673
Guardado en BTC
EXX
0.01685
Guardado en BTC
Kucoin
0.0167
Guardado en BTC
TrustDEX
0.01673
Guardado en BTC
BitZ
0.01671
Guardado en BTC
TradeSatoshi
0.0172
Guardado
ExtStock
118.74
Guardado
BitTrex
116.74
Guardado
WavesDEX
145
Guardado en BTC
Abucoins
0.017
Guardado
Yobit
119.6
Guardado
LiveCoin
120.41
Guardado
Poloniex
117
Guardado en BTC
HuobiPro
0.01673
Guardado en BTC
LakeBTC
0.0163
Guardado
CCEX
122
Guardado
Exmo
118.55
Guardado
Coinroom
112.34
Guardado en BTC
BTCChina
0.0143
Guardado
Bitstamp
116.66
Guardado
OKCoin
215.69
Guardado
Coinbase
116.85
Guardado
Cexio
4.37
Guardado
Kraken
116.65
Guardado
Bitfinex
116.71
Guardado en BTC
Yacuna
0.01279
Guardado
HitBTC
120.69
Guardado en BTC
BTC38
0.005
Guardado en BTC
Bit2C
0.01499
Guardado
Gatecoin
132.93
Guardado en BTC
Cryptopia
0.01684
Guardado
BitBay
137
Guardado en BTC
BTCMarkets
0.01669
Guardado en BTC
QuadrigaCX
0.01673
Guardado en BTC
Bitso
0.01728
Guardado en BTC
Liqui
0.01677
Guardado en BTC
BitMarket
0.0183
Guardado en BTC
Tidex
0.01675
Guardado en BTC
Bleutrade
0.01656
Guardado en BTC
Binance
0.0167
Guardado en BTC
BXinth
0.0169
Guardado en BTC
Gateio
0.01683
Guardado en BTC
OKEX
0.01673
Guardado en BTC
EXX
0.01685
Guardado en BTC
Kucoin
0.0167
Guardado en BTC
TrustDEX
0.01678
Guardado en BTC
BitZ
0.01672
Guardado en BTC
TradeSatoshi
0.0172
Guardado
ExtStock
118.74
Guardado
BitTrex
116.74
Guardado
WavesDEX
145
Guardado en BTC
Abucoins
0.017
Guardado
Yobit
119.6
Guardado
LiveCoin
120.41
Guardado
Poloniex
117
Guardado en BTC
HuobiPro
0.01672
Guardado en BTC
LakeBTC
0.0163
Guardado
CCEX
122
Guardado
Exmo
117.89
Guardado
Coinroom
113.08
Guardado en BTC
BTCChina
0.0143
Guardado
Bitstamp
116.87
Guardado
OKCoin
215.69
Guardado
Coinbase
116.84
Guardado
Cexio
4.37
Guardado
Kraken
116.65
Guardado
Bitfinex
116.92
Guardado en BTC
Yacuna
0.01279
Guardado
HitBTC
120.84
Guardado en BTC
BTC38
0.005
Guardado en BTC
Bit2C
0.01499
Guardado
Gatecoin
132.93
Guardado en BTC
Cryptopia
0.01684
Guardado
BitBay
137
Guardado en BTC
BTCMarkets
0.01669
Guardado en BTC
QuadrigaCX
0.01673
Guardado en BTC
Bitso
0.01728
Guardado en BTC
Liqui
0.01677
Guardado en BTC
BitMarket
0.0183
Guardado en BTC
Tidex
0.01667
Guardado en BTC
Bleutrade
0.01656
Guardado en BTC
Binance
0.01673
Guardado en BTC
BXinth
0.0169
Guardado en BTC
Gateio
0.01683
Guardado en BTC
OKEX
0.01673
Guardado en BTC
EXX
0.01685
Guardado en BTC
Kucoin
0.01675
Guardado en BTC
TrustDEX
0.01665
Guardado en BTC
BitZ
0.01673
Guardado en BTC
TradeSatoshi
0.0172
Guardado
ExtStock
119.46
Guardado
BitTrex
116.74
Guardado
WavesDEX
145
Guardado en BTC
Abucoins
0.017
Guardado
Yobit
119.6
Guardado
LiveCoin
120.41
Guardado
Poloniex
117
Guardado en BTC
HuobiPro
0.01673
Guardado en BTC
LakeBTC
0.0163
Guardado
CCEX
122
Guardado
Exmo
117.96
Guardado
Coinroom
112.4
Guardado en BTC
BTCChina
0.0143
Guardado
Bitstamp
116.97
Guardado
OKCoin
215.69
Guardado
Coinbase
116.86
Guardado
Cexio
4.37
Guardado
Kraken
117.06
Guardado
Bitfinex
117
Guardado en BTC
Yacuna
0.01279
Guardado
HitBTC
121.06
Guardado en BTC
BTC38
0.005
Guardado en BTC
Bit2C
0.01499
Guardado
Gatecoin
132.93
Guardado en BTC
Cryptopia
0.01684
Guardado
BitBay
137
Guardado en BTC
BTCMarkets
0.01669
Guardado en BTC
QuadrigaCX
0.01673
Guardado en BTC
Bitso
0.01728
Guardado en BTC
Liqui
0.01677
Guardado en BTC
BitMarket
0.0183
Guardado en BTC
Tidex
0.01667
Guardado en BTC
Bleutrade
0.01656
Guardado en BTC
Binance
0.01672
Guardado en BTC
BXinth
0.0169
Guardado en BTC
Gateio
0.01683
Guardado en BTC
OKEX
0.01673
Guardado en BTC
EXX
0.01685
Guardado en BTC
Kucoin
0.01671
Guardado en BTC
TrustDEX
0.01677
Guardado en BTC
BitZ
0.01672
Guardado en BTC
TradeSatoshi
0.0172
Guardado
ExtStock
118.74
Guardado
BitTrex
116.74
Guardado
WavesDEX
145
Guardado en BTC
Abucoins
0.017
Guardado
Yobit
119.6
Guardado
LiveCoin
120.41
Guardado
Poloniex
117
Guardado en BTC
HuobiPro
0.01671
Guardado en BTC
LakeBTC
0.0163
Guardado
CCEX
122
Guardado
Exmo
118.8
Guardado
Coinroom
112.82
Guardado en BTC
BTCChina
0.0143
Guardado
Bitstamp
117.24
Guardado
OKCoin
215.69
Guardado
Coinbase
117
Guardado
Cexio
4.37
Guardado
Kraken
117.06
Guardado
Bitfinex
117.38
Guardado en BTC
Yacuna
0.01279
Guardado
HitBTC
121.26
Guardado en BTC
BTC38
0.005
Guardado en BTC
Bit2C
0.01499
Guardado
Gatecoin
132.93
Guardado en BTC
Cryptopia
0.01684
Guardado
BitBay
137
Guardado en BTC
BTCMarkets
0.01669
Guardado en BTC
QuadrigaCX
0.01673
Guardado en BTC
Bitso
0.01728
Guardado en BTC
Liqui
0.01677
Guardado en BTC
BitMarket
0.0183
Guardado en BTC
Tidex
0.01675
Guardado en BTC
Bleutrade
0.01656
Guardado en BTC
Binance
0.01674
Guardado en BTC
BXinth
0.0169
Guardado en BTC
Gateio
0.01683
Guardado en BTC
OKEX
0.01674
Guardado en BTC
EXX
0.01685
Guardado en BTC
Kucoin
0.01671
Guardado en BTC
TrustDEX
0.01678
Guardado en BTC
BitZ
0.01674
Guardado en BTC
TradeSatoshi
0.0172
Guardado
ExtStock
118.74
Guardado
BitTrex
116.97
Guardado
WavesDEX
145
Guardado en BTC
Abucoins
0.017
Guardado
Yobit
119.6
Guardado
LiveCoin
120.41
Guardado
Poloniex
117
Guardado en BTC
HuobiPro
0.01674
Guardado en BTC
LakeBTC
0.0163
Guardado
CCEX
122
Guardado
Exmo
118.8
Guardado
Coinroom
112.27
Guardado en BTC
BTCChina
0.0143
Guardado
Bitstamp
117.24
Guardado
OKCoin
215.69
Guardado
Coinbase
116.99
Guardado
Cexio
4.37
Guardado
Kraken
116.99
Guardado
Bitfinex
117.17
Guardado en BTC
Yacuna
0.01279
Guardado
HitBTC
121.24
Guardado en BTC
BTC38
0.005
Guardado en BTC
Bit2C
0.01499
Guardado
Gatecoin
132.93
Guardado en BTC
Cryptopia
0.01684
Guardado
BitBay
137
Guardado en BTC
BTCMarkets
0.01669
Guardado en BTC
QuadrigaCX
0.01673
Guardado en BTC
Bitso
0.01728
Guardado en BTC
Liqui
0.01677
Guardado en BTC
BitMarket
0.0183
Guardado en BTC
Tidex
0.01675
Guardado en BTC
Bleutrade
0.01656
Guardado en BTC
Binance
0.01674
Guardado en BTC
BXinth
0.0169
Guardado en BTC
Gateio
0.01683
Guardado en BTC
OKEX
0.01673
Guardado en BTC
EXX
0.01685
Guardado en BTC
Kucoin
0.01671
Guardado en BTC
TrustDEX
0.01678
Guardado en BTC
BitZ
0.01674
Guardado en BTC
TradeSatoshi
0.0172
Guardado
ExtStock
119.46
Guardado
BitTrex
116.97
Guardado
WavesDEX
145
Guardado en BTC
Abucoins
0.017
Guardado
Yobit
119.6
Guardado
LiveCoin
120.41
Guardado
Poloniex
117
Guardado en BTC
HuobiPro
0.01674
Guardado en BTC
LakeBTC
0.0163
Guardado
CCEX
122.78
Guardado
Exmo
118.8
Guardado
Coinroom
112.27
Guardado en BTC
BTCChina
0.0143
Guardado
Bitstamp
117.16
Guardado
OKCoin
215.69
Guardado
Coinbase
117
Guardado
Cexio
4.37
Guardado
Kraken
116.99
Guardado
Bitfinex
117.19
Guardado en BTC
Yacuna
0.01279
Guardado
HitBTC
121.2
Guardado en BTC
BTC38
0.005
Guardado en BTC
Bit2C
0.01499
Guardado
Gatecoin
132.93
Guardado en BTC
Cryptopia
0.01684
Guardado
BitBay
137
Guardado en BTC
BTCMarkets
0.01669
Guardado en BTC
QuadrigaCX
0.01673
Guardado en BTC
Bitso
0.01728
Guardado en BTC
Liqui
0.01677
Guardado en BTC
BitMarket
0.0183
Guardado en BTC
Tidex
0.01675
Guardado en BTC
Bleutrade
0.01656
Guardado en BTC
Binance
0.01672
Guardado en BTC
BXinth
0.0169
Guardado en BTC
Gateio
0.01683
Guardado en BTC
OKEX
0.01673
Guardado en BTC
EXX
0.01685
Guardado en BTC
Kucoin
0.01671
Guardado en BTC
TrustDEX
0.01678
Guardado en BTC
BitZ
0.01672
Guardado en BTC
TradeSatoshi
0.0172
Guardado
ExtStock
118.74
Guardado
BitTrex
116.94
Guardado
WavesDEX
145
Guardado en BTC
Abucoins
0.017
Guardado
Yobit
119.6
Guardado
LiveCoin
120.41
Guardado
Poloniex
117.5
Guardado en BTC
HuobiPro
0.01672
Guardado en BTC
LakeBTC
0.0163
Guardado
CCEX
122.78
Guardado
Exmo
118.8
Guardado
Coinroom
112.23
Guardado en BTC
BTCChina
0.0143
Guardado
Bitstamp
117.06
Guardado
OKCoin
215.69
Guardado
Coinbase
117.01
Guardado
Cexio
4.37
Guardado
Kraken
116.99
Guardado
Bitfinex
117.03
Guardado en BTC
Yacuna
0.01279
Guardado
HitBTC
121.29
Guardado en BTC
BTC38
0.005
Guardado en BTC
Bit2C
0.01499
Guardado
Gatecoin
132.93
Guardado en BTC
Cryptopia
0.01684
Guardado
BitBay
137
Guardado en BTC
BTCMarkets
0.01669
Guardado en BTC
QuadrigaCX
0.01673
Guardado en BTC
Bitso
0.01728
Guardado en BTC
Liqui
0.01677
Guardado en BTC
BitMarket
0.0183
Guardado en BTC
Tidex
0.01675
Guardado en BTC
Bleutrade
0.01656
Guardado en BTC
Binance
0.01671
Guardado en BTC
BXinth
0.0169
Guardado en BTC
Gateio
0.01683
Guardado en BTC
OKEX
0.01672
Guardado en BTC
EXX
0.01685
Guardado en BTC
Kucoin
0.01671
Guardado en BTC
TrustDEX
0.01679
Guardado en BTC
BitZ
0.01671
Guardado en BTC
TradeSatoshi
0.0172
Guardado
ExtStock
119.46
Guardado
BitTrex
116.94
Guardado
WavesDEX
145
Guardado en BTC
Abucoins
0.017
Guardado
Yobit
119.6
Guardado
LiveCoin
120.41
Guardado
Poloniex
117.2
Guardado en BTC
HuobiPro
0.01673
Guardado en BTC
LakeBTC
0.0163
Guardado
CCEX
122.78
Guardado
Exmo
117.99
Guardado
Coinroom
113.17
FATAL:  terminando la conexión debido a una orden del administrador
rake aborted!
ActiveRecord::StatementInvalid: PG::UnableToSend: server closed the connection unexpectedly
	This probably means the server terminated abnormally
	before or while processing the request.
: SELECT  "cryptoexchanges".* FROM "cryptoexchanges" WHERE "cryptoexchanges"."cryptocurrency_id" = $1 AND "cryptoexchanges"."exchange_id" = $2 LIMIT $3
/home/cristian/.rvm/gems/ruby-2.4.1/gems/activerecord-5.1.4/lib/active_record/connection_adapters/postgresql_adapter.rb:625:in `exec_prepared'
/home/cristian/.rvm/gems/ruby-2.4.1/gems/activerecord-5.1.4/lib/active_record/connection_adapters/postgresql_adapter.rb:625:in `block (2 levels) in exec_cache'
/home/cristian/.rvm/gems/ruby-2.4.1/gems/activesupport-5.1.4/lib/active_support/dependencies/interlock.rb:46:in `block in permit_concurrent_loads'
/home/cristian/.rvm/gems/ruby-2.4.1/gems/activesupport-5.1.4/lib/active_support/concurrency/share_lock.rb:185:in `yield_shares'
/home/cristian/.rvm/gems/ruby-2.4.1/gems/activesupport-5.1.4/lib/active_support/dependencies/interlock.rb:45:in `permit_concurrent_loads'
/home/cristian/.rvm/gems/ruby-2.4.1/gems/activerecord-5.1.4/lib/active_record/connection_adapters/postgresql_adapter.rb:624:in `block in exec_cache'
/home/cristian/.rvm/gems/ruby-2.4.1/gems/activerecord-5.1.4/lib/active_record/connection_adapters/abstract_adapter.rb:612:in `block (2 levels) in log'
/home/cristian/.rvm/gems/ruby-2.4.1/gems/activerecord-5.1.4/lib/active_record/connection_adapters/abstract_adapter.rb:611:in `block in log'
/home/cristian/.rvm/gems/ruby-2.4.1/gems/activesupport-5.1.4/lib/active_support/notifications/instrumenter.rb:21:in `instrument'
/home/cristian/.rvm/gems/ruby-2.4.1/gems/activerecord-5.1.4/lib/active_record/connection_adapters/abstract_adapter.rb:603:in `log'
/home/cristian/.rvm/gems/ruby-2.4.1/gems/activerecord-5.1.4/lib/active_record/connection_adapters/postgresql_adapter.rb:623:in `exec_cache'
/home/cristian/.rvm/gems/ruby-2.4.1/gems/activerecord-5.1.4/lib/active_record/connection_adapters/postgresql_adapter.rb:603:in `execute_and_clear'
/home/cristian/.rvm/gems/ruby-2.4.1/gems/activerecord-5.1.4/lib/active_record/connection_adapters/postgresql/database_statements.rb:79:in `exec_query'
/home/cristian/.rvm/gems/ruby-2.4.1/gems/activerecord-5.1.4/lib/active_record/connection_adapters/abstract/database_statements.rb:375:in `select_prepared'
/home/cristian/.rvm/gems/ruby-2.4.1/gems/activerecord-5.1.4/lib/active_record/connection_adapters/abstract/database_statements.rb:40:in `select_all'
/home/cristian/.rvm/gems/ruby-2.4.1/gems/activerecord-5.1.4/lib/active_record/connection_adapters/abstract/query_cache.rb:97:in `select_all'
/home/cristian/.rvm/gems/ruby-2.4.1/gems/activerecord-5.1.4/lib/active_record/querying.rb:39:in `find_by_sql'
/home/cristian/.rvm/gems/ruby-2.4.1/gems/activerecord-5.1.4/lib/active_record/statement_cache.rb:107:in `execute'
/home/cristian/.rvm/gems/ruby-2.4.1/gems/activerecord-5.1.4/lib/active_record/core.rb:219:in `find_by'
/home/cristian/CryptoApp/lib/tasks/demo.rake:73:in `block (3 levels) in <top (required)>'
/home/cristian/.rvm/gems/ruby-2.4.1/gems/activerecord-5.1.4/lib/active_record/relation/delegation.rb:39:in `each'
/home/cristian/.rvm/gems/ruby-2.4.1/gems/activerecord-5.1.4/lib/active_record/relation/delegation.rb:39:in `each'
/home/cristian/CryptoApp/lib/tasks/demo.rake:60:in `block (2 levels) in <top (required)>'
/home/cristian/.rvm/gems/ruby-2.4.1/gems/rake-12.3.0/exe/rake:27:in `<top (required)>'
/home/cristian/.rvm/gems/ruby-2.4.1/bin/ruby_executable_hooks:15:in `eval'
/home/cristian/.rvm/gems/ruby-2.4.1/bin/ruby_executable_hooks:15:in `<main>'

Caused by:
PG::UnableToSend: server closed the connection unexpectedly
	This probably means the server terminated abnormally
	before or while processing the request.
/home/cristian/.rvm/gems/ruby-2.4.1/gems/activerecord-5.1.4/lib/active_record/connection_adapters/postgresql_adapter.rb:625:in `exec_prepared'
/home/cristian/.rvm/gems/ruby-2.4.1/gems/activerecord-5.1.4/lib/active_record/connection_adapters/postgresql_adapter.rb:625:in `block (2 levels) in exec_cache'
/home/cristian/.rvm/gems/ruby-2.4.1/gems/activesupport-5.1.4/lib/active_support/dependencies/interlock.rb:46:in `block in permit_concurrent_loads'
/home/cristian/.rvm/gems/ruby-2.4.1/gems/activesupport-5.1.4/lib/active_support/concurrency/share_lock.rb:185:in `yield_shares'
/home/cristian/.rvm/gems/ruby-2.4.1/gems/activesupport-5.1.4/lib/active_support/dependencies/interlock.rb:45:in `permit_concurrent_loads'
/home/cristian/.rvm/gems/ruby-2.4.1/gems/activerecord-5.1.4/lib/active_record/connection_adapters/postgresql_adapter.rb:624:in `block in exec_cache'
/home/cristian/.rvm/gems/ruby-2.4.1/gems/activerecord-5.1.4/lib/active_record/connection_adapters/abstract_adapter.rb:612:in `block (2 levels) in log'
/home/cristian/.rvm/gems/ruby-2.4.1/gems/activerecord-5.1.4/lib/active_record/connection_adapters/abstract_adapter.rb:611:in `block in log'
/home/cristian/.rvm/gems/ruby-2.4.1/gems/activesupport-5.1.4/lib/active_support/notifications/instrumenter.rb:21:in `instrument'
/home/cristian/.rvm/gems/ruby-2.4.1/gems/activerecord-5.1.4/lib/active_record/connection_adapters/abstract_adapter.rb:603:in `log'
/home/cristian/.rvm/gems/ruby-2.4.1/gems/activerecord-5.1.4/lib/active_record/connection_adapters/postgresql_adapter.rb:623:in `exec_cache'
/home/cristian/.rvm/gems/ruby-2.4.1/gems/activerecord-5.1.4/lib/active_record/connection_adapters/postgresql_adapter.rb:603:in `execute_and_clear'
/home/cristian/.rvm/gems/ruby-2.4.1/gems/activerecord-5.1.4/lib/active_record/connection_adapters/postgresql/database_statements.rb:79:in `exec_query'
/home/cristian/.rvm/gems/ruby-2.4.1/gems/activerecord-5.1.4/lib/active_record/connection_adapters/abstract/database_statements.rb:375:in `select_prepared'
/home/cristian/.rvm/gems/ruby-2.4.1/gems/activerecord-5.1.4/lib/active_record/connection_adapters/abstract/database_statements.rb:40:in `select_all'
/home/cristian/.rvm/gems/ruby-2.4.1/gems/activerecord-5.1.4/lib/active_record/connection_adapters/abstract/query_cache.rb:97:in `select_all'
/home/cristian/.rvm/gems/ruby-2.4.1/gems/activerecord-5.1.4/lib/active_record/querying.rb:39:in `find_by_sql'
/home/cristian/.rvm/gems/ruby-2.4.1/gems/activerecord-5.1.4/lib/active_record/statement_cache.rb:107:in `execute'
/home/cristian/.rvm/gems/ruby-2.4.1/gems/activerecord-5.1.4/lib/active_record/core.rb:219:in `find_by'
/home/cristian/CryptoApp/lib/tasks/demo.rake:73:in `block (3 levels) in <top (required)>'
/home/cristian/.rvm/gems/ruby-2.4.1/gems/activerecord-5.1.4/lib/active_record/relation/delegation.rb:39:in `each'
/home/cristian/.rvm/gems/ruby-2.4.1/gems/activerecord-5.1.4/lib/active_record/relation/delegation.rb:39:in `each'
/home/cristian/CryptoApp/lib/tasks/demo.rake:60:in `block (2 levels) in <top (required)>'
/home/cristian/.rvm/gems/ruby-2.4.1/gems/rake-12.3.0/exe/rake:27:in `<top (required)>'
/home/cristian/.rvm/gems/ruby-2.4.1/bin/ruby_executable_hooks:15:in `eval'
/home/cristian/.rvm/gems/ruby-2.4.1/bin/ruby_executable_hooks:15:in `<main>'
Tasks: TOP => ltc:demo
(See full trace by running task with --trace)
Guardado en BTC
BTCChina
0.0143
Guardado
Bitstamp
116.95
Guardado
OKCoin
215.69
Guardado
Coinbase
116.91
Guardado
Cexio
4.37
Guardado
Kraken
116.99
Guardado
Bitfinex
116.84
Guardado en BTC
Yacuna
0.01279
Guardado
HitBTC
120.97
Guardado en BTC
BTC38
0.005
Guardado en BTC
Bit2C
0.01499
Guardado
Gatecoin
132.93
Guardado en BTC
Cryptopia
0.01684
Guardado
BitBay
137
Guardado en BTC
BTCMarkets
0.01669
Guardado en BTC
QuadrigaCX
0.01673
Guardado en BTC
Bitso
0.01728
Guardado en BTC
Liqui
0.01677
Guardado en BTC
BitMarket
0.0183
Guardado en BTC
Tidex
0.01675
Guardado en BTC
Bleutrade
0.01656
Guardado en BTC
Binance
0.01672
Guardado en BTC
BXinth
0.0169
Guardado en BTC
Gateio
0.01683
Guardado en BTC
OKEX
0.01672
Guardado en BTC
EXX
0.01685
Guardado en BTC
Kucoin
0.01675
Guardado en BTC
BTCChina
0.0143
Guardado
Bitstamp
122.33
Guardado
OKCoin
215.69
Guardado
Coinbase
122.01
Guardado
Cexio
4.37
Guardado
Kraken
122.06
Guardado
Bitfinex
122.2
Guardado en BTC
Yacuna
0.01279
Guardado
HitBTC
125.63
Guardado en BTC
BTC38
0.005
Guardado en BTC
Bit2C
0.01499
Guardado
Gatecoin
132.93
Guardado en BTC
Cryptopia
0.01707
Guardado
BitBay
137
Guardado en BTC
BTCMarkets
0.01767
Guardado en BTC
QuadrigaCX
0.01702
Guardado en BTC
Bitso
0.017
Guardado en BTC
Liqui
0.01704
Guardado en BTC
BitMarket
0.017
Guardado en BTC
Tidex
0.01709
Guardado en BTC
Bleutrade
0.0165
Guardado en BTC
Binance
0.01715
Guardado en BTC
BXinth
0.0169
Guardado en BTC
Gateio
0.0171
Guardado en BTC
OKEX
0.01711
Guardado en BTC
EXX
0.01698
Guardado en BTC
Kucoin
0.01705
Guardado en BTC
TrustDEX
0.0171
Guardado en BTC
BitZ
0.01709
Guardado en BTC
TradeSatoshi
0.0171
Guardado
ExtStock
120.08
Guardado
BitTrex
122.73
Guardado
WavesDEX
118
Guardado en BTC
Abucoins
0.017
Guardado
Yobit
122.8
Guardado
LiveCoin
120.43
Guardado
Poloniex
122
Guardado en BTC
HuobiPro
0.01713
Guardado en BTC
LakeBTC
0.0163
Guardado
CCEX
124
Guardado
Exmo
122.04
Guardado
Coinroom
117.75
Guardado en BTC
BTCChina
0.0143
Guardado
Bitstamp
122.33
Guardado
OKCoin
215.69
Guardado
Coinbase
122.04
Guardado
Cexio
4.37
Guardado
Kraken
122.06
Guardado
Bitfinex
122.41
Guardado en BTC
Yacuna
0.01279
Guardado
HitBTC
125.65
Guardado en BTC
BTC38
0.005
Guardado en BTC
Bit2C
0.01499
Guardado
Gatecoin
132.93
Guardado en BTC
Cryptopia
0.01707
Guardado
BitBay
137
Guardado en BTC
BTCMarkets
0.01767
Guardado en BTC
QuadrigaCX
0.01702
Guardado en BTC
Bitso
0.017
Guardado en BTC
Liqui
0.01704
Guardado en BTC
BitMarket
0.017
Guardado en BTC
Tidex
0.01709
Guardado en BTC
Bleutrade
0.0165
Guardado en BTC
Binance
0.01714
Guardado en BTC
BXinth
0.0169
Guardado en BTC
Gateio
0.0171
Guardado en BTC
OKEX
0.01711
Guardado en BTC
EXX
0.01698
Guardado en BTC
Kucoin
0.01705
Guardado en BTC
TrustDEX
0.0171
Guardado en BTC
BitZ
0.01707
Guardado en BTC
TradeSatoshi
0.0171
Guardado
ExtStock
120.1
Guardado
BitTrex
122.73
Guardado
WavesDEX
118
Guardado en BTC
Abucoins
0.017
Guardado
Yobit
123.36
Guardado
LiveCoin
120.43
Guardado
Poloniex
122
Guardado en BTC
HuobiPro
0.01711
Guardado en BTC
LakeBTC
0.0163
Guardado
CCEX
124
Guardado
Exmo
122.05
Guardado
Coinroom
118
Guardado en BTC
BTCChina
0.0143
Guardado
Bitstamp
122.33
Guardado
OKCoin
215.69
Guardado
Coinbase
122.31
Guardado
Cexio
4.37
Guardado
Kraken
122.06
Guardado
Bitfinex
122.44
Guardado en BTC
Yacuna
0.01279
Guardado
HitBTC
125.66
Guardado en BTC
BTC38
0.005
Guardado en BTC
Bit2C
0.01499
Guardado
Gatecoin
132.93
Guardado en BTC
Cryptopia
0.01707
Guardado
BitBay
137
Guardado en BTC
BTCMarkets
0.01767
Guardado en BTC
QuadrigaCX
0.01702
Guardado en BTC
Bitso
0.017
Guardado en BTC
Liqui
0.01704
Guardado en BTC
BitMarket
0.017
Guardado en BTC
Tidex
0.01709
Guardado en BTC
Bleutrade
0.0165
Guardado en BTC
Binance
0.01712
Guardado en BTC
BXinth
0.0169
Guardado en BTC
Gateio
0.0171
Guardado en BTC
OKEX
0.01711
Guardado en BTC
EXX
0.01698
Guardado en BTC
Kucoin
0.01712
Guardado en BTC
TrustDEX
0.01704
Guardado en BTC
BitZ
0.01708
Guardado en BTC
TradeSatoshi
0.0171
Guardado
ExtStock
119.59
Guardado
BitTrex
122
Guardado
WavesDEX
118
Guardado en BTC
Abucoins
0.017
Guardado
Yobit
123.36
Guardado
LiveCoin
120.43
Guardado
Poloniex
122.47
Guardado en BTC
HuobiPro
0.01711
Guardado en BTC
LakeBTC
0.0163
Guardado
CCEX
124
Guardado
Exmo
122.4
Guardado
Coinroom
118.06
Guardado en BTC
BTCChina
0.0143
Guardado
Bitstamp
122.39
Guardado
OKCoin
215.69
Guardado
Coinbase
122.45
Guardado
Cexio
4.37
Guardado
Kraken
122.06
Guardado
Bitfinex
122.42
Guardado en BTC
Yacuna
0.01279
Guardado
HitBTC
126
Guardado en BTC
BTC38
0.005
Guardado en BTC
Bit2C
0.01499
Guardado
Gatecoin
132.93
Guardado en BTC
Cryptopia
0.01707
Guardado
BitBay
137
Guardado en BTC
BTCMarkets
0.01767
Guardado en BTC
QuadrigaCX
0.01702
Guardado en BTC
Bitso
0.017
Guardado en BTC
Liqui
0.01704
Guardado en BTC
BitMarket
0.017
Guardado en BTC
Tidex
0.01709
Guardado en BTC
Bleutrade
0.0165
Guardado en BTC
Binance
0.01709
Guardado en BTC
BXinth
0.0169
Guardado en BTC
Gateio
0.0171
Guardado en BTC
OKEX
0.01711
Guardado en BTC
EXX
0.01698
Guardado en BTC
Kucoin
0.01711
Guardado en BTC
TrustDEX
0.0171
Guardado en BTC
BitZ
0.01709
Guardado en BTC
TradeSatoshi
0.0171
Guardado
ExtStock
120.1
Guardado
BitTrex
122.72
Guardado
WavesDEX
118
Guardado en BTC
Abucoins
0.017
Guardado
Yobit
123.36
Guardado
LiveCoin
120.43
Guardado
Poloniex
121.6
Guardado en BTC
HuobiPro
0.01711
Guardado en BTC
LakeBTC
0.0163
Guardado
CCEX
124
Guardado
Exmo
122.6
Guardado
Coinroom
117.72
Guardado en BTC
BTCChina
0.0143
Guardado
Bitstamp
122.1
Guardado
OKCoin
215.69
Guardado
Coinbase
122.44
Guardado
Cexio
4.37
Guardado
Kraken
122.06
Guardado
Bitfinex
122.5
Guardado en BTC
Yacuna
0.01279
Guardado
HitBTC
126
Guardado en BTC
BTC38
0.005
Guardado en BTC
Bit2C
0.01499
Guardado
Gatecoin
132.93
Guardado en BTC
Cryptopia
0.01707
Guardado
BitBay
137
Guardado en BTC
BTCMarkets
0.01767
Guardado en BTC
QuadrigaCX
0.01702
Guardado en BTC
Bitso
0.017
Guardado en BTC
Liqui
0.01706
Guardado en BTC
BitMarket
0.017
Guardado en BTC
Tidex
0.01709
Guardado en BTC
Bleutrade
0.0165
Guardado en BTC
Binance
0.01711
Guardado en BTC
BXinth
0.0169
Guardado en BTC
Gateio
0.0171
Guardado en BTC
OKEX
0.01711
Guardado en BTC
EXX
0.01698
Guardado en BTC
Kucoin
0.01705
Guardado en BTC
TrustDEX
0.01713
Guardado en BTC
BitZ
0.01709
Guardado en BTC
TradeSatoshi
0.0168
Guardado
ExtStock
120.19
Guardado
BitTrex
122.73
Guardado
WavesDEX
118
Guardado en BTC
Abucoins
0.017
Guardado
Yobit
123.36
Guardado
LiveCoin
120.43
Guardado
Poloniex
121.6
Guardado en BTC
HuobiPro
0.01707
Guardado en BTC
LakeBTC
0.0163
Guardado
CCEX
124
Guardado
Exmo
122.6
Guardado
Coinroom
118.05
Guardado en BTC
BTCChina
0.0143
Guardado
Bitstamp
122.2
Guardado
OKCoin
215.69
Guardado
Coinbase
122.49
Guardado
Cexio
4.37
Guardado
Kraken
122.06
Guardado
Bitfinex
122.56
Guardado en BTC
Yacuna
0.01279
Guardado
HitBTC
125.92
Guardado en BTC
BTC38
0.005
Guardado en BTC
Bit2C
0.01499
Guardado
Gatecoin
132.93
Guardado en BTC
Cryptopia
0.01707
Guardado
BitBay
137
Guardado en BTC
BTCMarkets
0.01767
Guardado en BTC
QuadrigaCX
0.01702
Guardado en BTC
Bitso
0.017
Guardado en BTC
Liqui
0.01707
Guardado en BTC
BitMarket
0.017
Guardado en BTC
Tidex
0.01708
Guardado en BTC
Bleutrade
0.0165
Guardado en BTC
Binance
0.01711
Guardado en BTC
BXinth
0.0169
Guardado en BTC
Gateio
0.0171
Guardado en BTC
OKEX
0.01711
Guardado en BTC
EXX
0.01698
Guardado en BTC
Kucoin
0.01705
Guardado en BTC
TrustDEX
0.01713
Guardado en BTC
BitZ
0.01709
Guardado en BTC
TradeSatoshi
0.0168
Guardado
ExtStock
120.22
Guardado
BitTrex
122.73
Guardado
WavesDEX
118
Guardado en BTC
Abucoins
0.017
Guardado
Yobit
123.36
Guardado
LiveCoin
120.43
Guardado
Poloniex
122.5
Guardado en BTC
HuobiPro
0.0171
Guardado en BTC
LakeBTC
0.0163
Guardado
CCEX
124
Guardado
Exmo
122.73
Guardado
Coinroom
118.05
Guardado en BTC
BTCChina
0.0143
Guardado
Bitstamp
122.59
Guardado
OKCoin
215.69
Guardado
Coinbase
122.75
Guardado
Cexio
4.37
Guardado
Kraken
122.06
Guardado
Bitfinex
122.63
Guardado en BTC
Yacuna
0.01279
Guardado
HitBTC
125.85
Guardado en BTC
BTC38
0.005
Guardado en BTC
Bit2C
0.01499
Guardado
Gatecoin
132.93
Guardado en BTC
Cryptopia
0.01707
Guardado
BitBay
137
Guardado en BTC
BTCMarkets
0.01767
Guardado en BTC
QuadrigaCX
0.01702
Guardado en BTC
Bitso
0.017
Guardado en BTC
Liqui
0.01707
Guardado en BTC
BitMarket
0.017
Guardado en BTC
Tidex
0.01708
Guardado en BTC
Bleutrade
0.0165
Guardado en BTC
Binance
0.01712
Guardado en BTC
BXinth
0.0169
Guardado en BTC
Gateio
0.0171
Guardado en BTC
OKEX
0.0171
Guardado en BTC
EXX
0.01698
Guardado en BTC
Kucoin
0.01705
Guardado en BTC
TrustDEX
0.01704
Guardado en BTC
BitZ
0.01707
Guardado en BTC
TradeSatoshi
0.0168
Guardado
ExtStock
118.86
Guardado
BitTrex
122.73
Guardado
WavesDEX
118
Guardado en BTC
Abucoins
0.017
Guardado
Yobit
123.36
Guardado
LiveCoin
120.43
Guardado
Poloniex
122.63
Guardado en BTC
HuobiPro
0.01709
Guardado en BTC
LakeBTC
0.0163
Guardado
CCEX
124
Guardado
Exmo
122.8
Guardado
Coinroom
117.46
Guardado en BTC
BTCChina
0.0143
Guardado
Bitstamp
122.56
Guardado
OKCoin
215.69
Guardado
Coinbase
122.66
Guardado
Cexio
4.37
Guardado
Kraken
122.78
Guardado
Bitfinex
122.5
Guardado en BTC
Yacuna
0.01279
Guardado
HitBTC
125.85
Guardado en BTC
BTC38
0.005
Guardado en BTC
Bit2C
0.01499
Guardado
Gatecoin
132.93
Guardado en BTC
Cryptopia
0.01707
Guardado
BitBay
137
Guardado en BTC
BTCMarkets
0.01767
Guardado en BTC
QuadrigaCX
0.01702
Guardado en BTC
Bitso
0.017
Guardado en BTC
Liqui
0.01707
Guardado en BTC
BitMarket
0.017
Guardado en BTC
Tidex
0.01708
Guardado en BTC
Bleutrade
0.0165
Guardado en BTC
Binance
0.01713
Guardado en BTC
BXinth
0.0169
Guardado en BTC
Gateio
0.0171
Guardado en BTC
OKEX
0.0171
Guardado en BTC
EXX
0.01698
Guardado en BTC
Kucoin
0.01705
Guardado en BTC
TrustDEX
0.01713
Guardado en BTC
BitZ
0.0171
Guardado en BTC
TradeSatoshi
0.0168
Guardado
ExtStock
120.38
Guardado
BitTrex
122.73
Guardado
WavesDEX
118
Guardado en BTC
Abucoins
0.017
Guardado
Yobit
123.36
Guardado
LiveCoin
120.43
Guardado
Poloniex
122.62
Guardado en BTC
HuobiPro
0.01711
Guardado en BTC
LakeBTC
0.0163
Guardado
CCEX
124
Guardado
Exmo
122.8
Guardado
Coinroom
117.36
Guardado en BTC
BTCChina
0.0143
Guardado
Bitstamp
122.47
Guardado
OKCoin
215.69
Guardado
Coinbase
122.55
Guardado
Cexio
4.37
Guardado
Kraken
122.78
Guardado
Bitfinex
122.49
Guardado en BTC
Yacuna
0.01279
Guardado
HitBTC
125.72
Guardado en BTC
BTC38
0.005
Guardado en BTC
Bit2C
0.01499
Guardado
Gatecoin
132.93
Guardado en BTC
Cryptopia
0.01717
Guardado
BitBay
137
Guardado en BTC
BTCMarkets
0.01767
Guardado en BTC
QuadrigaCX
0.01702
Guardado en BTC
Bitso
0.017
Guardado en BTC
Liqui
0.01707
Guardado en BTC
BitMarket
0.017
Guardado en BTC
Tidex
0.01708
Guardado en BTC
Bleutrade
0.0165
Guardado en BTC
Binance
0.01713
Guardado en BTC
BXinth
0.0169
Guardado en BTC
Gateio
0.0171
Guardado en BTC
OKEX
0.01713
Guardado en BTC
EXX
0.01698
Guardado en BTC
Kucoin
0.01713
Guardado en BTC
TrustDEX
0.01705
Guardado en BTC
BitZ
0.01709
Guardado en BTC
TradeSatoshi
0.0168
Guardado
ExtStock
120.38
Guardado
BitTrex
122.73
Guardado
WavesDEX
118
Guardado en BTC
Abucoins
0.017
Guardado
Yobit
123.36
Guardado
LiveCoin
120.43
Guardado
Poloniex
122.9
Guardado en BTC
HuobiPro
0.01713
Guardado en BTC
LakeBTC
0.0163
Guardado
CCEX
124
Guardado
Exmo
122.66
Guardado
Coinroom
117.36
Guardado en BTC
BTCChina
0.0143
Guardado
Bitstamp
122.77
Guardado
OKCoin
215.69
Guardado
Coinbase
122.97
Guardado
Cexio
4.37
Guardado
Kraken
122.71
Guardado
Bitfinex
123.02
Guardado en BTC
Yacuna
0.01279
Guardado
HitBTC
125.92
Guardado en BTC
BTC38
0.005
Guardado en BTC
Bit2C
0.01499
Guardado
Gatecoin
132.93
Guardado en BTC
Cryptopia
0.01717
Guardado
BitBay
137
Guardado en BTC
BTCMarkets
0.01767
Guardado en BTC
QuadrigaCX
0.01702
Guardado en BTC
Bitso
0.017
Guardado en BTC
Liqui
0.01709
Guardado en BTC
BitMarket
0.017
Guardado en BTC
Tidex
0.01708
Guardado en BTC
Bleutrade
0.0165
Guardado en BTC
Binance
0.01715
Guardado en BTC
BXinth
0.0169
Guardado en BTC
Gateio
0.0171
Guardado en BTC
OKEX
0.01714
Guardado en BTC
EXX
0.01698
Guardado en BTC
Kucoin
0.01713
Guardado en BTC
TrustDEX
0.01713
Guardado en BTC
BitZ
0.0171
Guardado en BTC
TradeSatoshi
0.0168
Guardado
ExtStock
120.38
Guardado
BitTrex
122.73
Guardado
WavesDEX
118
Guardado en BTC
Abucoins
0.017
Guardado
Yobit
123.36
Guardado
LiveCoin
120.43
Guardado
Poloniex
123
Guardado en BTC
HuobiPro
0.01715
Guardado en BTC
LakeBTC
0.0163
Guardado
CCEX
124
Guardado
Exmo
122.66
Guardado
Coinroom
118.63
Guardado en BTC
BTCChina
0.0143
Guardado
Bitstamp
122.73
Guardado
OKCoin
215.69
Guardado
Coinbase
122.76
Guardado
Cexio
4.37
Guardado
Kraken
122.71
Guardado
Bitfinex
122.82
Guardado en BTC
Yacuna
0.01279
Guardado
HitBTC
125.92
Guardado en BTC
BTC38
0.005
Guardado en BTC
Bit2C
0.01499
Guardado
Gatecoin
132.93
Guardado en BTC
Cryptopia
0.01717
Guardado
BitBay
137
Guardado en BTC
BTCMarkets
0.01767
Guardado en BTC
QuadrigaCX
0.017
Guardado en BTC
Bitso
0.017
Guardado en BTC
Liqui
0.01709
Guardado en BTC
BitMarket
0.017
Guardado en BTC
Tidex
0.017
Guardado en BTC
Bleutrade
0.0165
Guardado en BTC
Binance
0.01715
Guardado en BTC
BXinth
0.0169
Guardado en BTC
Gateio
0.0171
Guardado en BTC
OKEX
0.01713
Guardado en BTC
EXX
0.01698
Guardado en BTC
Kucoin
0.01713
Guardado en BTC
TrustDEX
0.01713
Guardado en BTC
BitZ
0.01712
Guardado en BTC
TradeSatoshi
0.0168
Guardado
ExtStock
120.39
Guardado
BitTrex
122.73
Guardado
WavesDEX
118
Guardado en BTC
Abucoins
0.017
Guardado
Yobit
123.36
Guardado
LiveCoin
123
Guardado
Poloniex
123
Guardado en BTC
HuobiPro
0.01715
Guardado en BTC
LakeBTC
0.0163
Guardado
CCEX
124
Guardado
Exmo
122.66
Guardado
Coinroom
118.63
Guardado en BTC
BTCChina
0.0143
Guardado
Bitstamp
122.73
Guardado
OKCoin
215.69
Guardado
Coinbase
122.76
Guardado
Cexio
4.37
Guardado
Kraken
122.71
Guardado
Bitfinex
122.71
Guardado en BTC
Yacuna
0.01279
Guardado
HitBTC
125.87
Guardado en BTC
BTC38
0.005
Guardado en BTC
Bit2C
0.01499
Guardado
Gatecoin
132.93
Guardado en BTC
Cryptopia
0.01717
Guardado
BitBay
137
Guardado en BTC
BTCMarkets
0.01767
Guardado en BTC
QuadrigaCX
0.01702
Guardado en BTC
Bitso
0.017
Guardado en BTC
Liqui
0.01709
Guardado en BTC
BitMarket
0.017
Guardado en BTC
Tidex
0.017
Guardado en BTC
Bleutrade
0.0165
Guardado en BTC
Binance
0.01714
Guardado en BTC
BXinth
0.0169
Guardado en BTC
Gateio
0.0171
Guardado en BTC
OKEX
0.01712
Guardado en BTC
EXX
0.01698
Guardado en BTC
Kucoin
0.01713
Guardado en BTC
TrustDEX
0.01716
Guardado en BTC
BitZ
0.01715
Guardado en BTC
TradeSatoshi
0.0168
Guardado
ExtStock
120.39
Guardado
BitTrex
122.73
Guardado
WavesDEX
118
Guardado en BTC
Abucoins
0.017
Guardado
Yobit
123.36
Guardado
LiveCoin
123
Guardado
Poloniex
122.07
Guardado en BTC
HuobiPro
0.01711
Guardado en BTC
LakeBTC
0.0163
Guardado
CCEX
124
Guardado
Exmo
122.28
Guardado
Coinroom
117.88
Guardado en BTC
BTCChina
0.0143
Guardado
Bitstamp
122.24
Guardado
OKCoin
215.69
Guardado
Coinbase
122.21
Guardado
Cexio
4.37
Guardado
Kraken
122.35
Guardado
Bitfinex
122.39
Guardado en BTC
Yacuna
0.01279
Guardado
HitBTC
125.87
Guardado en BTC
BTC38
0.005
Guardado en BTC
Bit2C
0.01499
Guardado
Gatecoin
132.93
Guardado en BTC
Cryptopia
0.01717
Guardado
BitBay
137
Guardado en BTC
BTCMarkets
0.01767
Guardado en BTC
QuadrigaCX
0.01702
Guardado en BTC
Bitso
0.017
Guardado en BTC
Liqui
0.01706
Guardado en BTC
BitMarket
0.017
Guardado en BTC
Tidex
0.01714
Guardado en BTC
Bleutrade
0.0165
Guardado en BTC
Binance
0.01711
Guardado en BTC
BXinth
0.0169
Guardado en BTC
Gateio
0.0171
Guardado en BTC
OKEX
0.01712
Guardado en BTC
EXX
0.01698
Guardado en BTC
Kucoin
0.01706
Guardado en BTC
TrustDEX
0.01716
Guardado en BTC
BitZ
0.01711
Guardado en BTC
TradeSatoshi
0.0168
Guardado
ExtStock
120.55
Guardado
BitTrex
122.73
Guardado
WavesDEX
118
Guardado en BTC
Abucoins
0.017
Guardado
Yobit
123.99
Guardado
LiveCoin
123
Guardado
Poloniex
122.64
Guardado en BTC
HuobiPro
0.01712
Guardado en BTC
LakeBTC
0.0163
Guardado
CCEX
124
Guardado
Exmo
122.64
Guardado
Coinroom
118.8
Guardado en BTC
BTCChina
0.0143
Guardado
Bitstamp
122.28
Guardado
OKCoin
215.69
Guardado
Coinbase
122.23
Guardado
Cexio
4.37
Guardado
Kraken
122.33
Guardado
Bitfinex
122.27
Guardado en BTC
Yacuna
0.01279
Guardado
HitBTC
125.73
Guardado en BTC
BTC38
0.005
Guardado en BTC
Bit2C
0.01499
Guardado
Gatecoin
132.93
Guardado en BTC
Cryptopia
0.01717
Guardado
BitBay
137
Guardado en BTC
BTCMarkets
0.01767
Guardado en BTC
QuadrigaCX
0.01702
Guardado en BTC
Bitso
0.017
Guardado en BTC
Liqui
0.01706
Guardado en BTC
BitMarket
0.017
Guardado en BTC
Tidex
0.01707
Guardado en BTC
Bleutrade
0.0165
Guardado en BTC
Binance
0.0171
Guardado en BTC
BXinth
0.0169
Guardado en BTC
Gateio
0.0171
Guardado en BTC
OKEX
0.01712
Guardado en BTC
EXX
0.01699
Guardado en BTC
Kucoin
0.01706
Guardado en BTC
TrustDEX
0.0171
Guardado en BTC
BitZ
0.01709
Guardado en BTC
TradeSatoshi
0.0168
Guardado
ExtStock
120.57
Guardado
BitTrex
122
Guardado
WavesDEX
118
Guardado en BTC
Abucoins
0.017
Guardado
Yobit
123.99
Guardado
LiveCoin
123
Guardado
Poloniex
121.71
Guardado en BTC
HuobiPro
0.01708
Guardado en BTC
LakeBTC
0.0163
Guardado
CCEX
124
Guardado
Exmo
122.15
Guardado
Coinroom
118.15
Guardado en BTC
BTCChina
0.0143
Guardado
Bitstamp
121.96
Guardado
OKCoin
215.69
Guardado
Coinbase
121.45
Guardado
Cexio
4.37
Guardado
Kraken
121.75
Guardado
Bitfinex
121.63
Guardado en BTC
Yacuna
0.01279
Guardado
HitBTC
125.58
Guardado en BTC
BTC38
0.005
Guardado en BTC
Bit2C
0.01499
Guardado
Gatecoin
132.93
Guardado en BTC
Cryptopia
0.01717
Guardado
BitBay
137
Guardado en BTC
BTCMarkets
0.01767
Guardado en BTC
QuadrigaCX
0.01702
Guardado en BTC
Bitso
0.017
Guardado en BTC
Liqui
0.01706
Guardado en BTC
BitMarket
0.017
Guardado en BTC
Tidex
0.01707
Guardado en BTC
Bleutrade
0.0165
Guardado en BTC
Binance
0.01704
Guardado en BTC
BXinth
0.0169
Guardado en BTC
Gateio
0.0171
Guardado en BTC
OKEX
0.01706
Guardado en BTC
EXX
0.01699
Guardado en BTC
Kucoin
0.01706
Guardado en BTC
TrustDEX
0.0171
Guardado en BTC
BitZ
0.01706
Guardado en BTC
TradeSatoshi
0.0168
Guardado
ExtStock
120.62
Guardado
BitTrex
121.89
Guardado
WavesDEX
118
Guardado en BTC
Abucoins
0.017
Guardado
Yobit
123.99
Guardado
LiveCoin
123
Guardado
Poloniex
121.4
Guardado en BTC
HuobiPro
0.01703
Guardado en BTC
LakeBTC
0.0163
Guardado
CCEX
124
Guardado
Exmo
122.15
Guardado
Coinroom
117.4
Guardado en BTC
BTCChina
0.0143
Guardado
Bitstamp
121.63
Guardado
OKCoin
215.69
Guardado
Coinbase
121.68
Guardado
Cexio
4.37
Guardado
Kraken
121.71
Guardado
Bitfinex
121.59
Guardado en BTC
Yacuna
0.01279
Guardado
HitBTC
124.96
Guardado en BTC
BTC38
0.005
Guardado en BTC
Bit2C
0.01499
Guardado
Gatecoin
132.93
Guardado en BTC
Cryptopia
0.01708
Guardado
BitBay
137
Guardado en BTC
BTCMarkets
0.01767
Guardado en BTC
QuadrigaCX
0.01702
Guardado en BTC
Bitso
0.017
Guardado en BTC
Liqui
0.01706
Guardado en BTC
BitMarket
0.017
Guardado en BTC
Tidex
0.01707
Guardado en BTC
Bleutrade
0.0165
Guardado en BTC
Binance
0.01703
Guardado en BTC
BXinth
0.0169
Guardado en BTC
Gateio
0.0171
Guardado en BTC
OKEX
0.01706
Guardado en BTC
EXX
0.01699
Guardado en BTC
Kucoin
0.01706
Guardado en BTC
TrustDEX
0.01699
Guardado en BTC
BitZ
0.01703
Guardado en BTC
TradeSatoshi
0.0168
Guardado
ExtStock
120.7
Guardado
BitTrex
121.78
Guardado
WavesDEX
118
Guardado en BTC
Abucoins
0.017
Guardado
Yobit
123.99
Guardado
LiveCoin
123
Guardado
Poloniex
121.02
Guardado en BTC
HuobiPro
0.01702
Guardado en BTC
LakeBTC
0.0163
Guardado
CCEX
124
Guardado
Exmo
122.21
Guardado
Coinroom
117.35
Guardado en BTC
BTCChina
0.0143
Guardado
Bitstamp
121.64
Guardado
OKCoin
215.69
Guardado
Coinbase
121.63
Guardado
Cexio
4.37
Guardado
Kraken
121.71
Guardado
Bitfinex
121.65
Guardado en BTC
Yacuna
0.01279
Guardado
HitBTC
124.75
Guardado en BTC
BTC38
0.005
Guardado en BTC
Bit2C
0.01499
Guardado
Gatecoin
132.93
Guardado en BTC
Cryptopia
0.01708
Guardado
BitBay
137
Guardado en BTC
BTCMarkets
0.01767
Guardado en BTC
QuadrigaCX
0.01702
Guardado en BTC
Bitso
0.017
Guardado en BTC
Liqui
0.01708
Guardado en BTC
BitMarket
0.017
Guardado en BTC
Tidex
0.01707
Guardado en BTC
Bleutrade
0.0165
Guardado en BTC
Binance
0.01702
Guardado en BTC
BXinth
0.0169
Guardado en BTC
Gateio
0.0171
Guardado en BTC
OKEX
0.017
Guardado en BTC
EXX
0.01699
Guardado en BTC
Kucoin
0.01709
Guardado en BTC
TrustDEX
0.01699
Guardado en BTC
BitZ
0.01702
Guardado en BTC
TradeSatoshi
0.0168
Guardado
ExtStock
120.8
Guardado
BitTrex
121.01
Guardado
WavesDEX
118
Guardado en BTC
Abucoins
0.017
Guardado
Yobit
123.99
Guardado
LiveCoin
123
Guardado
Poloniex
121.02
Guardado en BTC
HuobiPro
0.01702
Guardado en BTC
LakeBTC
0.0163
Guardado
CCEX
124
Guardado
Exmo
122.5
Guardado
Coinroom
117.58
Guardado en BTC
BTCChina
0.0143
Guardado
Bitstamp
121.64
Guardado
OKCoin
215.69
Guardado
Coinbase
121.54
Guardado
Cexio
4.37
Guardado
Kraken
122
Guardado
Bitfinex
121.62
Guardado en BTC
Yacuna
0.01279
Guardado
HitBTC
124.8
Guardado en BTC
BTC38
0.005
Guardado en BTC
Bit2C
0.01499
Guardado
Gatecoin
132.93
Guardado en BTC
Cryptopia
0.01708
Guardado
BitBay
137
Guardado en BTC
BTCMarkets
0.01767
Guardado en BTC
QuadrigaCX
0.01702
Guardado en BTC
Bitso
0.017
Guardado en BTC
Liqui
0.01706
Guardado en BTC
BitMarket
0.017
Guardado en BTC
Tidex
0.01707
Guardado en BTC
Bleutrade
0.0165
Guardado en BTC
Binance
0.01702
Guardado en BTC
BXinth
0.0169
Guardado en BTC
Gateio
0.0171
Guardado en BTC
OKEX
0.01701
Guardado en BTC
EXX
0.01699
Guardado en BTC
Kucoin
0.01706
Guardado en BTC
TrustDEX
0.01709
Guardado en BTC
BitZ
0.01701
Guardado en BTC
TradeSatoshi
0.0168
Guardado
ExtStock
118.86
Guardado
BitTrex
121.02
Guardado
WavesDEX
118
Guardado en BTC
Abucoins
0.017
Guardado
Yobit
123.99
Guardado
LiveCoin
123
Guardado
Poloniex
121.79
Guardado en BTC
HuobiPro
0.01702
Guardado en BTC
LakeBTC
0.0163
Guardado
CCEX
124
Guardado
Exmo
122.21
Guardado
Coinroom
117.58
Guardado en BTC
BTCChina
0.0143
Guardado
Bitstamp
121.57
Guardado
OKCoin
215.69
Guardado
Coinbase
121.54
Guardado
Cexio
4.37
Guardado
Kraken
122
Guardado
Bitfinex
121.55
Guardado en BTC
Yacuna
0.01279
Guardado
HitBTC
124.86
Guardado en BTC
BTC38
0.005
Guardado en BTC
Bit2C
0.01499
Guardado
Gatecoin
132.93
Guardado en BTC
Cryptopia
0.01708
Guardado
BitBay
137
Guardado en BTC
BTCMarkets
0.01767
Guardado en BTC
QuadrigaCX
0.01707
Guardado en BTC
Bitso
0.017
Guardado en BTC
Liqui
0.01706
Guardado en BTC
BitMarket
0.017
Guardado en BTC
Tidex
0.01707
Guardado en BTC
Bleutrade
0.0165
Guardado en BTC
Binance
0.01702
Guardado en BTC
BXinth
0.0169
Guardado en BTC
Gateio
0.0171
Guardado en BTC
OKEX
0.01702
Guardado en BTC
EXX
0.017
Guardado en BTC
Kucoin
0.01706
Guardado en BTC
TrustDEX
0.01698
Guardado en BTC
BitZ
0.01702
Guardado en BTC
TradeSatoshi
0.0168
Guardado
ExtStock
120.34
Guardado
BitTrex
121.89
Guardado
WavesDEX
118
Guardado en BTC
Abucoins
0.017
Guardado
Yobit
123.99
Guardado
LiveCoin
123
Guardado
Poloniex
121.79
Guardado en BTC
HuobiPro
0.01703
Guardado en BTC
LakeBTC
0.0163
Guardado
CCEX
124
Guardado
Exmo
122.49
Guardado
Coinroom
117.58
Guardado en BTC
BTCChina
0.0143
Guardado
Bitstamp
121.57
Guardado
OKCoin
215.69
Guardado
Coinbase
121.3
Guardado
Cexio
4.37
Guardado
Kraken
122
Guardado
Bitfinex
121.26
Guardado en BTC
Yacuna
0.01279
Guardado
HitBTC
124.65
Guardado en BTC
BTC38
0.005
Guardado en BTC
Bit2C
0.01499
Guardado
Gatecoin
132.93
Guardado en BTC
Cryptopia
0.01708
Guardado
BitBay
137
Guardado en BTC
BTCMarkets
0.01767
Guardado en BTC
QuadrigaCX
0.01707
Guardado en BTC
Bitso
0.017
Guardado en BTC
Liqui
0.01706
Guardado en BTC
BitMarket
0.017
Guardado en BTC
Tidex
0.01707
Guardado en BTC
Bleutrade
0.0165
Guardado en BTC
Binance
0.01701
Guardado en BTC
BXinth
0.0169
Guardado en BTC
Gateio
0.0171
Guardado en BTC
OKEX
0.01704
Guardado en BTC
EXX
0.01699
Guardado en BTC
Kucoin
0.017
Guardado en BTC
TrustDEX
0.01709
Guardado en BTC
BitZ
0.01701
Guardado en BTC
TradeSatoshi
0.0168
Guardado
ExtStock
120.53
Guardado
BitTrex
121.75
Guardado
WavesDEX
118
Guardado en BTC
Abucoins
0.017
Guardado
Yobit
123.99
Guardado
LiveCoin
123
Guardado
Poloniex
121.73
Guardado en BTC
HuobiPro
0.01703
Guardado en BTC
LakeBTC
0.0163
Guardado
CCEX
124
Guardado
Exmo
122.21
Guardado
Coinroom
117.58
Guardado en BTC
BTCChina
0.0143
Guardado
Bitstamp
121.3
Guardado
OKCoin
215.69
Guardado
Coinbase
121.1
Guardado
Cexio
4.37
Guardado
Kraken
121.31
Guardado
Bitfinex
121.09
Guardado en BTC
Yacuna
0.01279
Guardado
HitBTC
124.64
Guardado en BTC
BTC38
0.005
Guardado en BTC
Bit2C
0.01499
Guardado
Gatecoin
132.93
Guardado en BTC
Cryptopia
0.01708
Guardado
BitBay
137
Guardado en BTC
BTCMarkets
0.01767
Guardado en BTC
QuadrigaCX
0.01707
Guardado en BTC
Bitso
0.0177
Guardado en BTC
Liqui
0.01706
Guardado en BTC
BitMarket
0.017
Guardado en BTC
Tidex
0.01707
Guardado en BTC
Bleutrade
0.0165
Guardado en BTC
Binance
0.017
Guardado en BTC
BXinth
0.0169
Guardado en BTC
Gateio
0.0171
Guardado en BTC
OKEX
0.01702
Guardado en BTC
EXX
0.01699
Guardado en BTC
Kucoin
0.01697
Guardado en BTC
TrustDEX
0.01709
Guardado en BTC
BitZ
0.01701
Guardado en BTC
TradeSatoshi
0.0168
Guardado
ExtStock
120.81
Guardado
BitTrex
121.02
Guardado
WavesDEX
118
Guardado en BTC
Abucoins
0.017
Guardado
Yobit
123.99
Guardado
LiveCoin
123
Guardado
Poloniex
121
Guardado en BTC
HuobiPro
0.01701
Guardado en BTC
LakeBTC
0.0163
Guardado
CCEX
124
Guardado
Exmo
122.21
Guardado
Coinroom
117.58
Guardado en BTC
BTCChina
0.0143
Guardado
Bitstamp
121.18
Guardado
OKCoin
215.69
Guardado
Coinbase
121.1
Guardado
Cexio
4.37
Guardado
Kraken
121.1
Guardado
Bitfinex
121.01
Guardado en BTC
Yacuna
0.01279
Guardado
HitBTC
124.36
Guardado en BTC
BTC38
0.005
Guardado en BTC
Bit2C
0.01499
Guardado
Gatecoin
132.93
Guardado en BTC
Cryptopia
0.01708
Guardado
BitBay
137
Guardado en BTC
BTCMarkets
0.01767
Guardado en BTC
QuadrigaCX
0.01706
Guardado en BTC
Bitso
0.0177
Guardado en BTC
Liqui
0.01706
Guardado en BTC
BitMarket
0.017
Guardado en BTC
Tidex
0.01707
Guardado en BTC
Bleutrade
0.0165
Guardado en BTC
Binance
0.01701
Guardado en BTC
BXinth
0.0169
Guardado en BTC
Gateio
0.0171
Guardado en BTC
OKEX
0.017
Guardado en BTC
EXX
0.01699
Guardado en BTC
Kucoin
0.01697
Guardado en BTC
TrustDEX
0.01709
Guardado en BTC
BitZ
0.01699
Guardado en BTC
TradeSatoshi
0.0169
Guardado
ExtStock
120.81
Guardado
BitTrex
121
Guardado
WavesDEX
118
Guardado en BTC
Abucoins
0.017
Guardado
Yobit
123.99
Guardado
LiveCoin
123
Guardado
Poloniex
120.78
Guardado en BTC
HuobiPro
0.01704
Guardado en BTC
LakeBTC
0.0163
Guardado
CCEX
124
Guardado
Exmo
122.21
Guardado
Coinroom
117.58
Guardado en BTC
BTCChina
0.0143
Guardado
Bitstamp
120.79
Guardado
OKCoin
215.69
Guardado
Coinbase
120.67
Guardado
Cexio
4.37
Guardado
Kraken
120.75
Guardado
Bitfinex
120.84
Guardado en BTC
Yacuna
0.01279
Guardado
HitBTC
124.12
Guardado en BTC
BTC38
0.005
Guardado en BTC
Bit2C
0.01499
Guardado
Gatecoin
132.93
Guardado en BTC
Cryptopia
0.01708
Guardado
BitBay
137
Guardado en BTC
BTCMarkets
0.01767
Guardado en BTC
QuadrigaCX
0.01706
Guardado en BTC
Bitso
0.0177
Guardado en BTC
Liqui
0.01705
Guardado en BTC
BitMarket
0.017
Guardado en BTC
Tidex
0.01699
Guardado en BTC
Bleutrade
0.0165
Guardado en BTC
Binance
0.01699
Guardado en BTC
BXinth
0.0169
Guardado en BTC
Gateio
0.0171
Guardado en BTC
OKEX
0.01699
Guardado en BTC
EXX
0.01699
Guardado en BTC
Kucoin
0.01696
Guardado en BTC
TrustDEX
0.01706
Guardado en BTC
BitZ
0.01699
Guardado en BTC
TradeSatoshi
0.0169
Guardado
ExtStock
120.99
Guardado
BitTrex
121
Guardado
WavesDEX
118
Guardado en BTC
Abucoins
0.017
Guardado
Yobit
123.99
Guardado
LiveCoin
123
Guardado
Poloniex
120.84
Guardado en BTC
HuobiPro
0.01699
Guardado en BTC
LakeBTC
0.0163
Guardado
CCEX
124
Guardado
Exmo
121.93
Guardado
Coinroom
117.58
rake aborted!
SyntaxError: /home/cristian/CryptoApp/lib/tasks/demo.rake:246: syntax error, unexpected keyword_end, expecting end-of-input
/home/cristian/.rvm/gems/ruby-2.4.1/gems/activesupport-5.1.4/lib/active_support/dependencies.rb:286:in `load'
/home/cristian/.rvm/gems/ruby-2.4.1/gems/activesupport-5.1.4/lib/active_support/dependencies.rb:286:in `block in load'
/home/cristian/.rvm/gems/ruby-2.4.1/gems/activesupport-5.1.4/lib/active_support/dependencies.rb:258:in `load_dependency'
/home/cristian/.rvm/gems/ruby-2.4.1/gems/activesupport-5.1.4/lib/active_support/dependencies.rb:286:in `load'
/home/cristian/.rvm/gems/ruby-2.4.1/gems/railties-5.1.4/lib/rails/engine.rb:648:in `block in run_tasks_blocks'
/home/cristian/.rvm/gems/ruby-2.4.1/gems/railties-5.1.4/lib/rails/engine.rb:648:in `each'
/home/cristian/.rvm/gems/ruby-2.4.1/gems/railties-5.1.4/lib/rails/engine.rb:648:in `run_tasks_blocks'
/home/cristian/.rvm/gems/ruby-2.4.1/gems/railties-5.1.4/lib/rails/application.rb:440:in `run_tasks_blocks'
/home/cristian/.rvm/gems/ruby-2.4.1/gems/railties-5.1.4/lib/rails/engine.rb:457:in `load_tasks'
/home/cristian/CryptoApp/Rakefile:6:in `<top (required)>'
/home/cristian/.rvm/gems/ruby-2.4.1/gems/rake-12.3.0/exe/rake:27:in `<top (required)>'
/home/cristian/.rvm/gems/ruby-2.4.1/bin/ruby_executable_hooks:15:in `eval'
/home/cristian/.rvm/gems/ruby-2.4.1/bin/ruby_executable_hooks:15:in `<main>'
(See full trace by running task with --trace)
rake aborted!
SyntaxError: /home/cristian/CryptoApp/lib/tasks/demo.rake:246: syntax error, unexpected keyword_end, expecting end-of-input
/home/cristian/.rvm/gems/ruby-2.4.1/gems/activesupport-5.1.4/lib/active_support/dependencies.rb:286:in `load'
/home/cristian/.rvm/gems/ruby-2.4.1/gems/activesupport-5.1.4/lib/active_support/dependencies.rb:286:in `block in load'
/home/cristian/.rvm/gems/ruby-2.4.1/gems/activesupport-5.1.4/lib/active_support/dependencies.rb:258:in `load_dependency'
/home/cristian/.rvm/gems/ruby-2.4.1/gems/activesupport-5.1.4/lib/active_support/dependencies.rb:286:in `load'
/home/cristian/.rvm/gems/ruby-2.4.1/gems/railties-5.1.4/lib/rails/engine.rb:648:in `block in run_tasks_blocks'
/home/cristian/.rvm/gems/ruby-2.4.1/gems/railties-5.1.4/lib/rails/engine.rb:648:in `each'
/home/cristian/.rvm/gems/ruby-2.4.1/gems/railties-5.1.4/lib/rails/engine.rb:648:in `run_tasks_blocks'
/home/cristian/.rvm/gems/ruby-2.4.1/gems/railties-5.1.4/lib/rails/application.rb:440:in `run_tasks_blocks'
/home/cristian/.rvm/gems/ruby-2.4.1/gems/railties-5.1.4/lib/rails/engine.rb:457:in `load_tasks'
/home/cristian/CryptoApp/Rakefile:6:in `<top (required)>'
/home/cristian/.rvm/gems/ruby-2.4.1/gems/rake-12.3.0/exe/rake:27:in `<top (required)>'
/home/cristian/.rvm/gems/ruby-2.4.1/bin/ruby_executable_hooks:15:in `eval'
/home/cristian/.rvm/gems/ruby-2.4.1/bin/ruby_executable_hooks:15:in `<main>'
(See full trace by running task with --trace)
Guardado en BTC
BTCChina
0.0143
Guardado
Bitstamp
113
Guardado
OKCoin
215.69
Guardado
Coinbase
113.44
Guardado
Cexio
4.37
Guardado
Kraken
113.23
Guardado
Bitfinex
113.2
Guardado en BTC
Yacuna
0.01279
Guardado
HitBTC
117.27
Guardado en BTC
BTC38
0.005
Guardado en BTC
Bit2C
0.01499
Guardado
Gatecoin
121.59
Guardado en BTC
Cryptopia
0.01689
Guardado
BitBay
105.15
Guardado en BTC
BTCMarkets
0.0167
Guardado en BTC
QuadrigaCX
0.01681
Guardado en BTC
Bitso
0.01725
Guardado en BTC
Liqui
0.01678
Guardado en BTC
BitMarket
0.0166
Guardado en BTC
Tidex
0.01676
Guardado en BTC
Bleutrade
0.0172
Guardado en BTC
Binance
0.01677
Guardado en BTC
BXinth
0.0167
Guardado en BTC
Gateio
0.0169
Guardado en BTC
OKEX
0.01676
Guardado en BTC
EXX
0.01671
Guardado en BTC
Kucoin
0.01678
Guardado en BTC
TrustDEX
0.01678
Guardado en BTC
BitZ
0.01677
Guardado en BTC
TradeSatoshi
0.01678
Guardado
ExtStock
116.29
Guardado
BitTrex
113.38
Guardado
WavesDEX
118
Guardado en BTC
Abucoins
0.017
Guardado
Yobit
115
Guardado
LiveCoin
116.94
Guardado
Poloniex
113.5
Guardado en BTC
HuobiPro
0.01678
Guardado en BTC
LakeBTC
0.0163
Guardado
CCEX
118.83
Guardado
Exmo
116.28
Guardado
Coinroom
107.01
Guardado en BTC
BTCChina
0.0143
Guardado
Bitstamp
113
Guardado
OKCoin
215.69
Guardado
Coinbase
113.33
Guardado
Cexio
4.37
Guardado
Kraken
112.96
Guardado
Bitfinex
113.21
Guardado en BTC
Yacuna
0.01279
Guardado
HitBTC
117.18
Guardado en BTC
BTC38
0.005
Guardado en BTC
Bit2C
0.01499
Guardado
Gatecoin
121.59
Guardado en BTC
Cryptopia
0.01689
Guardado
BitBay
105.15
Guardado en BTC
BTCMarkets
0.0167
Guardado en BTC
QuadrigaCX
0.01681
Guardado en BTC
Bitso
0.01725
Guardado en BTC
Liqui
0.01678
Guardado en BTC
BitMarket
0.0166
Guardado en BTC
Tidex
0.01674
Guardado en BTC
Bleutrade
0.0166
Guardado en BTC
Binance
0.01677
Guardado en BTC
BXinth
0.0167
Guardado en BTC
Gateio
0.0169
Guardado en BTC
OKEX
0.01676
Guardado en BTC
EXX
0.01676
Guardado en BTC
Kucoin
0.01674
Guardado en BTC
TrustDEX
0.01678
Guardado en BTC
BitZ
0.01675
Guardado en BTC
TradeSatoshi
0.01678
Guardado
ExtStock
116.18
Guardado
BitTrex
113.38
Guardado
WavesDEX
118
Guardado en BTC
Abucoins
0.017
Guardado
Yobit
115
Guardado
LiveCoin
116.94
Guardado
Poloniex
113.52
Guardado en BTC
HuobiPro
0.01677
Guardado en BTC
LakeBTC
0.0163
Guardado
CCEX
118.83
Guardado
Exmo
116.28
Guardado
Coinroom
106.02
Guardado en BTC
BTCChina
0.0143
Guardado
Bitstamp
113
Guardado
OKCoin
215.69
Guardado
Coinbase
113.32
Guardado
Cexio
4.37
Guardado
Kraken
113.17
Guardado
Bitfinex
113.21
Guardado en BTC
Yacuna
0.01279
Guardado
HitBTC
117.23
Guardado en BTC
BTC38
0.005
Guardado en BTC
Bit2C
0.01499
Guardado
Gatecoin
121.59
Guardado en BTC
Cryptopia
0.01689
Guardado
BitBay
105.15
Guardado en BTC
BTCMarkets
0.0167
Guardado en BTC
QuadrigaCX
0.01682
Guardado en BTC
Bitso
0.01725
Guardado en BTC
Liqui
0.01678
Guardado en BTC
BitMarket
0.0166
Guardado en BTC
Tidex
0.01676
Guardado en BTC
Bleutrade
0.0166
Guardado en BTC
Binance
0.01675
Guardado en BTC
BXinth
0.0167
Guardado en BTC
Gateio
0.0169
Guardado en BTC
OKEX
0.01676
Guardado en BTC
EXX
0.01673
Guardado en BTC
Kucoin
0.01674
Guardado en BTC
TrustDEX
0.01678
Guardado en BTC
BitZ
0.01674
Guardado en BTC
TradeSatoshi
0.01678
Guardado
ExtStock
116.18
Guardado
BitTrex
113.38
Guardado
WavesDEX
118
Guardado en BTC
Abucoins
0.017
Guardado
Yobit
115
Guardado
LiveCoin
116.94
Guardado
Poloniex
113.52
Guardado en BTC
HuobiPro
0.01677
Guardado en BTC
LakeBTC
0.0163
Guardado
CCEX
118.83
Guardado
Exmo
116.28
Guardado
Coinroom
110.03
Guardado en BTC
BTCChina
0.0143
Guardado
Bitstamp
112.99
Guardado
OKCoin
215.69
Guardado
Coinbase
113.33
Guardado
Cexio
4.37
Guardado
Kraken
113.19
Guardado
Bitfinex
113.19
Guardado en BTC
Yacuna
0.01279
Guardado
HitBTC
117.33
Guardado en BTC
BTC38
0.005
Guardado en BTC
Bit2C
0.01499
Guardado
Gatecoin
121.59
Guardado en BTC
Cryptopia
0.01689
Guardado
BitBay
105.15
Guardado en BTC
BTCMarkets
0.0167
Guardado en BTC
QuadrigaCX
0.01682
Guardado en BTC
Bitso
0.01725
Guardado en BTC
Liqui
0.01678
Guardado en BTC
BitMarket
0.0166
Guardado en BTC
Tidex
0.01677
Guardado en BTC
Bleutrade
0.0166
Guardado en BTC
Binance
0.01677
Guardado en BTC
BXinth
0.0167
Guardado en BTC
Gateio
0.0169
Guardado en BTC
OKEX
0.01675
Guardado en BTC
EXX
0.01678
Guardado en BTC
Kucoin
0.01674
Guardado en BTC
TrustDEX
0.01678
Guardado en BTC
BitZ
0.01677
Guardado en BTC
TradeSatoshi
0.01678
Guardado
ExtStock
116.29
Guardado
BitTrex
113.38
Guardado
WavesDEX
118
Guardado en BTC
Abucoins
0.017
Guardado
Yobit
115
Guardado
LiveCoin
116.94
Guardado
Poloniex
113.52
Guardado en BTC
HuobiPro
0.01677
Guardado en BTC
LakeBTC
0.0163
Guardado
CCEX
118.83
Guardado
Exmo
116.02
Guardado
Coinroom
110.36
Guardado en BTC
BTCChina
0.0143
Guardado
Bitstamp
113
Guardado
OKCoin
215.69
Guardado
Coinbase
113.33
Guardado
Cexio
4.37
Guardado
Kraken
113.19
Guardado
Bitfinex
113.2
Guardado en BTC
Yacuna
0.01279
Guardado
HitBTC
117.29
Guardado en BTC
BTC38
0.005
Guardado en BTC
Bit2C
0.01499
Guardado
Gatecoin
121.59
Guardado en BTC
Cryptopia
0.01689
Guardado
BitBay
105.15
Guardado en BTC
BTCMarkets
0.0167
Guardado en BTC
QuadrigaCX
0.01682
Guardado en BTC
Bitso
0.01725
Guardado en BTC
Liqui
0.01678
Guardado en BTC
BitMarket
0.0166
Guardado en BTC
Tidex
0.01685
Guardado en BTC
Bleutrade
0.0166
Guardado en BTC
Binance
0.01677
Guardado en BTC
BXinth
0.0167
Guardado en BTC
Gateio
0.0169
Guardado en BTC
OKEX
0.01676
Guardado en BTC
EXX
0.01673
Guardado en BTC
Kucoin
0.01674
Guardado en BTC
TrustDEX
0.01678
Guardado en BTC
BitZ
0.01677
Guardado en BTC
TradeSatoshi
0.01678
Guardado
ExtStock
116.18
Guardado
BitTrex
113.38
Guardado
WavesDEX
118
Guardado en BTC
Abucoins
0.017
Guardado
Yobit
115
Guardado
LiveCoin
116.94
Guardado
Poloniex
113.8
Guardado en BTC
HuobiPro
0.01679
Guardado en BTC
LakeBTC
0.0163
Guardado
CCEX
118.83
Guardado
Exmo
116.49
Guardado
Coinroom
110.36
Guardado en BTC
BTCChina
0.0143
Guardado
Bitstamp
113
Guardado
OKCoin
215.69
Guardado
Coinbase
113.33
Guardado
Cexio
4.37
Guardado
Kraken
113.18
Guardado
Bitfinex
113.2
Guardado en BTC
Yacuna
0.01279
Guardado
HitBTC
117.24
Guardado en BTC
BTC38
0.005
Guardado en BTC
Bit2C
0.01499
Guardado
Gatecoin
121.59
Guardado en BTC
Cryptopia
0.01689
Guardado
BitBay
105.15
Guardado en BTC
BTCMarkets
0.0167
Guardado en BTC
QuadrigaCX
0.01682
Guardado en BTC
Bitso
0.01725
Guardado en BTC
Liqui
0.01678
Guardado en BTC
BitMarket
0.0166
Guardado en BTC
Tidex
0.01682
Guardado en BTC
Bleutrade
0.0172
Guardado en BTC
Binance
0.01677
Guardado en BTC
BXinth
0.0167
Guardado en BTC
Gateio
0.01681
Guardado en BTC
OKEX
0.01676
Guardado en BTC
EXX
0.01671
Guardado en BTC
Kucoin
0.01674
Guardado en BTC
TrustDEX
0.01681
Guardado en BTC
BitZ
0.01677
Guardado en BTC
TradeSatoshi
0.01678
Guardado
ExtStock
116.18
Guardado
BitTrex
113.38
Guardado
WavesDEX
118
Guardado en BTC
Abucoins
0.017
Guardado
Yobit
115
Guardado
LiveCoin
116.94
Guardado
Poloniex
113.8
Guardado en BTC
HuobiPro
0.01678
Guardado en BTC
LakeBTC
0.0163
Guardado
CCEX
118.83
Guardado
Exmo
116
Guardado
Coinroom
110.36
rake aborted!
JSON::ParserError: 765: unexpected token at '<html>
<head><title>502 Bad Gateway</title></head>
<body bgcolor="white">
<center><h1>502 Bad Gateway</h1></center>
<hr><center>nginx/1.4.6 (Ubuntu)</center>
</body>
</html>
'
/home/cristian/.rvm/gems/ruby-2.4.1/gems/json-2.1.0/lib/json/common.rb:156:in `parse'
/home/cristian/.rvm/gems/ruby-2.4.1/gems/json-2.1.0/lib/json/common.rb:156:in `parse'
/home/cristian/.rvm/gems/ruby-2.4.1/gems/cryptocompare-0.14.0/lib/cryptocompare/price.rb:72:in `find'
/home/cristian/CryptoApp/lib/tasks/demo.rake:61:in `block (3 levels) in <top (required)>'
/home/cristian/.rvm/gems/ruby-2.4.1/gems/activerecord-5.1.4/lib/active_record/relation/delegation.rb:39:in `each'
/home/cristian/.rvm/gems/ruby-2.4.1/gems/activerecord-5.1.4/lib/active_record/relation/delegation.rb:39:in `each'
/home/cristian/CryptoApp/lib/tasks/demo.rake:60:in `block (2 levels) in <top (required)>'
/home/cristian/.rvm/gems/ruby-2.4.1/gems/rake-12.3.0/exe/rake:27:in `<top (required)>'
/home/cristian/.rvm/gems/ruby-2.4.1/bin/ruby_executable_hooks:15:in `eval'
/home/cristian/.rvm/gems/ruby-2.4.1/bin/ruby_executable_hooks:15:in `<main>'
Tasks: TOP => ltc:demo
(See full trace by running task with --trace)
Guardado en BTC
BTCChina
0.0143
Guardado
Bitstamp
113
Guardado
OKCoin
215.69
Guardado
Coinbase
113.32
Guardado
Cexio
4.37
Guardado
Kraken
113.15
Guardado
Bitfinex
113.2
Guardado en BTC
Yacuna
0.01279
Guardado
HitBTC
117.27
Guardado en BTC
BTC38
0.005
Guardado en BTC
Bit2C
0.01499
Guardado
Gatecoin
121.59
Guardado en BTC
Cryptopia
0.01672
Guardado
BitBay
105.15
Guardado en BTC
BTCMarkets
0.0167
Guardado en BTC
QuadrigaCX
0.0168
Guardado en BTC
Bitso
0.01725
Guardado en BTC
Liqui
0.01679
Guardado en BTC
BitMarket
0.0166
Guardado en BTC
Tidex
0.01674
Guardado en BTC
Bleutrade
0.0172
Guardado en BTC
Binance
0.01677
Guardado en BTC
BXinth
0.0167
Guardado en BTC
Gateio
0.01681
Guardado en BTC
OKEX
0.01677
Guardado en BTC
EXX
0.0168
Guardado en BTC
Kucoin
0.01674
Guardado en BTC
TrustDEX
0.01681
Guardado en BTC
BitZ
0.01677
Guardado en BTC
TradeSatoshi
0.01678
rake aborted!
JSON::ParserError: 765: unexpected token at '<html>
<head><title>502 Bad Gateway</title></head>
<body bgcolor="white">
<center><h1>502 Bad Gateway</h1></center>
<hr><center>nginx/1.4.6 (Ubuntu)</center>
</body>
</html>
'
/home/cristian/.rvm/gems/ruby-2.4.1/gems/json-2.1.0/lib/json/common.rb:156:in `parse'
/home/cristian/.rvm/gems/ruby-2.4.1/gems/json-2.1.0/lib/json/common.rb:156:in `parse'
/home/cristian/.rvm/gems/ruby-2.4.1/gems/cryptocompare-0.14.0/lib/cryptocompare/price.rb:72:in `find'
/home/cristian/CryptoApp/lib/tasks/demo.rake:70:in `block (3 levels) in <top (required)>'
/home/cristian/.rvm/gems/ruby-2.4.1/gems/activerecord-5.1.4/lib/active_record/relation/delegation.rb:39:in `each'
/home/cristian/.rvm/gems/ruby-2.4.1/gems/activerecord-5.1.4/lib/active_record/relation/delegation.rb:39:in `each'
/home/cristian/CryptoApp/lib/tasks/demo.rake:60:in `block (2 levels) in <top (required)>'
/home/cristian/.rvm/gems/ruby-2.4.1/gems/rake-12.3.0/exe/rake:27:in `<top (required)>'
/home/cristian/.rvm/gems/ruby-2.4.1/bin/ruby_executable_hooks:15:in `eval'
/home/cristian/.rvm/gems/ruby-2.4.1/bin/ruby_executable_hooks:15:in `<main>'
Tasks: TOP => ltc:demo
(See full trace by running task with --trace)
Guardado en BTC
BTCChina
0.0143
Guardado
Bitstamp
113
Guardado
OKCoin
215.69
Guardado
Coinbase
113.39
Guardado
Cexio
4.37
Guardado
Kraken
113.15
Guardado
Bitfinex
113.2
Guardado en BTC
Yacuna
0.01279
Guardado en BTC
BTCChina
0.0143
Guardado
Bitstamp
113
Guardado
OKCoin
215.69
Guardado
Coinbase
113.39
Guardado
Cexio
4.37
Guardado
Kraken
113.21
Guardado
Bitfinex
113.32
Guardado en BTC
Yacuna
0.01279
Guardado
HitBTC
117.23
Guardado en BTC
BTC38
0.005
Guardado en BTC
Bit2C
0.01499
Guardado
Gatecoin
121.59
Guardado en BTC
Cryptopia
0.01672
Guardado
BitBay
105.15
Guardado en BTC
BTCMarkets
0.0167
Guardado en BTC
Bitso
0.01725
Guardado en BTC
Liqui
0.01678
Guardado en BTC
BitMarket
0.0166
Guardado en BTC
Tidex
0.01674
Guardado en BTC
Bleutrade
0.0172
Guardado en BTC
Binance
0.01677
Guardado en BTC
BXinth
0.0167
Guardado en BTC
Gateio
0.01681
Guardado en BTC
OKEX
0.01675
Guardado en BTC
EXX
0.01672
Guardado en BTC
Kucoin
0.01674
Guardado en BTC
TrustDEX
0.01676
Guardado en BTC
BitZ
0.01677
Guardado en BTC
TradeSatoshi
0.01678
Guardado
ExtStock
116.18
Guardado
BitTrex
113.36
Guardado
WavesDEX
118
Guardado en BTC
Abucoins
0.017
Guardado
Yobit
115
Guardado
LiveCoin
116.5
Guardado
Poloniex
113.79
Guardado en BTC
HuobiPro
0.01677
Guardado en BTC
LakeBTC
0.0163
Guardado en BTC
QuadrigaCX
0.0168
Guardado
CCEX
118.83
Guardado
Exmo
116
Guardado
Coinroom
110.36
rake aborted!
SignalException: SIGTERM
/home/cristian/.rvm/gems/ruby-2.4.1/gems/faraday-0.14.0/lib/faraday/adapter/net_http.rb:78:in `perform_request'
/home/cristian/.rvm/gems/ruby-2.4.1/gems/faraday-0.14.0/lib/faraday/adapter/net_http.rb:38:in `block in call'
/home/cristian/.rvm/gems/ruby-2.4.1/gems/faraday-0.14.0/lib/faraday/adapter/net_http.rb:85:in `with_net_http_connection'
/home/cristian/.rvm/gems/ruby-2.4.1/gems/faraday-0.14.0/lib/faraday/adapter/net_http.rb:33:in `call'
/home/cristian/.rvm/gems/ruby-2.4.1/gems/faraday-0.14.0/lib/faraday/request/url_encoded.rb:15:in `call'
/home/cristian/.rvm/gems/ruby-2.4.1/gems/faraday-0.14.0/lib/faraday/rack_builder.rb:143:in `build_response'
/home/cristian/.rvm/gems/ruby-2.4.1/gems/faraday-0.14.0/lib/faraday/connection.rb:387:in `run_request'
/home/cristian/.rvm/gems/ruby-2.4.1/gems/faraday-0.14.0/lib/faraday/connection.rb:138:in `get'
/home/cristian/.rvm/gems/ruby-2.4.1/gems/faraday-0.14.0/lib/faraday.rb:103:in `method_missing'
/home/cristian/.rvm/gems/ruby-2.4.1/gems/cryptocompare-0.14.0/lib/cryptocompare/price.rb:71:in `find'
/home/cristian/CryptoApp/lib/tasks/demo.rake:61:in `block (3 levels) in <top (required)>'
/home/cristian/.rvm/gems/ruby-2.4.1/gems/activerecord-5.1.4/lib/active_record/relation/delegation.rb:39:in `each'
/home/cristian/.rvm/gems/ruby-2.4.1/gems/activerecord-5.1.4/lib/active_record/relation/delegation.rb:39:in `each'
/home/cristian/CryptoApp/lib/tasks/demo.rake:60:in `block (2 levels) in <top (required)>'
/home/cristian/.rvm/gems/ruby-2.4.1/gems/rake-12.3.0/exe/rake:27:in `<top (required)>'
/home/cristian/.rvm/gems/ruby-2.4.1/bin/ruby_executable_hooks:15:in `eval'
/home/cristian/.rvm/gems/ruby-2.4.1/bin/ruby_executable_hooks:15:in `<main>'
Tasks: TOP => ltc:demo
(See full trace by running task with --trace)
Guardado en BTC
BTCChina
0.0143
Guardado
Bitstamp
113.26
Guardado
OKCoin
215.69
Guardado
Coinbase
113.51
Guardado
Cexio
4.37
Guardado
Kraken
113.24
Guardado
Bitfinex
113.32
Guardado en BTC
Yacuna
0.01279
Guardado
HitBTC
117.36
Guardado en BTC
BTC38
0.005
Guardado en BTC
Bit2C
0.01499
Guardado
Gatecoin
121.59
Guardado en BTC
Cryptopia
0.01672
Guardado
BitBay
105.15
Guardado en BTC
BTCMarkets
0.0167
Guardado en BTC
Bitso
0.01725
Guardado en BTC
Liqui
0.01679
Guardado en BTC
BitMarket
0.0166
Guardado en BTC
Tidex
0.01674
Guardado en BTC
Bleutrade
0.0172
Guardado en BTC
Binance
0.01676
Guardado en BTC
BXinth
0.0167
Guardado en BTC
Gateio
0.01681
Guardado en BTC
OKEX
0.01675
Guardado en BTC
EXX
0.01685
Guardado en BTC
Kucoin
0.01674
Guardado en BTC
TrustDEX
0.01676
Guardado en BTC
BitZ
0.01676
Guardado en BTC
TradeSatoshi
0.01678
Guardado
ExtStock
116.18
Guardado
BitTrex
112.78
Guardado
WavesDEX
118
