Hecho!!
Hecho!!
FATAL: Listen error: unable to monitor directories for changes.
Visit https://github.com/guard/listen/wiki/Increasing-the-amount-of-inotify-watchers for info on how to fix this.
FATAL: Listen error: unable to monitor directories for changes.
Visit https://github.com/guard/listen/wiki/Increasing-the-amount-of-inotify-watchers for info on how to fix this.
Hecho!!
Hecho!!
rake aborted!
NoMethodError: undefined method `update' for nil:NilClass
/home/cristian/CryptoApp/lib/tasks/demo.rake:444:in `block (3 levels) in <top (required)>'
/home/cristian/CryptoApp/lib/tasks/demo.rake:437:in `each'
/home/cristian/CryptoApp/lib/tasks/demo.rake:437:in `block (2 levels) in <top (required)>'
/home/cristian/.rvm/gems/ruby-2.4.1/gems/rake-12.3.0/exe/rake:27:in `<top (required)>'
/home/cristian/.rvm/gems/ruby-2.4.1/bin/ruby_executable_hooks:15:in `eval'
/home/cristian/.rvm/gems/ruby-2.4.1/bin/ruby_executable_hooks:15:in `<main>'
Tasks: TOP => ltc_history:demo
(See full trace by running task with --trace)
rake aborted!
NoMethodError: undefined method `update' for nil:NilClass
/home/cristian/CryptoApp/lib/tasks/demo.rake:444:in `block (3 levels) in <top (required)>'
/home/cristian/CryptoApp/lib/tasks/demo.rake:437:in `each'
/home/cristian/CryptoApp/lib/tasks/demo.rake:437:in `block (2 levels) in <top (required)>'
/home/cristian/.rvm/gems/ruby-2.4.1/gems/rake-12.3.0/exe/rake:27:in `<top (required)>'
/home/cristian/.rvm/gems/ruby-2.4.1/bin/ruby_executable_hooks:15:in `eval'
/home/cristian/.rvm/gems/ruby-2.4.1/bin/ruby_executable_hooks:15:in `<main>'
Tasks: TOP => ltc_history:demo
(See full trace by running task with --trace)
rake aborted!
NoMethodError: undefined method `update' for nil:NilClass
/home/cristian/CryptoApp/lib/tasks/demo.rake:444:in `block (3 levels) in <top (required)>'
/home/cristian/CryptoApp/lib/tasks/demo.rake:437:in `each'
/home/cristian/CryptoApp/lib/tasks/demo.rake:437:in `block (2 levels) in <top (required)>'
/home/cristian/.rvm/gems/ruby-2.4.1/gems/rake-12.3.0/exe/rake:27:in `<top (required)>'
/home/cristian/.rvm/gems/ruby-2.4.1/bin/ruby_executable_hooks:15:in `eval'
/home/cristian/.rvm/gems/ruby-2.4.1/bin/ruby_executable_hooks:15:in `<main>'
Tasks: TOP => ltc_history:demo
(See full trace by running task with --trace)
rake aborted!
NoMethodError: undefined method `update' for nil:NilClass
/home/cristian/CryptoApp/lib/tasks/demo.rake:444:in `block (3 levels) in <top (required)>'
/home/cristian/CryptoApp/lib/tasks/demo.rake:437:in `each'
/home/cristian/CryptoApp/lib/tasks/demo.rake:437:in `block (2 levels) in <top (required)>'
/home/cristian/.rvm/gems/ruby-2.4.1/gems/rake-12.3.0/exe/rake:27:in `<top (required)>'
/home/cristian/.rvm/gems/ruby-2.4.1/bin/ruby_executable_hooks:15:in `eval'
/home/cristian/.rvm/gems/ruby-2.4.1/bin/ruby_executable_hooks:15:in `<main>'
Tasks: TOP => ltc_history:demo
(See full trace by running task with --trace)
rake aborted!
NoMethodError: undefined method `update' for nil:NilClass
/home/cristian/CryptoApp/lib/tasks/demo.rake:444:in `block (3 levels) in <top (required)>'
/home/cristian/CryptoApp/lib/tasks/demo.rake:437:in `each'
/home/cristian/CryptoApp/lib/tasks/demo.rake:437:in `block (2 levels) in <top (required)>'
/home/cristian/.rvm/gems/ruby-2.4.1/gems/rake-12.3.0/exe/rake:27:in `<top (required)>'
/home/cristian/.rvm/gems/ruby-2.4.1/bin/ruby_executable_hooks:15:in `eval'
/home/cristian/.rvm/gems/ruby-2.4.1/bin/ruby_executable_hooks:15:in `<main>'
Tasks: TOP => ltc_history:demo
(See full trace by running task with --trace)
rake aborted!
NoMethodError: undefined method `update' for nil:NilClass
/home/cristian/CryptoApp/lib/tasks/demo.rake:444:in `block (3 levels) in <top (required)>'
/home/cristian/CryptoApp/lib/tasks/demo.rake:437:in `each'
/home/cristian/CryptoApp/lib/tasks/demo.rake:437:in `block (2 levels) in <top (required)>'
/home/cristian/.rvm/gems/ruby-2.4.1/gems/rake-12.3.0/exe/rake:27:in `<top (required)>'
/home/cristian/.rvm/gems/ruby-2.4.1/bin/ruby_executable_hooks:15:in `eval'
/home/cristian/.rvm/gems/ruby-2.4.1/bin/ruby_executable_hooks:15:in `<main>'
Tasks: TOP => ltc_history:demo
(See full trace by running task with --trace)
rake aborted!
NoMethodError: undefined method `update' for nil:NilClass
/home/cristian/CryptoApp/lib/tasks/demo.rake:444:in `block (3 levels) in <top (required)>'
/home/cristian/CryptoApp/lib/tasks/demo.rake:437:in `each'
/home/cristian/CryptoApp/lib/tasks/demo.rake:437:in `block (2 levels) in <top (required)>'
/home/cristian/.rvm/gems/ruby-2.4.1/gems/rake-12.3.0/exe/rake:27:in `<top (required)>'
/home/cristian/.rvm/gems/ruby-2.4.1/bin/ruby_executable_hooks:15:in `eval'
/home/cristian/.rvm/gems/ruby-2.4.1/bin/ruby_executable_hooks:15:in `<main>'
Tasks: TOP => ltc_history:demo
(See full trace by running task with --trace)
Hecho!!
Hecho!!
Hecho!!
Hecho!!
Hecho!!
Hecho!!
