Guardado en BTC
BTER
2.809e-05
Guardado en BTC
Poloniex
4.071e-05
Guardado en BTC
BitTrex
4.1e-05
Guardado
HitBTC
0.3748
Guardado en BTC
BTC38
4.1e-06
Guardado en BTC
Cryptopia
4.134e-05
Guardado
Yobit
0.374
Guardado
LiveCoin
0.3875
Guardado en BTC
Zaif
4.08e-05
Guardado en BTC
Abucoins
4.105e-05
Guardado en BTC
HuobiPro
4.079e-05
Guardado en BTC
OKEX
4.06e-05
Guardado en BTC
Upbit
4.1e-05
Guardado en BTC
BTER
2.809e-05
Guardado
HitBTC
0.3738
Guardado en BTC
Abucoins
4.105e-05
Guardado en BTC
Upbit
4.08e-05
Guardado en BTC
Poloniex
4.071e-05
Guardado en BTC
BitTrex
4.1e-05
Guardado en BTC
BTC38
4.1e-06
Guardado en BTC
Cryptopia
4.134e-05
Guardado
Yobit
0.374
Guardado
LiveCoin
0.3875
Guardado en BTC
Zaif
4.08e-05
Guardado en BTC
HuobiPro
4.087e-05
Guardado en BTC
OKEX
4.058e-05
Guardado en BTC
BTER
2.809e-05
Guardado
HitBTC
0.3733
Guardado en BTC
Abucoins
4.105e-05
Guardado en BTC
Upbit
4.08e-05
Guardado en BTC
Poloniex
4.071e-05
Guardado en BTC
BitTrex
4.08e-05
Guardado en BTC
BTC38
4.1e-06
Guardado en BTC
Cryptopia
4.134e-05
Guardado
Yobit
0.375
Guardado
LiveCoin
0.3875
Guardado en BTC
Zaif
4.081e-05
Guardado en BTC
HuobiPro
4.089e-05
Guardado en BTC
OKEX
4.076e-05
