Guardado
BitTrex
87.1
Guardado
Bitfinex
87.3
Guardado
HitBTC
88.34
Guardado en BTC
Cryptopia
0.009408
Guardado
Quoine
86.84
Guardado
LiveCoin
95.15
Guardado en BTC
Binance
0.009393
Guardado en BTC
Gateio
0.008262
Guardado en BTC
HuobiPro
0.009398
Guardado en BTC
OKEX
0.009344
Guardado en BTC
Kucoin
0.009392
Guardado
Bitfinex
87.33
Guardado
HitBTC
88.34
Guardado
Quoine
86.84
Guardado en BTC
Binance
0.009375
Guardado en BTC
Gateio
0.008262
Guardado
BitTrex
87
Guardado en BTC
Cryptopia
0.009408
Guardado
LiveCoin
95.15
Guardado en BTC
HuobiPro
0.009393
Guardado en BTC
OKEX
0.009383
Guardado en BTC
Kucoin
0.009386
Guardado
Bitfinex
87.33
Guardado
HitBTC
88.37
Guardado
Quoine
86.84
Guardado en BTC
Binance
0.009403
Guardado en BTC
Gateio
0.008262
Guardado
BitTrex
87.65
Guardado en BTC
Cryptopia
0.009408
Guardado
LiveCoin
95.15
Guardado en BTC
HuobiPro
0.009392
Guardado en BTC
OKEX
0.009373
Guardado en BTC
Kucoin
0.009372
Guardado
Bitfinex
87.36
Guardado
HitBTC
88.39
Guardado
Quoine
86.84
Guardado en BTC
Binance
0.009417
Guardado en BTC
Gateio
0.008262
Guardado
BitTrex
87.65
Guardado en BTC
Cryptopia
0.009408
Guardado
LiveCoin
95.15
Guardado en BTC
HuobiPro
0.009388
Guardado en BTC
OKEX
0.009368
Guardado en BTC
Kucoin
0.00938
Guardado
Bitfinex
87.38
Guardado
HitBTC
88.56
Guardado
Quoine
86.84
Guardado en BTC
Binance
0.009385
Guardado en BTC
Gateio
0.008262
Guardado
BitTrex
87.8
Guardado en BTC
Cryptopia
0.009408
Guardado
LiveCoin
95.15
Guardado en BTC
HuobiPro
0.009394
Guardado en BTC
OKEX
0.009369
Guardado en BTC
Kucoin
0.009377
Guardado
Bitfinex
87.36
Guardado
HitBTC
88.56
Guardado
Quoine
86.84
Guardado en BTC
Binance
0.009387
Guardado en BTC
Gateio
0.008262
Guardado
BitTrex
87.8
Guardado en BTC
Cryptopia
0.009408
Guardado
LiveCoin
95.15
Guardado en BTC
HuobiPro
0.009388
Guardado en BTC
OKEX
0.009377
Guardado en BTC
Kucoin
0.009377
Guardado
Bitfinex
87.4
Guardado
HitBTC
88.37
Guardado
Quoine
86.84
Guardado en BTC
Binance
0.009409
Guardado en BTC
Gateio
0.008262
Guardado
BitTrex
87.8
Guardado en BTC
Cryptopia
0.009408
Guardado
LiveCoin
95.15
Guardado en BTC
HuobiPro
0.009408
Guardado en BTC
OKEX
0.009362
Guardado en BTC
Kucoin
0.00938
Guardado
Bitfinex
87.46
Guardado
HitBTC
88.78
Guardado
Quoine
86.84
Guardado en BTC
Binance
0.009422
Guardado en BTC
Gateio
0.008262
Guardado
BitTrex
87.5
Guardado en BTC
Cryptopia
0.009408
Guardado
LiveCoin
95.15
Guardado en BTC
HuobiPro
0.009428
Guardado en BTC
OKEX
0.009388
Guardado en BTC
Kucoin
0.009413
Guardado
Bitfinex
87.45
Guardado
HitBTC
88.69
Guardado
Quoine
86.84
Guardado en BTC
Binance
0.009426
Guardado en BTC
Gateio
0.008262
Guardado
BitTrex
87.54
Guardado en BTC
Cryptopia
0.009408
Guardado
LiveCoin
95.15
Guardado en BTC
HuobiPro
0.009424
Guardado en BTC
OKEX
0.009394
Guardado en BTC
Kucoin
0.009413
Guardado
Bitfinex
87.44
Guardado
HitBTC
88.36
Guardado
Quoine
86.84
Guardado en BTC
Binance
0.00943
Guardado en BTC
Gateio
0.008262
Guardado
BitTrex
88
Guardado en BTC
Cryptopia
0.009408
Guardado
LiveCoin
95.15
Guardado en BTC
HuobiPro
0.009421
Guardado en BTC
OKEX
0.009432
Guardado en BTC
Kucoin
0.009413
Guardado
Bitfinex
87.61
Guardado
HitBTC
88.42
Guardado
Quoine
86.84
Guardado en BTC
Binance
0.00943
Guardado en BTC
Gateio
0.008262
Guardado
BitTrex
87.8
Guardado en BTC
Cryptopia
0.009408
Guardado
LiveCoin
95.15
Guardado en BTC
HuobiPro
0.009429
Guardado en BTC
OKEX
0.009427
Guardado en BTC
Kucoin
0.009438
Guardado
Bitfinex
87.63
Guardado
HitBTC
88.42
Guardado
Quoine
86.84
Guardado en BTC
Binance
0.009429
Guardado en BTC
Gateio
0.008262
Guardado
BitTrex
87.95
Guardado en BTC
Cryptopia
0.009408
Guardado
LiveCoin
95.15
Guardado en BTC
HuobiPro
0.009432
Guardado en BTC
OKEX
0.009398
Guardado en BTC
Kucoin
0.009438
Guardado
Bitfinex
87.47
Guardado
HitBTC
88.48
Guardado
Quoine
86.84
Guardado en BTC
Binance
0.009429
Guardado en BTC
Gateio
0.008262
Guardado
BitTrex
87.8
Guardado en BTC
Cryptopia
0.009408
Guardado
LiveCoin
95.15
Guardado en BTC
HuobiPro
0.009432
Guardado en BTC
OKEX
0.009416
Guardado en BTC
Kucoin
0.009392
Guardado
Bitfinex
87.71
Guardado
HitBTC
88.4
Guardado
Quoine
86.84
Guardado en BTC
Binance
0.00943
Guardado en BTC
Gateio
0.008262
Guardado
BitTrex
87.25
Guardado en BTC
Cryptopia
0.009408
Guardado
LiveCoin
95
Guardado en BTC
HuobiPro
0.00944
Guardado en BTC
OKEX
0.009431
Guardado en BTC
Kucoin
0.009421
Guardado
Bitfinex
88.2
Guardado
HitBTC
88.71
Guardado
Quoine
86.84
Guardado en BTC
Binance
0.009468
Guardado en BTC
Gateio
0.008262
Guardado
BitTrex
87.95
Guardado en BTC
Cryptopia
0.009408
Guardado
LiveCoin
95
Guardado en BTC
HuobiPro
0.009456
Guardado en BTC
OKEX
0.009434
Guardado en BTC
Kucoin
0.00943
Guardado
Bitfinex
87.6
Guardado
HitBTC
88.53
Guardado
Quoine
86.84
Guardado en BTC
Binance
0.009451
Guardado en BTC
Gateio
0.008262
Guardado
BitTrex
87.74
Guardado en BTC
Cryptopia
0.009481
Guardado
LiveCoin
95
Guardado en BTC
HuobiPro
0.009441
Guardado en BTC
OKEX
0.009437
Guardado en BTC
Kucoin
0.009413
Guardado
Bitfinex
87.45
Guardado
HitBTC
88.53
Guardado
Quoine
86.84
Guardado en BTC
Binance
0.009434
Guardado en BTC
Gateio
0.008262
Guardado
BitTrex
87.4
Guardado en BTC
Cryptopia
0.009481
Guardado
LiveCoin
95
Guardado en BTC
HuobiPro
0.009424
Guardado en BTC
OKEX
0.009426
Guardado en BTC
Kucoin
0.009421
Guardado
Bitfinex
87.42
Guardado
HitBTC
87.65
Guardado
Quoine
86.84
Guardado en BTC
Binance
0.009387
Guardado en BTC
Gateio
0.008262
Guardado
BitTrex
87.24
Guardado en BTC
Cryptopia
0.009481
Guardado
LiveCoin
95
Guardado en BTC
HuobiPro
0.009389
Guardado en BTC
OKEX
0.009368
Guardado en BTC
Kucoin
0.009392
Guardado
Bitfinex
87.2
Guardado
HitBTC
87.73
Guardado
Quoine
86.84
Guardado en BTC
Binance
0.009371
Guardado en BTC
Gateio
0.008262
Guardado
BitTrex
87.02
Guardado en BTC
Cryptopia
0.009481
Guardado
LiveCoin
95
Guardado en BTC
HuobiPro
0.009367
Guardado en BTC
OKEX
0.009353
Guardado en BTC
Kucoin
0.009371
Guardado
Bitfinex
87.38
Guardado
HitBTC
87.73
Guardado
Quoine
86.84
Guardado en BTC
Binance
0.00938
Guardado en BTC
Gateio
0.008262
Guardado
BitTrex
87.35
Guardado en BTC
Cryptopia
0.009481
Guardado
LiveCoin
95
Guardado en BTC
HuobiPro
0.009375
Guardado en BTC
OKEX
0.009346
Guardado en BTC
Kucoin
0.009371
Guardado
Bitfinex
87.27
Guardado
HitBTC
87.75
Guardado
Quoine
86.84
Guardado en BTC
Binance
0.009387
Guardado en BTC
Gateio
0.008262
Guardado
BitTrex
87.02
Guardado en BTC
Cryptopia
0.009481
Guardado
LiveCoin
95
Guardado en BTC
HuobiPro
0.009376
Guardado en BTC
OKEX
0.009345
Guardado en BTC
Kucoin
0.009408
Guardado
Bitfinex
87.02
Guardado
HitBTC
87.64
Guardado
Quoine
86.84
Guardado en BTC
Binance
0.009392
Guardado en BTC
Gateio
0.008262
Guardado
BitTrex
87.35
Guardado en BTC
Cryptopia
0.009481
Guardado
LiveCoin
95
Guardado en BTC
HuobiPro
0.009391
Guardado en BTC
OKEX
0.009392
Guardado en BTC
Kucoin
0.009372
Guardado
Bitfinex
87.1
Guardado
HitBTC
87.76
Guardado
Quoine
86.84
Guardado en BTC
Binance
0.009383
Guardado en BTC
Gateio
0.008262
Guardado
BitTrex
87.27
Guardado en BTC
Cryptopia
0.009269
Guardado
LiveCoin
95
Guardado en BTC
HuobiPro
0.009389
Guardado en BTC
OKEX
0.009385
Guardado en BTC
Kucoin
0.009399
Guardado
Bitfinex
87.31
Guardado
HitBTC
87.73
Guardado
Quoine
86.84
Guardado en BTC
Binance
0.009379
Guardado en BTC
Gateio
0.008262
Guardado
BitTrex
87.19
Guardado en BTC
Cryptopia
0.009269
Guardado
LiveCoin
95
Guardado en BTC
HuobiPro
0.009387
Guardado en BTC
OKEX
0.009386
Guardado en BTC
Kucoin
0.009368
Guardado
Bitfinex
87.34
Guardado
HitBTC
87.76
Guardado
Quoine
86.84
Guardado en BTC
Binance
0.009364
Guardado en BTC
Gateio
0.008262
Guardado
BitTrex
86.81
Guardado en BTC
Cryptopia
0.009269
Guardado
LiveCoin
95
Guardado en BTC
HuobiPro
0.009387
Guardado en BTC
OKEX
0.009387
Guardado en BTC
Kucoin
0.009391
Guardado
Bitfinex
87.4
Guardado
HitBTC
87.83
Guardado
Quoine
86.84
Guardado en BTC
Binance
0.009415
Guardado en BTC
Gateio
0.008262
Guardado
BitTrex
87.35
Guardado en BTC
Cryptopia
0.009269
Guardado
LiveCoin
95
Guardado en BTC
HuobiPro
0.00941
Guardado en BTC
OKEX
0.009413
Guardado en BTC
Kucoin
0.009391
Guardado
Bitfinex
86.96
Guardado
HitBTC
87.44
Guardado
Quoine
86.84
Guardado en BTC
Binance
0.009382
Guardado en BTC
Gateio
0.008262
Guardado
BitTrex
87.16
Guardado en BTC
Cryptopia
0.009269
Guardado
LiveCoin
95
Guardado en BTC
HuobiPro
0.009403
Guardado en BTC
OKEX
0.009411
Guardado en BTC
Kucoin
0.00941
Guardado
Bitfinex
87.45
Guardado
HitBTC
87.86
Guardado
Quoine
86.84
Guardado en BTC
Binance
0.009426
Guardado en BTC
Gateio
0.008262
Guardado
BitTrex
87.16
Guardado en BTC
Cryptopia
0.009269
Guardado
LiveCoin
95
Guardado en BTC
HuobiPro
0.009408
Guardado en BTC
OKEX
0.009415
Guardado en BTC
Kucoin
0.00941
Guardado
Bitfinex
87.63
Guardado
HitBTC
87.82
Guardado
Quoine
86.84
Guardado en BTC
Binance
0.009437
Guardado en BTC
Gateio
0.008262
Guardado
BitTrex
87.5
Guardado en BTC
Cryptopia
0.009269
Guardado
LiveCoin
95
Guardado en BTC
HuobiPro
0.009432
Guardado en BTC
OKEX
0.009429
Guardado en BTC
Kucoin
0.009374
Guardado
Bitfinex
88.26
Guardado
HitBTC
87.82
Guardado
Quoine
86.84
Guardado en BTC
Binance
0.00948
Guardado en BTC
Gateio
0.008262
Guardado
BitTrex
87.5
Guardado en BTC
Cryptopia
0.009269
Guardado
LiveCoin
95
Guardado en BTC
HuobiPro
0.009443
Guardado en BTC
OKEX
0.009441
Guardado en BTC
Kucoin
0.009448
Guardado
Bitfinex
88.3
Guardado
HitBTC
88.77
Guardado
Quoine
86.84
Guardado en BTC
Binance
0.00949
Guardado en BTC
Gateio
0.008262
Guardado
BitTrex
87.95
Guardado en BTC
Cryptopia
0.009269
Guardado
LiveCoin
94.5
Guardado en BTC
HuobiPro
0.009489
Guardado en BTC
OKEX
0.009476
Guardado en BTC
Kucoin
0.00949
Guardado
Bitfinex
88.35
Guardado
HitBTC
88.75
Guardado
Quoine
86.84
Guardado en BTC
Binance
0.009508
Guardado en BTC
Gateio
0.008262
Guardado
BitTrex
88.8
Guardado en BTC
Cryptopia
0.009269
Guardado
LiveCoin
94.5
Guardado en BTC
HuobiPro
0.009517
Guardado en BTC
OKEX
0.009489
Guardado en BTC
Kucoin
0.009462
Guardado
Bitfinex
88.76
Guardado
HitBTC
89.3
Guardado
Quoine
86.84
Guardado en BTC
Binance
0.00954
Guardado en BTC
Gateio
0.008262
Guardado
BitTrex
88.85
Guardado en BTC
Cryptopia
0.009269
Guardado
LiveCoin
94.5
Guardado en BTC
HuobiPro
0.009528
Guardado en BTC
OKEX
0.009491
Guardado en BTC
Kucoin
0.009501
Guardado
Bitfinex
89.21
Guardado
HitBTC
89.27
Guardado
Quoine
87.7
Guardado en BTC
Binance
0.009591
Guardado en BTC
Gateio
0.008262
Guardado
BitTrex
89
Guardado en BTC
Cryptopia
0.009269
Guardado
LiveCoin
94.5
Guardado en BTC
HuobiPro
0.009563
Guardado en BTC
OKEX
0.009561
Guardado en BTC
Kucoin
0.009583
Guardado
Bitfinex
89.5
Guardado
HitBTC
89.8
Guardado
Quoine
88.24
Guardado en BTC
Binance
0.009619
Guardado en BTC
Gateio
0.008262
Guardado
BitTrex
89
Guardado en BTC
Cryptopia
0.009269
Guardado
LiveCoin
94.5
Guardado en BTC
HuobiPro
0.009615
Guardado en BTC
OKEX
0.0096
Guardado en BTC
Kucoin
0.009603
Guardado
Bitfinex
89.23
Guardado
HitBTC
90.09
Guardado
Quoine
88.24
Guardado en BTC
Binance
0.009595
Guardado en BTC
Gateio
0.008262
Guardado
BitTrex
89.2
Guardado en BTC
Cryptopia
0.009269
Guardado
LiveCoin
94.5
Guardado en BTC
HuobiPro
0.009631
Guardado en BTC
OKEX
0.009611
Guardado en BTC
Kucoin
0.009603
Guardado
Bitfinex
88.81
Guardado
HitBTC
89.67
Guardado
Quoine
88.24
Guardado en BTC
Binance
0.009572
Guardado en BTC
Gateio
0.008262
Guardado
BitTrex
89.25
Guardado en BTC
Cryptopia
0.009269
Guardado
LiveCoin
94.5
Guardado en BTC
HuobiPro
0.009548
Guardado en BTC
OKEX
0.009524
Guardado en BTC
Kucoin
0.009539
Guardado
Bitfinex
89.2
Guardado
HitBTC
89.68
Guardado
Quoine
88.24
Guardado en BTC
Binance
0.009576
Guardado en BTC
Gateio
0.008262
Guardado
BitTrex
88.78
Guardado en BTC
Cryptopia
0.009481
Guardado
LiveCoin
94.5
Guardado en BTC
HuobiPro
0.009572
Guardado en BTC
OKEX
0.009538
Guardado en BTC
Kucoin
0.009563
Guardado
Bitfinex
89.35
Guardado
HitBTC
89.71
Guardado
Quoine
88.24
Guardado en BTC
Binance
0.00957
Guardado en BTC
Gateio
0.008262
Guardado
BitTrex
88.78
Guardado en BTC
Cryptopia
0.009481
Guardado
LiveCoin
94.5
Guardado en BTC
HuobiPro
0.009572
Guardado en BTC
OKEX
0.009556
Guardado en BTC
Kucoin
0.00956
Guardado
Bitfinex
89.44
Guardado
HitBTC
89.58
Guardado
Quoine
88.24
Guardado en BTC
Binance
0.009568
Guardado en BTC
Gateio
0.008262
Guardado
BitTrex
89.16
Guardado en BTC
Cryptopia
0.009481
Guardado
LiveCoin
94.5
Guardado en BTC
HuobiPro
0.009563
Guardado en BTC
OKEX
0.009548
Guardado en BTC
Kucoin
0.009474
Guardado
Bitfinex
89.21
Guardado
HitBTC
89.59
Guardado
Quoine
88.24
Guardado en BTC
Binance
0.009531
Guardado en BTC
Gateio
0.008262
Guardado
BitTrex
88.9
Guardado en BTC
Cryptopia
0.009481
Guardado
LiveCoin
94.5
Guardado en BTC
HuobiPro
0.009538
Guardado en BTC
OKEX
0.009548
Guardado en BTC
Kucoin
0.009499
Guardado
Bitfinex
88.72
Guardado
HitBTC
89.59
Guardado
Quoine
88.24
Guardado en BTC
Binance
0.00948
Guardado en BTC
Gateio
0.008262
Guardado
BitTrex
88.68
Guardado en BTC
Cryptopia
0.009481
Guardado
LiveCoin
94.5
Guardado en BTC
HuobiPro
0.009472
Guardado en BTC
OKEX
0.009505
Guardado en BTC
Kucoin
0.009483
Guardado
Bitfinex
88.4
Guardado
HitBTC
88.91
Guardado
Quoine
88.24
Guardado en BTC
Binance
0.009476
Guardado en BTC
Gateio
0.008262
Guardado
BitTrex
88.72
Guardado en BTC
Cryptopia
0.009481
Guardado
LiveCoin
94.5
Guardado en BTC
HuobiPro
0.009457
Guardado en BTC
OKEX
0.009412
Guardado en BTC
Kucoin
0.009449
Guardado
Bitfinex
88.43
Guardado
HitBTC
89.08
Guardado
Quoine
88.24
Guardado en BTC
Binance
0.009475
Guardado en BTC
Gateio
0.008262
Guardado
BitTrex
88.72
Guardado en BTC
Cryptopia
0.009481
Guardado
LiveCoin
94.5
Guardado en BTC
HuobiPro
0.009461
Guardado en BTC
OKEX
0.009462
Guardado en BTC
Kucoin
0.00947
Guardado
Bitfinex
88.22
Guardado
HitBTC
89.05
Guardado
Quoine
88.24
Guardado en BTC
Binance
0.009466
Guardado en BTC
Gateio
0.008262
Guardado
BitTrex
88.72
Guardado en BTC
Cryptopia
0.009481
Guardado
LiveCoin
94.5
Guardado en BTC
HuobiPro
0.009467
Guardado en BTC
OKEX
0.009422
Guardado en BTC
Kucoin
0.00944
