Guardado
Poloniex
0.1147
Guardado
BitTrex
0.1168
Guardado
HitBTC
0.1193
Guardado
CCEX
0.12
Guardado
Poloniex
0.1147
Guardado
BitTrex
0.1168
Guardado
HitBTC
0.1191
Guardado
CCEX
0.12
Guardado
Poloniex
0.1147
Guardado
BitTrex
0.1168
Guardado
HitBTC
0.1192
Guardado
CCEX
0.12
Guardado
Poloniex
0.1147
Guardado
BitTrex
0.1168
Guardado
HitBTC
0.1191
Guardado
CCEX
0.12
Guardado
Poloniex
0.1147
Guardado
BitTrex
0.1168
Guardado
HitBTC
0.1187
Guardado
CCEX
0.12
Guardado
Poloniex
0.1147
Guardado
BitTrex
0.1168
Guardado
HitBTC
0.1187
Guardado
CCEX
0.12
Guardado
Poloniex
0.1147
Guardado
BitTrex
0.1168
Guardado
HitBTC
0.119
Guardado
CCEX
0.12
Guardado
Poloniex
0.1147
Guardado
BitTrex
0.1168
Guardado
HitBTC
0.1189
Guardado
CCEX
0.12
Guardado
Poloniex
0.1147
Guardado
BitTrex
0.1168
Guardado
HitBTC
0.1192
Guardado
CCEX
0.12
Guardado
Poloniex
0.1147
Guardado
BitTrex
0.1168
Guardado
HitBTC
0.1188
Guardado
CCEX
0.12
Guardado
Poloniex
0.1147
Guardado
BitTrex
0.1168
Guardado
HitBTC
0.1192
Guardado
CCEX
0.12
Guardado
Poloniex
0.1147
Guardado
BitTrex
0.1168
Guardado
HitBTC
0.119
Guardado
CCEX
0.12
Guardado
Poloniex
0.1147
Guardado
BitTrex
0.1168
Guardado
HitBTC
0.1192
Guardado
CCEX
0.12
Guardado
Poloniex
0.1147
Guardado
BitTrex
0.1168
Guardado
HitBTC
0.1192
Guardado
CCEX
0.12
Guardado
Poloniex
0.1147
Guardado
BitTrex
0.1168
Guardado
HitBTC
0.1191
Guardado
CCEX
0.12
Guardado
Poloniex
0.1156
Guardado
BitTrex
0.1168
Guardado
HitBTC
0.1193
Guardado
CCEX
0.12
Guardado
Poloniex
0.1156
Guardado
BitTrex
0.1168
Guardado
HitBTC
0.1193
Guardado
CCEX
0.12
Guardado
Poloniex
0.1156
Guardado
BitTrex
0.1168
Guardado
HitBTC
0.1193
Guardado
CCEX
0.12
Guardado
Poloniex
0.1156
Guardado
BitTrex
0.1168
Guardado
HitBTC
0.1192
Guardado
CCEX
0.12
Guardado
Poloniex
0.1156
Guardado
BitTrex
0.1168
Guardado
HitBTC
0.1192
Guardado
CCEX
0.12
Guardado
Poloniex
0.1156
Guardado
BitTrex
0.1168
Guardado
HitBTC
0.119
Guardado
CCEX
0.12
Guardado
Poloniex
0.1156
Guardado
BitTrex
0.1168
Guardado
HitBTC
0.1192
Guardado
CCEX
0.12
Guardado
Poloniex
0.1156
Guardado
BitTrex
0.1168
Guardado
HitBTC
0.1188
Guardado
CCEX
0.12
Guardado
Poloniex
0.117
Guardado
BitTrex
0.115
Guardado
HitBTC
0.119
Guardado
CCEX
0.12
Guardado
Poloniex
0.117
Guardado
BitTrex
0.1176
Guardado
HitBTC
0.1188
Guardado
CCEX
0.12
Guardado
Poloniex
0.117
Guardado
BitTrex
0.1176
Guardado
HitBTC
0.1191
Guardado
CCEX
0.12
Guardado
Poloniex
0.117
Guardado
BitTrex
0.1176
Guardado
HitBTC
0.1189
Guardado
CCEX
0.12
Guardado
Poloniex
0.117
Guardado
BitTrex
0.1176
Guardado
HitBTC
0.1189
Guardado
CCEX
0.12
Guardado
Poloniex
0.117
Guardado
BitTrex
0.1176
Guardado
HitBTC
0.1192
Guardado
CCEX
0.12
Guardado
Poloniex
0.117
Guardado
BitTrex
0.1176
Guardado
HitBTC
0.119
Guardado
CCEX
0.12
Guardado
Poloniex
0.117
Guardado
BitTrex
0.1176
Guardado
HitBTC
0.1192
Guardado
CCEX
0.12
Guardado
Poloniex
0.117
Guardado
BitTrex
0.1152
Guardado
HitBTC
0.1192
Guardado
CCEX
0.12
Guardado
Poloniex
0.117
Guardado
BitTrex
0.1152
Guardado
HitBTC
0.1194
Guardado
CCEX
0.12
Guardado
Poloniex
0.117
Guardado
BitTrex
0.1152
Guardado
HitBTC
0.1194
Guardado
CCEX
0.12
Guardado
Poloniex
0.117
Guardado
BitTrex
0.1152
Guardado
HitBTC
0.1195
Guardado
CCEX
0.12
Guardado
Poloniex
0.1161
Guardado
BitTrex
0.1152
Guardado
HitBTC
0.1194
Guardado
CCEX
0.12
Guardado
Poloniex
0.1161
Guardado
BitTrex
0.1152
Guardado
HitBTC
0.1194
Guardado
CCEX
0.12
Guardado
Poloniex
0.123
Guardado
BitTrex
0.1281
Guardado
HitBTC
0.1272
Guardado
CCEX
0.1099
Guardado
Poloniex
0.124
Guardado
BitTrex
0.1281
Guardado
HitBTC
0.1262
Guardado
CCEX
0.1099
Guardado
Poloniex
0.124
Guardado
BitTrex
0.1281
Guardado
HitBTC
0.1265
Guardado
CCEX
0.1099
Guardado
Poloniex
0.124
Guardado
BitTrex
0.1281
Guardado
HitBTC
0.1268
Guardado
CCEX
0.1099
Guardado
Poloniex
0.124
Guardado
BitTrex
0.1281
Guardado
HitBTC
0.1269
Guardado
CCEX
0.1099
Guardado
Poloniex
0.124
Guardado
BitTrex
0.1281
Guardado
HitBTC
0.1279
Guardado
CCEX
0.1099
Guardado
Poloniex
0.124
Guardado
BitTrex
0.1281
Guardado
HitBTC
0.1266
Guardado
CCEX
0.1099
Guardado
Poloniex
0.124
Guardado
BitTrex
0.1281
Guardado
HitBTC
0.1272
Guardado
CCEX
0.1099
Guardado
Poloniex
0.124
Guardado
BitTrex
0.1281
Guardado
HitBTC
0.1261
Guardado
CCEX
0.1099
Guardado
Poloniex
0.124
Guardado
BitTrex
0.1281
Guardado
HitBTC
0.1265
Guardado
CCEX
0.1099
Guardado
Poloniex
0.124
Guardado
BitTrex
0.1281
Guardado
HitBTC
0.126
Guardado
CCEX
0.1099
Guardado
Poloniex
0.123
Guardado
BitTrex
0.1281
Guardado
HitBTC
0.1256
Guardado
CCEX
0.1099
Guardado
Poloniex
0.1235
Guardado
BitTrex
0.1281
Guardado
HitBTC
0.1261
Guardado
CCEX
0.1099
Guardado
Poloniex
0.1235
Guardado
BitTrex
0.1281
Guardado
HitBTC
0.1263
Guardado
CCEX
0.1099
Guardado
Poloniex
0.123
Guardado
BitTrex
0.1281
Guardado
HitBTC
0.1266
Guardado
CCEX
0.1099
Guardado
Poloniex
0.1229
Guardado
BitTrex
0.1281
Guardado
HitBTC
0.1261
Guardado
CCEX
0.1099
Guardado
Poloniex
0.1228
Guardado
BitTrex
0.1281
Guardado
HitBTC
0.1255
Guardado
CCEX
0.1099
Guardado
Poloniex
0.1228
Guardado
BitTrex
0.1281
Guardado
HitBTC
0.1257
Guardado
CCEX
0.1099
Guardado
Poloniex
0.1228
Guardado
BitTrex
0.1281
Guardado
HitBTC
0.1257
Guardado
CCEX
0.1099
Guardado
Poloniex
0.1228
Guardado
BitTrex
0.1281
Guardado
HitBTC
0.1258
Guardado
CCEX
0.1099
Guardado
Poloniex
0.1228
Guardado
BitTrex
0.1232
Guardado
HitBTC
0.1255
Guardado
CCEX
0.1099
Guardado
Poloniex
0.1228
Guardado
BitTrex
0.1232
Guardado
HitBTC
0.1257
Guardado
CCEX
0.1099
Guardado
Poloniex
0.1228
Guardado
BitTrex
0.1225
Guardado
HitBTC
0.1257
Guardado
CCEX
0.1099
rake aborted!
SyntaxError: /home/cristian/CryptoApp/lib/tasks/demo.rake:246: syntax error, unexpected keyword_end, expecting end-of-input
/home/cristian/.rvm/gems/ruby-2.4.1/gems/activesupport-5.1.4/lib/active_support/dependencies.rb:286:in `load'
/home/cristian/.rvm/gems/ruby-2.4.1/gems/activesupport-5.1.4/lib/active_support/dependencies.rb:286:in `block in load'
/home/cristian/.rvm/gems/ruby-2.4.1/gems/activesupport-5.1.4/lib/active_support/dependencies.rb:258:in `load_dependency'
/home/cristian/.rvm/gems/ruby-2.4.1/gems/activesupport-5.1.4/lib/active_support/dependencies.rb:286:in `load'
/home/cristian/.rvm/gems/ruby-2.4.1/gems/railties-5.1.4/lib/rails/engine.rb:648:in `block in run_tasks_blocks'
/home/cristian/.rvm/gems/ruby-2.4.1/gems/railties-5.1.4/lib/rails/engine.rb:648:in `each'
/home/cristian/.rvm/gems/ruby-2.4.1/gems/railties-5.1.4/lib/rails/engine.rb:648:in `run_tasks_blocks'
/home/cristian/.rvm/gems/ruby-2.4.1/gems/railties-5.1.4/lib/rails/application.rb:440:in `run_tasks_blocks'
/home/cristian/.rvm/gems/ruby-2.4.1/gems/railties-5.1.4/lib/rails/engine.rb:457:in `load_tasks'
/home/cristian/CryptoApp/Rakefile:6:in `<top (required)>'
/home/cristian/.rvm/gems/ruby-2.4.1/gems/rake-12.3.0/exe/rake:27:in `<top (required)>'
/home/cristian/.rvm/gems/ruby-2.4.1/bin/ruby_executable_hooks:15:in `eval'
/home/cristian/.rvm/gems/ruby-2.4.1/bin/ruby_executable_hooks:15:in `<main>'
(See full trace by running task with --trace)
rake aborted!
SyntaxError: /home/cristian/CryptoApp/lib/tasks/demo.rake:246: syntax error, unexpected keyword_end, expecting end-of-input
/home/cristian/.rvm/gems/ruby-2.4.1/gems/activesupport-5.1.4/lib/active_support/dependencies.rb:286:in `load'
/home/cristian/.rvm/gems/ruby-2.4.1/gems/activesupport-5.1.4/lib/active_support/dependencies.rb:286:in `block in load'
/home/cristian/.rvm/gems/ruby-2.4.1/gems/activesupport-5.1.4/lib/active_support/dependencies.rb:258:in `load_dependency'
/home/cristian/.rvm/gems/ruby-2.4.1/gems/activesupport-5.1.4/lib/active_support/dependencies.rb:286:in `load'
/home/cristian/.rvm/gems/ruby-2.4.1/gems/railties-5.1.4/lib/rails/engine.rb:648:in `block in run_tasks_blocks'
/home/cristian/.rvm/gems/ruby-2.4.1/gems/railties-5.1.4/lib/rails/engine.rb:648:in `each'
/home/cristian/.rvm/gems/ruby-2.4.1/gems/railties-5.1.4/lib/rails/engine.rb:648:in `run_tasks_blocks'
/home/cristian/.rvm/gems/ruby-2.4.1/gems/railties-5.1.4/lib/rails/application.rb:440:in `run_tasks_blocks'
/home/cristian/.rvm/gems/ruby-2.4.1/gems/railties-5.1.4/lib/rails/engine.rb:457:in `load_tasks'
/home/cristian/CryptoApp/Rakefile:6:in `<top (required)>'
/home/cristian/.rvm/gems/ruby-2.4.1/gems/rake-12.3.0/exe/rake:27:in `<top (required)>'
/home/cristian/.rvm/gems/ruby-2.4.1/bin/ruby_executable_hooks:15:in `eval'
/home/cristian/.rvm/gems/ruby-2.4.1/bin/ruby_executable_hooks:15:in `<main>'
(See full trace by running task with --trace)
Guardado
Poloniex
0.1224
Guardado
BitTrex
0.125
Guardado
HitBTC
0.1275
Guardado en BTC
BTC38
1.7e-05
Guardado
CCEX
0.1276
Guardado en BTC
LiveCoin
1.802e-05
Guardado
Poloniex
0.122
Guardado
BitTrex
0.125
Guardado
HitBTC
0.1268
Guardado en BTC
BTC38
1.7e-05
Guardado
CCEX
0.1276
Guardado en BTC
LiveCoin
1.802e-05
Guardado
Poloniex
0.1226
Guardado
BitTrex
0.1214
Guardado
HitBTC
0.1275
Guardado en BTC
BTC38
1.7e-05
Guardado
CCEX
0.1276
Guardado en BTC
LiveCoin
1.802e-05
Guardado
Poloniex
0.1226
Guardado
BitTrex
0.1214
Guardado
HitBTC
0.1276
Guardado en BTC
BTC38
1.7e-05
Guardado
CCEX
0.1276
Guardado en BTC
LiveCoin
1.802e-05
Guardado
Poloniex
0.1226
Guardado
BitTrex
0.1214
Guardado
HitBTC
0.1277
Guardado en BTC
BTC38
1.7e-05
Guardado
CCEX
0.1276
Guardado en BTC
LiveCoin
1.802e-05
Guardado
Poloniex
0.1231
Guardado
BitTrex
0.1214
Guardado
HitBTC
0.1281
Guardado en BTC
BTC38
1.7e-05
Guardado
CCEX
0.1276
Guardado en BTC
LiveCoin
1.802e-05
Guardado
Poloniex
0.1231
Guardado
BitTrex
0.1224
Guardado
HitBTC
0.1281
Guardado en BTC
BTC38
1.7e-05
Guardado
CCEX
0.1276
Guardado en BTC
LiveCoin
1.802e-05
Guardado
Poloniex
0.122
Guardado
BitTrex
0.1224
Guardado
HitBTC
0.1278
Guardado en BTC
BTC38
1.7e-05
Guardado
CCEX
0.1276
Guardado en BTC
LiveCoin
1.802e-05
Guardado
Poloniex
0.1241
Guardado
BitTrex
0.1224
Guardado
HitBTC
0.1289
Guardado en BTC
BTC38
1.7e-05
Guardado
CCEX
0.1276
Guardado en BTC
LiveCoin
1.802e-05
Guardado
Poloniex
0.1235
Guardado
BitTrex
0.1252
Guardado
HitBTC
0.1295
Guardado en BTC
BTC38
1.7e-05
Guardado
CCEX
0.1276
Guardado en BTC
LiveCoin
1.802e-05
