rake aborted!
SyntaxError: /home/cristian/CryptoApp/lib/tasks/demo.rake:246: syntax error, unexpected keyword_end, expecting end-of-input
/home/cristian/.rvm/gems/ruby-2.4.1/gems/activesupport-5.1.4/lib/active_support/dependencies.rb:286:in `load'
/home/cristian/.rvm/gems/ruby-2.4.1/gems/activesupport-5.1.4/lib/active_support/dependencies.rb:286:in `block in load'
/home/cristian/.rvm/gems/ruby-2.4.1/gems/activesupport-5.1.4/lib/active_support/dependencies.rb:258:in `load_dependency'
/home/cristian/.rvm/gems/ruby-2.4.1/gems/activesupport-5.1.4/lib/active_support/dependencies.rb:286:in `load'
/home/cristian/.rvm/gems/ruby-2.4.1/gems/railties-5.1.4/lib/rails/engine.rb:648:in `block in run_tasks_blocks'
/home/cristian/.rvm/gems/ruby-2.4.1/gems/railties-5.1.4/lib/rails/engine.rb:648:in `each'
/home/cristian/.rvm/gems/ruby-2.4.1/gems/railties-5.1.4/lib/rails/engine.rb:648:in `run_tasks_blocks'
/home/cristian/.rvm/gems/ruby-2.4.1/gems/railties-5.1.4/lib/rails/application.rb:440:in `run_tasks_blocks'
/home/cristian/.rvm/gems/ruby-2.4.1/gems/railties-5.1.4/lib/rails/engine.rb:457:in `load_tasks'
/home/cristian/CryptoApp/Rakefile:6:in `<top (required)>'
/home/cristian/.rvm/gems/ruby-2.4.1/gems/rake-12.3.0/exe/rake:27:in `<top (required)>'
/home/cristian/.rvm/gems/ruby-2.4.1/bin/ruby_executable_hooks:15:in `eval'
/home/cristian/.rvm/gems/ruby-2.4.1/bin/ruby_executable_hooks:15:in `<main>'
(See full trace by running task with --trace)
rake aborted!
SyntaxError: /home/cristian/CryptoApp/lib/tasks/demo.rake:246: syntax error, unexpected keyword_end, expecting end-of-input
/home/cristian/.rvm/gems/ruby-2.4.1/gems/activesupport-5.1.4/lib/active_support/dependencies.rb:286:in `load'
/home/cristian/.rvm/gems/ruby-2.4.1/gems/activesupport-5.1.4/lib/active_support/dependencies.rb:286:in `block in load'
/home/cristian/.rvm/gems/ruby-2.4.1/gems/activesupport-5.1.4/lib/active_support/dependencies.rb:258:in `load_dependency'
/home/cristian/.rvm/gems/ruby-2.4.1/gems/activesupport-5.1.4/lib/active_support/dependencies.rb:286:in `load'
/home/cristian/.rvm/gems/ruby-2.4.1/gems/railties-5.1.4/lib/rails/engine.rb:648:in `block in run_tasks_blocks'
/home/cristian/.rvm/gems/ruby-2.4.1/gems/railties-5.1.4/lib/rails/engine.rb:648:in `each'
/home/cristian/.rvm/gems/ruby-2.4.1/gems/railties-5.1.4/lib/rails/engine.rb:648:in `run_tasks_blocks'
/home/cristian/.rvm/gems/ruby-2.4.1/gems/railties-5.1.4/lib/rails/application.rb:440:in `run_tasks_blocks'
/home/cristian/.rvm/gems/ruby-2.4.1/gems/railties-5.1.4/lib/rails/engine.rb:457:in `load_tasks'
/home/cristian/CryptoApp/Rakefile:6:in `<top (required)>'
/home/cristian/.rvm/gems/ruby-2.4.1/gems/rake-12.3.0/exe/rake:27:in `<top (required)>'
/home/cristian/.rvm/gems/ruby-2.4.1/bin/ruby_executable_hooks:15:in `eval'
/home/cristian/.rvm/gems/ruby-2.4.1/bin/ruby_executable_hooks:15:in `<main>'
(See full trace by running task with --trace)
Guardado en BTC
Binance
0.0006264
Guardado en BTC
HuobiPro
0.0006229
Guardado en BTC
Binance
0.0006289
Guardado en BTC
HuobiPro
0.0006277
Guardado en BTC
Binance
0.0006228
Guardado en BTC
HuobiPro
0.0006283
Guardado en BTC
Binance
0.0006211
Guardado en BTC
HuobiPro
0.0006265
Guardado en BTC
Binance
0.000622
Guardado en BTC
HuobiPro
0.0006228
Guardado en BTC
Binance
0.0006213
Guardado en BTC
HuobiPro
0.0006215
Guardado en BTC
Binance
0.00062
Guardado en BTC
HuobiPro
0.0006192
Guardado en BTC
Binance
0.000616
Guardado en BTC
HuobiPro
0.0006183
Guardado en BTC
Binance
0.0006177
Guardado en BTC
HuobiPro
0.0006151
Guardado en BTC
Binance
0.0006148
Guardado en BTC
HuobiPro
0.00061
