Guardado en BTC
Poloniex
1.213e-05
Guardado en BTC
Cexio
1.1e-06
Guardado en BTC
BitTrex
1.237e-05
Guardado en BTC
Cryptopia
1.224e-05
Guardado en BTC
TuxExchange
1.254e-05
Guardado en BTC
Bleutrade
1.225e-05
Guardado en BTC
Novaexchange
2.399e-05
Guardado en BTC
TradeSatoshi
9.8e-06
Guardado en BTC
Poloniex
1.213e-05
Guardado en BTC
Cexio
1.1e-06
Guardado en BTC
BitTrex
1.237e-05
Guardado en BTC
TuxExchange
1.254e-05
Guardado en BTC
Bleutrade
1.225e-05
Guardado en BTC
TradeSatoshi
9.8e-06
Guardado en BTC
Cryptopia
1.224e-05
Guardado en BTC
Novaexchange
2.399e-05
Guardado en BTC
Poloniex
1.214e-05
Guardado en BTC
Cexio
1.1e-06
Guardado en BTC
BitTrex
1.237e-05
Guardado en BTC
TuxExchange
1.254e-05
Guardado en BTC
TradeSatoshi
9.8e-06
Guardado en BTC
Bleutrade
1.225e-05
Guardado en BTC
Cryptopia
1.224e-05
Guardado en BTC
Novaexchange
2.399e-05
Guardado en BTC
Poloniex
1.214e-05
Guardado en BTC
Cexio
1.1e-06
Guardado en BTC
BitTrex
1.237e-05
Guardado en BTC
TuxExchange
1.254e-05
Guardado en BTC
TradeSatoshi
9.8e-06
Guardado en BTC
Bleutrade
1.225e-05
Guardado en BTC
Cryptopia
1.224e-05
Guardado en BTC
Novaexchange
2.399e-05
Guardado en BTC
Poloniex
1.285e-05
Guardado en BTC
Cexio
1.1e-06
Guardado en BTC
BitTrex
1.269e-05
Guardado en BTC
TuxExchange
1.254e-05
Guardado en BTC
TradeSatoshi
9.8e-06
Guardado en BTC
Bleutrade
1.238e-05
Guardado en BTC
Cryptopia
1.24e-05
Guardado en BTC
Novaexchange
2.399e-05
Guardado en BTC
Poloniex
1.285e-05
Guardado en BTC
Cexio
1.1e-06
Guardado en BTC
BitTrex
1.269e-05
Guardado en BTC
TuxExchange
1.254e-05
Guardado en BTC
TradeSatoshi
9.8e-06
Guardado en BTC
Bleutrade
1.238e-05
Guardado en BTC
Cryptopia
1.24e-05
Guardado en BTC
Novaexchange
2.399e-05
Guardado en BTC
Poloniex
1.285e-05
Guardado en BTC
Cexio
1.1e-06
Guardado en BTC
BitTrex
1.269e-05
Guardado en BTC
TuxExchange
1.254e-05
Guardado en BTC
TradeSatoshi
9.8e-06
Guardado en BTC
Bleutrade
1.238e-05
Guardado en BTC
Cryptopia
1.24e-05
Guardado en BTC
Novaexchange
2.399e-05
Guardado en BTC
Poloniex
1.285e-05
Guardado en BTC
Cexio
1.1e-06
Guardado en BTC
BitTrex
1.269e-05
Guardado en BTC
TuxExchange
1.254e-05
Guardado en BTC
TradeSatoshi
9.8e-06
Guardado en BTC
Bleutrade
1.238e-05
Guardado en BTC
Cryptopia
1.24e-05
Guardado en BTC
Novaexchange
2.399e-05
Guardado en BTC
Poloniex
1.268e-05
Guardado en BTC
Cexio
1.1e-06
Guardado en BTC
BitTrex
1.269e-05
Guardado en BTC
TuxExchange
1.254e-05
Guardado en BTC
TradeSatoshi
9.8e-06
Guardado en BTC
Bleutrade
1.238e-05
Guardado en BTC
Cryptopia
1.24e-05
Guardado en BTC
Novaexchange
2.399e-05
Guardado en BTC
Poloniex
1.258e-05
Guardado en BTC
Cexio
1.1e-06
Guardado en BTC
BitTrex
1.269e-05
Guardado en BTC
TuxExchange
1.254e-05
Guardado en BTC
TradeSatoshi
9.8e-06
Guardado en BTC
Bleutrade
1.238e-05
Guardado en BTC
Cryptopia
1.24e-05
Guardado en BTC
Novaexchange
2.399e-05
Guardado en BTC
Poloniex
1.285e-05
Guardado en BTC
Cexio
1.1e-06
Guardado en BTC
BitTrex
1.269e-05
Guardado en BTC
TuxExchange
1.254e-05
Guardado en BTC
TradeSatoshi
9.8e-06
Guardado en BTC
Bleutrade
1.238e-05
Guardado en BTC
Cryptopia
1.24e-05
Guardado en BTC
Novaexchange
2.399e-05
Guardado en BTC
Poloniex
1.284e-05
Guardado en BTC
Cexio
1.1e-06
Guardado en BTC
BitTrex
1.269e-05
Guardado en BTC
TuxExchange
1.254e-05
Guardado en BTC
TradeSatoshi
9.8e-06
Guardado en BTC
Bleutrade
1.238e-05
Guardado en BTC
Cryptopia
1.24e-05
Guardado en BTC
Novaexchange
2.399e-05
Guardado en BTC
Poloniex
1.284e-05
Guardado en BTC
Cexio
1.1e-06
Guardado en BTC
BitTrex
1.269e-05
Guardado en BTC
TuxExchange
1.254e-05
Guardado en BTC
TradeSatoshi
9.8e-06
Guardado en BTC
Bleutrade
1.238e-05
Guardado en BTC
Cryptopia
1.24e-05
Guardado en BTC
Novaexchange
2.399e-05
Guardado en BTC
Poloniex
1.284e-05
Guardado en BTC
Cexio
1.1e-06
Guardado en BTC
BitTrex
1.269e-05
Guardado en BTC
TuxExchange
1.254e-05
Guardado en BTC
TradeSatoshi
9.8e-06
Guardado en BTC
Bleutrade
1.238e-05
Guardado en BTC
Cryptopia
1.24e-05
Guardado en BTC
Novaexchange
2.399e-05
Guardado en BTC
Poloniex
1.283e-05
Guardado en BTC
Cexio
1.1e-06
Guardado en BTC
BitTrex
1.269e-05
Guardado en BTC
TuxExchange
1.254e-05
Guardado en BTC
TradeSatoshi
9.8e-06
Guardado en BTC
Bleutrade
1.259e-05
Guardado en BTC
Cryptopia
1.24e-05
Guardado en BTC
Novaexchange
2.399e-05
Guardado en BTC
Poloniex
1.284e-05
Guardado en BTC
Cexio
1.1e-06
Guardado en BTC
BitTrex
1.277e-05
Guardado en BTC
TuxExchange
1.254e-05
Guardado en BTC
TradeSatoshi
9.8e-06
Guardado en BTC
Bleutrade
1.26e-05
Guardado en BTC
Cryptopia
1.24e-05
Guardado en BTC
Novaexchange
2.399e-05
Guardado en BTC
Poloniex
1.284e-05
Guardado en BTC
Cexio
1.1e-06
Guardado en BTC
BitTrex
1.263e-05
Guardado en BTC
TuxExchange
1.254e-05
Guardado en BTC
TradeSatoshi
9.8e-06
Guardado en BTC
Bleutrade
1.259e-05
Guardado en BTC
Cryptopia
1.24e-05
Guardado en BTC
Novaexchange
2.399e-05
Guardado en BTC
Poloniex
1.284e-05
Guardado en BTC
Cexio
1.1e-06
Guardado en BTC
BitTrex
1.269e-05
Guardado en BTC
TuxExchange
1.254e-05
Guardado en BTC
TradeSatoshi
9.8e-06
Guardado en BTC
Bleutrade
1.259e-05
Guardado en BTC
Cryptopia
1.24e-05
Guardado en BTC
Novaexchange
2.399e-05
Guardado en BTC
Poloniex
1.284e-05
Guardado en BTC
Cexio
1.1e-06
Guardado en BTC
BitTrex
1.279e-05
Guardado en BTC
TuxExchange
1.254e-05
Guardado en BTC
TradeSatoshi
9.8e-06
Guardado en BTC
Bleutrade
1.259e-05
Guardado en BTC
Cryptopia
1.24e-05
Guardado en BTC
Novaexchange
2.399e-05
Guardado en BTC
Poloniex
1.284e-05
Guardado en BTC
Cexio
1.1e-06
Guardado en BTC
BitTrex
1.28e-05
Guardado en BTC
TuxExchange
1.254e-05
Guardado en BTC
TradeSatoshi
9.8e-06
Guardado en BTC
Bleutrade
1.259e-05
Guardado en BTC
Cryptopia
1.24e-05
Guardado en BTC
Novaexchange
2.399e-05
Guardado en BTC
Poloniex
1.284e-05
Guardado en BTC
Cexio
1.1e-06
Guardado en BTC
BitTrex
1.261e-05
Guardado en BTC
TuxExchange
1.254e-05
Guardado en BTC
TradeSatoshi
9.8e-06
Guardado en BTC
Bleutrade
1.259e-05
Guardado en BTC
Cryptopia
1.263e-05
Guardado en BTC
Novaexchange
2.399e-05
Guardado en BTC
Poloniex
1.284e-05
Guardado en BTC
Cexio
1.1e-06
Guardado en BTC
BitTrex
1.261e-05
Guardado en BTC
TuxExchange
1.254e-05
Guardado en BTC
TradeSatoshi
9.8e-06
Guardado en BTC
Bleutrade
1.259e-05
Guardado en BTC
Cryptopia
1.263e-05
Guardado en BTC
Novaexchange
2.399e-05
Guardado en BTC
Poloniex
1.284e-05
Guardado en BTC
Cexio
1.1e-06
Guardado en BTC
BitTrex
1.261e-05
Guardado en BTC
TuxExchange
1.254e-05
Guardado en BTC
TradeSatoshi
9.8e-06
Guardado en BTC
Bleutrade
1.259e-05
Guardado en BTC
Cryptopia
1.263e-05
Guardado en BTC
Novaexchange
2.399e-05
Guardado en BTC
Poloniex
1.284e-05
Guardado en BTC
Cexio
1.1e-06
Guardado en BTC
BitTrex
1.261e-05
Guardado en BTC
TuxExchange
1.254e-05
Guardado en BTC
TradeSatoshi
9.8e-06
Guardado en BTC
Bleutrade
1.259e-05
Guardado en BTC
Cryptopia
1.263e-05
Guardado en BTC
Novaexchange
2.399e-05
Guardado en BTC
Poloniex
1.284e-05
Guardado en BTC
Cexio
1.1e-06
Guardado en BTC
BitTrex
1.274e-05
Guardado en BTC
TuxExchange
1.254e-05
Guardado en BTC
TradeSatoshi
9.8e-06
Guardado en BTC
Bleutrade
1.259e-05
Guardado en BTC
Cryptopia
1.263e-05
Guardado en BTC
Novaexchange
2.399e-05
Guardado en BTC
Cexio
1.1e-06
Guardado en BTC
BitTrex
1.274e-05
Guardado en BTC
TuxExchange
1.254e-05
Guardado en BTC
TradeSatoshi
9.8e-06
Guardado en BTC
Bleutrade
1.259e-05
Guardado en BTC
Cryptopia
1.263e-05
Guardado en BTC
Novaexchange
2.399e-05
Guardado en BTC
Poloniex
1.284e-05
Guardado en BTC
Cexio
1.1e-06
Guardado en BTC
BitTrex
1.274e-05
Guardado en BTC
TuxExchange
1.254e-05
Guardado en BTC
TradeSatoshi
9.8e-06
Guardado en BTC
Bleutrade
1.259e-05
Guardado en BTC
Cryptopia
1.263e-05
Guardado en BTC
Novaexchange
2.399e-05
Guardado en BTC
Poloniex
1.284e-05
rake aborted!
SyntaxError: /home/cristian/CryptoApp/lib/tasks/demo.rake:246: syntax error, unexpected keyword_end, expecting end-of-input
/home/cristian/.rvm/gems/ruby-2.4.1/gems/activesupport-5.1.4/lib/active_support/dependencies.rb:286:in `load'
/home/cristian/.rvm/gems/ruby-2.4.1/gems/activesupport-5.1.4/lib/active_support/dependencies.rb:286:in `block in load'
/home/cristian/.rvm/gems/ruby-2.4.1/gems/activesupport-5.1.4/lib/active_support/dependencies.rb:258:in `load_dependency'
/home/cristian/.rvm/gems/ruby-2.4.1/gems/activesupport-5.1.4/lib/active_support/dependencies.rb:286:in `load'
/home/cristian/.rvm/gems/ruby-2.4.1/gems/railties-5.1.4/lib/rails/engine.rb:648:in `block in run_tasks_blocks'
/home/cristian/.rvm/gems/ruby-2.4.1/gems/railties-5.1.4/lib/rails/engine.rb:648:in `each'
/home/cristian/.rvm/gems/ruby-2.4.1/gems/railties-5.1.4/lib/rails/engine.rb:648:in `run_tasks_blocks'
/home/cristian/.rvm/gems/ruby-2.4.1/gems/railties-5.1.4/lib/rails/application.rb:440:in `run_tasks_blocks'
/home/cristian/.rvm/gems/ruby-2.4.1/gems/railties-5.1.4/lib/rails/engine.rb:457:in `load_tasks'
/home/cristian/CryptoApp/Rakefile:6:in `<top (required)>'
/home/cristian/.rvm/gems/ruby-2.4.1/gems/rake-12.3.0/exe/rake:27:in `<top (required)>'
/home/cristian/.rvm/gems/ruby-2.4.1/bin/ruby_executable_hooks:15:in `eval'
/home/cristian/.rvm/gems/ruby-2.4.1/bin/ruby_executable_hooks:15:in `<main>'
(See full trace by running task with --trace)
rake aborted!
SyntaxError: /home/cristian/CryptoApp/lib/tasks/demo.rake:246: syntax error, unexpected keyword_end, expecting end-of-input
/home/cristian/.rvm/gems/ruby-2.4.1/gems/activesupport-5.1.4/lib/active_support/dependencies.rb:286:in `load'
/home/cristian/.rvm/gems/ruby-2.4.1/gems/activesupport-5.1.4/lib/active_support/dependencies.rb:286:in `block in load'
/home/cristian/.rvm/gems/ruby-2.4.1/gems/activesupport-5.1.4/lib/active_support/dependencies.rb:258:in `load_dependency'
/home/cristian/.rvm/gems/ruby-2.4.1/gems/activesupport-5.1.4/lib/active_support/dependencies.rb:286:in `load'
/home/cristian/.rvm/gems/ruby-2.4.1/gems/railties-5.1.4/lib/rails/engine.rb:648:in `block in run_tasks_blocks'
/home/cristian/.rvm/gems/ruby-2.4.1/gems/railties-5.1.4/lib/rails/engine.rb:648:in `each'
/home/cristian/.rvm/gems/ruby-2.4.1/gems/railties-5.1.4/lib/rails/engine.rb:648:in `run_tasks_blocks'
/home/cristian/.rvm/gems/ruby-2.4.1/gems/railties-5.1.4/lib/rails/application.rb:440:in `run_tasks_blocks'
/home/cristian/.rvm/gems/ruby-2.4.1/gems/railties-5.1.4/lib/rails/engine.rb:457:in `load_tasks'
/home/cristian/CryptoApp/Rakefile:6:in `<top (required)>'
/home/cristian/.rvm/gems/ruby-2.4.1/gems/rake-12.3.0/exe/rake:27:in `<top (required)>'
/home/cristian/.rvm/gems/ruby-2.4.1/bin/ruby_executable_hooks:15:in `eval'
/home/cristian/.rvm/gems/ruby-2.4.1/bin/ruby_executable_hooks:15:in `<main>'
(See full trace by running task with --trace)
Guardado en BTC
Cexio
1.1e-06
Guardado en BTC
BitTrex
1.384e-05
Guardado en BTC
TuxExchange
1.254e-05
Guardado en BTC
TradeSatoshi
1.35e-05
Guardado en BTC
Bleutrade
1.394e-05
Guardado en BTC
Cryptopia
1.4e-05
Guardado en BTC
Novaexchange
2.399e-05
Guardado en BTC
Poloniex
1.379e-05
Guardado en BTC
Cexio
1.1e-06
Guardado en BTC
BitTrex
1.384e-05
Guardado en BTC
TuxExchange
1.254e-05
Guardado en BTC
TradeSatoshi
1.35e-05
Guardado en BTC
Bleutrade
1.394e-05
Guardado en BTC
Cryptopia
1.4e-05
Guardado en BTC
Novaexchange
2.399e-05
Guardado en BTC
Poloniex
1.37e-05
Guardado en BTC
Cexio
1.1e-06
Guardado en BTC
BitTrex
1.384e-05
Guardado en BTC
TuxExchange
1.254e-05
Guardado en BTC
TradeSatoshi
1.35e-05
Guardado en BTC
Bleutrade
1.394e-05
Guardado en BTC
Cryptopia
1.4e-05
Guardado en BTC
Novaexchange
2.399e-05
Guardado en BTC
Poloniex
1.37e-05
Guardado en BTC
Cexio
1.1e-06
Guardado en BTC
BitTrex
1.384e-05
Guardado en BTC
TuxExchange
1.254e-05
Guardado en BTC
TradeSatoshi
1.35e-05
Guardado en BTC
Bleutrade
1.394e-05
Guardado en BTC
Cryptopia
1.4e-05
Guardado en BTC
Novaexchange
2.399e-05
Guardado en BTC
Poloniex
1.37e-05
Guardado en BTC
Cexio
1.1e-06
Guardado en BTC
BitTrex
1.384e-05
Guardado en BTC
TuxExchange
1.254e-05
Guardado en BTC
TradeSatoshi
1.35e-05
Guardado en BTC
Bleutrade
1.394e-05
Guardado en BTC
Cryptopia
1.4e-05
Guardado en BTC
Novaexchange
2.399e-05
Guardado en BTC
Poloniex
1.37e-05
Guardado en BTC
Cexio
1.1e-06
Guardado en BTC
BitTrex
1.384e-05
Guardado en BTC
TuxExchange
1.254e-05
Guardado en BTC
TradeSatoshi
1.35e-05
Guardado en BTC
Bleutrade
1.394e-05
Guardado en BTC
Cryptopia
1.4e-05
Guardado en BTC
Novaexchange
2.399e-05
Guardado en BTC
Poloniex
1.37e-05
Guardado en BTC
Cexio
1.1e-06
Guardado en BTC
BitTrex
1.384e-05
Guardado en BTC
TuxExchange
1.254e-05
Guardado en BTC
TradeSatoshi
1.35e-05
Guardado en BTC
Bleutrade
1.394e-05
Guardado en BTC
Cryptopia
1.367e-05
Guardado en BTC
Novaexchange
2.399e-05
Guardado en BTC
Poloniex
1.38e-05
rake aborted!
JSON::ParserError: 765: unexpected token at '<html>
<head><title>502 Bad Gateway</title></head>
<body bgcolor="white">
<center><h1>502 Bad Gateway</h1></center>
<hr><center>nginx/1.4.6 (Ubuntu)</center>
</body>
</html>
'
/home/cristian/.rvm/gems/ruby-2.4.1/gems/json-2.1.0/lib/json/common.rb:156:in `parse'
/home/cristian/.rvm/gems/ruby-2.4.1/gems/json-2.1.0/lib/json/common.rb:156:in `parse'
/home/cristian/.rvm/gems/ruby-2.4.1/gems/cryptocompare-0.14.0/lib/cryptocompare/price.rb:72:in `find'
/home/cristian/CryptoApp/lib/tasks/demo.rake:124:in `block (3 levels) in <top (required)>'
/home/cristian/.rvm/gems/ruby-2.4.1/gems/activerecord-5.1.4/lib/active_record/relation/delegation.rb:39:in `each'
/home/cristian/.rvm/gems/ruby-2.4.1/gems/activerecord-5.1.4/lib/active_record/relation/delegation.rb:39:in `each'
/home/cristian/CryptoApp/lib/tasks/demo.rake:114:in `block (2 levels) in <top (required)>'
/home/cristian/.rvm/gems/ruby-2.4.1/gems/rake-12.3.0/exe/rake:27:in `<top (required)>'
/home/cristian/.rvm/gems/ruby-2.4.1/bin/ruby_executable_hooks:15:in `eval'
/home/cristian/.rvm/gems/ruby-2.4.1/bin/ruby_executable_hooks:15:in `<main>'
Tasks: TOP => pot:demo
(See full trace by running task with --trace)
Guardado en BTC
Cexio
1.1e-06
Guardado en BTC
BitTrex
1.384e-05
Guardado en BTC
TuxExchange
1.254e-05
Guardado en BTC
TradeSatoshi
1.35e-05
Guardado en BTC
Bleutrade
1.394e-05
Guardado en BTC
Cexio
1.1e-06
Guardado en BTC
BitTrex
1.384e-05
Guardado en BTC
TuxExchange
1.254e-05
Guardado en BTC
TradeSatoshi
1.35e-05
Guardado en BTC
Bleutrade
1.394e-05
Guardado en BTC
Cryptopia
1.367e-05
Guardado en BTC
Novaexchange
2.399e-05
Guardado en BTC
Poloniex
1.376e-05
Guardado en BTC
Cexio
1.1e-06
Guardado en BTC
BitTrex
1.384e-05
Guardado en BTC
TuxExchange
1.254e-05
Guardado en BTC
TradeSatoshi
1.35e-05
Guardado en BTC
Bleutrade
1.394e-05
Guardado en BTC
Cryptopia
1.367e-05
Guardado en BTC
Novaexchange
2.399e-05
Guardado en BTC
Poloniex
1.376e-05
