rake aborted!
SyntaxError: /home/cristian/CryptoApp/lib/tasks/demo.rake:246: syntax error, unexpected keyword_end, expecting end-of-input
/home/cristian/.rvm/gems/ruby-2.4.1/gems/activesupport-5.1.4/lib/active_support/dependencies.rb:286:in `load'
/home/cristian/.rvm/gems/ruby-2.4.1/gems/activesupport-5.1.4/lib/active_support/dependencies.rb:286:in `block in load'
/home/cristian/.rvm/gems/ruby-2.4.1/gems/activesupport-5.1.4/lib/active_support/dependencies.rb:258:in `load_dependency'
/home/cristian/.rvm/gems/ruby-2.4.1/gems/activesupport-5.1.4/lib/active_support/dependencies.rb:286:in `load'
/home/cristian/.rvm/gems/ruby-2.4.1/gems/railties-5.1.4/lib/rails/engine.rb:648:in `block in run_tasks_blocks'
/home/cristian/.rvm/gems/ruby-2.4.1/gems/railties-5.1.4/lib/rails/engine.rb:648:in `each'
/home/cristian/.rvm/gems/ruby-2.4.1/gems/railties-5.1.4/lib/rails/engine.rb:648:in `run_tasks_blocks'
/home/cristian/.rvm/gems/ruby-2.4.1/gems/railties-5.1.4/lib/rails/application.rb:440:in `run_tasks_blocks'
/home/cristian/.rvm/gems/ruby-2.4.1/gems/railties-5.1.4/lib/rails/engine.rb:457:in `load_tasks'
/home/cristian/CryptoApp/Rakefile:6:in `<top (required)>'
/home/cristian/.rvm/gems/ruby-2.4.1/gems/rake-12.3.0/exe/rake:27:in `<top (required)>'
/home/cristian/.rvm/gems/ruby-2.4.1/bin/ruby_executable_hooks:15:in `eval'
/home/cristian/.rvm/gems/ruby-2.4.1/bin/ruby_executable_hooks:15:in `<main>'
(See full trace by running task with --trace)
rake aborted!
SyntaxError: /home/cristian/CryptoApp/lib/tasks/demo.rake:246: syntax error, unexpected keyword_end, expecting end-of-input
/home/cristian/.rvm/gems/ruby-2.4.1/gems/activesupport-5.1.4/lib/active_support/dependencies.rb:286:in `load'
/home/cristian/.rvm/gems/ruby-2.4.1/gems/activesupport-5.1.4/lib/active_support/dependencies.rb:286:in `block in load'
/home/cristian/.rvm/gems/ruby-2.4.1/gems/activesupport-5.1.4/lib/active_support/dependencies.rb:258:in `load_dependency'
/home/cristian/.rvm/gems/ruby-2.4.1/gems/activesupport-5.1.4/lib/active_support/dependencies.rb:286:in `load'
/home/cristian/.rvm/gems/ruby-2.4.1/gems/railties-5.1.4/lib/rails/engine.rb:648:in `block in run_tasks_blocks'
/home/cristian/.rvm/gems/ruby-2.4.1/gems/railties-5.1.4/lib/rails/engine.rb:648:in `each'
/home/cristian/.rvm/gems/ruby-2.4.1/gems/railties-5.1.4/lib/rails/engine.rb:648:in `run_tasks_blocks'
/home/cristian/.rvm/gems/ruby-2.4.1/gems/railties-5.1.4/lib/rails/application.rb:440:in `run_tasks_blocks'
/home/cristian/.rvm/gems/ruby-2.4.1/gems/railties-5.1.4/lib/rails/engine.rb:457:in `load_tasks'
/home/cristian/CryptoApp/Rakefile:6:in `<top (required)>'
/home/cristian/.rvm/gems/ruby-2.4.1/gems/rake-12.3.0/exe/rake:27:in `<top (required)>'
/home/cristian/.rvm/gems/ruby-2.4.1/bin/ruby_executable_hooks:15:in `eval'
/home/cristian/.rvm/gems/ruby-2.4.1/bin/ruby_executable_hooks:15:in `<main>'
(See full trace by running task with --trace)
rake aborted!
NoMethodError: undefined method `exchanges' for nil:NilClass
/home/cristian/CryptoApp/lib/tasks/demo.rake:279:in `block (2 levels) in <top (required)>'
/home/cristian/.rvm/gems/ruby-2.4.1/gems/rake-12.3.0/exe/rake:27:in `<top (required)>'
/home/cristian/.rvm/gems/ruby-2.4.1/bin/ruby_executable_hooks:15:in `eval'
/home/cristian/.rvm/gems/ruby-2.4.1/bin/ruby_executable_hooks:15:in `<main>'
Tasks: TOP => verge:demo
(See full trace by running task with --trace)
rake aborted!
NoMethodError: undefined method `exchanges' for nil:NilClass
/home/cristian/CryptoApp/lib/tasks/demo.rake:279:in `block (2 levels) in <top (required)>'
/home/cristian/.rvm/gems/ruby-2.4.1/gems/rake-12.3.0/exe/rake:27:in `<top (required)>'
/home/cristian/.rvm/gems/ruby-2.4.1/bin/ruby_executable_hooks:15:in `eval'
/home/cristian/.rvm/gems/ruby-2.4.1/bin/ruby_executable_hooks:15:in `<main>'
Tasks: TOP => verge:demo
(See full trace by running task with --trace)
rake aborted!
NoMethodError: undefined method `exchanges' for nil:NilClass
/home/cristian/CryptoApp/lib/tasks/demo.rake:279:in `block (2 levels) in <top (required)>'
/home/cristian/.rvm/gems/ruby-2.4.1/gems/rake-12.3.0/exe/rake:27:in `<top (required)>'
/home/cristian/.rvm/gems/ruby-2.4.1/bin/ruby_executable_hooks:15:in `eval'
/home/cristian/.rvm/gems/ruby-2.4.1/bin/ruby_executable_hooks:15:in `<main>'
Tasks: TOP => verge:demo
(See full trace by running task with --trace)
rake aborted!
NoMethodError: undefined method `exchanges' for nil:NilClass
/home/cristian/CryptoApp/lib/tasks/demo.rake:279:in `block (2 levels) in <top (required)>'
/home/cristian/.rvm/gems/ruby-2.4.1/gems/rake-12.3.0/exe/rake:27:in `<top (required)>'
/home/cristian/.rvm/gems/ruby-2.4.1/bin/ruby_executable_hooks:15:in `eval'
/home/cristian/.rvm/gems/ruby-2.4.1/bin/ruby_executable_hooks:15:in `<main>'
Tasks: TOP => verge:demo
(See full trace by running task with --trace)
rake aborted!
NoMethodError: undefined method `exchanges' for nil:NilClass
/home/cristian/CryptoApp/lib/tasks/demo.rake:279:in `block (2 levels) in <top (required)>'
/home/cristian/.rvm/gems/ruby-2.4.1/gems/rake-12.3.0/exe/rake:27:in `<top (required)>'
/home/cristian/.rvm/gems/ruby-2.4.1/bin/ruby_executable_hooks:15:in `eval'
/home/cristian/.rvm/gems/ruby-2.4.1/bin/ruby_executable_hooks:15:in `<main>'
Tasks: TOP => verge:demo
(See full trace by running task with --trace)
Guardado
BitTrex
0.0821
Guardado
HitBTC
0.085
Guardado
CCEX
0.01876
Guardado en BTC
Cryptopia
1.2e-05
Guardado
Yobit
0.0769
Guardado en BTC
Novaexchange
8.1e-07
Guardado en BTC
Binance
1.204e-05
Guardado en BTC
TradeSatoshi
1.201e-05
Guardado
BitTrex
0.0804
Guardado
HitBTC
0.085
Guardado en BTC
Cryptopia
1.208e-05
Guardado
Yobit
0.0769
Guardado en BTC
Novaexchange
8.1e-07
Guardado en BTC
Binance
1.217e-05
Guardado en BTC
TradeSatoshi
1.201e-05
Guardado
CCEX
0.01876
Guardado
BitTrex
0.0804
Guardado
HitBTC
0.085
Guardado en BTC
Cryptopia
1.208e-05
Guardado
Yobit
0.0769
Guardado en BTC
Novaexchange
8.1e-07
Guardado en BTC
Binance
1.218e-05
Guardado en BTC
TradeSatoshi
1.201e-05
Guardado
CCEX
0.01876
Guardado
BitTrex
0.0825
Guardado
HitBTC
0.085
Guardado en BTC
Cryptopia
1.208e-05
Guardado
Yobit
0.0769
Guardado en BTC
Novaexchange
8.1e-07
Guardado en BTC
Binance
1.229e-05
Guardado en BTC
TradeSatoshi
1.2e-05
Guardado
CCEX
0.01876
Guardado
BitTrex
0.0825
Guardado
HitBTC
0.08547
Guardado en BTC
Cryptopia
1.208e-05
Guardado
Yobit
0.0769
Guardado en BTC
Novaexchange
8.1e-07
Guardado en BTC
Binance
1.232e-05
Guardado en BTC
TradeSatoshi
1.2e-05
Guardado
CCEX
0.01876
