Guardado en USD
Poloniex
0.434
Guardado en USD
Cexio
0.429
Guardado en BTC
BitTrex
4.655e-05
Guardado en USD
Kraken
0.4323
Guardado en USD
HitBTC
0.468
Guardado en BTC
Binance
4.653e-05
Guardado en BTC
Gateio
4.039e-05
Guardado en BTC
OKEX
4.652e-05
Guardado en USD
Cexio
0.4306
Guardado en USD
Kraken
0.4323
Guardado en BTC
Binance
4.661e-05
Guardado en USD
Poloniex
0.4341
Guardado en BTC
BitTrex
4.667e-05
Guardado en USD
HitBTC
0.468
Guardado en BTC
Gateio
4.039e-05
Guardado en BTC
OKEX
4.658e-05
Guardado en USD
Cexio
0.4306
Guardado en USD
Kraken
0.4356
Guardado en BTC
Binance
4.677e-05
Guardado en USD
Poloniex
0.4341
Guardado en BTC
BitTrex
4.672e-05
Guardado en USD
HitBTC
0.468
Guardado en BTC
Gateio
4.039e-05
Guardado en BTC
OKEX
4.659e-05
Guardado en USD
Cexio
0.4306
Guardado en USD
Kraken
0.4327
Guardado en BTC
Binance
4.674e-05
Guardado en USD
Poloniex
0.4355
Guardado en BTC
BitTrex
4.672e-05
Guardado en USD
HitBTC
0.468
Guardado en BTC
Gateio
4.039e-05
Guardado en BTC
OKEX
4.663e-05
Guardado en USD
Cexio
0.433
Guardado en USD
Kraken
0.4327
Guardado en BTC
Binance
4.67e-05
Guardado en USD
Poloniex
0.4355
Guardado en BTC
BitTrex
4.67e-05
Guardado en USD
HitBTC
0.468
Guardado en BTC
Gateio
4.039e-05
Guardado en BTC
OKEX
4.666e-05
Guardado en USD
Cexio
0.4328
Guardado en USD
Kraken
0.4384
Guardado en BTC
Binance
4.673e-05
Guardado en USD
Poloniex
0.439
Guardado en BTC
BitTrex
4.672e-05
Guardado en USD
HitBTC
0.468
Guardado en BTC
Gateio
4.039e-05
Guardado en BTC
OKEX
4.674e-05
Guardado en USD
Cexio
0.4324
Guardado en USD
Kraken
0.4357
Guardado en BTC
Binance
4.675e-05
Guardado en USD
Poloniex
0.439
Guardado en BTC
BitTrex
4.671e-05
Guardado en USD
HitBTC
0.468
Guardado en BTC
Gateio
4.039e-05
Guardado en BTC
OKEX
4.673e-05
Guardado en USD
Cexio
0.4324
Guardado en USD
Kraken
0.4357
Guardado en BTC
Binance
4.678e-05
Guardado en USD
Poloniex
0.4355
Guardado en BTC
BitTrex
4.671e-05
Guardado en USD
HitBTC
0.468
Guardado en BTC
Gateio
4.039e-05
Guardado en BTC
OKEX
4.674e-05
Guardado en USD
Cexio
0.4324
Guardado en USD
Kraken
0.4371
Guardado en BTC
Binance
4.681e-05
Guardado en USD
Poloniex
0.4355
Guardado en BTC
BitTrex
4.671e-05
Guardado en USD
HitBTC
0.468
Guardado en BTC
Gateio
4.039e-05
Guardado en BTC
OKEX
4.674e-05
Guardado en USD
Cexio
0.4315
Guardado en USD
Kraken
0.4332
Guardado en BTC
Binance
4.67e-05
Guardado en USD
Poloniex
0.4301
Guardado en BTC
BitTrex
4.671e-05
Guardado en USD
HitBTC
0.4664
Guardado en BTC
Gateio
4.039e-05
Guardado en BTC
OKEX
4.674e-05
Guardado en USD
Cexio
0.4359
Guardado en USD
Kraken
0.4332
Guardado en BTC
Binance
4.674e-05
Guardado en USD
Poloniex
0.4321
Guardado en BTC
BitTrex
4.667e-05
Guardado en USD
HitBTC
0.4664
Guardado en BTC
Gateio
4.039e-05
Guardado en BTC
OKEX
4.67e-05
Guardado en USD
Cexio
0.4359
Guardado en USD
Kraken
0.4332
Guardado en BTC
Binance
4.675e-05
Guardado en USD
Poloniex
0.4351
Guardado en BTC
BitTrex
4.684e-05
Guardado en USD
HitBTC
0.4664
Guardado en BTC
Gateio
4.039e-05
Guardado en BTC
OKEX
4.663e-05
Guardado en USD
Cexio
0.4329
Guardado en USD
Kraken
0.4332
Guardado en BTC
Binance
4.697e-05
Guardado en USD
Poloniex
0.436
Guardado en BTC
BitTrex
4.687e-05
Guardado en USD
HitBTC
0.4664
Guardado en BTC
Gateio
4.039e-05
Guardado en BTC
OKEX
4.683e-05
Guardado en USD
Cexio
0.4326
Guardado en USD
Kraken
0.4399
Guardado en BTC
Binance
4.694e-05
Guardado en USD
Poloniex
0.4365
Guardado en BTC
BitTrex
4.688e-05
Guardado en USD
HitBTC
0.4664
Guardado en BTC
Gateio
4.039e-05
Guardado en BTC
OKEX
4.68e-05
Guardado en USD
Cexio
0.4366
Guardado en USD
Kraken
0.4345
Guardado en BTC
Binance
4.703e-05
Guardado en USD
Poloniex
0.4365
Guardado en BTC
BitTrex
4.706e-05
Guardado en USD
HitBTC
0.4664
Guardado en BTC
Gateio
4.039e-05
Guardado en BTC
OKEX
4.694e-05
Guardado en USD
Cexio
0.4372
Guardado en USD
Kraken
0.4379
Guardado en BTC
Binance
4.702e-05
Guardado en USD
Poloniex
0.4389
Guardado en BTC
BitTrex
4.706e-05
Guardado en USD
HitBTC
0.4664
Guardado en BTC
Gateio
4.039e-05
Guardado en BTC
OKEX
4.697e-05
Guardado en USD
Cexio
0.4353
Guardado en USD
Kraken
0.4379
Guardado en BTC
Binance
4.715e-05
Guardado en USD
Poloniex
0.44
Guardado en BTC
BitTrex
4.68e-05
Guardado en USD
HitBTC
0.4664
Guardado en BTC
Gateio
4.039e-05
Guardado en BTC
OKEX
4.702e-05
Guardado en USD
Cexio
0.4353
Guardado en USD
Kraken
0.4379
Guardado en BTC
Binance
4.715e-05
Guardado en USD
Poloniex
0.4389
Guardado en BTC
BitTrex
4.68e-05
Guardado en USD
HitBTC
0.4664
Guardado en BTC
Gateio
4.039e-05
Guardado en BTC
OKEX
4.713e-05
Guardado en USD
Cexio
0.4394
Guardado en USD
Kraken
0.4379
Guardado en BTC
Binance
4.711e-05
Guardado en USD
Poloniex
0.4389
Guardado en BTC
BitTrex
4.709e-05
Guardado en USD
HitBTC
0.4664
Guardado en BTC
Gateio
4.039e-05
Guardado en BTC
OKEX
4.7e-05
Guardado en USD
Cexio
0.4341
Guardado en USD
Kraken
0.4379
Guardado en BTC
Binance
4.713e-05
Guardado en USD
Poloniex
0.4373
Guardado en BTC
BitTrex
4.709e-05
Guardado en USD
HitBTC
0.4664
Guardado en BTC
Gateio
4.039e-05
Guardado en BTC
OKEX
4.714e-05
Guardado en USD
Cexio
0.4341
Guardado en USD
Kraken
0.4379
Guardado en BTC
Binance
4.719e-05
Guardado en USD
Poloniex
0.4373
Guardado en BTC
BitTrex
4.707e-05
Guardado en USD
HitBTC
0.4664
Guardado en BTC
Gateio
4.039e-05
Guardado en BTC
OKEX
4.703e-05
Guardado en USD
Cexio
0.4387
Guardado en USD
Kraken
0.4379
Guardado en BTC
Binance
4.72e-05
Guardado en USD
Poloniex
0.4373
Guardado en BTC
BitTrex
4.704e-05
Guardado en USD
HitBTC
0.4664
Guardado en BTC
Gateio
4.039e-05
Guardado en BTC
OKEX
4.703e-05
Guardado en USD
Cexio
0.4388
Guardado en USD
Kraken
0.4379
Guardado en BTC
Binance
4.712e-05
Guardado en USD
Poloniex
0.4356
Guardado en BTC
BitTrex
4.709e-05
Guardado en USD
HitBTC
0.4664
Guardado en BTC
Gateio
4.039e-05
Guardado en BTC
OKEX
4.712e-05
Guardado en USD
Cexio
0.4351
Guardado en USD
Kraken
0.4379
Guardado en BTC
Binance
4.708e-05
Guardado en USD
Poloniex
0.4356
Guardado en BTC
BitTrex
4.7e-05
Guardado en USD
HitBTC
0.452
Guardado en BTC
Gateio
4.039e-05
Guardado en BTC
OKEX
4.711e-05
Guardado en USD
Cexio
0.4351
Guardado en USD
Kraken
0.4379
Guardado en BTC
Binance
4.708e-05
Guardado en USD
Poloniex
0.437
Guardado en BTC
BitTrex
4.7e-05
Guardado en USD
HitBTC
0.452
Guardado en BTC
Gateio
4.039e-05
Guardado en BTC
OKEX
4.711e-05
Guardado en USD
Cexio
0.4351
Guardado en USD
Kraken
0.4379
Guardado en BTC
Binance
4.707e-05
Guardado en USD
Poloniex
0.437
Guardado en BTC
BitTrex
4.698e-05
Guardado en USD
HitBTC
0.452
Guardado en BTC
Gateio
4.039e-05
Guardado en BTC
OKEX
4.708e-05
Guardado en USD
Cexio
0.4356
Guardado en USD
Kraken
0.4357
Guardado en BTC
Binance
4.68e-05
Guardado en USD
Poloniex
0.4331
Guardado en BTC
BitTrex
4.695e-05
Guardado en USD
HitBTC
0.452
Guardado en BTC
Gateio
4.039e-05
Guardado en BTC
OKEX
4.686e-05
Guardado en USD
Cexio
0.436
Guardado en USD
Kraken
0.4357
Guardado en BTC
Binance
4.691e-05
Guardado en USD
Poloniex
0.4331
Guardado en BTC
BitTrex
4.691e-05
Guardado en USD
HitBTC
0.452
Guardado en BTC
Gateio
4.039e-05
Guardado en BTC
OKEX
4.685e-05
Guardado en USD
Cexio
0.436
Guardado en USD
Kraken
0.4357
Guardado en BTC
Binance
4.684e-05
Guardado en USD
Poloniex
0.4331
Guardado en BTC
BitTrex
4.662e-05
Guardado en USD
HitBTC
0.452
Guardado en BTC
Gateio
4.039e-05
Guardado en BTC
OKEX
4.679e-05
Guardado en USD
Cexio
0.4361
Guardado en USD
Kraken
0.4357
Guardado en BTC
Binance
4.683e-05
Guardado en USD
Poloniex
0.4356
Guardado en BTC
BitTrex
4.697e-05
Guardado en USD
HitBTC
0.452
Guardado en BTC
Gateio
4.039e-05
Guardado en BTC
OKEX
4.674e-05
Guardado en USD
Cexio
0.438
Guardado en USD
Kraken
0.4357
Guardado en BTC
Binance
4.677e-05
Guardado en USD
Poloniex
0.4331
Guardado en BTC
BitTrex
4.655e-05
Guardado en USD
HitBTC
0.452
Guardado en BTC
Gateio
4.039e-05
Guardado en BTC
OKEX
4.672e-05
Guardado en USD
Cexio
0.438
Guardado en USD
Kraken
0.4357
Guardado en BTC
Binance
4.674e-05
Guardado en USD
Poloniex
0.4331
Guardado en BTC
BitTrex
4.69e-05
Guardado en USD
HitBTC
0.452
Guardado en BTC
Gateio
4.039e-05
Guardado en BTC
OKEX
4.687e-05
Guardado en USD
Cexio
0.438
Guardado en USD
Kraken
0.4357
Guardado en BTC
Binance
4.675e-05
Guardado en USD
Poloniex
0.4369
Guardado en BTC
BitTrex
4.652e-05
Guardado en USD
HitBTC
0.452
Guardado en BTC
Gateio
4.039e-05
Guardado en BTC
OKEX
4.671e-05
Guardado en USD
Cexio
0.4368
Guardado en USD
Kraken
0.4357
Guardado en BTC
Binance
4.689e-05
Guardado en USD
Poloniex
0.4369
Guardado en BTC
BitTrex
4.69e-05
Guardado en USD
HitBTC
0.452
Guardado en BTC
Gateio
4.039e-05
Guardado en BTC
OKEX
4.683e-05
Guardado en USD
Cexio
0.4368
Guardado en USD
Kraken
0.4351
Guardado en BTC
Binance
4.691e-05
Guardado en USD
Poloniex
0.4375
Guardado en BTC
BitTrex
4.671e-05
Guardado en USD
HitBTC
0.452
Guardado en BTC
Gateio
4.039e-05
Guardado en BTC
OKEX
4.681e-05
Guardado en USD
Cexio
0.4368
Guardado en USD
Kraken
0.4399
Guardado en BTC
Binance
4.681e-05
Guardado en USD
Poloniex
0.4331
Guardado en BTC
BitTrex
4.657e-05
Guardado en USD
HitBTC
0.452
Guardado en BTC
Gateio
4.039e-05
Guardado en BTC
OKEX
4.679e-05
Guardado en USD
Cexio
0.4368
Guardado en USD
Kraken
0.4351
Guardado en BTC
Binance
4.685e-05
Guardado en USD
Poloniex
0.4375
Guardado en BTC
BitTrex
4.673e-05
Guardado en USD
HitBTC
0.452
Guardado en BTC
Gateio
4.039e-05
Guardado en BTC
OKEX
4.667e-05
Guardado en USD
Cexio
0.4368
Guardado en USD
Kraken
0.434
Guardado en BTC
Binance
4.689e-05
Guardado en USD
Poloniex
0.4332
Guardado en BTC
BitTrex
4.672e-05
Guardado en USD
HitBTC
0.452
Guardado en BTC
Gateio
4.039e-05
Guardado en BTC
OKEX
4.675e-05
Guardado en USD
Cexio
0.4394
Guardado en USD
Kraken
0.4335
Guardado en BTC
Binance
4.686e-05
Guardado en USD
Poloniex
0.4392
Guardado en BTC
BitTrex
4.684e-05
Guardado en USD
HitBTC
0.452
Guardado en BTC
Gateio
4.039e-05
Guardado en BTC
OKEX
4.673e-05
Guardado en USD
Cexio
0.439
Guardado en USD
Kraken
0.44
Guardado en BTC
Binance
4.704e-05
Guardado en USD
Poloniex
0.4396
Guardado en BTC
BitTrex
4.674e-05
Guardado en USD
HitBTC
0.452
Guardado en BTC
Gateio
4.039e-05
Guardado en BTC
OKEX
4.701e-05
Guardado en USD
Cexio
0.439
Guardado en USD
Kraken
0.44
Guardado en BTC
Binance
4.698e-05
Guardado en USD
Poloniex
0.4396
Guardado en BTC
BitTrex
4.704e-05
Guardado en USD
HitBTC
0.46
Guardado en BTC
Gateio
4.039e-05
Guardado en BTC
OKEX
4.699e-05
Guardado en USD
Cexio
0.44
Guardado en USD
Kraken
0.44
Guardado en BTC
Binance
4.705e-05
Guardado en USD
Poloniex
0.4361
Guardado en BTC
BitTrex
4.716e-05
Guardado en USD
HitBTC
0.46
Guardado en BTC
Gateio
4.039e-05
Guardado en BTC
OKEX
4.69e-05
Guardado en USD
Cexio
0.4399
Guardado en USD
Kraken
0.44
Guardado en BTC
Binance
4.693e-05
Guardado en USD
Poloniex
0.4361
Guardado en BTC
BitTrex
4.714e-05
Guardado en USD
HitBTC
0.46
Guardado en BTC
Gateio
4.039e-05
Guardado en BTC
OKEX
4.689e-05
Guardado en USD
Cexio
0.4399
Guardado en USD
Kraken
0.44
Guardado en BTC
Binance
4.695e-05
Guardado en USD
Poloniex
0.4361
Guardado en BTC
BitTrex
4.711e-05
Guardado en USD
HitBTC
0.46
Guardado en BTC
Gateio
4.039e-05
Guardado en BTC
OKEX
4.696e-05
Guardado en USD
Cexio
0.44
Guardado en USD
Kraken
0.44
Guardado en BTC
Binance
4.71e-05
Guardado en USD
Poloniex
0.4424
Guardado en BTC
BitTrex
4.711e-05
Guardado en USD
HitBTC
0.46
Guardado en BTC
Gateio
4.039e-05
Guardado en BTC
OKEX
4.695e-05
