Guardado
Poloniex
169.27
Guardado
BitTrex
168.5
Guardado
Kraken
168.6
Guardado
Bitfinex
168.31
Guardado
HitBTC
175.31
Guardado
Exmo
171.18
Guardado
LiveCoin
174.12
Guardado
Coinroom
173.97
Guardado
Poloniex
167.57
Guardado
BitTrex
168.5
Guardado
Kraken
168.6
Guardado
Bitfinex
168.31
Guardado
Exmo
171.27
Guardado
LiveCoin
174.12
Guardado
Coinroom
162.95
Guardado
HitBTC
175.21
Guardado
Poloniex
167.57
Guardado
BitTrex
168.5
Guardado
Kraken
168.6
Guardado
Bitfinex
168.31
Guardado
Exmo
171.27
Guardado
LiveCoin
175.1
Guardado
Coinroom
162.91
Guardado
HitBTC
174.91
Guardado
Poloniex
167.57
Guardado
BitTrex
168.5
Guardado
Kraken
168.6
Guardado
Bitfinex
168.31
Guardado
Exmo
171.27
Guardado
LiveCoin
175.1
Guardado
Coinroom
174.06
Guardado
HitBTC
175.09
Guardado
Poloniex
167.57
Guardado
BitTrex
168.5
Guardado
Kraken
168.6
Guardado
Bitfinex
168.31
Guardado
Exmo
171.27
Guardado
LiveCoin
175.1
Guardado
Coinroom
174.32
Guardado
HitBTC
174.89
Guardado
Poloniex
167.57
Guardado
BitTrex
168.5
Guardado
Kraken
168.6
Guardado
Bitfinex
168.31
Guardado
Exmo
171.39
Guardado
LiveCoin
175.1
Guardado
Coinroom
174.41
Guardado
HitBTC
174.71
Guardado
Poloniex
167.57
Guardado
BitTrex
168.5
Guardado
Kraken
168.51
Guardado
Bitfinex
168.48
Guardado
Exmo
171.39
Guardado
LiveCoin
175.1
Guardado
Coinroom
173.68
Guardado
HitBTC
174.75
Guardado
Poloniex
167.57
Guardado
BitTrex
168.5
Guardado
Kraken
168.51
Guardado
Bitfinex
168.47
Guardado
Exmo
171.39
Guardado
LiveCoin
175.1
Guardado
Coinroom
163.15
Guardado
HitBTC
174.75
Guardado
Poloniex
167.57
Guardado
BitTrex
168.5
Guardado
Kraken
168.51
Guardado
Bitfinex
168.47
Guardado
Exmo
171.69
Guardado
LiveCoin
175.1
Guardado
Coinroom
163.15
Guardado
HitBTC
174.85
Guardado
Poloniex
167.57
Guardado
BitTrex
168.5
Guardado
Kraken
168.51
Guardado
Bitfinex
168.47
Guardado
Exmo
171.69
Guardado
LiveCoin
175.1
Guardado
Coinroom
162.95
Guardado
HitBTC
174.82
Guardado
Poloniex
167.57
Guardado
BitTrex
168.5
Guardado
Kraken
169.16
Guardado
Bitfinex
168.82
Guardado
Exmo
171.3
Guardado
LiveCoin
175.1
Guardado
Coinroom
162.38
Guardado
HitBTC
175.13
Guardado
Poloniex
167.57
Guardado
BitTrex
168.5
Guardado
Kraken
169.16
Guardado
Bitfinex
168.82
Guardado
Exmo
171.3
Guardado
LiveCoin
175.1
Guardado
Coinroom
175.79
Guardado
HitBTC
175.15
Guardado
Poloniex
167.57
Guardado
BitTrex
168.5
Guardado
Kraken
169.16
Guardado
Bitfinex
168.82
Guardado en BTC
Cryptopia
0.02429
Guardado
Exmo
171.3
Guardado en BTC
TuxExchange
0.0268
Guardado en BTC
CryptoX
0.02788
Guardado
LiveCoin
175.1
Guardado en BTC
Binance
0.02425
Guardado
Coinroom
175.79
Guardado en BTC
Abucoins
0.02409
Guardado en BTC
Gateio
0.02395
Guardado en BTC
OKEX
0.02419
Guardado
HitBTC
175.04
Guardado
Poloniex
167.57
Guardado
BitTrex
168.5
Guardado
Kraken
169.28
Guardado
Bitfinex
169.09
Guardado en BTC
Cryptopia
0.02429
Guardado
Exmo
170.96
Guardado en BTC
CryptoX
0.02788
Guardado
LiveCoin
175.1
Guardado en BTC
Binance
0.02429
Guardado
Coinroom
175.41
Guardado en BTC
Abucoins
0.02409
Guardado en BTC
Gateio
0.02395
Guardado en BTC
OKEX
0.02419
Guardado
HitBTC
175.21
Guardado en BTC
TuxExchange
0.0268
Guardado
Poloniex
167.57
Guardado
BitTrex
168.5
Guardado
Kraken
169.28
Guardado
Bitfinex
169.09
Guardado en BTC
Cryptopia
0.02429
Guardado
Exmo
170.96
Guardado en BTC
CryptoX
0.02788
Guardado
LiveCoin
175.1
Guardado en BTC
Binance
0.02428
Guardado
Coinroom
161.51
Guardado en BTC
Abucoins
0.02409
Guardado en BTC
Gateio
0.02395
Guardado en BTC
OKEX
0.02419
Guardado
HitBTC
175.33
Guardado en BTC
TuxExchange
0.0268
Guardado
Poloniex
167.57
Guardado
BitTrex
168.5
Guardado
Kraken
168.97
Guardado
Bitfinex
169.09
Guardado en BTC
Cryptopia
0.02429
Guardado
Exmo
171.61
Guardado en BTC
CryptoX
0.02788
Guardado
LiveCoin
175.1
Guardado en BTC
Binance
0.02425
Guardado
Coinroom
161.31
Guardado en BTC
Abucoins
0.02409
Guardado en BTC
Gateio
0.02395
Guardado en BTC
OKEX
0.02419
Guardado
HitBTC
175.3
Guardado en BTC
TuxExchange
0.0268
Guardado
Poloniex
167.57
Guardado
BitTrex
168.5
Guardado
Kraken
168.97
Guardado
Bitfinex
169.09
Guardado en BTC
Cryptopia
0.02429
Guardado
Exmo
171.61
Guardado en BTC
CryptoX
0.02788
Guardado
LiveCoin
175.1
Guardado en BTC
Binance
0.02425
Guardado
Coinroom
175.36
Guardado en BTC
Abucoins
0.02409
Guardado en BTC
Gateio
0.02395
Guardado en BTC
OKEX
0.02419
Guardado
HitBTC
175.19
Guardado en BTC
TuxExchange
0.0268
Guardado
Poloniex
167.57
Guardado
BitTrex
168.5
Guardado
Kraken
168.97
Guardado
Bitfinex
169.09
Guardado en BTC
Cryptopia
0.02429
Guardado
Exmo
171.61
Guardado en BTC
CryptoX
0.02788
Guardado
LiveCoin
175.1
Guardado en BTC
Binance
0.02428
Guardado
Coinroom
175.36
Guardado en BTC
Abucoins
0.02409
Guardado en BTC
Gateio
0.02395
Guardado en BTC
OKEX
0.02419
Guardado
HitBTC
175.09
Guardado en BTC
TuxExchange
0.0268
Guardado
Poloniex
169.64
Guardado
BitTrex
168.5
Guardado
Kraken
168.97
Guardado
Bitfinex
169.09
Guardado en BTC
Cryptopia
0.02429
Guardado
Exmo
170.69
Guardado en BTC
CryptoX
0.02788
Guardado
LiveCoin
175.1
Guardado en BTC
Binance
0.0243
Guardado
Coinroom
175.41
Guardado en BTC
Abucoins
0.02409
Guardado en BTC
Gateio
0.02395
Guardado en BTC
OKEX
0.02419
Guardado
HitBTC
175.27
Guardado en BTC
TuxExchange
0.0268
Guardado
Poloniex
169.64
Guardado
BitTrex
168.5
Guardado
Kraken
168.97
Guardado
Bitfinex
169.09
Guardado en BTC
Cryptopia
0.02429
Guardado
Exmo
170.69
Guardado en BTC
CryptoX
0.02788
Guardado
LiveCoin
175.1
Guardado en BTC
Binance
0.02428
Guardado
Coinroom
161.82
Guardado en BTC
Abucoins
0.02409
Guardado en BTC
Gateio
0.02395
Guardado en BTC
OKEX
0.02419
Guardado
HitBTC
175.25
Guardado en BTC
TuxExchange
0.0268
Guardado
Poloniex
169.64
Guardado
BitTrex
168.5
Guardado
Kraken
168.97
Guardado
Bitfinex
169.09
Guardado en BTC
Cryptopia
0.02429
Guardado
Exmo
170.69
Guardado en BTC
CryptoX
0.02788
Guardado
LiveCoin
175.1
Guardado en BTC
Binance
0.02428
Guardado
Coinroom
175.93
Guardado en BTC
Abucoins
0.02409
Guardado en BTC
Gateio
0.02395
Guardado en BTC
OKEX
0.02419
Guardado
HitBTC
175.33
Guardado en BTC
TuxExchange
0.0268
Guardado
Poloniex
169.64
Guardado
BitTrex
168.5
Guardado
Kraken
168.97
Guardado
Bitfinex
169.07
Guardado en BTC
Cryptopia
0.02429
Guardado
Exmo
171.24
Guardado en BTC
CryptoX
0.02788
Guardado
LiveCoin
175.1
Guardado en BTC
Binance
0.02429
Guardado
Coinroom
175.93
Guardado en BTC
Abucoins
0.02409
Guardado en BTC
Gateio
0.02395
Guardado en BTC
OKEX
0.02419
Guardado
HitBTC
175.25
Guardado en BTC
TuxExchange
0.0268
Guardado
Poloniex
169.64
Guardado
BitTrex
168.5
Guardado
Kraken
168.97
Guardado
Bitfinex
169.07
Guardado en BTC
Cryptopia
0.02429
Guardado
Exmo
171.24
Guardado en BTC
CryptoX
0.02788
Guardado
LiveCoin
175.1
Guardado en BTC
Binance
0.02429
Guardado
Coinroom
175.43
Guardado en BTC
Abucoins
0.02409
Guardado en BTC
Gateio
0.02395
Guardado en BTC
OKEX
0.02419
Guardado
HitBTC
175.1
Guardado en BTC
TuxExchange
0.0268
Guardado
Poloniex
169.64
Guardado
BitTrex
168.5
Guardado
Kraken
168.97
Guardado
Bitfinex
169.07
Guardado en BTC
Cryptopia
0.02429
Guardado
Exmo
171.24
Guardado en BTC
CryptoX
0.02788
Guardado
LiveCoin
175.1
Guardado en BTC
Binance
0.02425
Guardado
Coinroom
163.63
Guardado en BTC
Abucoins
0.02409
Guardado en BTC
Gateio
0.02395
Guardado en BTC
OKEX
0.02419
Guardado
HitBTC
175.01
Guardado en BTC
TuxExchange
0.0268
Guardado
Poloniex
169.64
Guardado
BitTrex
168.5
Guardado
Kraken
168.97
Guardado
Bitfinex
169.07
Guardado en BTC
Cryptopia
0.02429
Guardado
Exmo
171.24
Guardado en BTC
CryptoX
0.02788
Guardado
LiveCoin
175.1
Guardado en BTC
Binance
0.02427
Guardado
Coinroom
174.14
Guardado en BTC
Abucoins
0.02409
Guardado en BTC
Gateio
0.02395
Guardado en BTC
OKEX
0.02419
Guardado
HitBTC
175.02
Guardado en BTC
TuxExchange
0.0268
Guardado
Poloniex
169.64
Guardado
BitTrex
168.5
Guardado
Kraken
168.97
Guardado
Bitfinex
169.07
Guardado en BTC
Cryptopia
0.02429
Guardado
Exmo
171.24
Guardado en BTC
CryptoX
0.02788
Guardado
LiveCoin
175.1
Guardado en BTC
Binance
0.02428
Guardado
Coinroom
163.09
Guardado en BTC
Abucoins
0.02409
Guardado en BTC
Gateio
0.02395
Guardado en BTC
OKEX
0.02419
Guardado
HitBTC
174.94
Guardado en BTC
TuxExchange
0.0268
Guardado
Poloniex
169.64
Guardado
BitTrex
168.5
Guardado
Kraken
168.97
Guardado
Bitfinex
169.07
Guardado en BTC
Cryptopia
0.02429
Guardado
Exmo
171.43
Guardado en BTC
CryptoX
0.02788
Guardado
LiveCoin
175.1
Guardado en BTC
Binance
0.02428
Guardado
Coinroom
162.96
Guardado en BTC
Abucoins
0.02409
Guardado en BTC
Gateio
0.02395
Guardado en BTC
OKEX
0.02419
Guardado
HitBTC
174.96
Guardado en BTC
TuxExchange
0.0268
Guardado
Poloniex
169.64
Guardado
BitTrex
168.5
Guardado
Kraken
168.62
Guardado
Bitfinex
169.07
Guardado en BTC
Cryptopia
0.02429
Guardado
Exmo
170.75
Guardado en BTC
CryptoX
0.02788
Guardado
LiveCoin
175.1
Guardado en BTC
Binance
0.02428
Guardado
Coinroom
162.55
Guardado en BTC
Abucoins
0.02409
Guardado en BTC
Gateio
0.02395
Guardado en BTC
OKEX
0.02419
Guardado
HitBTC
174.91
Guardado en BTC
TuxExchange
0.0268
Guardado
Poloniex
169.64
Guardado
BitTrex
168.5
Guardado
Kraken
168.62
Guardado
Bitfinex
169.09
Guardado en BTC
Cryptopia
0.02429
Guardado
Exmo
170.75
Guardado en BTC
CryptoX
0.02788
Guardado
LiveCoin
175.1
Guardado en BTC
Binance
0.02428
Guardado
Coinroom
174.13
Guardado en BTC
Abucoins
0.02409
Guardado en BTC
Gateio
0.02395
Guardado en BTC
OKEX
0.02419
Guardado
HitBTC
175.07
Guardado en BTC
TuxExchange
0.0268
Guardado
Poloniex
169.64
Guardado
BitTrex
168.5
Guardado
Kraken
168.62
Guardado
Bitfinex
168.92
Guardado en BTC
Cryptopia
0.02429
Guardado
Exmo
171.03
Guardado en BTC
CryptoX
0.02788
Guardado
LiveCoin
175.1
Guardado en BTC
Binance
0.02428
Guardado
Coinroom
174.14
Guardado en BTC
Abucoins
0.02409
Guardado en BTC
Gateio
0.02395
Guardado en BTC
OKEX
0.02419
Guardado
HitBTC
175.3
Guardado en BTC
TuxExchange
0.0268
Guardado
Poloniex
169.64
Guardado
BitTrex
168.5
Guardado
Kraken
168.62
Guardado
Bitfinex
168.92
Guardado en BTC
Cryptopia
0.02429
Guardado
Exmo
171.03
Guardado en BTC
CryptoX
0.02788
Guardado
LiveCoin
175.1
Guardado en BTC
Binance
0.02429
Guardado
Coinroom
174.66
Guardado en BTC
Abucoins
0.02409
Guardado en BTC
Gateio
0.02395
Guardado en BTC
OKEX
0.02419
Guardado
HitBTC
175.24
Guardado en BTC
TuxExchange
0.0268
Guardado
Poloniex
169.64
Guardado
BitTrex
168.5
Guardado
Kraken
168.62
Guardado
Bitfinex
168.92
Guardado en BTC
Cryptopia
0.02429
Guardado
Exmo
171.03
Guardado en BTC
CryptoX
0.02788
Guardado
LiveCoin
175.1
Guardado en BTC
Binance
0.02429
Guardado
Coinroom
174.66
Guardado en BTC
Abucoins
0.02409
Guardado en BTC
Gateio
0.02395
Guardado en BTC
OKEX
0.02419
Guardado
HitBTC
175.37
Guardado en BTC
TuxExchange
0.0268
Guardado
Poloniex
169.64
Guardado
BitTrex
169
Guardado
Kraken
168.62
Guardado
Bitfinex
169.47
Guardado en BTC
Cryptopia
0.02429
Guardado
Exmo
171.29
Guardado en BTC
CryptoX
0.02788
Guardado
LiveCoin
175.1
Guardado en BTC
Binance
0.02428
Guardado
Coinroom
163.36
Guardado en BTC
Abucoins
0.02409
Guardado en BTC
Gateio
0.02395
Guardado en BTC
OKEX
0.02419
Guardado
HitBTC
175.72
Guardado en BTC
TuxExchange
0.0268
Guardado
Poloniex
169.64
Guardado
BitTrex
169
Guardado
Kraken
168.62
Guardado
Bitfinex
169.47
Guardado en BTC
Cryptopia
0.02429
Guardado
Exmo
171.29
Guardado en BTC
CryptoX
0.02788
Guardado
LiveCoin
175.1
Guardado en BTC
Binance
0.02429
Guardado
Coinroom
177.05
Guardado en BTC
Abucoins
0.02409
Guardado en BTC
Gateio
0.02395
Guardado en BTC
OKEX
0.02419
Guardado
HitBTC
176.04
Guardado en BTC
TuxExchange
0.0268
Guardado
Poloniex
169.64
Guardado
BitTrex
170.18
Guardado
Kraken
168.62
Guardado
Bitfinex
169.47
Guardado en BTC
Cryptopia
0.02429
Guardado
Exmo
171.29
Guardado en BTC
CryptoX
0.02788
Guardado
LiveCoin
175.1
Guardado en BTC
Binance
0.02429
Guardado
Coinroom
163.42
Guardado en BTC
Abucoins
0.02409
Guardado en BTC
Gateio
0.02395
Guardado en BTC
OKEX
0.02419
Guardado
HitBTC
176.06
Guardado en BTC
TuxExchange
0.0268
Guardado
Poloniex
169.64
Guardado
BitTrex
170.18
Guardado
Kraken
169.63
Guardado
Bitfinex
169.47
Guardado en BTC
Cryptopia
0.02429
Guardado
Exmo
171.75
Guardado en BTC
CryptoX
0.02788
Guardado
LiveCoin
175.23
Guardado en BTC
Binance
0.02429
Guardado
Coinroom
176.51
Guardado en BTC
Abucoins
0.02409
Guardado en BTC
Gateio
0.02395
Guardado en BTC
OKEX
0.02419
Guardado
HitBTC
175.47
Guardado en BTC
TuxExchange
0.0268
Guardado
Poloniex
169.64
Guardado
BitTrex
170.18
Guardado
Kraken
169.63
Guardado
Bitfinex
169.47
Guardado en BTC
Cryptopia
0.02429
Guardado
Exmo
171.75
Guardado en BTC
CryptoX
0.02788
Guardado
LiveCoin
175.23
Guardado en BTC
Binance
0.02429
Guardado
Coinroom
176.71
Guardado en BTC
Abucoins
0.02409
Guardado en BTC
Gateio
0.02395
Guardado en BTC
OKEX
0.02419
Guardado
HitBTC
175.66
Guardado en BTC
TuxExchange
0.0268
Guardado
Poloniex
177.7
Guardado
BitTrex
178.86
Guardado
Kraken
176.44
Guardado
Bitfinex
176
Guardado en BTC
Cryptopia
0.02472
Guardado
Exmo
175.71
Guardado en BTC
CryptoX
0.02788
Guardado
LiveCoin
176
Guardado en BTC
Binance
0.02475
Guardado
Coinroom
170.05
Guardado en BTC
Abucoins
0.02409
Guardado en BTC
Gateio
0.02448
Guardado en BTC
OKEX
0.02493
Guardado
HitBTC
181.2
Guardado en BTC
TuxExchange
0.0249
Guardado
Poloniex
177.7
Guardado
BitTrex
178.86
Guardado
Kraken
176.44
Guardado
Bitfinex
176.37
Guardado en BTC
Cryptopia
0.02472
Guardado
Exmo
175.73
Guardado en BTC
CryptoX
0.02788
Guardado
LiveCoin
176
Guardado en BTC
Binance
0.02472
Guardado
Coinroom
169.86
Guardado en BTC
Abucoins
0.02409
Guardado en BTC
Gateio
0.02448
Guardado en BTC
OKEX
0.02493
Guardado
HitBTC
181.23
Guardado en BTC
TuxExchange
0.0249
Guardado
Poloniex
177.7
Guardado
BitTrex
178.86
Guardado
Kraken
176.44
Guardado
Bitfinex
176.37
Guardado en BTC
Cryptopia
0.02472
Guardado
Exmo
176
Guardado en BTC
CryptoX
0.02788
Guardado
LiveCoin
176
Guardado en BTC
Binance
0.02474
Guardado
Coinroom
182.62
Guardado en BTC
Abucoins
0.02409
Guardado en BTC
Gateio
0.02448
Guardado en BTC
OKEX
0.02493
Guardado
HitBTC
181.25
Guardado en BTC
TuxExchange
0.0249
Guardado
Poloniex
177.7
Guardado
BitTrex
178.21
Guardado
Kraken
176.44
Guardado
Bitfinex
177.18
Guardado en BTC
Cryptopia
0.0247
Guardado
Exmo
175.86
Guardado en BTC
CryptoX
0.02788
Guardado
LiveCoin
176
Guardado en BTC
Binance
0.02483
Guardado
Coinroom
170.29
Guardado en BTC
Abucoins
0.02409
Guardado en BTC
Gateio
0.02448
Guardado en BTC
OKEX
0.02493
Guardado
HitBTC
181.4
Guardado en BTC
TuxExchange
0.0249
Guardado
Poloniex
177.7
Guardado
BitTrex
178.21
Guardado
Kraken
176.44
Guardado
Bitfinex
177.35
Guardado en BTC
Cryptopia
0.0247
Guardado
Exmo
176.27
Guardado en BTC
CryptoX
0.02788
Guardado
LiveCoin
176
Guardado en BTC
Binance
0.02483
Guardado
Coinroom
170.29
Guardado en BTC
Abucoins
0.02409
Guardado en BTC
Gateio
0.02448
Guardado en BTC
OKEX
0.02493
Guardado
HitBTC
181.91
Guardado en BTC
TuxExchange
0.0249
Guardado
Poloniex
175.5
Guardado
BitTrex
175.97
Guardado
Kraken
176.44
Guardado
Bitfinex
177.35
Guardado en BTC
Cryptopia
0.0247
Guardado
Exmo
176.89
Guardado en BTC
CryptoX
0.02788
Guardado
LiveCoin
178.52
Guardado en BTC
Binance
0.02483
Guardado
Coinroom
182.44
Guardado en BTC
Abucoins
0.02409
Guardado en BTC
Gateio
0.02448
Guardado en BTC
OKEX
0.02493
Guardado
HitBTC
181.86
Guardado en BTC
TuxExchange
0.0249
Guardado
Poloniex
177.7
Guardado
BitTrex
178.53
Guardado
Kraken
176.44
Guardado
Bitfinex
177.3
Guardado en BTC
Cryptopia
0.0247
Guardado
Exmo
176.89
Guardado en BTC
CryptoX
0.02788
Guardado
LiveCoin
178.52
Guardado en BTC
Binance
0.02483
Guardado
Coinroom
169.88
Guardado en BTC
Abucoins
0.02409
Guardado en BTC
Gateio
0.02448
Guardado en BTC
OKEX
0.02493
Guardado
HitBTC
181.67
Guardado en BTC
TuxExchange
0.0249
Guardado
Poloniex
177.7
Guardado
BitTrex
178.55
Guardado
Kraken
176.44
Guardado
Bitfinex
177.27
Guardado en BTC
Cryptopia
0.0247
Guardado
Exmo
177.45
Guardado en BTC
CryptoX
0.02788
Guardado
LiveCoin
178.52
Guardado en BTC
Binance
0.02483
Guardado
Coinroom
169.76
Guardado en BTC
Abucoins
0.02409
Guardado en BTC
Gateio
0.02448
Guardado en BTC
OKEX
0.02493
Guardado
HitBTC
181.85
Guardado en BTC
TuxExchange
0.0249
Guardado
Poloniex
177.7
Guardado
BitTrex
178.55
Guardado
Kraken
176.44
Guardado
Bitfinex
177.94
Guardado en BTC
Cryptopia
0.0247
Guardado
Exmo
176.76
Guardado en BTC
CryptoX
0.02788
Guardado
LiveCoin
178.52
Guardado en BTC
Binance
0.02485
Guardado
Coinroom
183.24
Guardado en BTC
Abucoins
0.02409
Guardado en BTC
Gateio
0.02448
Guardado en BTC
OKEX
0.02493
Guardado
HitBTC
181.86
Guardado en BTC
TuxExchange
0.0249
Guardado
Poloniex
177.7
Guardado
BitTrex
178.55
Guardado
Kraken
176.44
Guardado
Bitfinex
177.63
Guardado en BTC
Cryptopia
0.0247
Guardado
Exmo
176.76
Guardado en BTC
CryptoX
0.02788
Guardado
LiveCoin
178.52
Guardado en BTC
Binance
0.02486
Guardado
Coinroom
183.24
Guardado en BTC
Abucoins
0.02409
Guardado en BTC
Gateio
0.02448
Guardado en BTC
OKEX
0.02493
Guardado
HitBTC
181.86
Guardado en BTC
TuxExchange
0.0249
Guardado
Poloniex
177.67
Guardado
BitTrex
178.06
Guardado
Kraken
176.44
Guardado
Bitfinex
177.62
Guardado en BTC
Cryptopia
0.0246
Guardado
Exmo
176.91
Guardado en BTC
CryptoX
0.02788
Guardado
LiveCoin
178.52
Guardado en BTC
Binance
0.02488
Guardado
Coinroom
170.23
Guardado en BTC
Abucoins
0.02409
Guardado en BTC
Gateio
0.02448
Guardado en BTC
OKEX
0.02493
Guardado
HitBTC
181.99
Guardado en BTC
TuxExchange
0.0249
Guardado
Poloniex
177.67
Guardado
BitTrex
178.06
Guardado
Kraken
176.44
Guardado
Bitfinex
177.87
Guardado en BTC
Cryptopia
0.0246
Guardado
Exmo
176.91
Guardado en BTC
CryptoX
0.02788
Guardado
LiveCoin
178.52
Guardado en BTC
Binance
0.02485
Guardado
Coinroom
169.24
Guardado en BTC
Abucoins
0.02409
Guardado en BTC
Gateio
0.02448
Guardado en BTC
OKEX
0.02493
Guardado
HitBTC
181.97
Guardado en BTC
TuxExchange
0.0249
Guardado
Poloniex
177.67
Guardado
BitTrex
178.06
Guardado
Kraken
176.44
Guardado
Bitfinex
177.87
Guardado en BTC
Cryptopia
0.0246
Guardado
Exmo
176.86
Guardado en BTC
CryptoX
0.02788
Guardado
LiveCoin
178.52
Guardado en BTC
Binance
0.02485
Guardado
Coinroom
183.38
Guardado en BTC
Abucoins
0.02409
Guardado en BTC
Gateio
0.02448
Guardado en BTC
OKEX
0.02493
Guardado
HitBTC
181.82
Guardado en BTC
TuxExchange
0.0249
Guardado
Poloniex
177.67
Guardado
BitTrex
178.06
Guardado
Kraken
176.44
Guardado
Bitfinex
177.57
Guardado en BTC
Cryptopia
0.0246
Guardado
Exmo
176.95
Guardado en BTC
CryptoX
0.02788
Guardado
LiveCoin
178.52
Guardado en BTC
Binance
0.02485
Guardado
Coinroom
183.16
Guardado en BTC
Abucoins
0.02409
Guardado en BTC
Gateio
0.02448
Guardado en BTC
OKEX
0.02493
Guardado
HitBTC
181.67
Guardado en BTC
TuxExchange
0.0249
Guardado
Poloniex
177.7
Guardado
BitTrex
178.06
Guardado
Kraken
176.44
Guardado
Bitfinex
176.63
Guardado en BTC
Cryptopia
0.0246
Guardado
Exmo
176.95
Guardado en BTC
CryptoX
0.02788
Guardado
LiveCoin
178.52
Guardado en BTC
Binance
0.02485
Guardado
Coinroom
183.77
Guardado en BTC
Abucoins
0.02409
Guardado en BTC
Gateio
0.02448
Guardado en BTC
OKEX
0.02493
Guardado
HitBTC
181.55
Guardado en BTC
TuxExchange
0.0249
Guardado
Poloniex
176.05
Guardado
BitTrex
178.06
Guardado
Kraken
176.44
Guardado
Bitfinex
176.88
Guardado en BTC
Cryptopia
0.0246
Guardado
Exmo
176.95
Guardado en BTC
CryptoX
0.02788
Guardado
LiveCoin
178.52
Guardado en BTC
Binance
0.02485
Guardado
Coinroom
170.13
Guardado en BTC
Abucoins
0.02409
Guardado en BTC
Gateio
0.02448
Guardado en BTC
OKEX
0.02493
Guardado
HitBTC
181.54
Guardado en BTC
TuxExchange
0.0249
Guardado
Poloniex
176.05
Guardado
BitTrex
177.9
Guardado
Kraken
177
Guardado
Bitfinex
177.12
Guardado en BTC
Cryptopia
0.0246
Guardado
Exmo
176.95
Guardado en BTC
CryptoX
0.02788
Guardado
LiveCoin
178.52
Guardado en BTC
Binance
0.02485
Guardado
Coinroom
168.86
Guardado en BTC
Abucoins
0.02409
Guardado en BTC
Gateio
0.02448
Guardado en BTC
OKEX
0.02493
Guardado
HitBTC
181.55
Guardado en BTC
TuxExchange
0.0249
Guardado
Poloniex
176.05
Guardado
BitTrex
177.9
Guardado
Kraken
177
Guardado
Bitfinex
177.12
Guardado en BTC
Cryptopia
0.0246
Guardado
Exmo
176.36
Guardado en BTC
CryptoX
0.02788
Guardado
LiveCoin
178.52
Guardado en BTC
Binance
0.02488
Guardado
Coinroom
168.13
Guardado en BTC
Abucoins
0.02409
Guardado en BTC
Gateio
0.02448
Guardado en BTC
OKEX
0.02493
Guardado
HitBTC
181.29
Guardado en BTC
TuxExchange
0.0249
Guardado
Poloniex
176.05
Guardado
BitTrex
177.9
Guardado
Kraken
177
Guardado
Bitfinex
177.32
Guardado en BTC
Cryptopia
0.02472
Guardado
Exmo
176.36
Guardado en BTC
CryptoX
0.02788
Guardado
LiveCoin
178.52
Guardado en BTC
Binance
0.02488
Guardado
Coinroom
182.52
Guardado en BTC
Abucoins
0.02409
Guardado en BTC
Gateio
0.02448
Guardado en BTC
OKEX
0.02493
Guardado
HitBTC
181.36
Guardado en BTC
TuxExchange
0.0249
Guardado
Poloniex
177.7
Guardado
BitTrex
177.9
Guardado
Kraken
177
Guardado
Bitfinex
177.32
Guardado en BTC
Cryptopia
0.02472
Guardado
Exmo
176.36
Guardado en BTC
CryptoX
0.02788
Guardado
LiveCoin
178.52
Guardado en BTC
Binance
0.02489
Guardado
Coinroom
182.67
Guardado en BTC
Abucoins
0.02409
Guardado en BTC
Gateio
0.02448
Guardado en BTC
OKEX
0.02493
Guardado
HitBTC
181.33
Guardado en BTC
TuxExchange
0.0249
Guardado
Poloniex
177.7
Guardado
BitTrex
177.9
Guardado
Kraken
177
Guardado
Bitfinex
176.62
Guardado en BTC
Cryptopia
0.02472
Guardado
Exmo
176.36
Guardado en BTC
CryptoX
0.02788
Guardado
LiveCoin
178.52
Guardado en BTC
Binance
0.02488
Guardado
Coinroom
170.46
Guardado en BTC
Abucoins
0.02409
Guardado en BTC
Gateio
0.02476
Guardado en BTC
OKEX
0.02493
Guardado
HitBTC
181.08
Guardado en BTC
TuxExchange
0.0249
Guardado
Poloniex
177.7
Guardado
BitTrex
176.36
Guardado
Kraken
177
Guardado
Bitfinex
176.53
Guardado en BTC
Cryptopia
0.02472
Guardado
Exmo
176.36
Guardado en BTC
CryptoX
0.02788
Guardado
LiveCoin
178.52
Guardado en BTC
Binance
0.02489
Guardado
Coinroom
170.46
Guardado en BTC
Abucoins
0.02409
Guardado en BTC
Gateio
0.02476
Guardado en BTC
OKEX
0.02493
Guardado
HitBTC
180.91
Guardado en BTC
TuxExchange
0.0249
Guardado
Poloniex
177.7
Guardado
BitTrex
176.27
Guardado
Kraken
177
Guardado
Bitfinex
176.53
Guardado en BTC
Cryptopia
0.02472
Guardado
Exmo
176.36
Guardado en BTC
CryptoX
0.02788
Guardado
LiveCoin
178.6
Guardado en BTC
Binance
0.0249
Guardado
Coinroom
167.95
Guardado en BTC
Abucoins
0.02409
Guardado en BTC
Gateio
0.02476
Guardado en BTC
OKEX
0.02493
Guardado
HitBTC
180.96
Guardado en BTC
TuxExchange
0.0249
rake aborted!
SyntaxError: /home/cristian/CryptoApp/lib/tasks/demo.rake:246: syntax error, unexpected keyword_end, expecting end-of-input
/home/cristian/.rvm/gems/ruby-2.4.1/gems/activesupport-5.1.4/lib/active_support/dependencies.rb:286:in `load'
/home/cristian/.rvm/gems/ruby-2.4.1/gems/activesupport-5.1.4/lib/active_support/dependencies.rb:286:in `block in load'
/home/cristian/.rvm/gems/ruby-2.4.1/gems/activesupport-5.1.4/lib/active_support/dependencies.rb:258:in `load_dependency'
/home/cristian/.rvm/gems/ruby-2.4.1/gems/activesupport-5.1.4/lib/active_support/dependencies.rb:286:in `load'
/home/cristian/.rvm/gems/ruby-2.4.1/gems/railties-5.1.4/lib/rails/engine.rb:648:in `block in run_tasks_blocks'
/home/cristian/.rvm/gems/ruby-2.4.1/gems/railties-5.1.4/lib/rails/engine.rb:648:in `each'
/home/cristian/.rvm/gems/ruby-2.4.1/gems/railties-5.1.4/lib/rails/engine.rb:648:in `run_tasks_blocks'
/home/cristian/.rvm/gems/ruby-2.4.1/gems/railties-5.1.4/lib/rails/application.rb:440:in `run_tasks_blocks'
/home/cristian/.rvm/gems/ruby-2.4.1/gems/railties-5.1.4/lib/rails/engine.rb:457:in `load_tasks'
/home/cristian/CryptoApp/Rakefile:6:in `<top (required)>'
/home/cristian/.rvm/gems/ruby-2.4.1/gems/rake-12.3.0/exe/rake:27:in `<top (required)>'
/home/cristian/.rvm/gems/ruby-2.4.1/bin/ruby_executable_hooks:15:in `eval'
/home/cristian/.rvm/gems/ruby-2.4.1/bin/ruby_executable_hooks:15:in `<main>'
(See full trace by running task with --trace)
rake aborted!
SyntaxError: /home/cristian/CryptoApp/lib/tasks/demo.rake:246: syntax error, unexpected keyword_end, expecting end-of-input
/home/cristian/.rvm/gems/ruby-2.4.1/gems/activesupport-5.1.4/lib/active_support/dependencies.rb:286:in `load'
/home/cristian/.rvm/gems/ruby-2.4.1/gems/activesupport-5.1.4/lib/active_support/dependencies.rb:286:in `block in load'
/home/cristian/.rvm/gems/ruby-2.4.1/gems/activesupport-5.1.4/lib/active_support/dependencies.rb:258:in `load_dependency'
/home/cristian/.rvm/gems/ruby-2.4.1/gems/activesupport-5.1.4/lib/active_support/dependencies.rb:286:in `load'
/home/cristian/.rvm/gems/ruby-2.4.1/gems/railties-5.1.4/lib/rails/engine.rb:648:in `block in run_tasks_blocks'
/home/cristian/.rvm/gems/ruby-2.4.1/gems/railties-5.1.4/lib/rails/engine.rb:648:in `each'
/home/cristian/.rvm/gems/ruby-2.4.1/gems/railties-5.1.4/lib/rails/engine.rb:648:in `run_tasks_blocks'
/home/cristian/.rvm/gems/ruby-2.4.1/gems/railties-5.1.4/lib/rails/application.rb:440:in `run_tasks_blocks'
/home/cristian/.rvm/gems/ruby-2.4.1/gems/railties-5.1.4/lib/rails/engine.rb:457:in `load_tasks'
/home/cristian/CryptoApp/Rakefile:6:in `<top (required)>'
/home/cristian/.rvm/gems/ruby-2.4.1/gems/rake-12.3.0/exe/rake:27:in `<top (required)>'
/home/cristian/.rvm/gems/ruby-2.4.1/bin/ruby_executable_hooks:15:in `eval'
/home/cristian/.rvm/gems/ruby-2.4.1/bin/ruby_executable_hooks:15:in `<main>'
(See full trace by running task with --trace)
Guardado
Poloniex
163.92
Guardado
BitTrex
165.43
Guardado
Kraken
164.11
Guardado
Bitfinex
164.76
Guardado en BTC
Cryptopia
0.02435
Guardado
Exmo
169
Guardado en BTC
CryptoX
0.02788
Guardado
LiveCoin
172.49
Guardado en BTC
Binance
0.02441
Guardado
Coinroom
170.45
Guardado en BTC
Abucoins
0.02409
Guardado en BTC
Gateio
0.02402
Guardado en BTC
OKEX
0.02493
Guardado
HitBTC
170.65
Guardado en BTC
TuxExchange
0.0249
Guardado
Poloniex
163.92
Guardado
BitTrex
165.43
Guardado
Kraken
164.11
Guardado
Bitfinex
164.76
Guardado en BTC
Cryptopia
0.02425
Guardado
Exmo
168.31
Guardado en BTC
CryptoX
0.02788
Guardado
LiveCoin
172.49
Guardado en BTC
Binance
0.02441
Guardado
Coinroom
170.45
Guardado en BTC
Abucoins
0.02409
Guardado en BTC
Gateio
0.02402
Guardado en BTC
OKEX
0.02493
Guardado
HitBTC
170.55
Guardado en BTC
TuxExchange
0.0249
Guardado
Poloniex
163.92
Guardado
BitTrex
165.43
Guardado
Kraken
165.03
Guardado
Bitfinex
164.94
Guardado en BTC
Cryptopia
0.02425
Guardado
Exmo
168.31
Guardado en BTC
CryptoX
0.02788
Guardado
LiveCoin
172.49
Guardado en BTC
Binance
0.02441
Guardado
Coinroom
170.45
Guardado en BTC
Abucoins
0.02409
Guardado en BTC
Gateio
0.02402
Guardado en BTC
OKEX
0.02493
Guardado
HitBTC
170.66
Guardado en BTC
TuxExchange
0.0249
Guardado
Poloniex
163.92
Guardado
BitTrex
165.43
Guardado
Kraken
165.03
Guardado
Bitfinex
164.94
Guardado en BTC
Cryptopia
0.02425
Guardado
Exmo
168.31
Guardado en BTC
CryptoX
0.02788
Guardado
LiveCoin
172.49
Guardado en BTC
Binance
0.02441
Guardado
Coinroom
170.45
Guardado en BTC
Abucoins
0.02409
Guardado en BTC
Gateio
0.02402
Guardado en BTC
OKEX
0.02493
Guardado
HitBTC
170.57
Guardado en BTC
TuxExchange
0.0249
Guardado
Poloniex
163.92
Guardado
BitTrex
165.43
Guardado
Kraken
165.03
Guardado
Bitfinex
164.94
Guardado en BTC
Cryptopia
0.02425
Guardado
Exmo
168.79
Guardado en BTC
CryptoX
0.02788
Guardado
LiveCoin
172.49
Guardado en BTC
Binance
0.02441
Guardado
Coinroom
170.45
Guardado en BTC
Abucoins
0.02409
Guardado en BTC
Gateio
0.02402
Guardado en BTC
OKEX
0.02493
Guardado
HitBTC
170.69
Guardado en BTC
TuxExchange
0.0249
Guardado
Poloniex
163.92
Guardado
BitTrex
165.43
Guardado
Kraken
165.03
Guardado
Bitfinex
164.94
Guardado en BTC
Cryptopia
0.02425
Guardado
Exmo
168.79
Guardado en BTC
CryptoX
0.02788
Guardado
LiveCoin
172.49
Guardado en BTC
Binance
0.0244
Guardado
Coinroom
170.45
Guardado en BTC
Abucoins
0.02409
Guardado en BTC
Gateio
0.02402
Guardado en BTC
OKEX
0.02493
Guardado
HitBTC
170.59
Guardado en BTC
TuxExchange
0.0249
Guardado
Poloniex
163.92
Guardado
BitTrex
165.43
Guardado
Kraken
165.03
Guardado
Bitfinex
164.94
Guardado en BTC
Cryptopia
0.02425
Guardado
Exmo
168.79
Guardado en BTC
CryptoX
0.02788
Guardado
LiveCoin
172.49
Guardado en BTC
Binance
0.0244
Guardado
Coinroom
170.45
Guardado en BTC
Abucoins
0.02409
Guardado en BTC
Gateio
0.02402
Guardado en BTC
OKEX
0.02493
Guardado
HitBTC
170.62
Guardado en BTC
TuxExchange
0.0249
rake aborted!
JSON::ParserError: 765: unexpected token at '<html>
<head><title>502 Bad Gateway</title></head>
<body bgcolor="white">
<center><h1>502 Bad Gateway</h1></center>
<hr><center>nginx/1.4.6 (Ubuntu)</center>
</body>
</html>
'
/home/cristian/.rvm/gems/ruby-2.4.1/gems/json-2.1.0/lib/json/common.rb:156:in `parse'
/home/cristian/.rvm/gems/ruby-2.4.1/gems/json-2.1.0/lib/json/common.rb:156:in `parse'
/home/cristian/.rvm/gems/ruby-2.4.1/gems/cryptocompare-0.14.0/lib/cryptocompare/price.rb:72:in `find'
/home/cristian/CryptoApp/lib/tasks/demo.rake:169:in `block (3 levels) in <top (required)>'
/home/cristian/.rvm/gems/ruby-2.4.1/gems/activerecord-5.1.4/lib/active_record/relation/delegation.rb:39:in `each'
/home/cristian/.rvm/gems/ruby-2.4.1/gems/activerecord-5.1.4/lib/active_record/relation/delegation.rb:39:in `each'
/home/cristian/CryptoApp/lib/tasks/demo.rake:168:in `block (2 levels) in <top (required)>'
/home/cristian/.rvm/gems/ruby-2.4.1/gems/rake-12.3.0/exe/rake:27:in `<top (required)>'
/home/cristian/.rvm/gems/ruby-2.4.1/bin/ruby_executable_hooks:15:in `eval'
/home/cristian/.rvm/gems/ruby-2.4.1/bin/ruby_executable_hooks:15:in `<main>'
Tasks: TOP => xmr:demo
(See full trace by running task with --trace)
Guardado
Poloniex
163.92
Guardado
BitTrex
165.43
Guardado
Kraken
165.03
Guardado
Bitfinex
164.94
Guardado en BTC
Cryptopia
0.02425
Guardado
Exmo
168.26
Guardado en BTC
CryptoX
0.02788
Guardado
LiveCoin
172.49
Guardado
Poloniex
163.92
Guardado
BitTrex
165.43
Guardado
Kraken
165.03
Guardado
Bitfinex
164.94
Guardado en BTC
Cryptopia
0.02425
Guardado
Exmo
168.26
Guardado en BTC
CryptoX
0.02788
Guardado
LiveCoin
172.49
Guardado en BTC
Binance
0.0244
Guardado
Coinroom
170.45
Guardado en BTC
Abucoins
0.02409
Guardado en BTC
Gateio
0.02402
Guardado en BTC
OKEX
0.02493
Guardado
HitBTC
170.74
Guardado en BTC
TuxExchange
0.0249
Guardado
Poloniex
163.92
Guardado
BitTrex
165.43
Guardado
Kraken
165.03
Guardado
Bitfinex
164.94
Guardado en BTC
Cryptopia
0.02425
Guardado
Exmo
168.26
Guardado en BTC
CryptoX
0.02788
Guardado
LiveCoin
172.49
Guardado en BTC
Binance
0.02441
Guardado
Coinroom
170.45
Guardado en BTC
Abucoins
0.02409
Guardado en BTC
Gateio
0.02402
Guardado en BTC
OKEX
0.02493
Guardado
HitBTC
170.59
Guardado en BTC
TuxExchange
0.0249
