Guardado
Cryptsy
0.00505
Guardado
Bitstamp
0.847
Guardado en BTC
BTER
5.9e-05
Guardado
Poloniex
0.847
Guardado
Cexio
0.8481
Guardado
BitTrex
0.845
Guardado
Kraken
0.8449
Guardado
Bitfinex
0.8471
Guardado
HitBTC
0.7026
Guardado en BTC
BTC38
8.5e-06
Guardado en BTC
LakeBTC
9.5e-05
Guardado en BTC
CCEDK
0.0564
Guardado
Exmo
0.8493
Guardado en BTC
BitBay
9.05e-05
Guardado en BTC
BTCMarkets
9.307e-05
Guardado en BTC
Bitso
9.028e-05
Guardado
TheRockTrading
2.17
Guardado
Quoine
1.1
Guardado en BTC
Binance
9.111e-05
Guardado en BTC
Abucoins
9.6e-05
Guardado en BTC
Gateio
9.97e-05
Guardado en BTC
HuobiPro
9.105e-05
Guardado en BTC
OKEX
9.088e-05
Guardado
BitFlip
0.92
Guardado
Bitstamp
0.8472
Guardado en BTC
BTER
5.9e-05
Guardado
Poloniex
0.848
Guardado
Cexio
0.8525
Guardado
BitTrex
0.8487
Guardado
Kraken
0.8468
Guardado
Bitfinex
0.8478
Guardado en BTC
BTC38
8.5e-06
Guardado en BTC
LakeBTC
9.5e-05
Guardado en BTC
CCEDK
0.0564
Guardado
Exmo
0.8476
Guardado en BTC
BitBay
9.05e-05
Guardado en BTC
BTCMarkets
9.085e-05
Guardado en BTC
Bitso
9.028e-05
Guardado
TheRockTrading
2.17
Guardado
Quoine
1.1
Guardado en BTC
Abucoins
9.6e-05
Guardado en BTC
Gateio
9.97e-05
Guardado en BTC
HuobiPro
9.115e-05
Guardado en BTC
OKEX
9.107e-05
Guardado
BitFlip
0.92
Guardado
Cryptsy
0.00505
Guardado
HitBTC
0.7026
Guardado en BTC
Binance
9.118e-05
Guardado
Bitstamp
0.8469
Guardado en BTC
BTER
5.9e-05
Guardado
Poloniex
0.848
Guardado
Cexio
0.8525
Guardado
BitTrex
0.8487
Guardado
Kraken
0.847
Guardado
Bitfinex
0.8474
Guardado en BTC
BTC38
8.5e-06
Guardado en BTC
LakeBTC
9.5e-05
Guardado en BTC
CCEDK
0.0564
Guardado
Exmo
0.846
Guardado en BTC
BTCMarkets
9.085e-05
Guardado en BTC
Bitso
9.028e-05
Guardado
TheRockTrading
2.17
Guardado
Quoine
1.1
Guardado en BTC
Abucoins
9.6e-05
Guardado en BTC
Gateio
9.97e-05
Guardado en BTC
HuobiPro
9.109e-05
Guardado en BTC
OKEX
9.093e-05
Guardado
BitFlip
0.92
Guardado
Cryptsy
0.00505
Guardado
HitBTC
0.7026
Guardado en BTC
Binance
9.11e-05
Guardado en BTC
BitBay
9.05e-05
Guardado
Bitstamp
0.8472
Guardado en BTC
BTER
5.9e-05
Guardado
Poloniex
0.848
Guardado
Cexio
0.8452
Guardado
BitTrex
0.8489
Guardado
Kraken
0.8488
Guardado
Bitfinex
0.8476
Guardado en BTC
BTC38
8.5e-06
Guardado en BTC
LakeBTC
9.5e-05
Guardado en BTC
CCEDK
0.0564
Guardado
Exmo
0.8505
Guardado en BTC
BTCMarkets
9.085e-05
Guardado en BTC
Bitso
9.028e-05
Guardado
TheRockTrading
2.17
Guardado
Quoine
1.1
Guardado en BTC
Abucoins
9.6e-05
Guardado en BTC
Gateio
9.97e-05
Guardado en BTC
HuobiPro
9.099e-05
Guardado en BTC
OKEX
9.093e-05
Guardado
BitFlip
0.92
Guardado
Cryptsy
0.00505
Guardado
HitBTC
0.7026
Guardado en BTC
Binance
9.099e-05
Guardado en BTC
BitBay
9.05e-05
Guardado
Bitstamp
0.8483
Guardado en BTC
BTER
5.9e-05
Guardado
Poloniex
0.849
Guardado
Cexio
0.8466
Guardado
BitTrex
0.8556
Guardado
Kraken
0.8481
Guardado
Bitfinex
0.8485
Guardado en BTC
BTC38
8.5e-06
Guardado en BTC
LakeBTC
9.5e-05
Guardado en BTC
CCEDK
0.0564
Guardado
Exmo
0.8494
Guardado en BTC
BTCMarkets
9.085e-05
Guardado en BTC
Bitso
9.19e-05
Guardado
TheRockTrading
2.17
Guardado
Quoine
1.1
Guardado en BTC
Abucoins
9.6e-05
Guardado en BTC
Gateio
9.97e-05
Guardado en BTC
HuobiPro
9.113e-05
Guardado en BTC
OKEX
9.105e-05
Guardado
BitFlip
0.92
Guardado
Cryptsy
0.00505
Guardado
HitBTC
0.7026
Guardado en BTC
Binance
9.117e-05
Guardado en BTC
BitBay
9.05e-05
Guardado
Bitstamp
0.8485
Guardado en BTC
BTER
5.9e-05
Guardado
Poloniex
0.849
Guardado
Cexio
0.8466
Guardado
BitTrex
0.847
Guardado
Kraken
0.8481
Guardado
Bitfinex
0.85
Guardado en BTC
BTC38
8.5e-06
Guardado en BTC
LakeBTC
9.5e-05
Guardado en BTC
CCEDK
0.0564
Guardado
Exmo
0.8524
Guardado en BTC
BTCMarkets
9.085e-05
Guardado en BTC
Bitso
9.19e-05
Guardado
TheRockTrading
2.17
Guardado
Quoine
1.1
Guardado en BTC
Abucoins
9.6e-05
Guardado en BTC
Gateio
9.97e-05
Guardado en BTC
HuobiPro
9.123e-05
Guardado en BTC
OKEX
9.112e-05
Guardado
BitFlip
0.92
Guardado
Cryptsy
0.00505
Guardado
HitBTC
0.7026
Guardado en BTC
Binance
9.129e-05
Guardado en BTC
BitBay
9.05e-05
Guardado
Bitstamp
0.8485
Guardado en BTC
BTER
5.9e-05
Guardado
Poloniex
0.849
Guardado
Cexio
0.8534
Guardado
BitTrex
0.847
Guardado
Kraken
0.8481
Guardado
Bitfinex
0.85
Guardado en BTC
BTC38
8.5e-06
Guardado en BTC
LakeBTC
9.5e-05
Guardado en BTC
CCEDK
0.0564
Guardado
Exmo
0.8515
Guardado en BTC
BTCMarkets
9.085e-05
Guardado en BTC
Bitso
9.19e-05
Guardado
TheRockTrading
2.17
Guardado
Quoine
1.1
Guardado en BTC
Abucoins
9.6e-05
Guardado en BTC
Gateio
9.97e-05
Guardado en BTC
HuobiPro
9.135e-05
Guardado en BTC
OKEX
9.109e-05
Guardado
BitFlip
0.92
Guardado
Cryptsy
0.00505
Guardado
HitBTC
0.7026
Guardado en BTC
Binance
9.134e-05
Guardado en BTC
BitBay
9.05e-05
Guardado
Bitstamp
0.847
Guardado en BTC
BTER
5.9e-05
Guardado
Poloniex
0.849
Guardado
Cexio
0.8534
Guardado
BitTrex
0.8536
Guardado
Kraken
0.8482
Guardado
Bitfinex
0.8486
Guardado en BTC
BTC38
8.5e-06
Guardado en BTC
LakeBTC
9.5e-05
Guardado en BTC
CCEDK
0.0564
Guardado
Exmo
0.85
Guardado en BTC
BTCMarkets
9.085e-05
Guardado en BTC
Bitso
9.19e-05
Guardado
TheRockTrading
2.17
Guardado
Quoine
1.1
Guardado en BTC
Abucoins
9.6e-05
Guardado en BTC
Gateio
9.97e-05
Guardado en BTC
HuobiPro
9.125e-05
Guardado en BTC
OKEX
9.115e-05
Guardado
BitFlip
0.92
Guardado
Cryptsy
0.00505
Guardado
HitBTC
0.7026
Guardado en BTC
Binance
9.132e-05
Guardado en BTC
BitBay
9.05e-05
Guardado
Bitstamp
0.845
Guardado en BTC
BTER
5.9e-05
Guardado
Poloniex
0.849
Guardado
Cexio
0.8531
Guardado
BitTrex
0.8536
Guardado
Kraken
0.848
Guardado
Bitfinex
0.8455
Guardado en BTC
BTC38
8.5e-06
Guardado en BTC
LakeBTC
9.5e-05
Guardado en BTC
CCEDK
0.0564
Guardado
Exmo
0.848
Guardado en BTC
BTCMarkets
9.043e-05
Guardado en BTC
Bitso
9.19e-05
Guardado
TheRockTrading
2.17
Guardado
Quoine
1.1
Guardado en BTC
Abucoins
9.6e-05
Guardado en BTC
Gateio
9.97e-05
Guardado en BTC
HuobiPro
9.1e-05
Guardado en BTC
OKEX
9.111e-05
Guardado
BitFlip
0.92
Guardado
Cryptsy
0.00505
Guardado
HitBTC
0.7026
Guardado en BTC
Binance
9.115e-05
Guardado en BTC
BitBay
9.05e-05
Guardado
Bitstamp
0.8439
Guardado en BTC
BTER
5.9e-05
Guardado
Poloniex
0.849
Guardado
Cexio
0.8506
Guardado
BitTrex
0.8536
Guardado
Kraken
0.8458
Guardado en BTC
BTC38
8.5e-06
Guardado en BTC
LakeBTC
9.5e-05
Guardado en BTC
CCEDK
0.0564
Guardado en BTC
BTCMarkets
9.043e-05
Guardado en BTC
Bitso
9.19e-05
Guardado
TheRockTrading
2.17
Guardado
Quoine
1.1
Guardado en BTC
Abucoins
9.6e-05
Guardado en BTC
Gateio
9.97e-05
Guardado en BTC
HuobiPro
9.097e-05
Guardado en BTC
OKEX
9.112e-05
Guardado
BitFlip
0.92
Guardado
Cryptsy
0.00505
Guardado
HitBTC
0.7026
Guardado en BTC
Binance
9.101e-05
Guardado en BTC
BitBay
9.05e-05
Guardado
Bitfinex
0.8479
Guardado
Exmo
0.8482
Guardado
Bitstamp
0.8442
Guardado en BTC
BTER
5.9e-05
Guardado
Poloniex
0.849
Guardado
Cexio
0.8452
Guardado
BitTrex
0.847
Guardado
Kraken
0.845
Guardado en BTC
BTC38
8.5e-06
Guardado en BTC
LakeBTC
9.5e-05
Guardado en BTC
CCEDK
0.0564
Guardado en BTC
BTCMarkets
9.043e-05
Guardado en BTC
Bitso
9.19e-05
Guardado
TheRockTrading
2.17
Guardado
Quoine
1.1
Guardado en BTC
Abucoins
9.6e-05
Guardado en BTC
Gateio
9.97e-05
Guardado en BTC
HuobiPro
9.097e-05
Guardado en BTC
OKEX
9.103e-05
Guardado
BitFlip
0.92
Guardado
Cryptsy
0.00505
Guardado
HitBTC
0.7026
Guardado en BTC
Binance
9.107e-05
Guardado en BTC
BitBay
9.05e-05
Guardado
Bitfinex
0.8462
Guardado
Exmo
0.848
Guardado
Bitstamp
0.8447
Guardado en BTC
BTER
5.9e-05
Guardado
Poloniex
0.8493
Guardado
Cexio
0.845
Guardado
BitTrex
0.847
Guardado
Kraken
0.8477
Guardado en BTC
BTC38
8.5e-06
Guardado en BTC
LakeBTC
9.5e-05
Guardado en BTC
CCEDK
0.0564
Guardado en BTC
BTCMarkets
9.043e-05
Guardado en BTC
Bitso
9.19e-05
Guardado
TheRockTrading
2.17
Guardado
Quoine
1.1
Guardado en BTC
Abucoins
9.6e-05
Guardado en BTC
Gateio
9.97e-05
Guardado en BTC
HuobiPro
9.123e-05
Guardado en BTC
OKEX
9.11e-05
Guardado
BitFlip
0.92
Guardado
Cryptsy
0.00505
Guardado
HitBTC
0.7026
Guardado en BTC
Binance
9.112e-05
Guardado en BTC
BitBay
9.05e-05
Guardado
Bitfinex
0.8481
Guardado
Exmo
0.8482
Guardado
Bitstamp
0.8465
Guardado en BTC
BTER
5.9e-05
Guardado
Poloniex
0.8493
Guardado
Cexio
0.8468
Guardado
BitTrex
0.847
Guardado
Kraken
0.8477
Guardado en BTC
BTC38
8.5e-06
Guardado en BTC
LakeBTC
9.5e-05
Guardado en BTC
CCEDK
0.0564
Guardado en BTC
BTCMarkets
9.043e-05
Guardado en BTC
Bitso
9.19e-05
Guardado
TheRockTrading
2.17
Guardado
Quoine
1.1
Guardado en BTC
Abucoins
9.6e-05
Guardado en BTC
Gateio
9.97e-05
Guardado en BTC
HuobiPro
9.123e-05
Guardado en BTC
OKEX
9.117e-05
Guardado
BitFlip
0.92
Guardado
Cryptsy
0.00505
Guardado
HitBTC
0.7026
Guardado en BTC
Binance
9.117e-05
Guardado en BTC
BitBay
9.05e-05
Guardado
Bitfinex
0.8489
Guardado
Exmo
0.8484
Guardado
Bitstamp
0.85
Guardado en BTC
BTER
5.9e-05
Guardado
Poloniex
0.8493
Guardado
Cexio
0.847
Guardado
BitTrex
0.847
Guardado
Kraken
0.848
Guardado en BTC
BTC38
8.5e-06
Guardado en BTC
LakeBTC
9.5e-05
Guardado en BTC
CCEDK
0.0564
Guardado en BTC
BTCMarkets
9.043e-05
Guardado en BTC
Bitso
9.19e-05
Guardado
TheRockTrading
2.17
Guardado
Quoine
1.1
Guardado en BTC
Abucoins
9.6e-05
Guardado en BTC
Gateio
9.97e-05
Guardado en BTC
HuobiPro
9.12e-05
Guardado en BTC
OKEX
9.122e-05
Guardado
BitFlip
0.92
Guardado
Cryptsy
0.00505
Guardado
HitBTC
0.7026
Guardado en BTC
Binance
9.098e-05
Guardado en BTC
BitBay
9.05e-05
Guardado
Bitfinex
0.8507
Guardado
Exmo
0.8486
Guardado
Bitstamp
0.8482
Guardado en BTC
BTER
5.9e-05
Guardado
Poloniex
0.8493
Guardado
Cexio
0.853
Guardado
BitTrex
0.8518
Guardado
Kraken
0.849
Guardado en BTC
BTC38
8.5e-06
Guardado en BTC
LakeBTC
9.5e-05
Guardado en BTC
CCEDK
0.0564
Guardado en BTC
BTCMarkets
9.043e-05
Guardado en BTC
Bitso
9.19e-05
Guardado
TheRockTrading
2.17
Guardado
Quoine
1.1
Guardado en BTC
Abucoins
9.6e-05
Guardado en BTC
Gateio
9.97e-05
Guardado en BTC
HuobiPro
9.12e-05
Guardado en BTC
OKEX
9.115e-05
Guardado
BitFlip
0.92
Guardado
Cryptsy
0.00505
Guardado
HitBTC
0.7026
Guardado en BTC
Binance
9.116e-05
Guardado en BTC
BitBay
9.05e-05
Guardado
Bitfinex
0.8506
Guardado
Exmo
0.8486
Guardado
Bitstamp
0.8492
Guardado en BTC
BTER
5.9e-05
Guardado
Poloniex
0.8531
Guardado
Cexio
0.853
Guardado
BitTrex
0.8536
Guardado
Kraken
0.8484
Guardado en BTC
BTC38
8.5e-06
Guardado en BTC
LakeBTC
9.5e-05
Guardado en BTC
CCEDK
0.0564
Guardado en BTC
BTCMarkets
9.043e-05
Guardado en BTC
Bitso
9.19e-05
Guardado
TheRockTrading
2.17
Guardado
Quoine
1.1
Guardado en BTC
Abucoins
9.6e-05
Guardado en BTC
Gateio
9.97e-05
Guardado en BTC
HuobiPro
9.121e-05
Guardado en BTC
OKEX
9.144e-05
Guardado
BitFlip
0.92
Guardado
Cryptsy
0.00505
Guardado
HitBTC
0.7026
Guardado en BTC
Binance
9.135e-05
Guardado en BTC
BitBay
9.05e-05
Guardado
Bitfinex
0.8492
Guardado
Exmo
0.8486
Guardado
Bitstamp
0.8478
Guardado en BTC
BTER
5.9e-05
Guardado
Poloniex
0.8526
Guardado
Cexio
0.8512
Guardado
BitTrex
0.8536
Guardado
Kraken
0.8499
Guardado en BTC
BTC38
8.5e-06
Guardado en BTC
LakeBTC
9.5e-05
Guardado en BTC
CCEDK
0.0564
Guardado en BTC
BTCMarkets
9.043e-05
Guardado en BTC
Bitso
9.19e-05
Guardado
TheRockTrading
2.17
Guardado
Quoine
1.1
Guardado en BTC
Abucoins
9.6e-05
Guardado en BTC
Gateio
9.97e-05
Guardado en BTC
HuobiPro
9.121e-05
Guardado en BTC
OKEX
9.128e-05
Guardado
BitFlip
0.92
Guardado
Cryptsy
0.00505
Guardado
HitBTC
0.7026
Guardado en BTC
Binance
9.127e-05
Guardado en BTC
BitBay
9.05e-05
Guardado
Bitfinex
0.848
Guardado
Exmo
0.8524
Guardado
Bitstamp
0.8462
Guardado en BTC
BTER
5.9e-05
Guardado
Poloniex
0.85
Guardado
Cexio
0.8512
Guardado
BitTrex
0.846
Guardado
Kraken
0.8485
Guardado en BTC
BTC38
8.5e-06
Guardado en BTC
LakeBTC
9.5e-05
Guardado en BTC
CCEDK
0.0564
Guardado en BTC
BTCMarkets
9.043e-05
Guardado en BTC
Bitso
9.19e-05
Guardado
TheRockTrading
2.17
Guardado
Quoine
1.1
Guardado en BTC
Abucoins
9.6e-05
Guardado en BTC
Gateio
9.97e-05
Guardado en BTC
HuobiPro
9.129e-05
Guardado en BTC
OKEX
9.121e-05
Guardado
BitFlip
0.92
Guardado
Cryptsy
0.00505
Guardado
HitBTC
0.7026
Guardado en BTC
Binance
9.132e-05
Guardado en BTC
BitBay
9.05e-05
Guardado
Bitfinex
0.8494
Guardado
Exmo
0.8521
Guardado
Bitstamp
0.8474
Guardado en BTC
BTER
5.9e-05
Guardado
Poloniex
0.85
Guardado
Cexio
0.8469
Guardado
BitTrex
0.8536
Guardado
Kraken
0.8485
Guardado en BTC
BTC38
8.5e-06
Guardado en BTC
LakeBTC
9.5e-05
Guardado en BTC
CCEDK
0.0564
Guardado en BTC
BTCMarkets
9.043e-05
Guardado en BTC
Bitso
9.19e-05
Guardado
TheRockTrading
2.17
Guardado
Quoine
1.1
Guardado en BTC
Abucoins
9.6e-05
Guardado en BTC
Gateio
9.97e-05
Guardado en BTC
HuobiPro
9.138e-05
Guardado en BTC
OKEX
9.127e-05
Guardado
BitFlip
0.92
Guardado
Cryptsy
0.00505
Guardado
HitBTC
0.7026
Guardado en BTC
Binance
9.128e-05
Guardado en BTC
BitBay
9.05e-05
Guardado
Bitfinex
0.849
Guardado
Exmo
0.85
Guardado
Bitstamp
0.8478
Guardado en BTC
BTER
5.9e-05
Guardado
Poloniex
0.85
Guardado
Cexio
0.8483
Guardado
BitTrex
0.8536
Guardado
Kraken
0.8474
Guardado en BTC
BTC38
8.5e-06
Guardado en BTC
LakeBTC
9.5e-05
Guardado en BTC
CCEDK
0.0564
Guardado en BTC
BTCMarkets
9.043e-05
Guardado en BTC
Bitso
9.19e-05
Guardado
TheRockTrading
2.17
Guardado
Quoine
1.1
Guardado en BTC
Abucoins
9.6e-05
Guardado en BTC
Gateio
9.97e-05
Guardado en BTC
HuobiPro
9.128e-05
Guardado en BTC
OKEX
9.142e-05
Guardado
BitFlip
0.92
Guardado
Cryptsy
0.00505
Guardado
HitBTC
0.7026
Guardado en BTC
Binance
9.131e-05
Guardado en BTC
BitBay
9.05e-05
Guardado
Bitfinex
0.8504
Guardado
Exmo
0.85
rake aborted!
JSON::ParserError: 765: unexpected token at '<html>
<head><title>502 Bad Gateway</title></head>
<body bgcolor="white">
<center><h1>502 Bad Gateway</h1></center>
<hr><center>nginx/1.4.6 (Ubuntu)</center>
</body>
</html>
'
/home/cristian/.rvm/gems/ruby-2.4.1/gems/json-2.1.0/lib/json/common.rb:156:in `parse'
/home/cristian/.rvm/gems/ruby-2.4.1/gems/json-2.1.0/lib/json/common.rb:156:in `parse'
/home/cristian/.rvm/gems/ruby-2.4.1/gems/cryptocompare-0.14.0/lib/cryptocompare/price.rb:72:in `find'
/home/cristian/CryptoApp/lib/tasks/demo.rake:186:in `block (3 levels) in <top (required)>'
/home/cristian/.rvm/gems/ruby-2.4.1/gems/activerecord-5.1.4/lib/active_record/relation/delegation.rb:39:in `each'
/home/cristian/.rvm/gems/ruby-2.4.1/gems/activerecord-5.1.4/lib/active_record/relation/delegation.rb:39:in `each'
/home/cristian/CryptoApp/lib/tasks/demo.rake:185:in `block (2 levels) in <top (required)>'
/home/cristian/.rvm/gems/ruby-2.4.1/gems/rake-12.3.0/exe/rake:27:in `<top (required)>'
/home/cristian/.rvm/gems/ruby-2.4.1/bin/ruby_executable_hooks:15:in `eval'
/home/cristian/.rvm/gems/ruby-2.4.1/bin/ruby_executable_hooks:15:in `<main>'
Tasks: TOP => xrp:demo
(See full trace by running task with --trace)
Guardado
Bitstamp
0.8478
Guardado en BTC
BTER
5.9e-05
Guardado
Poloniex
0.85
Guardado
Cexio
0.8483
Guardado
BitTrex
0.8536
Guardado
Kraken
0.849
Guardado en BTC
BTC38
8.5e-06
Guardado en BTC
LakeBTC
9.5e-05
Guardado en BTC
CCEDK
0.0564
Guardado en BTC
BTCMarkets
9.043e-05
Guardado en BTC
Bitso
9.19e-05
Guardado
TheRockTrading
2.17
Guardado
Quoine
1.1
Guardado en BTC
Abucoins
9.6e-05
Guardado en BTC
Gateio
9.97e-05
Guardado en BTC
HuobiPro
9.136e-05
Guardado en BTC
OKEX
9.151e-05
Guardado
BitFlip
0.92
Guardado
Bitstamp
0.8478
Guardado en BTC
BTER
5.9e-05
Guardado
Poloniex
0.85
Guardado
Cexio
0.8483
Guardado
BitTrex
0.8536
Guardado
Kraken
0.849
Guardado en BTC
BTC38
8.5e-06
Guardado en BTC
LakeBTC
9.5e-05
Guardado en BTC
CCEDK
0.0564
Guardado en BTC
BTCMarkets
9.043e-05
Guardado en BTC
Bitso
9.19e-05
Guardado
TheRockTrading
2.17
Guardado
Quoine
1.1
Guardado en BTC
Abucoins
9.6e-05
Guardado en BTC
Gateio
9.97e-05
Guardado en BTC
HuobiPro
9.15e-05
Guardado en BTC
OKEX
9.146e-05
Guardado
BitFlip
0.92
Guardado
Cryptsy
0.00505
Guardado
HitBTC
0.7026
Guardado en BTC
Binance
9.143e-05
Guardado en BTC
BitBay
9.05e-05
Guardado
Bitfinex
0.85
Guardado
Exmo
0.851
Guardado
Bitstamp
0.8478
Guardado en BTC
BTER
5.9e-05
Guardado
Poloniex
0.85
Guardado
Cexio
0.8483
Guardado
BitTrex
0.8536
Guardado
Kraken
0.849
Guardado en BTC
BTC38
8.5e-06
Guardado en BTC
LakeBTC
9.5e-05
Guardado en BTC
CCEDK
0.0564
Guardado en BTC
BTCMarkets
9.043e-05
Guardado en BTC
Bitso
9.19e-05
Guardado
TheRockTrading
2.17
Guardado
Quoine
1.1
Guardado en BTC
Abucoins
9.6e-05
Guardado en BTC
Gateio
9.97e-05
Guardado en BTC
HuobiPro
9.148e-05
Guardado en BTC
OKEX
9.145e-05
Guardado
BitFlip
0.92
Guardado
Cryptsy
0.00505
Guardado
HitBTC
0.7026
Guardado en BTC
Binance
9.148e-05
Guardado en BTC
BitBay
9.05e-05
Guardado
Bitfinex
0.8506
Guardado
Exmo
0.851
Guardado
Bitstamp
0.8486
Guardado en BTC
BTER
5.9e-05
Guardado
Poloniex
0.8499
Guardado
Cexio
0.8483
Guardado
BitTrex
0.847
Guardado
Kraken
0.849
Guardado en BTC
BTC38
8.5e-06
Guardado en BTC
LakeBTC
9.5e-05
Guardado en BTC
CCEDK
0.0564
Guardado en BTC
BTCMarkets
9.043e-05
Guardado en BTC
Bitso
9.19e-05
Guardado
TheRockTrading
2.17
Guardado
Quoine
1.1
Guardado en BTC
Abucoins
9.6e-05
Guardado en BTC
Gateio
9.97e-05
Guardado en BTC
HuobiPro
9.158e-05
Guardado en BTC
OKEX
9.143e-05
Guardado
BitFlip
0.92
Guardado
Cryptsy
0.00505
Guardado
HitBTC
0.7026
Guardado en BTC
Binance
9.148e-05
Guardado en BTC
BitBay
9.05e-05
Guardado
Bitfinex
0.8513
Guardado
Exmo
0.8485
Guardado
Bitstamp
0.8486
Guardado en BTC
BTER
5.9e-05
Guardado
Poloniex
0.85
Guardado
Cexio
0.8519
Guardado
BitTrex
0.847
Guardado
Kraken
0.8497
Guardado en BTC
BTC38
8.5e-06
Guardado en BTC
LakeBTC
9.5e-05
Guardado en BTC
CCEDK
0.0564
Guardado en BTC
BTCMarkets
9.043e-05
Guardado en BTC
Bitso
9.19e-05
Guardado
TheRockTrading
2.17
Guardado
Quoine
1.1
Guardado en BTC
Abucoins
9.6e-05
Guardado en BTC
Gateio
9.97e-05
Guardado en BTC
HuobiPro
9.154e-05
Guardado en BTC
OKEX
9.142e-05
Guardado
BitFlip
0.92
Guardado
Cryptsy
0.00505
Guardado
HitBTC
0.7026
Guardado en BTC
Binance
9.146e-05
Guardado en BTC
BitBay
9.05e-05
Guardado
Bitfinex
0.8513
Guardado
Exmo
0.8485
Guardado
Bitstamp
0.8498
Guardado en BTC
BTER
5.9e-05
Guardado
Poloniex
0.8476
Guardado
Cexio
0.8519
Guardado
BitTrex
0.847
Guardado
Kraken
0.8508
Guardado en BTC
BTC38
8.5e-06
Guardado en BTC
LakeBTC
9.5e-05
Guardado en BTC
CCEDK
0.0564
Guardado en BTC
BTCMarkets
9.043e-05
Guardado en BTC
Bitso
9.19e-05
Guardado
TheRockTrading
2.17
Guardado
Quoine
1.1
Guardado en BTC
Abucoins
9.6e-05
Guardado en BTC
Gateio
9.97e-05
Guardado en BTC
HuobiPro
9.165e-05
Guardado en BTC
OKEX
9.164e-05
Guardado
BitFlip
0.92
Guardado
Cryptsy
0.00505
Guardado
HitBTC
0.7026
Guardado en BTC
Binance
9.161e-05
Guardado en BTC
BitBay
9.05e-05
Guardado
Bitfinex
0.8515
Guardado
Exmo
0.8475
Guardado
Bitstamp
0.8491
Guardado en BTC
BTER
5.9e-05
Guardado
Poloniex
0.8476
Guardado
Cexio
0.8519
Guardado
BitTrex
0.847
Guardado
Kraken
0.851
Guardado en BTC
BTC38
8.5e-06
Guardado en BTC
LakeBTC
9.5e-05
Guardado en BTC
CCEDK
0.0564
Guardado en BTC
BTCMarkets
9.043e-05
Guardado en BTC
Bitso
9.128e-05
Guardado
TheRockTrading
2.17
Guardado
Quoine
1.1
Guardado en BTC
Abucoins
9.6e-05
Guardado en BTC
Gateio
9.97e-05
Guardado en BTC
HuobiPro
9.165e-05
Guardado en BTC
OKEX
9.188e-05
Guardado
BitFlip
0.92
Guardado
Cryptsy
0.00505
Guardado
HitBTC
0.7026
Guardado en BTC
Binance
9.186e-05
Guardado en BTC
BitBay
9.05e-05
Guardado
Bitfinex
0.8522
Guardado
Exmo
0.85
Guardado
Bitstamp
0.8528
Guardado en BTC
BTER
5.9e-05
Guardado
Poloniex
0.85
Guardado
Cexio
0.8519
Guardado
BitTrex
0.8536
Guardado
Kraken
0.851
Guardado en BTC
BTC38
8.5e-06
Guardado en BTC
LakeBTC
9.5e-05
Guardado en BTC
CCEDK
0.0564
Guardado en BTC
BTCMarkets
9.043e-05
Guardado en BTC
Bitso
9.128e-05
Guardado
TheRockTrading
2.17
Guardado
Quoine
1.1
Guardado en BTC
Abucoins
9.6e-05
Guardado en BTC
Gateio
9.97e-05
Guardado en BTC
HuobiPro
9.182e-05
Guardado en BTC
OKEX
9.182e-05
Guardado
BitFlip
0.92
Guardado
Cryptsy
0.00505
Guardado
HitBTC
0.7026
Guardado en BTC
Binance
9.191e-05
Guardado en BTC
BitBay
9.05e-05
Guardado
Bitfinex
0.855
Guardado
Exmo
0.85
Guardado
Bitstamp
0.8559
Guardado en BTC
BTER
5.9e-05
Guardado
Poloniex
0.854
Guardado
Cexio
0.8514
Guardado
BitTrex
0.8536
Guardado
Kraken
0.8531
Guardado en BTC
BTC38
8.5e-06
Guardado en BTC
LakeBTC
9.5e-05
Guardado en BTC
CCEDK
0.0564
Guardado en BTC
BTCMarkets
9.043e-05
Guardado en BTC
Bitso
9.128e-05
Guardado
TheRockTrading
2.17
Guardado
Quoine
1.1
Guardado en BTC
Abucoins
9.6e-05
Guardado en BTC
Gateio
9.97e-05
Guardado en BTC
HuobiPro
9.185e-05
Guardado en BTC
OKEX
9.194e-05
Guardado
BitFlip
0.92
Guardado
Cryptsy
0.00505
Guardado
HitBTC
0.7026
Guardado en BTC
Binance
9.19e-05
Guardado en BTC
BitBay
9.05e-05
Guardado
Bitfinex
0.8551
Guardado
Exmo
0.8528
Guardado
Bitstamp
0.8524
Guardado en BTC
BTER
5.9e-05
Guardado
Poloniex
0.8542
Guardado
Cexio
0.8514
Guardado
BitTrex
0.8536
Guardado
Kraken
0.854
Guardado en BTC
BTC38
8.5e-06
Guardado en BTC
LakeBTC
9.5e-05
Guardado en BTC
CCEDK
0.0564
Guardado en BTC
BTCMarkets
9.043e-05
Guardado en BTC
Bitso
9.128e-05
Guardado
TheRockTrading
2.17
Guardado
Quoine
1.1
Guardado en BTC
Abucoins
9.6e-05
Guardado en BTC
Gateio
9.97e-05
Guardado en BTC
HuobiPro
9.184e-05
Guardado en BTC
OKEX
9.189e-05
Guardado
BitFlip
0.92
Guardado
Cryptsy
0.00505
Guardado
HitBTC
0.7026
Guardado en BTC
Binance
9.186e-05
Guardado en BTC
BitBay
9.05e-05
Guardado
Bitfinex
0.8555
Guardado
Exmo
0.851
Guardado
Bitstamp
0.8544
Guardado en BTC
BTER
5.9e-05
Guardado
Poloniex
0.855
Guardado
Cexio
0.8514
Guardado
BitTrex
0.8536
Guardado
Kraken
0.854
Guardado en BTC
BTC38
8.5e-06
Guardado en BTC
LakeBTC
9.5e-05
Guardado en BTC
CCEDK
0.0564
Guardado en BTC
BTCMarkets
9.043e-05
Guardado en BTC
Bitso
9.128e-05
Guardado
TheRockTrading
2.17
Guardado
Quoine
1.1
Guardado en BTC
Abucoins
9.6e-05
Guardado en BTC
Gateio
9.97e-05
Guardado en BTC
HuobiPro
9.181e-05
Guardado en BTC
OKEX
9.2e-05
Guardado
BitFlip
0.92
Guardado
Cryptsy
0.00505
Guardado
HitBTC
0.7026
Guardado en BTC
Binance
9.189e-05
Guardado en BTC
BitBay
9.05e-05
Guardado
Bitfinex
0.8566
Guardado
Exmo
0.8548
Guardado
Bitstamp
0.8547
Guardado en BTC
BTER
5.9e-05
Guardado
Poloniex
0.855
Guardado
Cexio
0.8555
Guardado
BitTrex
0.8536
Guardado
Kraken
0.8549
Guardado en BTC
BTC38
8.5e-06
Guardado en BTC
LakeBTC
9.5e-05
Guardado en BTC
CCEDK
0.0564
Guardado en BTC
BTCMarkets
9.043e-05
Guardado en BTC
Bitso
9.128e-05
Guardado
TheRockTrading
2.17
Guardado
Quoine
1.1
Guardado en BTC
Abucoins
9.6e-05
Guardado en BTC
Gateio
9.97e-05
Guardado en BTC
HuobiPro
9.196e-05
Guardado en BTC
OKEX
9.213e-05
Guardado
BitFlip
0.92
Guardado
Cryptsy
0.00505
Guardado
HitBTC
0.7026
Guardado en BTC
Binance
9.186e-05
Guardado en BTC
BitBay
9.05e-05
Guardado
Bitfinex
0.8575
Guardado
Exmo
0.8563
Guardado
Bitstamp
0.8538
Guardado en BTC
BTER
5.9e-05
Guardado
Poloniex
0.8565
Guardado
Cexio
0.8555
Guardado
BitTrex
0.856
Guardado
Kraken
0.8549
Guardado en BTC
BTC38
8.5e-06
Guardado en BTC
LakeBTC
9.5e-05
Guardado en BTC
CCEDK
0.0564
Guardado en BTC
BTCMarkets
9.043e-05
Guardado en BTC
Bitso
9.128e-05
Guardado
TheRockTrading
2.17
Guardado
Quoine
1.1
Guardado en BTC
Abucoins
9.6e-05
Guardado en BTC
Gateio
9.97e-05
Guardado en BTC
HuobiPro
9.2e-05
Guardado en BTC
OKEX
9.188e-05
Guardado
BitFlip
0.92
Guardado
Cryptsy
0.00505
Guardado
HitBTC
0.7026
Guardado en BTC
Binance
9.196e-05
Guardado en BTC
BitBay
9.05e-05
Guardado
Bitfinex
0.8582
Guardado
Exmo
0.86
Guardado
Bitstamp
0.8565
Guardado en BTC
BTER
5.9e-05
Guardado
Poloniex
0.8565
Guardado
Cexio
0.8582
Guardado
BitTrex
0.8593
Guardado
Kraken
0.8553
Guardado en BTC
BTC38
8.5e-06
Guardado en BTC
LakeBTC
9.5e-05
Guardado en BTC
CCEDK
0.0564
Guardado en BTC
BTCMarkets
9.043e-05
Guardado en BTC
Bitso
9.128e-05
Guardado
TheRockTrading
2.17
Guardado
Quoine
1.1
Guardado en BTC
Abucoins
9.6e-05
Guardado en BTC
Gateio
9.97e-05
Guardado en BTC
HuobiPro
9.203e-05
Guardado en BTC
OKEX
9.218e-05
Guardado
BitFlip
0.92
Guardado
Cryptsy
0.00505
Guardado
HitBTC
0.7026
Guardado en BTC
Binance
9.21e-05
Guardado en BTC
BitBay
9.05e-05
Guardado
Bitfinex
0.8591
Guardado
Exmo
0.8579
Guardado
Bitstamp
0.8565
Guardado en BTC
BTER
5.9e-05
Guardado
Poloniex
0.8565
Guardado
Cexio
0.8561
Guardado
BitTrex
0.8593
Guardado
Kraken
0.8553
Guardado en BTC
BTC38
8.5e-06
Guardado en BTC
LakeBTC
9.5e-05
Guardado en BTC
CCEDK
0.0564
Guardado en BTC
BTCMarkets
9.043e-05
Guardado en BTC
Bitso
9.128e-05
Guardado
TheRockTrading
2.17
Guardado
Quoine
1.1
Guardado en BTC
Abucoins
9.6e-05
Guardado en BTC
Gateio
9.97e-05
Guardado en BTC
HuobiPro
9.2e-05
Guardado en BTC
OKEX
9.197e-05
Guardado
BitFlip
0.92
Guardado
Cryptsy
0.00505
Guardado
HitBTC
0.7026
Guardado en BTC
Binance
9.2e-05
Guardado en BTC
BitBay
9.05e-05
Guardado
Bitfinex
0.8597
Guardado
Exmo
0.8555
Guardado
Bitstamp
0.854
Guardado en BTC
BTER
5.9e-05
Guardado
Poloniex
0.8588
Guardado
Cexio
0.8561
Guardado
BitTrex
0.8593
Guardado
Kraken
0.8553
Guardado en BTC
BTC38
8.5e-06
Guardado en BTC
LakeBTC
9.5e-05
Guardado en BTC
CCEDK
0.0564
Guardado en BTC
BTCMarkets
9.043e-05
Guardado en BTC
Bitso
9.128e-05
Guardado
TheRockTrading
2.17
Guardado
Quoine
1.1
Guardado en BTC
Abucoins
9.6e-05
Guardado en BTC
Gateio
9.97e-05
Guardado en BTC
HuobiPro
9.2e-05
Guardado en BTC
OKEX
9.214e-05
Guardado
BitFlip
0.92
Guardado
Cryptsy
0.00505
Guardado
HitBTC
0.7026
Guardado en BTC
Binance
9.197e-05
Guardado en BTC
BitBay
9.05e-05
Guardado
Bitfinex
0.8563
Guardado
Exmo
0.8579
Guardado
Bitstamp
0.8528
Guardado en BTC
BTER
5.9e-05
Guardado
Poloniex
0.855
Guardado
Cexio
0.8581
Guardado
BitTrex
0.856
Guardado
Kraken
0.8553
Guardado en BTC
BTC38
8.5e-06
Guardado en BTC
LakeBTC
9.5e-05
Guardado en BTC
CCEDK
0.0564
Guardado en BTC
BTCMarkets
9.043e-05
Guardado en BTC
Bitso
9.172e-05
Guardado
TheRockTrading
2.17
Guardado
Quoine
1.1
Guardado en BTC
Abucoins
9.6e-05
Guardado en BTC
Gateio
9.97e-05
Guardado en BTC
HuobiPro
9.196e-05
Guardado en BTC
OKEX
9.198e-05
Guardado
BitFlip
0.92
Guardado
Cryptsy
0.00505
Guardado
HitBTC
0.7026
Guardado en BTC
Binance
9.179e-05
Guardado en BTC
BitBay
9.05e-05
Guardado
Bitfinex
0.8563
Guardado
Exmo
0.8562
Guardado
Bitstamp
0.857
Guardado en BTC
BTER
5.9e-05
Guardado
Poloniex
0.855
Guardado
Cexio
0.8581
Guardado
BitTrex
0.856
Guardado
Kraken
0.8563
Guardado en BTC
BTC38
8.5e-06
Guardado en BTC
LakeBTC
9.5e-05
Guardado en BTC
CCEDK
0.0564
Guardado en BTC
BTCMarkets
9.043e-05
Guardado en BTC
Bitso
9.172e-05
Guardado
TheRockTrading
2.17
Guardado
Quoine
1.1
Guardado en BTC
Abucoins
9.6e-05
Guardado en BTC
Gateio
9.97e-05
Guardado en BTC
HuobiPro
9.184e-05
Guardado en BTC
OKEX
9.208e-05
Guardado
BitFlip
0.92
Guardado
Cryptsy
0.00505
Guardado
HitBTC
0.7026
Guardado en BTC
Binance
9.17e-05
Guardado en BTC
BitBay
9.05e-05
Guardado
Bitfinex
0.8575
Guardado
Exmo
0.86
Guardado
Bitstamp
0.8569
Guardado en BTC
BTER
5.9e-05
Guardado
Poloniex
0.855
Guardado
Cexio
0.8581
Guardado
BitTrex
0.8593
Guardado
Kraken
0.8536
Guardado en BTC
BTC38
8.5e-06
Guardado en BTC
LakeBTC
9.5e-05
Guardado en BTC
CCEDK
0.0564
Guardado en BTC
BTCMarkets
9.043e-05
Guardado en BTC
Bitso
9.172e-05
Guardado
TheRockTrading
2.17
Guardado
Quoine
1.1
Guardado en BTC
Abucoins
9.6e-05
Guardado en BTC
Gateio
9.97e-05
Guardado en BTC
HuobiPro
9.184e-05
Guardado en BTC
OKEX
9.207e-05
Guardado
BitFlip
0.92
Guardado
Cryptsy
0.00505
Guardado
HitBTC
0.7026
Guardado en BTC
Binance
9.177e-05
Guardado en BTC
BitBay
9.05e-05
Guardado
Bitfinex
0.8584
Guardado
Exmo
0.8598
Guardado
Bitstamp
0.8586
Guardado en BTC
BTER
5.9e-05
Guardado
Poloniex
0.8588
Guardado
Cexio
0.8581
Guardado
BitTrex
0.8593
Guardado
Kraken
0.8583
Guardado en BTC
BTC38
8.5e-06
Guardado en BTC
LakeBTC
9.5e-05
Guardado en BTC
CCEDK
0.0564
Guardado en BTC
BTCMarkets
9.043e-05
Guardado en BTC
Bitso
9.19e-05
Guardado
TheRockTrading
2.17
Guardado
Quoine
1.1
Guardado en BTC
Abucoins
9.6e-05
Guardado en BTC
Gateio
9.97e-05
Guardado en BTC
HuobiPro
9.19e-05
Guardado en BTC
OKEX
9.212e-05
Guardado
BitFlip
0.92
Guardado
Cryptsy
0.00505
Guardado
HitBTC
0.7026
Guardado en BTC
Binance
9.186e-05
Guardado en BTC
BitBay
9.05e-05
Guardado
Bitfinex
0.8584
Guardado
Exmo
0.8574
Guardado
Bitstamp
0.8547
Guardado en BTC
BTER
5.9e-05
Guardado
Poloniex
0.8588
Guardado
Cexio
0.8581
Guardado
BitTrex
0.8593
Guardado
Kraken
0.8539
Guardado en BTC
BTC38
8.5e-06
Guardado en BTC
LakeBTC
9.5e-05
Guardado en BTC
CCEDK
0.0564
Guardado en BTC
BTCMarkets
9.043e-05
Guardado en BTC
Bitso
9.174e-05
Guardado
TheRockTrading
2.17
Guardado
Quoine
1.1
Guardado en BTC
Abucoins
9.6e-05
Guardado en BTC
Gateio
9.97e-05
Guardado en BTC
HuobiPro
9.178e-05
Guardado en BTC
OKEX
9.185e-05
Guardado
BitFlip
0.92
Guardado
Cryptsy
0.00505
Guardado
HitBTC
0.7026
Guardado en BTC
Binance
9.163e-05
Guardado en BTC
BitBay
9.05e-05
Guardado
Bitfinex
0.8576
Guardado
Exmo
0.8555
Guardado
Bitstamp
0.8548
Guardado en BTC
BTER
5.9e-05
Guardado
Poloniex
0.8588
Guardado
Cexio
0.8546
Guardado
BitTrex
0.8593
Guardado
Kraken
0.8568
Guardado en BTC
BTC38
8.5e-06
Guardado en BTC
LakeBTC
9.5e-05
Guardado en BTC
CCEDK
0.0564
Guardado en BTC
BTCMarkets
9.043e-05
Guardado en BTC
Bitso
9.174e-05
Guardado
TheRockTrading
2.17
Guardado
Quoine
1.1
Guardado en BTC
Abucoins
9.6e-05
Guardado en BTC
Gateio
9.97e-05
Guardado en BTC
HuobiPro
9.169e-05
Guardado en BTC
OKEX
9.189e-05
Guardado
BitFlip
0.92
Guardado
Cryptsy
0.00505
Guardado
HitBTC
0.7026
Guardado en BTC
Binance
9.164e-05
Guardado en BTC
BitBay
9.05e-05
Guardado
Bitfinex
0.8566
Guardado
Exmo
0.8579
Guardado
Bitstamp
0.8542
Guardado en BTC
BTER
5.9e-05
Guardado
Poloniex
0.8588
Guardado
Cexio
0.8545
Guardado
BitTrex
0.8593
Guardado
Kraken
0.856
Guardado en BTC
BTC38
8.5e-06
Guardado en BTC
LakeBTC
9.5e-05
Guardado en BTC
CCEDK
0.0564
Guardado en BTC
BTCMarkets
9.043e-05
Guardado en BTC
Bitso
9.174e-05
Guardado
TheRockTrading
2.17
Guardado
Quoine
1.1
Guardado en BTC
Abucoins
9.6e-05
Guardado en BTC
Gateio
9.97e-05
Guardado en BTC
HuobiPro
9.167e-05
Guardado en BTC
OKEX
9.193e-05
Guardado
BitFlip
0.92
Guardado
Cryptsy
0.00505
Guardado
HitBTC
0.7026
Guardado en BTC
Binance
9.151e-05
Guardado en BTC
BitBay
9.05e-05
Guardado
Bitfinex
0.8571
Guardado
Exmo
0.8599
Guardado
Bitstamp
0.8527
Guardado en BTC
BTER
5.9e-05
Guardado
Poloniex
0.8557
Guardado
Cexio
0.8545
Guardado
BitTrex
0.862
Guardado
Kraken
0.854
Guardado en BTC
BTC38
8.5e-06
Guardado en BTC
LakeBTC
9.5e-05
Guardado en BTC
CCEDK
0.0564
Guardado en BTC
BTCMarkets
9.043e-05
Guardado en BTC
Bitso
9.174e-05
Guardado
TheRockTrading
2.17
Guardado
Quoine
1.1
Guardado en BTC
Abucoins
9.6e-05
Guardado en BTC
Gateio
9.97e-05
Guardado en BTC
HuobiPro
9.174e-05
Guardado en BTC
OKEX
9.153e-05
Guardado
BitFlip
0.92
Guardado
Cryptsy
0.00505
Guardado
HitBTC
0.7026
Guardado en BTC
Binance
9.145e-05
Guardado en BTC
BitBay
9.05e-05
Guardado
Bitfinex
0.854
Guardado
Exmo
0.8555
Guardado
Bitstamp
0.8526
Guardado en BTC
BTER
5.9e-05
Guardado
Poloniex
0.8542
Guardado
Cexio
0.8546
Guardado
BitTrex
0.856
Guardado
Kraken
0.8526
Guardado en BTC
BTC38
8.5e-06
Guardado en BTC
LakeBTC
9.5e-05
Guardado en BTC
CCEDK
0.0564
Guardado en BTC
BTCMarkets
9.043e-05
Guardado en BTC
Bitso
9.174e-05
Guardado
TheRockTrading
2.17
Guardado
Quoine
1.1
Guardado en BTC
Abucoins
9.6e-05
Guardado en BTC
Gateio
9.97e-05
Guardado en BTC
HuobiPro
9.152e-05
Guardado en BTC
OKEX
9.173e-05
Guardado
BitFlip
0.92
Guardado
Cryptsy
0.00505
Guardado
HitBTC
0.7026
Guardado en BTC
Binance
9.142e-05
Guardado en BTC
BitBay
9.05e-05
Guardado
Bitfinex
0.8539
Guardado
Exmo
0.855
